[6.437s] Invoking command in '/home/hello-robot/ament_ws/src/stretch_ros2/stretch_demos': PYTHONPATH=/home/hello-robot/ament_ws/build/stretch_demos/prefix_override:/home/hello-robot/ament_ws/install/stretch_demos/lib/python3.10/site-packages:${PYTHONPATH} /usr/bin/python3 setup.py egg_info --egg-base ../../../build/stretch_demos build --build-base /home/hello-robot/ament_ws/build/stretch_demos/build install --record /home/hello-robot/ament_ws/build/stretch_demos/install.log --single-version-externally-managed
[7.670s] /home/hello-robot/.local/lib/python3.10/site-packages/setuptools_scm/_integration/setuptools.py:30: RuntimeWarning: 
[7.670s] ERROR: setuptools==59.6.0 is used in combination with setuptools_scm>=8.x
[7.670s] 
[7.670s] Your build configuration is incomplete and previously worked by accident!
[7.671s] setuptools_scm requires setuptools>=61
[7.671s] 
[7.671s] Suggested workaround if applicable:
[7.671s]  - migrating from the deprecated setup_requires mechanism to pep517/518
[7.672s]    and using a pyproject.toml to declare build dependencies
[7.672s]    which are reliably pre-installed before running the build tools
[7.672s] 
[7.672s]   warnings.warn(
[7.672s] running egg_info
[7.672s] writing ../../../build/stretch_demos/stretch_demos.egg-info/PKG-INFO
[7.672s] writing dependency_links to ../../../build/stretch_demos/stretch_demos.egg-info/dependency_links.txt
[7.672s] writing entry points to ../../../build/stretch_demos/stretch_demos.egg-info/entry_points.txt
[7.672s] writing requirements to ../../../build/stretch_demos/stretch_demos.egg-info/requires.txt
[7.673s] writing top-level names to ../../../build/stretch_demos/stretch_demos.egg-info/top_level.txt
[8.603s] adding license file 'LICENSE.md'
[8.603s] writing manifest file '../../../build/stretch_demos/stretch_demos.egg-info/SOURCES.txt'
[8.603s] running build
[8.603s] running build_py
[8.603s] running install
[8.603s] running install_lib
[8.604s] running install_data
[8.604s] running install_egg_info
[8.604s] removing '/home/hello-robot/ament_ws/install/stretch_demos/lib/python3.10/site-packages/stretch_demos-0.0.0-py3.10.egg-info' (and everything under it)
[8.604s] Copying ../../../build/stretch_demos/stretch_demos.egg-info to /home/hello-robot/ament_ws/install/stretch_demos/lib/python3.10/site-packages/stretch_demos-0.0.0-py3.10.egg-info
[8.605s] running install_scripts
[8.605s] Installing clean_surface script to /home/hello-robot/ament_ws/install/stretch_demos/lib/stretch_demos
[8.605s] Installing grasp_object script to /home/hello-robot/ament_ws/install/stretch_demos/lib/stretch_demos
[8.606s] Installing handover_object script to /home/hello-robot/ament_ws/install/stretch_demos/lib/stretch_demos
[8.606s] Installing hello_world script to /home/hello-robot/ament_ws/install/stretch_demos/lib/stretch_demos
[8.606s] Installing open_drawer script to /home/hello-robot/ament_ws/install/stretch_demos/lib/stretch_demos
[8.606s] writing list of installed files to '/home/hello-robot/ament_ws/build/stretch_demos/install.log'
[8.718s] Invoked command in '/home/hello-robot/ament_ws/src/stretch_ros2/stretch_demos' returned '0': PYTHONPATH=/home/hello-robot/ament_ws/build/stretch_demos/prefix_override:/home/hello-robot/ament_ws/install/stretch_demos/lib/python3.10/site-packages:${PYTHONPATH} /usr/bin/python3 setup.py egg_info --egg-base ../../../build/stretch_demos build --build-base /home/hello-robot/ament_ws/build/stretch_demos/build install --record /home/hello-robot/ament_ws/build/stretch_demos/install.log --single-version-externally-managed
