[3.745s] Invoking command in '/home/hello-robot/ament_ws/build/stretch_rtabmap': CMAKE_PREFIX_PATH=${CMAKE_PREFIX_PATH}:/home/hello-robot/ament_ws/install/tf2_web_republisher_py:/home/hello-robot/ament_ws/install/stretch_ros_tutorials:/home/hello-robot/ament_ws/install/stretch_funmap:/home/hello-robot/ament_ws/install/stretch_calibration:/home/hello-robot/ament_ws/install/stretch_demos:/home/hello-robot/ament_ws/install/stretch_deep_perception:/home/hello-robot/ament_ws/install/stretch_core:/home/hello-robot/ament_ws/install/respeaker_ros2:/home/hello-robot/ament_ws/install/hello_helpers:/opt/ros/humble /usr/bin/cmake /home/hello-robot/ament_ws/src/stretch_ros2/stretch_rtabmap -DCMAKE_BUILD_TYPE=Release -DCMAKE_INSTALL_PREFIX=/home/hello-robot/ament_ws/install/stretch_rtabmap
[3.834s] -- The C compiler identification is GNU 11.4.0
[3.945s] -- The CXX compiler identification is GNU 11.4.0
[3.966s] -- Detecting C compiler ABI info
[4.306s] -- Detecting C compiler ABI info - done
[4.317s] -- Check for working C compiler: /usr/bin/cc - skipped
[4.332s] -- Detecting C compile features
[4.332s] -- Detecting C compile features - done
[4.337s] -- Detecting CXX compiler ABI info
[4.791s] -- Detecting CXX compiler ABI info - done
[4.795s] -- Check for working CXX compiler: /usr/bin/c++ - skipped
[4.800s] -- Detecting CXX compile features
[4.801s] -- Detecting CXX compile features - done
[4.805s] -- Found ament_cmake: 1.3.8 (/opt/ros/humble/share/ament_cmake/cmake)
[5.896s] -- Found Python3: /usr/bin/python3 (found version "3.10.12") found components: Interpreter 
[6.508s] -- Found rclcpp: 16.0.8 (/opt/ros/humble/share/rclcpp/cmake)
[6.791s] -- Found rosidl_generator_c: 3.1.5 (/opt/ros/humble/share/rosidl_generator_c/cmake)
[6.821s] -- Found rosidl_adapter: 3.1.5 (/opt/ros/humble/share/rosidl_adapter/cmake)
[6.886s] -- Found rosidl_generator_cpp: 3.1.5 (/opt/ros/humble/share/rosidl_generator_cpp/cmake)
[6.987s] -- Using all available rosidl_typesupport_c: rosidl_typesupport_fastrtps_c;rosidl_typesupport_introspection_c
[7.143s] -- Using all available rosidl_typesupport_cpp: rosidl_typesupport_fastrtps_cpp;rosidl_typesupport_introspection_cpp
[7.650s] -- Found rmw_implementation_cmake: 6.1.1 (/opt/ros/humble/share/rmw_implementation_cmake/cmake)
[7.685s] -- Found rmw_fastrtps_cpp: 6.2.6 (/opt/ros/humble/share/rmw_fastrtps_cpp/cmake)
[8.520s] -- Found OpenSSL: /usr/lib/x86_64-linux-gnu/libcrypto.so (found version "3.0.2")  
[8.652s] -- Found FastRTPS: /opt/ros/humble/include  
[8.904s] -- Using RMW implementation 'rmw_fastrtps_cpp' as default
[8.957s] -- Looking for pthread.h
[9.425s] -- Looking for pthread.h - found
[9.425s] -- Performing Test CMAKE_HAVE_LIBC_PTHREAD
[10.015s] -- Performing Test CMAKE_HAVE_LIBC_PTHREAD - Success
[10.015s] -- Found Threads: TRUE  
[11.722s] -- Found ament_lint_auto: 0.12.10 (/opt/ros/humble/share/ament_lint_auto/cmake)
[11.726s] -- Added test 'copyright' to check source files copyright and LICENSE
[11.726s] -- Added test 'flake8' to check Python code syntax and style conventions
[11.726s] -- Added test 'lint_cmake' to check CMake code style
[11.726s] -- Added test 'pep257' to check Python code against some of the docstring style conventions in PEP 257
[11.726s] -- Added test 'xmllint' to check XML markup files
[11.726s] -- Configuring done
[11.726s] -- Generating done
[11.727s] -- Build files have been written to: /home/hello-robot/ament_ws/build/stretch_rtabmap
[13.770s] Invoked command in '/home/hello-robot/ament_ws/build/stretch_rtabmap' returned '0': CMAKE_PREFIX_PATH=${CMAKE_PREFIX_PATH}:/home/hello-robot/ament_ws/install/tf2_web_republisher_py:/home/hello-robot/ament_ws/install/stretch_ros_tutorials:/home/hello-robot/ament_ws/install/stretch_funmap:/home/hello-robot/ament_ws/install/stretch_calibration:/home/hello-robot/ament_ws/install/stretch_demos:/home/hello-robot/ament_ws/install/stretch_deep_perception:/home/hello-robot/ament_ws/install/stretch_core:/home/hello-robot/ament_ws/install/respeaker_ros2:/home/hello-robot/ament_ws/install/hello_helpers:/opt/ros/humble /usr/bin/cmake /home/hello-robot/ament_ws/src/stretch_ros2/stretch_rtabmap -DCMAKE_BUILD_TYPE=Release -DCMAKE_INSTALL_PREFIX=/home/hello-robot/ament_ws/install/stretch_rtabmap
[13.771s] Invoking command in '/home/hello-robot/ament_ws/build/stretch_rtabmap': CMAKE_PREFIX_PATH=${CMAKE_PREFIX_PATH}:/home/hello-robot/ament_ws/install/tf2_web_republisher_py:/home/hello-robot/ament_ws/install/stretch_ros_tutorials:/home/hello-robot/ament_ws/install/stretch_funmap:/home/hello-robot/ament_ws/install/stretch_calibration:/home/hello-robot/ament_ws/install/stretch_demos:/home/hello-robot/ament_ws/install/stretch_deep_perception:/home/hello-robot/ament_ws/install/stretch_core:/home/hello-robot/ament_ws/install/respeaker_ros2:/home/hello-robot/ament_ws/install/hello_helpers:/opt/ros/humble /usr/bin/cmake --build /home/hello-robot/ament_ws/build/stretch_rtabmap -- -j16 -l16
[14.180s] Invoked command in '/home/hello-robot/ament_ws/build/stretch_rtabmap' returned '0': CMAKE_PREFIX_PATH=${CMAKE_PREFIX_PATH}:/home/hello-robot/ament_ws/install/tf2_web_republisher_py:/home/hello-robot/ament_ws/install/stretch_ros_tutorials:/home/hello-robot/ament_ws/install/stretch_funmap:/home/hello-robot/ament_ws/install/stretch_calibration:/home/hello-robot/ament_ws/install/stretch_demos:/home/hello-robot/ament_ws/install/stretch_deep_perception:/home/hello-robot/ament_ws/install/stretch_core:/home/hello-robot/ament_ws/install/respeaker_ros2:/home/hello-robot/ament_ws/install/hello_helpers:/opt/ros/humble /usr/bin/cmake --build /home/hello-robot/ament_ws/build/stretch_rtabmap -- -j16 -l16
[14.437s] Invoking command in '/home/hello-robot/ament_ws/build/stretch_rtabmap': CMAKE_PREFIX_PATH=${CMAKE_PREFIX_PATH}:/home/hello-robot/ament_ws/install/tf2_web_republisher_py:/home/hello-robot/ament_ws/install/stretch_ros_tutorials:/home/hello-robot/ament_ws/install/stretch_funmap:/home/hello-robot/ament_ws/install/stretch_calibration:/home/hello-robot/ament_ws/install/stretch_demos:/home/hello-robot/ament_ws/install/stretch_deep_perception:/home/hello-robot/ament_ws/install/stretch_core:/home/hello-robot/ament_ws/install/respeaker_ros2:/home/hello-robot/ament_ws/install/hello_helpers:/opt/ros/humble /usr/bin/cmake --install /home/hello-robot/ament_ws/build/stretch_rtabmap
[14.460s] -- Install configuration: "Release"
[14.460s] -- Installing: /home/hello-robot/ament_ws/install/stretch_rtabmap/share/stretch_rtabmap/launch
[14.460s] -- Installing: /home/hello-robot/ament_ws/install/stretch_rtabmap/share/stretch_rtabmap/launch/visual_odometry.launch.py
[14.460s] -- Installing: /home/hello-robot/ament_ws/install/stretch_rtabmap/share/stretch_rtabmap/launch/visual_mapping.launch.py
[14.460s] -- Installing: /home/hello-robot/ament_ws/install/stretch_rtabmap/share/stretch_rtabmap/launch/visual_navigation.launch.py
[14.460s] -- Installing: /home/hello-robot/ament_ws/install/stretch_rtabmap/share/stretch_rtabmap/rviz
[14.461s] -- Installing: /home/hello-robot/ament_ws/install/stretch_rtabmap/share/stretch_rtabmap/rviz/rtabmap_nav.rviz
[14.461s] -- Installing: /home/hello-robot/ament_ws/install/stretch_rtabmap/share/stretch_rtabmap/rviz/rtabmap.rviz
[14.461s] -- Installing: /home/hello-robot/ament_ws/install/stretch_rtabmap/share/ament_index/resource_index/package_run_dependencies/stretch_rtabmap
[14.461s] -- Installing: /home/hello-robot/ament_ws/install/stretch_rtabmap/share/ament_index/resource_index/parent_prefix_path/stretch_rtabmap
[14.461s] -- Installing: /home/hello-robot/ament_ws/install/stretch_rtabmap/share/stretch_rtabmap/environment/ament_prefix_path.sh
[14.461s] -- Installing: /home/hello-robot/ament_ws/install/stretch_rtabmap/share/stretch_rtabmap/environment/ament_prefix_path.dsv
[14.461s] -- Installing: /home/hello-robot/ament_ws/install/stretch_rtabmap/share/stretch_rtabmap/environment/path.sh
[14.462s] -- Installing: /home/hello-robot/ament_ws/install/stretch_rtabmap/share/stretch_rtabmap/environment/path.dsv
[14.462s] -- Installing: /home/hello-robot/ament_ws/install/stretch_rtabmap/share/stretch_rtabmap/local_setup.bash
[14.462s] -- Installing: /home/hello-robot/ament_ws/install/stretch_rtabmap/share/stretch_rtabmap/local_setup.sh
[14.462s] -- Installing: /home/hello-robot/ament_ws/install/stretch_rtabmap/share/stretch_rtabmap/local_setup.zsh
[14.462s] -- Installing: /home/hello-robot/ament_ws/install/stretch_rtabmap/share/stretch_rtabmap/local_setup.dsv
[14.462s] -- Installing: /home/hello-robot/ament_ws/install/stretch_rtabmap/share/stretch_rtabmap/package.dsv
[14.462s] -- Installing: /home/hello-robot/ament_ws/install/stretch_rtabmap/share/ament_index/resource_index/packages/stretch_rtabmap
[14.463s] -- Installing: /home/hello-robot/ament_ws/install/stretch_rtabmap/share/stretch_rtabmap/cmake/stretch_rtabmapConfig.cmake
[14.463s] -- Installing: /home/hello-robot/ament_ws/install/stretch_rtabmap/share/stretch_rtabmap/cmake/stretch_rtabmapConfig-version.cmake
[14.463s] -- Installing: /home/hello-robot/ament_ws/install/stretch_rtabmap/share/stretch_rtabmap/package.xml
[14.471s] Invoked command in '/home/hello-robot/ament_ws/build/stretch_rtabmap' returned '0': CMAKE_PREFIX_PATH=${CMAKE_PREFIX_PATH}:/home/hello-robot/ament_ws/install/tf2_web_republisher_py:/home/hello-robot/ament_ws/install/stretch_ros_tutorials:/home/hello-robot/ament_ws/install/stretch_funmap:/home/hello-robot/ament_ws/install/stretch_calibration:/home/hello-robot/ament_ws/install/stretch_demos:/home/hello-robot/ament_ws/install/stretch_deep_perception:/home/hello-robot/ament_ws/install/stretch_core:/home/hello-robot/ament_ws/install/respeaker_ros2:/home/hello-robot/ament_ws/install/hello_helpers:/opt/ros/humble /usr/bin/cmake --install /home/hello-robot/ament_ws/build/stretch_rtabmap
