running egg_info
writing ../../../build/stretch_funmap/stretch_funmap.egg-info/PKG-INFO
writing dependency_links to ../../../build/stretch_funmap/stretch_funmap.egg-info/dependency_links.txt
writing entry points to ../../../build/stretch_funmap/stretch_funmap.egg-info/entry_points.txt
writing requirements to ../../../build/stretch_funmap/stretch_funmap.egg-info/requires.txt
writing top-level names to ../../../build/stretch_funmap/stretch_funmap.egg-info/top_level.txt
adding license file 'LICENSE.md'
writing manifest file '../../../build/stretch_funmap/stretch_funmap.egg-info/SOURCES.txt'
running build
running build_py
running build_ext
building 'stretch_funmap.cython_min_cost_path' extension
INFO: C compiler: x86_64-linux-gnu-gcc -Wno-unused-result -Wsign-compare -DNDEBUG -g -fwrapv -O2 -Wall -g -fstack-protector-strong -Wformat -Werror=format-security -g -fwrapv -O2 -g -fstack-protector-strong -Wformat -Werror=format-security -Wdate-time -D_FORTIFY_SOURCE=2 -fPIC

INFO: compile options: '-I/home/hello-robot/ament_ws/install/stretch_funmap/include -I/usr/include/python3.10 -c'
INFO: x86_64-linux-gnu-gcc: stretch_funmap/cython_min_cost_path.c
INFO: x86_64-linux-gnu-gcc -shared -Wl,-O1 -Wl,-Bsymbolic-functions -Wl,-Bsymbolic-functions -g -fwrapv -O2 -Wl,-Bsymbolic-functions -g -fwrapv -O2 -g -fstack-protector-strong -Wformat -Werror=format-security -Wdate-time -D_FORTIFY_SOURCE=2 /home/hello-robot/ament_ws/build/stretch_funmap/build/temp.linux-x86_64-3.10/stretch_funmap/cython_min_cost_path.o -o /home/hello-robot/ament_ws/build/stretch_funmap/build/lib.linux-x86_64-3.10/stretch_funmap/cython_min_cost_path.cpython-310-x86_64-linux-gnu.so
running install
running install_lib
copying /home/hello-robot/ament_ws/build/stretch_funmap/build/lib.linux-x86_64-3.10/stretch_funmap/cython_min_cost_path.cpython-310-x86_64-linux-gnu.so -> /home/hello-robot/ament_ws/install/stretch_funmap/lib/python3.10/site-packages/stretch_funmap
running install_data
running install_egg_info
removing '/home/hello-robot/ament_ws/install/stretch_funmap/lib/python3.10/site-packages/stretch_funmap-0.0.0-py3.10.egg-info' (and everything under it)
Copying ../../../build/stretch_funmap/stretch_funmap.egg-info to /home/hello-robot/ament_ws/install/stretch_funmap/lib/python3.10/site-packages/stretch_funmap-0.0.0-py3.10.egg-info
running install_scripts
Installing funmap script to /home/hello-robot/ament_ws/install/stretch_funmap/lib/stretch_funmap
writing list of installed files to '/home/hello-robot/ament_ws/build/stretch_funmap/install.log'
