-- The C compiler identification is GNU 11.4.0
-- The CXX compiler identification is GNU 11.4.0
-- Detecting C compiler ABI info
-- Detecting C compiler ABI info - done
-- Check for working C compiler: /usr/bin/cc - skipped
-- Detecting C compile features
-- Detecting C compile features - done
-- Detecting CXX compiler ABI info
-- Detecting CXX compiler ABI info - done
-- Check for working CXX compiler: /usr/bin/c++ - skipped
-- Detecting CXX compile features
-- Detecting CXX compile features - done
-- Found ament_cmake: 1.3.8 (/opt/ros/humble/share/ament_cmake/cmake)
-- Found Python3: /usr/bin/python3 (found version "3.10.12") found components: Interpreter 
-- Found rclcpp: 16.0.8 (/opt/ros/humble/share/rclcpp/cmake)
-- Found rosidl_generator_c: 3.1.5 (/opt/ros/humble/share/rosidl_generator_c/cmake)
-- Found rosidl_adapter: 3.1.5 (/opt/ros/humble/share/rosidl_adapter/cmake)
-- Found rosidl_generator_cpp: 3.1.5 (/opt/ros/humble/share/rosidl_generator_cpp/cmake)
-- Using all available rosidl_typesupport_c: rosidl_typesupport_fastrtps_c;rosidl_typesupport_introspection_c
-- Using all available rosidl_typesupport_cpp: rosidl_typesupport_fastrtps_cpp;rosidl_typesupport_introspection_cpp
-- Found rmw_implementation_cmake: 6.1.1 (/opt/ros/humble/share/rmw_implementation_cmake/cmake)
-- Found rmw_fastrtps_cpp: 6.2.6 (/opt/ros/humble/share/rmw_fastrtps_cpp/cmake)
-- Found OpenSSL: /usr/lib/x86_64-linux-gnu/libcrypto.so (found version "3.0.2")  
-- Found FastRTPS: /opt/ros/humble/include  
-- Using RMW implementation 'rmw_fastrtps_cpp' as default
-- Looking for pthread.h
-- Looking for pthread.h - found
-- Performing Test CMAKE_HAVE_LIBC_PTHREAD
-- Performing Test CMAKE_HAVE_LIBC_PTHREAD - Success
-- Found Threads: TRUE  
-- Found rclcpp_components: 16.0.8 (/opt/ros/humble/share/rclcpp_components/cmake)
-- Found audio_common_msgs: 0.3.12 (/home/hello-robot/ament_ws/install/audio_common_msgs/share/audio_common_msgs/cmake)
-- Found PkgConfig: /usr/bin/pkg-config (found version "0.29.2") 
-- Checking for module 'gstreamer-1.0'
--   Found gstreamer-1.0, version 1.20.3
-- Found Boost: /usr/lib/x86_64-linux-gnu/cmake/Boost-1.74.0/BoostConfig.cmake (found version "1.74.0") found components: thread 
-- Configuring done
-- Generating done
-- Build files have been written to: /home/hello-robot/ament_ws/build/audio_play
[ 25%] Building CXX object CMakeFiles/audio_play_node.dir/rclcpp_components/node_main_audio_play_node.cpp.o
[ 50%] Building CXX object CMakeFiles/audio_play.dir/src/audio_play_node.cpp.o
[ 75%] Linking CXX executable audio_play_node
[ 75%] Built target audio_play_node
/home/hello-robot/ament_ws/src/audio_common/audio_play/src/audio_play_node.cpp: In static member function ‘static void audio_play::AudioPlayNode::cb_newpad(GstElement*, GstPad*, gpointer)’:
/home/hello-robot/ament_ws/src/audio_common/audio_play/src/audio_play_node.cpp:158:41: warning: unused parameter ‘decodebin’ [-Wunused-parameter]
  158 |      static void cb_newpad (GstElement *decodebin, GstPad *pad,
      |                             ~~~~~~~~~~~~^~~~~~~~~
/home/hello-robot/ament_ws/src/audio_common/audio_play/src/audio_play_node.cpp: In constructor ‘audio_play::AudioPlayNode::AudioPlayNode(const rclcpp::NodeOptions&)’:
/home/hello-robot/ament_ws/src/audio_common/audio_play/src/audio_play_node.cpp:125:29: warning: ‘audiopad’ may be used uninitialized in this function [-Wmaybe-uninitialized]
  125 |             gst_object_unref(audiopad);
      |             ~~~~~~~~~~~~~~~~^~~~~~~~~~
/home/hello-robot/ament_ws/src/audio_common/audio_play/src/audio_play_node.cpp:58:21: warning: ‘do_timestamp’ may be used uninitialized in this function [-Wmaybe-uninitialized]
   58 |         g_object_set(G_OBJECT(_source), "do-timestamp", (do_timestamp) ? TRUE : FALSE, NULL);
      |         ~~~~~~~~~~~~^~~~~~~~~~~~~~~~~~~~~~~~~~~~~~~~~~~~~~~~~~~~~~~~~~~~~~~~~~~~~~~~~~~~~~~~
[100%] Linking CXX shared library libaudio_play.so
[100%] Built target audio_play
-- Install configuration: "Release"
-- Installing: /home/hello-robot/ament_ws/install/audio_play/lib/audio_play/audio_play_node
-- Set runtime path of "/home/hello-robot/ament_ws/install/audio_play/lib/audio_play/audio_play_node" to ""
-- Installing: /home/hello-robot/ament_ws/install/audio_play/bin/audio_play_node
-- Set runtime path of "/home/hello-robot/ament_ws/install/audio_play/bin/audio_play_node" to ""
-- Installing: /home/hello-robot/ament_ws/install/audio_play/lib/libaudio_play.so
-- Set runtime path of "/home/hello-robot/ament_ws/install/audio_play/lib/libaudio_play.so" to ""
-- Installing: /home/hello-robot/ament_ws/install/audio_play/share/audio_play/launch
-- Installing: /home/hello-robot/ament_ws/install/audio_play/share/audio_play/launch/play.launch.py
-- Installing: /home/hello-robot/ament_ws/install/audio_play/share/audio_play/launch/play.launch.xml
-- Installing: /home/hello-robot/ament_ws/install/audio_play/share/audio_play/environment/library_path.sh
-- Installing: /home/hello-robot/ament_ws/install/audio_play/share/audio_play/environment/library_path.dsv
-- Installing: /home/hello-robot/ament_ws/install/audio_play/share/ament_index/resource_index/package_run_dependencies/audio_play
-- Installing: /home/hello-robot/ament_ws/install/audio_play/share/ament_index/resource_index/parent_prefix_path/audio_play
-- Installing: /home/hello-robot/ament_ws/install/audio_play/share/audio_play/environment/ament_prefix_path.sh
-- Installing: /home/hello-robot/ament_ws/install/audio_play/share/audio_play/environment/ament_prefix_path.dsv
-- Installing: /home/hello-robot/ament_ws/install/audio_play/share/audio_play/environment/path.sh
-- Installing: /home/hello-robot/ament_ws/install/audio_play/share/audio_play/environment/path.dsv
-- Installing: /home/hello-robot/ament_ws/install/audio_play/share/audio_play/local_setup.bash
-- Installing: /home/hello-robot/ament_ws/install/audio_play/share/audio_play/local_setup.sh
-- Installing: /home/hello-robot/ament_ws/install/audio_play/share/audio_play/local_setup.zsh
-- Installing: /home/hello-robot/ament_ws/install/audio_play/share/audio_play/local_setup.dsv
-- Installing: /home/hello-robot/ament_ws/install/audio_play/share/audio_play/package.dsv
-- Installing: /home/hello-robot/ament_ws/install/audio_play/share/ament_index/resource_index/packages/audio_play
-- Installing: /home/hello-robot/ament_ws/install/audio_play/share/ament_index/resource_index/rclcpp_components/audio_play
-- Installing: /home/hello-robot/ament_ws/install/audio_play/share/audio_play/cmake/ament_cmake_export_libraries-extras.cmake
-- Installing: /home/hello-robot/ament_ws/install/audio_play/share/audio_play/cmake/audio_playConfig.cmake
-- Installing: /home/hello-robot/ament_ws/install/audio_play/share/audio_play/cmake/audio_playConfig-version.cmake
-- Installing: /home/hello-robot/ament_ws/install/audio_play/share/audio_play/package.xml
