-- The C compiler identification is GNU 11.4.0
-- The CXX compiler identification is GNU 11.4.0
-- Detecting C compiler ABI info
-- Detecting C compiler ABI info - done
-- Check for working C compiler: /usr/bin/cc - skipped
-- Detecting C compile features
-- Detecting C compile features - done
-- Detecting CXX compiler ABI info
-- Detecting CXX compiler ABI info - done
-- Check for working CXX compiler: /usr/bin/c++ - skipped
-- Detecting CXX compile features
-- Detecting CXX compile features - done
-- Found ament_cmake: 1.3.8 (/opt/ros/humble/share/ament_cmake/cmake)
-- Found Python3: /usr/bin/python3 (found version "3.10.12") found components: Interpreter 
-- Found rosidl_default_generators: 1.2.0 (/opt/ros/humble/share/rosidl_default_generators/cmake)
-- Using all available rosidl_typesupport_c: rosidl_typesupport_fastrtps_c;rosidl_typesupport_introspection_c
-- Found rosidl_adapter: 3.1.5 (/opt/ros/humble/share/rosidl_adapter/cmake)
-- Using all available rosidl_typesupport_cpp: rosidl_typesupport_fastrtps_cpp;rosidl_typesupport_introspection_cpp
-- Found audio_common_msgs: 0.3.12 (/home/hello-robot/ament_ws/install/audio_common_msgs/share/audio_common_msgs/cmake)
-- Found action_msgs: 1.2.1 (/opt/ros/humble/share/action_msgs/cmake)
-- Found ament_cmake_ros: 0.10.0 (/opt/ros/humble/share/ament_cmake_ros/cmake)
-- Using all available rosidl_typesupport_c: rosidl_typesupport_fastrtps_c;rosidl_typesupport_introspection_c
-- Using all available rosidl_typesupport_cpp: rosidl_typesupport_fastrtps_cpp;rosidl_typesupport_introspection_cpp
-- Found PythonInterp: /usr/bin/python3 (found suitable version "3.10.12", minimum required is "3.6") 
-- Found python_cmake_module: 0.10.0 (/opt/ros/humble/share/python_cmake_module/cmake)
-- Found PythonLibs: /usr/lib/x86_64-linux-gnu/libpython3.10.so (found suitable version "3.10.12", minimum required is "3.5") 
-- Using PYTHON_EXECUTABLE: /usr/bin/python3
-- Using PYTHON_INCLUDE_DIRS: /usr/include/python3.10
-- Using PYTHON_LIBRARIES: /usr/lib/x86_64-linux-gnu/libpython3.10.so
-- Found PythonExtra: .so  
-- Configuring done
-- Generating done
-- Build files have been written to: /home/hello-robot/ament_ws/build/sound_play_msgs
[  2%] Generating C code for ROS interfaces
[  5%] Generating C++ code for ROS interfaces
[  5%] Built target ament_cmake_python_copy_sound_play_msgs
/home/hello-robot/.local/lib/python3.10/site-packages/setuptools_scm/_integration/setuptools.py:30: RuntimeWarning: 
ERROR: setuptools==59.6.0 is used in combination with setuptools_scm>=8.x

Your build configuration is incomplete and previously worked by accident!
setuptools_scm requires setuptools>=61

Suggested workaround if applicable:
 - migrating from the deprecated setup_requires mechanism to pep517/518
   and using a pyproject.toml to declare build dependencies
   which are reliably pre-installed before running the build tools

  warnings.warn(
running egg_info
creating sound_play_msgs.egg-info
writing sound_play_msgs.egg-info/PKG-INFO
writing dependency_links to sound_play_msgs.egg-info/dependency_links.txt
writing top-level names to sound_play_msgs.egg-info/top_level.txt
writing manifest file 'sound_play_msgs.egg-info/SOURCES.txt'
[03/04/24 08:23:52] ERROR    listing git files failed - pretending     git.py:24
                             there aren't any                                   
reading manifest file 'sound_play_msgs.egg-info/SOURCES.txt'
writing manifest file 'sound_play_msgs.egg-info/SOURCES.txt'
[  5%] Built target ament_cmake_python_build_sound_play_msgs_egg
[  5%] Built target sound_play_msgs__cpp
[ 12%] Generating C++ type support dispatch for ROS interfaces
[ 12%] Generating C++ introspection for ROS interfaces
[ 12%] Generating C++ type support for eProsima Fast-RTPS
[ 15%] Building C object CMakeFiles/sound_play_msgs__rosidl_generator_c.dir/rosidl_generator_c/sound_play_msgs/msg/detail/sound_request__functions.c.o
[ 17%] Building C object CMakeFiles/sound_play_msgs__rosidl_generator_c.dir/rosidl_generator_c/sound_play_msgs/action/detail/sound_request__functions.c.o
[ 20%] Building CXX object CMakeFiles/sound_play_msgs__rosidl_typesupport_introspection_cpp.dir/rosidl_typesupport_introspection_cpp/sound_play_msgs/msg/detail/sound_request__type_support.cpp.o
[ 23%] Building CXX object CMakeFiles/sound_play_msgs__rosidl_typesupport_introspection_cpp.dir/rosidl_typesupport_introspection_cpp/sound_play_msgs/action/detail/sound_request__type_support.cpp.o
[ 25%] Building CXX object CMakeFiles/sound_play_msgs__rosidl_typesupport_cpp.dir/rosidl_typesupport_cpp/sound_play_msgs/msg/sound_request__type_support.cpp.o
[ 28%] Linking C shared library libsound_play_msgs__rosidl_generator_c.so
[ 30%] Building CXX object CMakeFiles/sound_play_msgs__rosidl_typesupport_cpp.dir/rosidl_typesupport_cpp/sound_play_msgs/action/sound_request__type_support.cpp.o
[ 33%] Building CXX object CMakeFiles/sound_play_msgs__rosidl_typesupport_fastrtps_cpp.dir/rosidl_typesupport_fastrtps_cpp/sound_play_msgs/msg/detail/dds_fastrtps/sound_request__type_support.cpp.o
[ 35%] Building CXX object CMakeFiles/sound_play_msgs__rosidl_typesupport_fastrtps_cpp.dir/rosidl_typesupport_fastrtps_cpp/sound_play_msgs/action/detail/dds_fastrtps/sound_request__type_support.cpp.o
[ 35%] Built target sound_play_msgs__rosidl_generator_c
[ 38%] Generating C type support for eProsima Fast-RTPS
[ 41%] Generating C introspection for ROS interfaces
[ 43%] Generating C type support dispatch for ROS interfaces
[ 46%] Linking CXX shared library libsound_play_msgs__rosidl_typesupport_cpp.so
[ 46%] Built target sound_play_msgs__rosidl_typesupport_cpp
[ 48%] Building CXX object CMakeFiles/sound_play_msgs__rosidl_typesupport_c.dir/rosidl_typesupport_c/sound_play_msgs/msg/sound_request__type_support.cpp.o
[ 51%] Building CXX object CMakeFiles/sound_play_msgs__rosidl_typesupport_c.dir/rosidl_typesupport_c/sound_play_msgs/action/sound_request__type_support.cpp.o
[ 53%] Building C object CMakeFiles/sound_play_msgs__rosidl_typesupport_introspection_c.dir/rosidl_typesupport_introspection_c/sound_play_msgs/action/detail/sound_request__type_support.c.o
[ 58%] Building C object CMakeFiles/sound_play_msgs__rosidl_typesupport_introspection_c.dir/rosidl_typesupport_introspection_c/sound_play_msgs/msg/detail/sound_request__type_support.c.o
[ 58%] Linking CXX shared library libsound_play_msgs__rosidl_typesupport_c.so
[ 61%] Linking CXX shared library libsound_play_msgs__rosidl_typesupport_introspection_cpp.so
[ 64%] Building CXX object CMakeFiles/sound_play_msgs__rosidl_typesupport_fastrtps_c.dir/rosidl_typesupport_fastrtps_c/sound_play_msgs/msg/detail/sound_request__type_support_c.cpp.o
[ 66%] Building CXX object CMakeFiles/sound_play_msgs__rosidl_typesupport_fastrtps_c.dir/rosidl_typesupport_fastrtps_c/sound_play_msgs/action/detail/sound_request__type_support_c.cpp.o
[ 66%] Built target sound_play_msgs__rosidl_typesupport_c
[ 69%] Linking CXX shared library libsound_play_msgs__rosidl_typesupport_fastrtps_cpp.so
[ 71%] Linking C shared library libsound_play_msgs__rosidl_typesupport_introspection_c.so
[ 71%] Built target sound_play_msgs__rosidl_typesupport_introspection_c
[ 71%] Built target sound_play_msgs__rosidl_typesupport_introspection_cpp
[ 71%] Built target sound_play_msgs__rosidl_typesupport_fastrtps_cpp
[ 74%] Linking CXX shared library libsound_play_msgs__rosidl_typesupport_fastrtps_c.so
[ 74%] Built target sound_play_msgs__rosidl_typesupport_fastrtps_c
[ 74%] Built target sound_play_msgs
[ 76%] Generating Python code for ROS interfaces
[ 76%] Built target sound_play_msgs__py
[ 82%] Building C object CMakeFiles/sound_play_msgs__rosidl_generator_py.dir/rosidl_generator_py/sound_play_msgs/msg/_sound_request_s.c.o
[ 82%] Building C object CMakeFiles/sound_play_msgs__rosidl_generator_py.dir/rosidl_generator_py/sound_play_msgs/action/_sound_request_s.c.o
[ 84%] Linking C shared library rosidl_generator_py/sound_play_msgs/libsound_play_msgs__rosidl_generator_py.so
[ 84%] Built target sound_play_msgs__rosidl_generator_py
[ 87%] Building C object CMakeFiles/sound_play_msgs__rosidl_typesupport_introspection_c__pyext.dir/rosidl_generator_py/sound_play_msgs/_sound_play_msgs_s.ep.rosidl_typesupport_introspection_c.c.o
[ 89%] Building C object CMakeFiles/sound_play_msgs__rosidl_typesupport_c__pyext.dir/rosidl_generator_py/sound_play_msgs/_sound_play_msgs_s.ep.rosidl_typesupport_c.c.o
[ 92%] Building C object CMakeFiles/sound_play_msgs__rosidl_typesupport_fastrtps_c__pyext.dir/rosidl_generator_py/sound_play_msgs/_sound_play_msgs_s.ep.rosidl_typesupport_fastrtps_c.c.o
[ 94%] Linking C shared library rosidl_generator_py/sound_play_msgs/sound_play_msgs_s__rosidl_typesupport_introspection_c.cpython-310-x86_64-linux-gnu.so
[ 97%] Linking C shared library rosidl_generator_py/sound_play_msgs/sound_play_msgs_s__rosidl_typesupport_fastrtps_c.cpython-310-x86_64-linux-gnu.so
[ 97%] Built target sound_play_msgs__rosidl_typesupport_fastrtps_c__pyext
[ 97%] Built target sound_play_msgs__rosidl_typesupport_introspection_c__pyext
[100%] Linking C shared library rosidl_generator_py/sound_play_msgs/sound_play_msgs_s__rosidl_typesupport_c.cpython-310-x86_64-linux-gnu.so
[100%] Built target sound_play_msgs__rosidl_typesupport_c__pyext
-- Install configuration: "Release"
-- Installing: /home/hello-robot/ament_ws/install/sound_play_msgs/share/ament_index/resource_index/rosidl_interfaces/sound_play_msgs
-- Installing: /home/hello-robot/ament_ws/install/sound_play_msgs/include/sound_play_msgs/sound_play_msgs
-- Installing: /home/hello-robot/ament_ws/install/sound_play_msgs/include/sound_play_msgs/sound_play_msgs/msg
-- Installing: /home/hello-robot/ament_ws/install/sound_play_msgs/include/sound_play_msgs/sound_play_msgs/msg/rosidl_generator_c__visibility_control.h
-- Installing: /home/hello-robot/ament_ws/install/sound_play_msgs/include/sound_play_msgs/sound_play_msgs/msg/sound_request.h
-- Installing: /home/hello-robot/ament_ws/install/sound_play_msgs/include/sound_play_msgs/sound_play_msgs/msg/detail
-- Installing: /home/hello-robot/ament_ws/install/sound_play_msgs/include/sound_play_msgs/sound_play_msgs/msg/detail/sound_request__type_support.h
-- Installing: /home/hello-robot/ament_ws/install/sound_play_msgs/include/sound_play_msgs/sound_play_msgs/msg/detail/sound_request__functions.c
-- Installing: /home/hello-robot/ament_ws/install/sound_play_msgs/include/sound_play_msgs/sound_play_msgs/msg/detail/sound_request__functions.h
-- Installing: /home/hello-robot/ament_ws/install/sound_play_msgs/include/sound_play_msgs/sound_play_msgs/msg/detail/sound_request__struct.h
-- Installing: /home/hello-robot/ament_ws/install/sound_play_msgs/include/sound_play_msgs/sound_play_msgs/action
-- Installing: /home/hello-robot/ament_ws/install/sound_play_msgs/include/sound_play_msgs/sound_play_msgs/action/sound_request.h
-- Installing: /home/hello-robot/ament_ws/install/sound_play_msgs/include/sound_play_msgs/sound_play_msgs/action/detail
-- Installing: /home/hello-robot/ament_ws/install/sound_play_msgs/include/sound_play_msgs/sound_play_msgs/action/detail/sound_request__type_support.h
-- Installing: /home/hello-robot/ament_ws/install/sound_play_msgs/include/sound_play_msgs/sound_play_msgs/action/detail/sound_request__functions.c
-- Installing: /home/hello-robot/ament_ws/install/sound_play_msgs/include/sound_play_msgs/sound_play_msgs/action/detail/sound_request__functions.h
-- Installing: /home/hello-robot/ament_ws/install/sound_play_msgs/include/sound_play_msgs/sound_play_msgs/action/detail/sound_request__struct.h
-- Installing: /home/hello-robot/ament_ws/install/sound_play_msgs/share/sound_play_msgs/environment/library_path.sh
-- Installing: /home/hello-robot/ament_ws/install/sound_play_msgs/share/sound_play_msgs/environment/library_path.dsv
-- Installing: /home/hello-robot/ament_ws/install/sound_play_msgs/lib/libsound_play_msgs__rosidl_generator_c.so
-- Set runtime path of "/home/hello-robot/ament_ws/install/sound_play_msgs/lib/libsound_play_msgs__rosidl_generator_c.so" to ""
-- Up-to-date: /home/hello-robot/ament_ws/install/sound_play_msgs/include/sound_play_msgs/sound_play_msgs
-- Up-to-date: /home/hello-robot/ament_ws/install/sound_play_msgs/include/sound_play_msgs/sound_play_msgs/msg
-- Installing: /home/hello-robot/ament_ws/install/sound_play_msgs/include/sound_play_msgs/sound_play_msgs/msg/rosidl_typesupport_fastrtps_c__visibility_control.h
-- Up-to-date: /home/hello-robot/ament_ws/install/sound_play_msgs/include/sound_play_msgs/sound_play_msgs/msg/detail
-- Installing: /home/hello-robot/ament_ws/install/sound_play_msgs/include/sound_play_msgs/sound_play_msgs/msg/detail/sound_request__rosidl_typesupport_fastrtps_c.h
-- Up-to-date: /home/hello-robot/ament_ws/install/sound_play_msgs/include/sound_play_msgs/sound_play_msgs/action
-- Up-to-date: /home/hello-robot/ament_ws/install/sound_play_msgs/include/sound_play_msgs/sound_play_msgs/action/detail
-- Installing: /home/hello-robot/ament_ws/install/sound_play_msgs/include/sound_play_msgs/sound_play_msgs/action/detail/sound_request__rosidl_typesupport_fastrtps_c.h
-- Installing: /home/hello-robot/ament_ws/install/sound_play_msgs/lib/libsound_play_msgs__rosidl_typesupport_fastrtps_c.so
-- Set runtime path of "/home/hello-robot/ament_ws/install/sound_play_msgs/lib/libsound_play_msgs__rosidl_typesupport_fastrtps_c.so" to ""
-- Up-to-date: /home/hello-robot/ament_ws/install/sound_play_msgs/include/sound_play_msgs/sound_play_msgs
-- Up-to-date: /home/hello-robot/ament_ws/install/sound_play_msgs/include/sound_play_msgs/sound_play_msgs/msg
-- Installing: /home/hello-robot/ament_ws/install/sound_play_msgs/include/sound_play_msgs/sound_play_msgs/msg/rosidl_typesupport_introspection_c__visibility_control.h
-- Up-to-date: /home/hello-robot/ament_ws/install/sound_play_msgs/include/sound_play_msgs/sound_play_msgs/msg/detail
-- Installing: /home/hello-robot/ament_ws/install/sound_play_msgs/include/sound_play_msgs/sound_play_msgs/msg/detail/sound_request__rosidl_typesupport_introspection_c.h
-- Installing: /home/hello-robot/ament_ws/install/sound_play_msgs/include/sound_play_msgs/sound_play_msgs/msg/detail/sound_request__type_support.c
-- Up-to-date: /home/hello-robot/ament_ws/install/sound_play_msgs/include/sound_play_msgs/sound_play_msgs/action
-- Up-to-date: /home/hello-robot/ament_ws/install/sound_play_msgs/include/sound_play_msgs/sound_play_msgs/action/detail
-- Installing: /home/hello-robot/ament_ws/install/sound_play_msgs/include/sound_play_msgs/sound_play_msgs/action/detail/sound_request__rosidl_typesupport_introspection_c.h
-- Installing: /home/hello-robot/ament_ws/install/sound_play_msgs/include/sound_play_msgs/sound_play_msgs/action/detail/sound_request__type_support.c
-- Installing: /home/hello-robot/ament_ws/install/sound_play_msgs/lib/libsound_play_msgs__rosidl_typesupport_introspection_c.so
-- Set runtime path of "/home/hello-robot/ament_ws/install/sound_play_msgs/lib/libsound_play_msgs__rosidl_typesupport_introspection_c.so" to ""
-- Installing: /home/hello-robot/ament_ws/install/sound_play_msgs/lib/libsound_play_msgs__rosidl_typesupport_c.so
-- Set runtime path of "/home/hello-robot/ament_ws/install/sound_play_msgs/lib/libsound_play_msgs__rosidl_typesupport_c.so" to ""
-- Up-to-date: /home/hello-robot/ament_ws/install/sound_play_msgs/include/sound_play_msgs/sound_play_msgs
-- Up-to-date: /home/hello-robot/ament_ws/install/sound_play_msgs/include/sound_play_msgs/sound_play_msgs/msg
-- Installing: /home/hello-robot/ament_ws/install/sound_play_msgs/include/sound_play_msgs/sound_play_msgs/msg/sound_request.hpp
-- Up-to-date: /home/hello-robot/ament_ws/install/sound_play_msgs/include/sound_play_msgs/sound_play_msgs/msg/detail
-- Installing: /home/hello-robot/ament_ws/install/sound_play_msgs/include/sound_play_msgs/sound_play_msgs/msg/detail/sound_request__traits.hpp
-- Installing: /home/hello-robot/ament_ws/install/sound_play_msgs/include/sound_play_msgs/sound_play_msgs/msg/detail/sound_request__struct.hpp
-- Installing: /home/hello-robot/ament_ws/install/sound_play_msgs/include/sound_play_msgs/sound_play_msgs/msg/detail/sound_request__builder.hpp
-- Up-to-date: /home/hello-robot/ament_ws/install/sound_play_msgs/include/sound_play_msgs/sound_play_msgs/action
-- Installing: /home/hello-robot/ament_ws/install/sound_play_msgs/include/sound_play_msgs/sound_play_msgs/action/sound_request.hpp
-- Up-to-date: /home/hello-robot/ament_ws/install/sound_play_msgs/include/sound_play_msgs/sound_play_msgs/action/detail
-- Installing: /home/hello-robot/ament_ws/install/sound_play_msgs/include/sound_play_msgs/sound_play_msgs/action/detail/sound_request__traits.hpp
-- Installing: /home/hello-robot/ament_ws/install/sound_play_msgs/include/sound_play_msgs/sound_play_msgs/action/detail/sound_request__struct.hpp
-- Installing: /home/hello-robot/ament_ws/install/sound_play_msgs/include/sound_play_msgs/sound_play_msgs/action/detail/sound_request__builder.hpp
-- Up-to-date: /home/hello-robot/ament_ws/install/sound_play_msgs/include/sound_play_msgs/sound_play_msgs
-- Up-to-date: /home/hello-robot/ament_ws/install/sound_play_msgs/include/sound_play_msgs/sound_play_msgs/msg
-- Up-to-date: /home/hello-robot/ament_ws/install/sound_play_msgs/include/sound_play_msgs/sound_play_msgs/msg/detail
-- Installing: /home/hello-robot/ament_ws/install/sound_play_msgs/include/sound_play_msgs/sound_play_msgs/msg/detail/dds_fastrtps
-- Installing: /home/hello-robot/ament_ws/install/sound_play_msgs/include/sound_play_msgs/sound_play_msgs/msg/detail/sound_request__rosidl_typesupport_fastrtps_cpp.hpp
-- Installing: /home/hello-robot/ament_ws/install/sound_play_msgs/include/sound_play_msgs/sound_play_msgs/msg/rosidl_typesupport_fastrtps_cpp__visibility_control.h
-- Up-to-date: /home/hello-robot/ament_ws/install/sound_play_msgs/include/sound_play_msgs/sound_play_msgs/action
-- Up-to-date: /home/hello-robot/ament_ws/install/sound_play_msgs/include/sound_play_msgs/sound_play_msgs/action/detail
-- Installing: /home/hello-robot/ament_ws/install/sound_play_msgs/include/sound_play_msgs/sound_play_msgs/action/detail/dds_fastrtps
-- Installing: /home/hello-robot/ament_ws/install/sound_play_msgs/include/sound_play_msgs/sound_play_msgs/action/detail/sound_request__rosidl_typesupport_fastrtps_cpp.hpp
-- Installing: /home/hello-robot/ament_ws/install/sound_play_msgs/lib/libsound_play_msgs__rosidl_typesupport_fastrtps_cpp.so
-- Set runtime path of "/home/hello-robot/ament_ws/install/sound_play_msgs/lib/libsound_play_msgs__rosidl_typesupport_fastrtps_cpp.so" to ""
-- Up-to-date: /home/hello-robot/ament_ws/install/sound_play_msgs/include/sound_play_msgs/sound_play_msgs
-- Up-to-date: /home/hello-robot/ament_ws/install/sound_play_msgs/include/sound_play_msgs/sound_play_msgs/msg
-- Up-to-date: /home/hello-robot/ament_ws/install/sound_play_msgs/include/sound_play_msgs/sound_play_msgs/msg/detail
-- Installing: /home/hello-robot/ament_ws/install/sound_play_msgs/include/sound_play_msgs/sound_play_msgs/msg/detail/sound_request__type_support.cpp
-- Installing: /home/hello-robot/ament_ws/install/sound_play_msgs/include/sound_play_msgs/sound_play_msgs/msg/detail/sound_request__rosidl_typesupport_introspection_cpp.hpp
-- Up-to-date: /home/hello-robot/ament_ws/install/sound_play_msgs/include/sound_play_msgs/sound_play_msgs/action
-- Up-to-date: /home/hello-robot/ament_ws/install/sound_play_msgs/include/sound_play_msgs/sound_play_msgs/action/detail
-- Installing: /home/hello-robot/ament_ws/install/sound_play_msgs/include/sound_play_msgs/sound_play_msgs/action/detail/sound_request__type_support.cpp
-- Installing: /home/hello-robot/ament_ws/install/sound_play_msgs/include/sound_play_msgs/sound_play_msgs/action/detail/sound_request__rosidl_typesupport_introspection_cpp.hpp
-- Installing: /home/hello-robot/ament_ws/install/sound_play_msgs/lib/libsound_play_msgs__rosidl_typesupport_introspection_cpp.so
-- Set runtime path of "/home/hello-robot/ament_ws/install/sound_play_msgs/lib/libsound_play_msgs__rosidl_typesupport_introspection_cpp.so" to ""
-- Installing: /home/hello-robot/ament_ws/install/sound_play_msgs/lib/libsound_play_msgs__rosidl_typesupport_cpp.so
-- Set runtime path of "/home/hello-robot/ament_ws/install/sound_play_msgs/lib/libsound_play_msgs__rosidl_typesupport_cpp.so" to ""
-- Installing: /home/hello-robot/ament_ws/install/sound_play_msgs/share/sound_play_msgs/environment/pythonpath.sh
-- Installing: /home/hello-robot/ament_ws/install/sound_play_msgs/share/sound_play_msgs/environment/pythonpath.dsv
-- Installing: /home/hello-robot/ament_ws/install/sound_play_msgs/local/lib/python3.10/dist-packages/sound_play_msgs-0.3.12-py3.10.egg-info
-- Installing: /home/hello-robot/ament_ws/install/sound_play_msgs/local/lib/python3.10/dist-packages/sound_play_msgs-0.3.12-py3.10.egg-info/PKG-INFO
-- Installing: /home/hello-robot/ament_ws/install/sound_play_msgs/local/lib/python3.10/dist-packages/sound_play_msgs-0.3.12-py3.10.egg-info/dependency_links.txt
-- Installing: /home/hello-robot/ament_ws/install/sound_play_msgs/local/lib/python3.10/dist-packages/sound_play_msgs-0.3.12-py3.10.egg-info/SOURCES.txt
-- Installing: /home/hello-robot/ament_ws/install/sound_play_msgs/local/lib/python3.10/dist-packages/sound_play_msgs-0.3.12-py3.10.egg-info/top_level.txt
-- Installing: /home/hello-robot/ament_ws/install/sound_play_msgs/local/lib/python3.10/dist-packages/sound_play_msgs
-- Installing: /home/hello-robot/ament_ws/install/sound_play_msgs/local/lib/python3.10/dist-packages/sound_play_msgs/sound_play_msgs_s__rosidl_typesupport_fastrtps_c.cpython-310-x86_64-linux-gnu.so
-- Installing: /home/hello-robot/ament_ws/install/sound_play_msgs/local/lib/python3.10/dist-packages/sound_play_msgs/_sound_play_msgs_s.ep.rosidl_typesupport_c.c
-- Installing: /home/hello-robot/ament_ws/install/sound_play_msgs/local/lib/python3.10/dist-packages/sound_play_msgs/msg
-- Installing: /home/hello-robot/ament_ws/install/sound_play_msgs/local/lib/python3.10/dist-packages/sound_play_msgs/msg/__init__.py
-- Installing: /home/hello-robot/ament_ws/install/sound_play_msgs/local/lib/python3.10/dist-packages/sound_play_msgs/msg/_sound_request.py
-- Installing: /home/hello-robot/ament_ws/install/sound_play_msgs/local/lib/python3.10/dist-packages/sound_play_msgs/msg/_sound_request_s.c
-- Installing: /home/hello-robot/ament_ws/install/sound_play_msgs/local/lib/python3.10/dist-packages/sound_play_msgs/__init__.py
-- Installing: /home/hello-robot/ament_ws/install/sound_play_msgs/local/lib/python3.10/dist-packages/sound_play_msgs/action
-- Installing: /home/hello-robot/ament_ws/install/sound_play_msgs/local/lib/python3.10/dist-packages/sound_play_msgs/action/__init__.py
-- Installing: /home/hello-robot/ament_ws/install/sound_play_msgs/local/lib/python3.10/dist-packages/sound_play_msgs/action/_sound_request.py
-- Installing: /home/hello-robot/ament_ws/install/sound_play_msgs/local/lib/python3.10/dist-packages/sound_play_msgs/action/_sound_request_s.c
-- Installing: /home/hello-robot/ament_ws/install/sound_play_msgs/local/lib/python3.10/dist-packages/sound_play_msgs/sound_play_msgs_s__rosidl_typesupport_c.cpython-310-x86_64-linux-gnu.so
-- Installing: /home/hello-robot/ament_ws/install/sound_play_msgs/local/lib/python3.10/dist-packages/sound_play_msgs/_sound_play_msgs_s.ep.rosidl_typesupport_fastrtps_c.c
-- Installing: /home/hello-robot/ament_ws/install/sound_play_msgs/local/lib/python3.10/dist-packages/sound_play_msgs/sound_play_msgs_s__rosidl_typesupport_introspection_c.cpython-310-x86_64-linux-gnu.so
-- Installing: /home/hello-robot/ament_ws/install/sound_play_msgs/local/lib/python3.10/dist-packages/sound_play_msgs/libsound_play_msgs__rosidl_generator_py.so
-- Installing: /home/hello-robot/ament_ws/install/sound_play_msgs/local/lib/python3.10/dist-packages/sound_play_msgs/_sound_play_msgs_s.ep.rosidl_typesupport_introspection_c.c
Listing '/home/hello-robot/ament_ws/install/sound_play_msgs/local/lib/python3.10/dist-packages/sound_play_msgs'...
Compiling '/home/hello-robot/ament_ws/install/sound_play_msgs/local/lib/python3.10/dist-packages/sound_play_msgs/__init__.py'...
Listing '/home/hello-robot/ament_ws/install/sound_play_msgs/local/lib/python3.10/dist-packages/sound_play_msgs/action'...
Compiling '/home/hello-robot/ament_ws/install/sound_play_msgs/local/lib/python3.10/dist-packages/sound_play_msgs/action/__init__.py'...
Compiling '/home/hello-robot/ament_ws/install/sound_play_msgs/local/lib/python3.10/dist-packages/sound_play_msgs/action/_sound_request.py'...
Listing '/home/hello-robot/ament_ws/install/sound_play_msgs/local/lib/python3.10/dist-packages/sound_play_msgs/msg'...
Compiling '/home/hello-robot/ament_ws/install/sound_play_msgs/local/lib/python3.10/dist-packages/sound_play_msgs/msg/__init__.py'...
Compiling '/home/hello-robot/ament_ws/install/sound_play_msgs/local/lib/python3.10/dist-packages/sound_play_msgs/msg/_sound_request.py'...
-- Installing: /home/hello-robot/ament_ws/install/sound_play_msgs/local/lib/python3.10/dist-packages/sound_play_msgs/sound_play_msgs_s__rosidl_typesupport_fastrtps_c.cpython-310-x86_64-linux-gnu.so
-- Set runtime path of "/home/hello-robot/ament_ws/install/sound_play_msgs/local/lib/python3.10/dist-packages/sound_play_msgs/sound_play_msgs_s__rosidl_typesupport_fastrtps_c.cpython-310-x86_64-linux-gnu.so" to ""
-- Installing: /home/hello-robot/ament_ws/install/sound_play_msgs/local/lib/python3.10/dist-packages/sound_play_msgs/sound_play_msgs_s__rosidl_typesupport_introspection_c.cpython-310-x86_64-linux-gnu.so
-- Set runtime path of "/home/hello-robot/ament_ws/install/sound_play_msgs/local/lib/python3.10/dist-packages/sound_play_msgs/sound_play_msgs_s__rosidl_typesupport_introspection_c.cpython-310-x86_64-linux-gnu.so" to ""
-- Installing: /home/hello-robot/ament_ws/install/sound_play_msgs/local/lib/python3.10/dist-packages/sound_play_msgs/sound_play_msgs_s__rosidl_typesupport_c.cpython-310-x86_64-linux-gnu.so
-- Set runtime path of "/home/hello-robot/ament_ws/install/sound_play_msgs/local/lib/python3.10/dist-packages/sound_play_msgs/sound_play_msgs_s__rosidl_typesupport_c.cpython-310-x86_64-linux-gnu.so" to ""
-- Installing: /home/hello-robot/ament_ws/install/sound_play_msgs/lib/libsound_play_msgs__rosidl_generator_py.so
-- Set runtime path of "/home/hello-robot/ament_ws/install/sound_play_msgs/lib/libsound_play_msgs__rosidl_generator_py.so" to ""
-- Installing: /home/hello-robot/ament_ws/install/sound_play_msgs/share/sound_play_msgs/msg/SoundRequest.idl
-- Installing: /home/hello-robot/ament_ws/install/sound_play_msgs/share/sound_play_msgs/action/SoundRequest.idl
-- Installing: /home/hello-robot/ament_ws/install/sound_play_msgs/share/sound_play_msgs/msg/SoundRequest.msg
-- Installing: /home/hello-robot/ament_ws/install/sound_play_msgs/share/sound_play_msgs/action/SoundRequest.action
-- Installing: /home/hello-robot/ament_ws/install/sound_play_msgs/share/ament_index/resource_index/package_run_dependencies/sound_play_msgs
-- Installing: /home/hello-robot/ament_ws/install/sound_play_msgs/share/ament_index/resource_index/parent_prefix_path/sound_play_msgs
-- Installing: /home/hello-robot/ament_ws/install/sound_play_msgs/share/sound_play_msgs/environment/ament_prefix_path.sh
-- Installing: /home/hello-robot/ament_ws/install/sound_play_msgs/share/sound_play_msgs/environment/ament_prefix_path.dsv
-- Installing: /home/hello-robot/ament_ws/install/sound_play_msgs/share/sound_play_msgs/environment/path.sh
-- Installing: /home/hello-robot/ament_ws/install/sound_play_msgs/share/sound_play_msgs/environment/path.dsv
-- Installing: /home/hello-robot/ament_ws/install/sound_play_msgs/share/sound_play_msgs/local_setup.bash
-- Installing: /home/hello-robot/ament_ws/install/sound_play_msgs/share/sound_play_msgs/local_setup.sh
-- Installing: /home/hello-robot/ament_ws/install/sound_play_msgs/share/sound_play_msgs/local_setup.zsh
-- Installing: /home/hello-robot/ament_ws/install/sound_play_msgs/share/sound_play_msgs/local_setup.dsv
-- Installing: /home/hello-robot/ament_ws/install/sound_play_msgs/share/sound_play_msgs/package.dsv
-- Installing: /home/hello-robot/ament_ws/install/sound_play_msgs/share/ament_index/resource_index/packages/sound_play_msgs
-- Installing: /home/hello-robot/ament_ws/install/sound_play_msgs/share/sound_play_msgs/cmake/export_sound_play_msgs__rosidl_generator_cExport.cmake
-- Installing: /home/hello-robot/ament_ws/install/sound_play_msgs/share/sound_play_msgs/cmake/export_sound_play_msgs__rosidl_generator_cExport-release.cmake
-- Installing: /home/hello-robot/ament_ws/install/sound_play_msgs/share/sound_play_msgs/cmake/export_sound_play_msgs__rosidl_typesupport_fastrtps_cExport.cmake
-- Installing: /home/hello-robot/ament_ws/install/sound_play_msgs/share/sound_play_msgs/cmake/export_sound_play_msgs__rosidl_typesupport_fastrtps_cExport-release.cmake
-- Installing: /home/hello-robot/ament_ws/install/sound_play_msgs/share/sound_play_msgs/cmake/sound_play_msgs__rosidl_typesupport_introspection_cExport.cmake
-- Installing: /home/hello-robot/ament_ws/install/sound_play_msgs/share/sound_play_msgs/cmake/sound_play_msgs__rosidl_typesupport_introspection_cExport-release.cmake
-- Installing: /home/hello-robot/ament_ws/install/sound_play_msgs/share/sound_play_msgs/cmake/sound_play_msgs__rosidl_typesupport_cExport.cmake
-- Installing: /home/hello-robot/ament_ws/install/sound_play_msgs/share/sound_play_msgs/cmake/sound_play_msgs__rosidl_typesupport_cExport-release.cmake
-- Installing: /home/hello-robot/ament_ws/install/sound_play_msgs/share/sound_play_msgs/cmake/export_sound_play_msgs__rosidl_generator_cppExport.cmake
-- Installing: /home/hello-robot/ament_ws/install/sound_play_msgs/share/sound_play_msgs/cmake/export_sound_play_msgs__rosidl_typesupport_fastrtps_cppExport.cmake
-- Installing: /home/hello-robot/ament_ws/install/sound_play_msgs/share/sound_play_msgs/cmake/export_sound_play_msgs__rosidl_typesupport_fastrtps_cppExport-release.cmake
-- Installing: /home/hello-robot/ament_ws/install/sound_play_msgs/share/sound_play_msgs/cmake/sound_play_msgs__rosidl_typesupport_introspection_cppExport.cmake
-- Installing: /home/hello-robot/ament_ws/install/sound_play_msgs/share/sound_play_msgs/cmake/sound_play_msgs__rosidl_typesupport_introspection_cppExport-release.cmake
-- Installing: /home/hello-robot/ament_ws/install/sound_play_msgs/share/sound_play_msgs/cmake/sound_play_msgs__rosidl_typesupport_cppExport.cmake
-- Installing: /home/hello-robot/ament_ws/install/sound_play_msgs/share/sound_play_msgs/cmake/sound_play_msgs__rosidl_typesupport_cppExport-release.cmake
-- Installing: /home/hello-robot/ament_ws/install/sound_play_msgs/share/sound_play_msgs/cmake/export_sound_play_msgs__rosidl_generator_pyExport.cmake
-- Installing: /home/hello-robot/ament_ws/install/sound_play_msgs/share/sound_play_msgs/cmake/export_sound_play_msgs__rosidl_generator_pyExport-release.cmake
-- Installing: /home/hello-robot/ament_ws/install/sound_play_msgs/share/sound_play_msgs/cmake/rosidl_cmake-extras.cmake
-- Installing: /home/hello-robot/ament_ws/install/sound_play_msgs/share/sound_play_msgs/cmake/ament_cmake_export_dependencies-extras.cmake
-- Installing: /home/hello-robot/ament_ws/install/sound_play_msgs/share/sound_play_msgs/cmake/ament_cmake_export_include_directories-extras.cmake
-- Installing: /home/hello-robot/ament_ws/install/sound_play_msgs/share/sound_play_msgs/cmake/ament_cmake_export_libraries-extras.cmake
-- Installing: /home/hello-robot/ament_ws/install/sound_play_msgs/share/sound_play_msgs/cmake/ament_cmake_export_targets-extras.cmake
-- Installing: /home/hello-robot/ament_ws/install/sound_play_msgs/share/sound_play_msgs/cmake/rosidl_cmake_export_typesupport_targets-extras.cmake
-- Installing: /home/hello-robot/ament_ws/install/sound_play_msgs/share/sound_play_msgs/cmake/rosidl_cmake_export_typesupport_libraries-extras.cmake
-- Installing: /home/hello-robot/ament_ws/install/sound_play_msgs/share/sound_play_msgs/cmake/sound_play_msgsConfig.cmake
-- Installing: /home/hello-robot/ament_ws/install/sound_play_msgs/share/sound_play_msgs/cmake/sound_play_msgsConfig-version.cmake
-- Installing: /home/hello-robot/ament_ws/install/sound_play_msgs/share/sound_play_msgs/package.xml
