[0.542s] Invoking command in '/home/hello-robot/ament_ws/build/sound_play_msgs': CMAKE_PREFIX_PATH=/home/hello-robot/ament_ws/install/audio_common_msgs:/home/hello-robot/ament_ws/install/tf2_web_republisher:/home/hello-robot/ament_ws/install/stretch_web_teleop:/home/hello-robot/ament_ws/install/stretch_teleop_interface_msgs:/home/hello-robot/ament_ws/install/stretch_rtabmap:/home/hello-robot/ament_ws/install/stretch_nav2:/home/hello-robot/ament_ws/install/stretch_description:/home/hello-robot/ament_ws/install/speech_recognition_msgs:/home/hello-robot/ament_ws/install/sound_play_msgs:/home/hello-robot/ament_ws/install/audio_common:/home/hello-robot/ament_ws/install/sound_play:/home/hello-robot/ament_ws/install/sllidar_ros2:/home/hello-robot/ament_ws/install/rosbridge_test_msgs:/home/hello-robot/ament_ws/install/rosbridge_suite:/home/hello-robot/ament_ws/install/rosbridge_server:/home/hello-robot/ament_ws/install/rosbridge_msgs:/home/hello-robot/ament_ws/install/rosapi:/home/hello-robot/ament_ws/install/rosbridge_library:/home/hello-robot/ament_ws/install/rosapi_msgs:/home/hello-robot/ament_ws/install/ros2_numpy:/home/hello-robot/ament_ws/install/realsense2_description:/home/hello-robot/ament_ws/install/realsense2_camera:/home/hello-robot/ament_ws/install/realsense2_camera_msgs:/home/hello-robot/ament_ws/install/audio_play:/home/hello-robot/ament_ws/install/audio_capture:/home/hello-robot/ament_ws/install/tf2_web_republisher_py:/home/hello-robot/ament_ws/install/stretch_ros_tutorials:/home/hello-robot/ament_ws/install/stretch_funmap:/home/hello-robot/ament_ws/install/stretch_calibration:/home/hello-robot/ament_ws/install/stretch_demos:/home/hello-robot/ament_ws/install/stretch_deep_perception:/home/hello-robot/ament_ws/install/stretch_core:/home/hello-robot/ament_ws/install/respeaker_ros2:/home/hello-robot/ament_ws/install/hello_helpers:/opt/ros/humble LD_LIBRARY_PATH=/home/hello-robot/ament_ws/install/audio_common_msgs/lib:/home/hello-robot/ament_ws/install/tf2_web_republisher/lib:/home/hello-robot/ament_ws/install/stretch_teleop_interface_msgs/lib:/home/hello-robot/ament_ws/install/speech_recognition_msgs/lib:/home/hello-robot/ament_ws/install/sound_play_msgs/lib:/home/hello-robot/ament_ws/install/rosbridge_test_msgs/lib:/home/hello-robot/ament_ws/install/rosbridge_msgs/lib:/home/hello-robot/ament_ws/install/rosapi_msgs/lib:/home/hello-robot/ament_ws/install/realsense2_camera/lib:/home/hello-robot/ament_ws/install/realsense2_camera_msgs/lib:/home/hello-robot/ament_ws/install/audio_play/lib:/home/hello-robot/ament_ws/install/audio_capture/lib:/usr/lib/x86_64-linux-gnu/gazebo-11/plugins:/opt/ros/humble/opt/rviz_ogre_vendor/lib:/opt/ros/humble/lib/x86_64-linux-gnu:/opt/ros/humble/lib /usr/bin/cmake /home/hello-robot/ament_ws/src/audio_common/sound_play_msgs -DCMAKE_BUILD_TYPE=Release -DCMAKE_INSTALL_PREFIX=/home/hello-robot/ament_ws/install/sound_play_msgs
[0.914s] -- The C compiler identification is GNU 11.4.0
[1.159s] -- The CXX compiler identification is GNU 11.4.0
[1.159s] -- Detecting C compiler ABI info
[1.273s] -- Detecting C compiler ABI info - done
[1.284s] -- Check for working C compiler: /usr/bin/cc - skipped
[1.284s] -- Detecting C compile features
[1.284s] -- Detecting C compile features - done
[1.288s] -- Detecting CXX compiler ABI info
[1.585s] -- Detecting CXX compiler ABI info - done
[1.590s] -- Check for working CXX compiler: /usr/bin/c++ - skipped
[1.590s] -- Detecting CXX compile features
[1.591s] -- Detecting CXX compile features - done
[1.614s] -- Found ament_cmake: 1.3.8 (/opt/ros/humble/share/ament_cmake/cmake)
[2.317s] -- Found Python3: /usr/bin/python3 (found version "3.10.12") found components: Interpreter 
[2.676s] -- Found rosidl_default_generators: 1.2.0 (/opt/ros/humble/share/rosidl_default_generators/cmake)
[2.704s] -- Using all available rosidl_typesupport_c: rosidl_typesupport_fastrtps_c;rosidl_typesupport_introspection_c
[2.718s] -- Found rosidl_adapter: 3.1.5 (/opt/ros/humble/share/rosidl_adapter/cmake)
[2.803s] -- Using all available rosidl_typesupport_cpp: rosidl_typesupport_fastrtps_cpp;rosidl_typesupport_introspection_cpp
[2.918s] -- Found audio_common_msgs: 0.3.12 (/home/hello-robot/ament_ws/install/audio_common_msgs/share/audio_common_msgs/cmake)
[3.222s] -- Found action_msgs: 1.2.1 (/opt/ros/humble/share/action_msgs/cmake)
[4.286s] -- Found ament_cmake_ros: 0.10.0 (/opt/ros/humble/share/ament_cmake_ros/cmake)
[4.887s] -- Using all available rosidl_typesupport_c: rosidl_typesupport_fastrtps_c;rosidl_typesupport_introspection_c
[5.553s] -- Using all available rosidl_typesupport_cpp: rosidl_typesupport_fastrtps_cpp;rosidl_typesupport_introspection_cpp
[5.610s] -- Found PythonInterp: /usr/bin/python3 (found suitable version "3.10.12", minimum required is "3.6") 
[5.613s] -- Found python_cmake_module: 0.10.0 (/opt/ros/humble/share/python_cmake_module/cmake)
[5.681s] -- Found PythonLibs: /usr/lib/x86_64-linux-gnu/libpython3.10.so (found suitable version "3.10.12", minimum required is "3.5") 
[5.681s] -- Using PYTHON_EXECUTABLE: /usr/bin/python3
[5.681s] -- Using PYTHON_INCLUDE_DIRS: /usr/include/python3.10
[5.681s] -- Using PYTHON_LIBRARIES: /usr/lib/x86_64-linux-gnu/libpython3.10.so
[5.728s] -- Found PythonExtra: .so  
[5.877s] -- Configuring done
[5.944s] -- Generating done
[5.948s] -- Build files have been written to: /home/hello-robot/ament_ws/build/sound_play_msgs
[5.973s] Invoked command in '/home/hello-robot/ament_ws/build/sound_play_msgs' returned '0': CMAKE_PREFIX_PATH=/home/hello-robot/ament_ws/install/audio_common_msgs:/home/hello-robot/ament_ws/install/tf2_web_republisher:/home/hello-robot/ament_ws/install/stretch_web_teleop:/home/hello-robot/ament_ws/install/stretch_teleop_interface_msgs:/home/hello-robot/ament_ws/install/stretch_rtabmap:/home/hello-robot/ament_ws/install/stretch_nav2:/home/hello-robot/ament_ws/install/stretch_description:/home/hello-robot/ament_ws/install/speech_recognition_msgs:/home/hello-robot/ament_ws/install/sound_play_msgs:/home/hello-robot/ament_ws/install/audio_common:/home/hello-robot/ament_ws/install/sound_play:/home/hello-robot/ament_ws/install/sllidar_ros2:/home/hello-robot/ament_ws/install/rosbridge_test_msgs:/home/hello-robot/ament_ws/install/rosbridge_suite:/home/hello-robot/ament_ws/install/rosbridge_server:/home/hello-robot/ament_ws/install/rosbridge_msgs:/home/hello-robot/ament_ws/install/rosapi:/home/hello-robot/ament_ws/install/rosbridge_library:/home/hello-robot/ament_ws/install/rosapi_msgs:/home/hello-robot/ament_ws/install/ros2_numpy:/home/hello-robot/ament_ws/install/realsense2_description:/home/hello-robot/ament_ws/install/realsense2_camera:/home/hello-robot/ament_ws/install/realsense2_camera_msgs:/home/hello-robot/ament_ws/install/audio_play:/home/hello-robot/ament_ws/install/audio_capture:/home/hello-robot/ament_ws/install/tf2_web_republisher_py:/home/hello-robot/ament_ws/install/stretch_ros_tutorials:/home/hello-robot/ament_ws/install/stretch_funmap:/home/hello-robot/ament_ws/install/stretch_calibration:/home/hello-robot/ament_ws/install/stretch_demos:/home/hello-robot/ament_ws/install/stretch_deep_perception:/home/hello-robot/ament_ws/install/stretch_core:/home/hello-robot/ament_ws/install/respeaker_ros2:/home/hello-robot/ament_ws/install/hello_helpers:/opt/ros/humble LD_LIBRARY_PATH=/home/hello-robot/ament_ws/install/audio_common_msgs/lib:/home/hello-robot/ament_ws/install/tf2_web_republisher/lib:/home/hello-robot/ament_ws/install/stretch_teleop_interface_msgs/lib:/home/hello-robot/ament_ws/install/speech_recognition_msgs/lib:/home/hello-robot/ament_ws/install/sound_play_msgs/lib:/home/hello-robot/ament_ws/install/rosbridge_test_msgs/lib:/home/hello-robot/ament_ws/install/rosbridge_msgs/lib:/home/hello-robot/ament_ws/install/rosapi_msgs/lib:/home/hello-robot/ament_ws/install/realsense2_camera/lib:/home/hello-robot/ament_ws/install/realsense2_camera_msgs/lib:/home/hello-robot/ament_ws/install/audio_play/lib:/home/hello-robot/ament_ws/install/audio_capture/lib:/usr/lib/x86_64-linux-gnu/gazebo-11/plugins:/opt/ros/humble/opt/rviz_ogre_vendor/lib:/opt/ros/humble/lib/x86_64-linux-gnu:/opt/ros/humble/lib /usr/bin/cmake /home/hello-robot/ament_ws/src/audio_common/sound_play_msgs -DCMAKE_BUILD_TYPE=Release -DCMAKE_INSTALL_PREFIX=/home/hello-robot/ament_ws/install/sound_play_msgs
[5.974s] Invoking command in '/home/hello-robot/ament_ws/build/sound_play_msgs': CMAKE_PREFIX_PATH=/home/hello-robot/ament_ws/install/audio_common_msgs:/home/hello-robot/ament_ws/install/tf2_web_republisher:/home/hello-robot/ament_ws/install/stretch_web_teleop:/home/hello-robot/ament_ws/install/stretch_teleop_interface_msgs:/home/hello-robot/ament_ws/install/stretch_rtabmap:/home/hello-robot/ament_ws/install/stretch_nav2:/home/hello-robot/ament_ws/install/stretch_description:/home/hello-robot/ament_ws/install/speech_recognition_msgs:/home/hello-robot/ament_ws/install/sound_play_msgs:/home/hello-robot/ament_ws/install/audio_common:/home/hello-robot/ament_ws/install/sound_play:/home/hello-robot/ament_ws/install/sllidar_ros2:/home/hello-robot/ament_ws/install/rosbridge_test_msgs:/home/hello-robot/ament_ws/install/rosbridge_suite:/home/hello-robot/ament_ws/install/rosbridge_server:/home/hello-robot/ament_ws/install/rosbridge_msgs:/home/hello-robot/ament_ws/install/rosapi:/home/hello-robot/ament_ws/install/rosbridge_library:/home/hello-robot/ament_ws/install/rosapi_msgs:/home/hello-robot/ament_ws/install/ros2_numpy:/home/hello-robot/ament_ws/install/realsense2_description:/home/hello-robot/ament_ws/install/realsense2_camera:/home/hello-robot/ament_ws/install/realsense2_camera_msgs:/home/hello-robot/ament_ws/install/audio_play:/home/hello-robot/ament_ws/install/audio_capture:/home/hello-robot/ament_ws/install/tf2_web_republisher_py:/home/hello-robot/ament_ws/install/stretch_ros_tutorials:/home/hello-robot/ament_ws/install/stretch_funmap:/home/hello-robot/ament_ws/install/stretch_calibration:/home/hello-robot/ament_ws/install/stretch_demos:/home/hello-robot/ament_ws/install/stretch_deep_perception:/home/hello-robot/ament_ws/install/stretch_core:/home/hello-robot/ament_ws/install/respeaker_ros2:/home/hello-robot/ament_ws/install/hello_helpers:/opt/ros/humble LD_LIBRARY_PATH=/home/hello-robot/ament_ws/install/audio_common_msgs/lib:/home/hello-robot/ament_ws/install/tf2_web_republisher/lib:/home/hello-robot/ament_ws/install/stretch_teleop_interface_msgs/lib:/home/hello-robot/ament_ws/install/speech_recognition_msgs/lib:/home/hello-robot/ament_ws/install/sound_play_msgs/lib:/home/hello-robot/ament_ws/install/rosbridge_test_msgs/lib:/home/hello-robot/ament_ws/install/rosbridge_msgs/lib:/home/hello-robot/ament_ws/install/rosapi_msgs/lib:/home/hello-robot/ament_ws/install/realsense2_camera/lib:/home/hello-robot/ament_ws/install/realsense2_camera_msgs/lib:/home/hello-robot/ament_ws/install/audio_play/lib:/home/hello-robot/ament_ws/install/audio_capture/lib:/usr/lib/x86_64-linux-gnu/gazebo-11/plugins:/opt/ros/humble/opt/rviz_ogre_vendor/lib:/opt/ros/humble/lib/x86_64-linux-gnu:/opt/ros/humble/lib /usr/bin/cmake --build /home/hello-robot/ament_ws/build/sound_play_msgs -- -j16 -l16
[6.026s] [  2%] Generating C code for ROS interfaces
[6.041s] [  5%] Generating C++ code for ROS interfaces
[6.052s] [  5%] Built target ament_cmake_python_copy_sound_play_msgs
[6.616s] /home/hello-robot/.local/lib/python3.10/site-packages/setuptools_scm/_integration/setuptools.py:30: RuntimeWarning: 
[6.616s] ERROR: setuptools==59.6.0 is used in combination with setuptools_scm>=8.x
[6.616s] 
[6.616s] Your build configuration is incomplete and previously worked by accident!
[6.616s] setuptools_scm requires setuptools>=61
[6.616s] 
[6.616s] Suggested workaround if applicable:
[6.616s]  - migrating from the deprecated setup_requires mechanism to pep517/518
[6.616s]    and using a pyproject.toml to declare build dependencies
[6.616s]    which are reliably pre-installed before running the build tools
[6.617s] 
[6.617s]   warnings.warn(
[6.617s] running egg_info
[6.617s] creating sound_play_msgs.egg-info
[6.617s] writing sound_play_msgs.egg-info/PKG-INFO
[6.617s] writing dependency_links to sound_play_msgs.egg-info/dependency_links.txt
[6.617s] writing top-level names to sound_play_msgs.egg-info/top_level.txt
[6.617s] writing manifest file 'sound_play_msgs.egg-info/SOURCES.txt'
[6.965s] [03/04/24 08:23:52] ERROR    listing git files failed - pretending     git.py:24
[6.965s]                              there aren't any                                   
[6.965s] reading manifest file 'sound_play_msgs.egg-info/SOURCES.txt'
[6.966s] writing manifest file 'sound_play_msgs.egg-info/SOURCES.txt'
[6.966s] [  5%] Built target ament_cmake_python_build_sound_play_msgs_egg
[6.966s] [  5%] Built target sound_play_msgs__cpp
[6.966s] [ 12%] Generating C++ type support dispatch for ROS interfaces
[6.966s] [ 12%] Generating C++ introspection for ROS interfaces
[6.966s] [ 12%] Generating C++ type support for eProsima Fast-RTPS
[7.088s] [ 15%] Building C object CMakeFiles/sound_play_msgs__rosidl_generator_c.dir/rosidl_generator_c/sound_play_msgs/msg/detail/sound_request__functions.c.o
[7.095s] [ 17%] Building C object CMakeFiles/sound_play_msgs__rosidl_generator_c.dir/rosidl_generator_c/sound_play_msgs/action/detail/sound_request__functions.c.o
[7.839s] [ 20%] Building CXX object CMakeFiles/sound_play_msgs__rosidl_typesupport_introspection_cpp.dir/rosidl_typesupport_introspection_cpp/sound_play_msgs/msg/detail/sound_request__type_support.cpp.o
[7.841s] [ 23%] Building CXX object CMakeFiles/sound_play_msgs__rosidl_typesupport_introspection_cpp.dir/rosidl_typesupport_introspection_cpp/sound_play_msgs/action/detail/sound_request__type_support.cpp.o
[7.855s] [ 25%] Building CXX object CMakeFiles/sound_play_msgs__rosidl_typesupport_cpp.dir/rosidl_typesupport_cpp/sound_play_msgs/msg/sound_request__type_support.cpp.o
[7.881s] [ 28%] Linking C shared library libsound_play_msgs__rosidl_generator_c.so
[7.886s] [ 30%] Building CXX object CMakeFiles/sound_play_msgs__rosidl_typesupport_cpp.dir/rosidl_typesupport_cpp/sound_play_msgs/action/sound_request__type_support.cpp.o
[7.960s] [ 33%] Building CXX object CMakeFiles/sound_play_msgs__rosidl_typesupport_fastrtps_cpp.dir/rosidl_typesupport_fastrtps_cpp/sound_play_msgs/msg/detail/dds_fastrtps/sound_request__type_support.cpp.o
[7.969s] [ 35%] Building CXX object CMakeFiles/sound_play_msgs__rosidl_typesupport_fastrtps_cpp.dir/rosidl_typesupport_fastrtps_cpp/sound_play_msgs/action/detail/dds_fastrtps/sound_request__type_support.cpp.o
[8.015s] [ 35%] Built target sound_play_msgs__rosidl_generator_c
[8.055s] [ 38%] Generating C type support for eProsima Fast-RTPS
[8.081s] [ 41%] Generating C introspection for ROS interfaces
[8.092s] [ 43%] Generating C type support dispatch for ROS interfaces
[8.755s] [ 46%] Linking CXX shared library libsound_play_msgs__rosidl_typesupport_cpp.so
[8.822s] [ 46%] Built target sound_play_msgs__rosidl_typesupport_cpp
[9.127s] [ 48%] Building CXX object CMakeFiles/sound_play_msgs__rosidl_typesupport_c.dir/rosidl_typesupport_c/sound_play_msgs/msg/sound_request__type_support.cpp.o
[9.127s] [ 51%] Building CXX object CMakeFiles/sound_play_msgs__rosidl_typesupport_c.dir/rosidl_typesupport_c/sound_play_msgs/action/sound_request__type_support.cpp.o
[9.140s] [ 53%] Building C object CMakeFiles/sound_play_msgs__rosidl_typesupport_introspection_c.dir/rosidl_typesupport_introspection_c/sound_play_msgs/action/detail/sound_request__type_support.c.o
[9.149s] [ 58%] Building C object CMakeFiles/sound_play_msgs__rosidl_typesupport_introspection_c.dir/rosidl_typesupport_introspection_c/sound_play_msgs/msg/detail/sound_request__type_support.c.o
[9.149s] [ 58%] Linking CXX shared library libsound_play_msgs__rosidl_typesupport_c.so
[9.332s] [ 61%] Linking CXX shared library libsound_play_msgs__rosidl_typesupport_introspection_cpp.so
[9.332s] [ 64%] Building CXX object CMakeFiles/sound_play_msgs__rosidl_typesupport_fastrtps_c.dir/rosidl_typesupport_fastrtps_c/sound_play_msgs/msg/detail/sound_request__type_support_c.cpp.o
[9.332s] [ 66%] Building CXX object CMakeFiles/sound_play_msgs__rosidl_typesupport_fastrtps_c.dir/rosidl_typesupport_fastrtps_c/sound_play_msgs/action/detail/sound_request__type_support_c.cpp.o
[9.332s] [ 66%] Built target sound_play_msgs__rosidl_typesupport_c
[9.332s] [ 69%] Linking CXX shared library libsound_play_msgs__rosidl_typesupport_fastrtps_cpp.so
[9.332s] [ 71%] Linking C shared library libsound_play_msgs__rosidl_typesupport_introspection_c.so
[9.335s] [ 71%] Built target sound_play_msgs__rosidl_typesupport_introspection_c
[9.378s] [ 71%] Built target sound_play_msgs__rosidl_typesupport_introspection_cpp
[9.413s] [ 71%] Built target sound_play_msgs__rosidl_typesupport_fastrtps_cpp
[9.838s] [ 74%] Linking CXX shared library libsound_play_msgs__rosidl_typesupport_fastrtps_c.so
[9.959s] [ 74%] Built target sound_play_msgs__rosidl_typesupport_fastrtps_c
[9.984s] [ 74%] Built target sound_play_msgs
[10.011s] [ 76%] Generating Python code for ROS interfaces
[11.665s] [ 76%] Built target sound_play_msgs__py
[11.665s] [ 82%] Building C object CMakeFiles/sound_play_msgs__rosidl_generator_py.dir/rosidl_generator_py/sound_play_msgs/msg/_sound_request_s.c.o
[11.666s] [ 82%] Building C object CMakeFiles/sound_play_msgs__rosidl_generator_py.dir/rosidl_generator_py/sound_play_msgs/action/_sound_request_s.c.o
[11.855s] [ 84%] Linking C shared library rosidl_generator_py/sound_play_msgs/libsound_play_msgs__rosidl_generator_py.so
[11.905s] [ 84%] Built target sound_play_msgs__rosidl_generator_py
[11.930s] [ 87%] Building C object CMakeFiles/sound_play_msgs__rosidl_typesupport_introspection_c__pyext.dir/rosidl_generator_py/sound_play_msgs/_sound_play_msgs_s.ep.rosidl_typesupport_introspection_c.c.o
[11.930s] [ 89%] Building C object CMakeFiles/sound_play_msgs__rosidl_typesupport_c__pyext.dir/rosidl_generator_py/sound_play_msgs/_sound_play_msgs_s.ep.rosidl_typesupport_c.c.o
[11.931s] [ 92%] Building C object CMakeFiles/sound_play_msgs__rosidl_typesupport_fastrtps_c__pyext.dir/rosidl_generator_py/sound_play_msgs/_sound_play_msgs_s.ep.rosidl_typesupport_fastrtps_c.c.o
[12.147s] [ 94%] Linking C shared library rosidl_generator_py/sound_play_msgs/sound_play_msgs_s__rosidl_typesupport_introspection_c.cpython-310-x86_64-linux-gnu.so
[12.161s] [ 97%] Linking C shared library rosidl_generator_py/sound_play_msgs/sound_play_msgs_s__rosidl_typesupport_fastrtps_c.cpython-310-x86_64-linux-gnu.so
[12.327s] [ 97%] Built target sound_play_msgs__rosidl_typesupport_fastrtps_c__pyext
[12.327s] [ 97%] Built target sound_play_msgs__rosidl_typesupport_introspection_c__pyext
[12.327s] [100%] Linking C shared library rosidl_generator_py/sound_play_msgs/sound_play_msgs_s__rosidl_typesupport_c.cpython-310-x86_64-linux-gnu.so
[12.328s] [100%] Built target sound_play_msgs__rosidl_typesupport_c__pyext
[12.328s] Invoked command in '/home/hello-robot/ament_ws/build/sound_play_msgs' returned '0': CMAKE_PREFIX_PATH=/home/hello-robot/ament_ws/install/audio_common_msgs:/home/hello-robot/ament_ws/install/tf2_web_republisher:/home/hello-robot/ament_ws/install/stretch_web_teleop:/home/hello-robot/ament_ws/install/stretch_teleop_interface_msgs:/home/hello-robot/ament_ws/install/stretch_rtabmap:/home/hello-robot/ament_ws/install/stretch_nav2:/home/hello-robot/ament_ws/install/stretch_description:/home/hello-robot/ament_ws/install/speech_recognition_msgs:/home/hello-robot/ament_ws/install/sound_play_msgs:/home/hello-robot/ament_ws/install/audio_common:/home/hello-robot/ament_ws/install/sound_play:/home/hello-robot/ament_ws/install/sllidar_ros2:/home/hello-robot/ament_ws/install/rosbridge_test_msgs:/home/hello-robot/ament_ws/install/rosbridge_suite:/home/hello-robot/ament_ws/install/rosbridge_server:/home/hello-robot/ament_ws/install/rosbridge_msgs:/home/hello-robot/ament_ws/install/rosapi:/home/hello-robot/ament_ws/install/rosbridge_library:/home/hello-robot/ament_ws/install/rosapi_msgs:/home/hello-robot/ament_ws/install/ros2_numpy:/home/hello-robot/ament_ws/install/realsense2_description:/home/hello-robot/ament_ws/install/realsense2_camera:/home/hello-robot/ament_ws/install/realsense2_camera_msgs:/home/hello-robot/ament_ws/install/audio_play:/home/hello-robot/ament_ws/install/audio_capture:/home/hello-robot/ament_ws/install/tf2_web_republisher_py:/home/hello-robot/ament_ws/install/stretch_ros_tutorials:/home/hello-robot/ament_ws/install/stretch_funmap:/home/hello-robot/ament_ws/install/stretch_calibration:/home/hello-robot/ament_ws/install/stretch_demos:/home/hello-robot/ament_ws/install/stretch_deep_perception:/home/hello-robot/ament_ws/install/stretch_core:/home/hello-robot/ament_ws/install/respeaker_ros2:/home/hello-robot/ament_ws/install/hello_helpers:/opt/ros/humble LD_LIBRARY_PATH=/home/hello-robot/ament_ws/install/audio_common_msgs/lib:/home/hello-robot/ament_ws/install/tf2_web_republisher/lib:/home/hello-robot/ament_ws/install/stretch_teleop_interface_msgs/lib:/home/hello-robot/ament_ws/install/speech_recognition_msgs/lib:/home/hello-robot/ament_ws/install/sound_play_msgs/lib:/home/hello-robot/ament_ws/install/rosbridge_test_msgs/lib:/home/hello-robot/ament_ws/install/rosbridge_msgs/lib:/home/hello-robot/ament_ws/install/rosapi_msgs/lib:/home/hello-robot/ament_ws/install/realsense2_camera/lib:/home/hello-robot/ament_ws/install/realsense2_camera_msgs/lib:/home/hello-robot/ament_ws/install/audio_play/lib:/home/hello-robot/ament_ws/install/audio_capture/lib:/usr/lib/x86_64-linux-gnu/gazebo-11/plugins:/opt/ros/humble/opt/rviz_ogre_vendor/lib:/opt/ros/humble/lib/x86_64-linux-gnu:/opt/ros/humble/lib /usr/bin/cmake --build /home/hello-robot/ament_ws/build/sound_play_msgs -- -j16 -l16
[12.423s] Invoking command in '/home/hello-robot/ament_ws/build/sound_play_msgs': CMAKE_PREFIX_PATH=/home/hello-robot/ament_ws/install/audio_common_msgs:/home/hello-robot/ament_ws/install/tf2_web_republisher:/home/hello-robot/ament_ws/install/stretch_web_teleop:/home/hello-robot/ament_ws/install/stretch_teleop_interface_msgs:/home/hello-robot/ament_ws/install/stretch_rtabmap:/home/hello-robot/ament_ws/install/stretch_nav2:/home/hello-robot/ament_ws/install/stretch_description:/home/hello-robot/ament_ws/install/speech_recognition_msgs:/home/hello-robot/ament_ws/install/sound_play_msgs:/home/hello-robot/ament_ws/install/audio_common:/home/hello-robot/ament_ws/install/sound_play:/home/hello-robot/ament_ws/install/sllidar_ros2:/home/hello-robot/ament_ws/install/rosbridge_test_msgs:/home/hello-robot/ament_ws/install/rosbridge_suite:/home/hello-robot/ament_ws/install/rosbridge_server:/home/hello-robot/ament_ws/install/rosbridge_msgs:/home/hello-robot/ament_ws/install/rosapi:/home/hello-robot/ament_ws/install/rosbridge_library:/home/hello-robot/ament_ws/install/rosapi_msgs:/home/hello-robot/ament_ws/install/ros2_numpy:/home/hello-robot/ament_ws/install/realsense2_description:/home/hello-robot/ament_ws/install/realsense2_camera:/home/hello-robot/ament_ws/install/realsense2_camera_msgs:/home/hello-robot/ament_ws/install/audio_play:/home/hello-robot/ament_ws/install/audio_capture:/home/hello-robot/ament_ws/install/tf2_web_republisher_py:/home/hello-robot/ament_ws/install/stretch_ros_tutorials:/home/hello-robot/ament_ws/install/stretch_funmap:/home/hello-robot/ament_ws/install/stretch_calibration:/home/hello-robot/ament_ws/install/stretch_demos:/home/hello-robot/ament_ws/install/stretch_deep_perception:/home/hello-robot/ament_ws/install/stretch_core:/home/hello-robot/ament_ws/install/respeaker_ros2:/home/hello-robot/ament_ws/install/hello_helpers:/opt/ros/humble LD_LIBRARY_PATH=/home/hello-robot/ament_ws/install/audio_common_msgs/lib:/home/hello-robot/ament_ws/install/tf2_web_republisher/lib:/home/hello-robot/ament_ws/install/stretch_teleop_interface_msgs/lib:/home/hello-robot/ament_ws/install/speech_recognition_msgs/lib:/home/hello-robot/ament_ws/install/sound_play_msgs/lib:/home/hello-robot/ament_ws/install/rosbridge_test_msgs/lib:/home/hello-robot/ament_ws/install/rosbridge_msgs/lib:/home/hello-robot/ament_ws/install/rosapi_msgs/lib:/home/hello-robot/ament_ws/install/realsense2_camera/lib:/home/hello-robot/ament_ws/install/realsense2_camera_msgs/lib:/home/hello-robot/ament_ws/install/audio_play/lib:/home/hello-robot/ament_ws/install/audio_capture/lib:/usr/lib/x86_64-linux-gnu/gazebo-11/plugins:/opt/ros/humble/opt/rviz_ogre_vendor/lib:/opt/ros/humble/lib/x86_64-linux-gnu:/opt/ros/humble/lib /usr/bin/cmake --install /home/hello-robot/ament_ws/build/sound_play_msgs
[12.432s] -- Install configuration: "Release"
[12.433s] -- Installing: /home/hello-robot/ament_ws/install/sound_play_msgs/share/ament_index/resource_index/rosidl_interfaces/sound_play_msgs
[12.433s] -- Installing: /home/hello-robot/ament_ws/install/sound_play_msgs/include/sound_play_msgs/sound_play_msgs
[12.433s] -- Installing: /home/hello-robot/ament_ws/install/sound_play_msgs/include/sound_play_msgs/sound_play_msgs/msg
[12.433s] -- Installing: /home/hello-robot/ament_ws/install/sound_play_msgs/include/sound_play_msgs/sound_play_msgs/msg/rosidl_generator_c__visibility_control.h
[12.433s] -- Installing: /home/hello-robot/ament_ws/install/sound_play_msgs/include/sound_play_msgs/sound_play_msgs/msg/sound_request.h
[12.433s] -- Installing: /home/hello-robot/ament_ws/install/sound_play_msgs/include/sound_play_msgs/sound_play_msgs/msg/detail
[12.433s] -- Installing: /home/hello-robot/ament_ws/install/sound_play_msgs/include/sound_play_msgs/sound_play_msgs/msg/detail/sound_request__type_support.h
[12.434s] -- Installing: /home/hello-robot/ament_ws/install/sound_play_msgs/include/sound_play_msgs/sound_play_msgs/msg/detail/sound_request__functions.c
[12.434s] -- Installing: /home/hello-robot/ament_ws/install/sound_play_msgs/include/sound_play_msgs/sound_play_msgs/msg/detail/sound_request__functions.h
[12.434s] -- Installing: /home/hello-robot/ament_ws/install/sound_play_msgs/include/sound_play_msgs/sound_play_msgs/msg/detail/sound_request__struct.h
[12.434s] -- Installing: /home/hello-robot/ament_ws/install/sound_play_msgs/include/sound_play_msgs/sound_play_msgs/action
[12.434s] -- Installing: /home/hello-robot/ament_ws/install/sound_play_msgs/include/sound_play_msgs/sound_play_msgs/action/sound_request.h
[12.434s] -- Installing: /home/hello-robot/ament_ws/install/sound_play_msgs/include/sound_play_msgs/sound_play_msgs/action/detail
[12.434s] -- Installing: /home/hello-robot/ament_ws/install/sound_play_msgs/include/sound_play_msgs/sound_play_msgs/action/detail/sound_request__type_support.h
[12.434s] -- Installing: /home/hello-robot/ament_ws/install/sound_play_msgs/include/sound_play_msgs/sound_play_msgs/action/detail/sound_request__functions.c
[12.434s] -- Installing: /home/hello-robot/ament_ws/install/sound_play_msgs/include/sound_play_msgs/sound_play_msgs/action/detail/sound_request__functions.h
[12.434s] -- Installing: /home/hello-robot/ament_ws/install/sound_play_msgs/include/sound_play_msgs/sound_play_msgs/action/detail/sound_request__struct.h
[12.434s] -- Installing: /home/hello-robot/ament_ws/install/sound_play_msgs/share/sound_play_msgs/environment/library_path.sh
[12.434s] -- Installing: /home/hello-robot/ament_ws/install/sound_play_msgs/share/sound_play_msgs/environment/library_path.dsv
[12.435s] -- Installing: /home/hello-robot/ament_ws/install/sound_play_msgs/lib/libsound_play_msgs__rosidl_generator_c.so
[12.435s] -- Set runtime path of "/home/hello-robot/ament_ws/install/sound_play_msgs/lib/libsound_play_msgs__rosidl_generator_c.so" to ""
[12.435s] -- Up-to-date: /home/hello-robot/ament_ws/install/sound_play_msgs/include/sound_play_msgs/sound_play_msgs
[12.435s] -- Up-to-date: /home/hello-robot/ament_ws/install/sound_play_msgs/include/sound_play_msgs/sound_play_msgs/msg
[12.435s] -- Installing: /home/hello-robot/ament_ws/install/sound_play_msgs/include/sound_play_msgs/sound_play_msgs/msg/rosidl_typesupport_fastrtps_c__visibility_control.h
[12.435s] -- Up-to-date: /home/hello-robot/ament_ws/install/sound_play_msgs/include/sound_play_msgs/sound_play_msgs/msg/detail
[12.435s] -- Installing: /home/hello-robot/ament_ws/install/sound_play_msgs/include/sound_play_msgs/sound_play_msgs/msg/detail/sound_request__rosidl_typesupport_fastrtps_c.h
[12.435s] -- Up-to-date: /home/hello-robot/ament_ws/install/sound_play_msgs/include/sound_play_msgs/sound_play_msgs/action
[12.435s] -- Up-to-date: /home/hello-robot/ament_ws/install/sound_play_msgs/include/sound_play_msgs/sound_play_msgs/action/detail
[12.436s] -- Installing: /home/hello-robot/ament_ws/install/sound_play_msgs/include/sound_play_msgs/sound_play_msgs/action/detail/sound_request__rosidl_typesupport_fastrtps_c.h
[12.436s] -- Installing: /home/hello-robot/ament_ws/install/sound_play_msgs/lib/libsound_play_msgs__rosidl_typesupport_fastrtps_c.so
[12.436s] -- Set runtime path of "/home/hello-robot/ament_ws/install/sound_play_msgs/lib/libsound_play_msgs__rosidl_typesupport_fastrtps_c.so" to ""
[12.436s] -- Up-to-date: /home/hello-robot/ament_ws/install/sound_play_msgs/include/sound_play_msgs/sound_play_msgs
[12.436s] -- Up-to-date: /home/hello-robot/ament_ws/install/sound_play_msgs/include/sound_play_msgs/sound_play_msgs/msg
[12.436s] -- Installing: /home/hello-robot/ament_ws/install/sound_play_msgs/include/sound_play_msgs/sound_play_msgs/msg/rosidl_typesupport_introspection_c__visibility_control.h
[12.436s] -- Up-to-date: /home/hello-robot/ament_ws/install/sound_play_msgs/include/sound_play_msgs/sound_play_msgs/msg/detail
[12.436s] -- Installing: /home/hello-robot/ament_ws/install/sound_play_msgs/include/sound_play_msgs/sound_play_msgs/msg/detail/sound_request__rosidl_typesupport_introspection_c.h
[12.436s] -- Installing: /home/hello-robot/ament_ws/install/sound_play_msgs/include/sound_play_msgs/sound_play_msgs/msg/detail/sound_request__type_support.c
[12.436s] -- Up-to-date: /home/hello-robot/ament_ws/install/sound_play_msgs/include/sound_play_msgs/sound_play_msgs/action
[12.437s] -- Up-to-date: /home/hello-robot/ament_ws/install/sound_play_msgs/include/sound_play_msgs/sound_play_msgs/action/detail
[12.437s] -- Installing: /home/hello-robot/ament_ws/install/sound_play_msgs/include/sound_play_msgs/sound_play_msgs/action/detail/sound_request__rosidl_typesupport_introspection_c.h
[12.437s] -- Installing: /home/hello-robot/ament_ws/install/sound_play_msgs/include/sound_play_msgs/sound_play_msgs/action/detail/sound_request__type_support.c
[12.437s] -- Installing: /home/hello-robot/ament_ws/install/sound_play_msgs/lib/libsound_play_msgs__rosidl_typesupport_introspection_c.so
[12.437s] -- Set runtime path of "/home/hello-robot/ament_ws/install/sound_play_msgs/lib/libsound_play_msgs__rosidl_typesupport_introspection_c.so" to ""
[12.437s] -- Installing: /home/hello-robot/ament_ws/install/sound_play_msgs/lib/libsound_play_msgs__rosidl_typesupport_c.so
[12.437s] -- Set runtime path of "/home/hello-robot/ament_ws/install/sound_play_msgs/lib/libsound_play_msgs__rosidl_typesupport_c.so" to ""
[12.438s] -- Up-to-date: /home/hello-robot/ament_ws/install/sound_play_msgs/include/sound_play_msgs/sound_play_msgs
[12.438s] -- Up-to-date: /home/hello-robot/ament_ws/install/sound_play_msgs/include/sound_play_msgs/sound_play_msgs/msg
[12.438s] -- Installing: /home/hello-robot/ament_ws/install/sound_play_msgs/include/sound_play_msgs/sound_play_msgs/msg/sound_request.hpp
[12.438s] -- Up-to-date: /home/hello-robot/ament_ws/install/sound_play_msgs/include/sound_play_msgs/sound_play_msgs/msg/detail
[12.438s] -- Installing: /home/hello-robot/ament_ws/install/sound_play_msgs/include/sound_play_msgs/sound_play_msgs/msg/detail/sound_request__traits.hpp
[12.438s] -- Installing: /home/hello-robot/ament_ws/install/sound_play_msgs/include/sound_play_msgs/sound_play_msgs/msg/detail/sound_request__struct.hpp
[12.438s] -- Installing: /home/hello-robot/ament_ws/install/sound_play_msgs/include/sound_play_msgs/sound_play_msgs/msg/detail/sound_request__builder.hpp
[12.438s] -- Up-to-date: /home/hello-robot/ament_ws/install/sound_play_msgs/include/sound_play_msgs/sound_play_msgs/action
[12.438s] -- Installing: /home/hello-robot/ament_ws/install/sound_play_msgs/include/sound_play_msgs/sound_play_msgs/action/sound_request.hpp
[12.438s] -- Up-to-date: /home/hello-robot/ament_ws/install/sound_play_msgs/include/sound_play_msgs/sound_play_msgs/action/detail
[12.438s] -- Installing: /home/hello-robot/ament_ws/install/sound_play_msgs/include/sound_play_msgs/sound_play_msgs/action/detail/sound_request__traits.hpp
[12.438s] -- Installing: /home/hello-robot/ament_ws/install/sound_play_msgs/include/sound_play_msgs/sound_play_msgs/action/detail/sound_request__struct.hpp
[12.438s] -- Installing: /home/hello-robot/ament_ws/install/sound_play_msgs/include/sound_play_msgs/sound_play_msgs/action/detail/sound_request__builder.hpp
[12.439s] -- Up-to-date: /home/hello-robot/ament_ws/install/sound_play_msgs/include/sound_play_msgs/sound_play_msgs
[12.439s] -- Up-to-date: /home/hello-robot/ament_ws/install/sound_play_msgs/include/sound_play_msgs/sound_play_msgs/msg
[12.439s] -- Up-to-date: /home/hello-robot/ament_ws/install/sound_play_msgs/include/sound_play_msgs/sound_play_msgs/msg/detail
[12.439s] -- Installing: /home/hello-robot/ament_ws/install/sound_play_msgs/include/sound_play_msgs/sound_play_msgs/msg/detail/dds_fastrtps
[12.439s] -- Installing: /home/hello-robot/ament_ws/install/sound_play_msgs/include/sound_play_msgs/sound_play_msgs/msg/detail/sound_request__rosidl_typesupport_fastrtps_cpp.hpp
[12.439s] -- Installing: /home/hello-robot/ament_ws/install/sound_play_msgs/include/sound_play_msgs/sound_play_msgs/msg/rosidl_typesupport_fastrtps_cpp__visibility_control.h
[12.439s] -- Up-to-date: /home/hello-robot/ament_ws/install/sound_play_msgs/include/sound_play_msgs/sound_play_msgs/action
[12.439s] -- Up-to-date: /home/hello-robot/ament_ws/install/sound_play_msgs/include/sound_play_msgs/sound_play_msgs/action/detail
[12.439s] -- Installing: /home/hello-robot/ament_ws/install/sound_play_msgs/include/sound_play_msgs/sound_play_msgs/action/detail/dds_fastrtps
[12.439s] -- Installing: /home/hello-robot/ament_ws/install/sound_play_msgs/include/sound_play_msgs/sound_play_msgs/action/detail/sound_request__rosidl_typesupport_fastrtps_cpp.hpp
[12.439s] -- Installing: /home/hello-robot/ament_ws/install/sound_play_msgs/lib/libsound_play_msgs__rosidl_typesupport_fastrtps_cpp.so
[12.440s] -- Set runtime path of "/home/hello-robot/ament_ws/install/sound_play_msgs/lib/libsound_play_msgs__rosidl_typesupport_fastrtps_cpp.so" to ""
[12.440s] -- Up-to-date: /home/hello-robot/ament_ws/install/sound_play_msgs/include/sound_play_msgs/sound_play_msgs
[12.440s] -- Up-to-date: /home/hello-robot/ament_ws/install/sound_play_msgs/include/sound_play_msgs/sound_play_msgs/msg
[12.440s] -- Up-to-date: /home/hello-robot/ament_ws/install/sound_play_msgs/include/sound_play_msgs/sound_play_msgs/msg/detail
[12.440s] -- Installing: /home/hello-robot/ament_ws/install/sound_play_msgs/include/sound_play_msgs/sound_play_msgs/msg/detail/sound_request__type_support.cpp
[12.440s] -- Installing: /home/hello-robot/ament_ws/install/sound_play_msgs/include/sound_play_msgs/sound_play_msgs/msg/detail/sound_request__rosidl_typesupport_introspection_cpp.hpp
[12.440s] -- Up-to-date: /home/hello-robot/ament_ws/install/sound_play_msgs/include/sound_play_msgs/sound_play_msgs/action
[12.440s] -- Up-to-date: /home/hello-robot/ament_ws/install/sound_play_msgs/include/sound_play_msgs/sound_play_msgs/action/detail
[12.440s] -- Installing: /home/hello-robot/ament_ws/install/sound_play_msgs/include/sound_play_msgs/sound_play_msgs/action/detail/sound_request__type_support.cpp
[12.440s] -- Installing: /home/hello-robot/ament_ws/install/sound_play_msgs/include/sound_play_msgs/sound_play_msgs/action/detail/sound_request__rosidl_typesupport_introspection_cpp.hpp
[12.441s] -- Installing: /home/hello-robot/ament_ws/install/sound_play_msgs/lib/libsound_play_msgs__rosidl_typesupport_introspection_cpp.so
[12.441s] -- Set runtime path of "/home/hello-robot/ament_ws/install/sound_play_msgs/lib/libsound_play_msgs__rosidl_typesupport_introspection_cpp.so" to ""
[12.441s] -- Installing: /home/hello-robot/ament_ws/install/sound_play_msgs/lib/libsound_play_msgs__rosidl_typesupport_cpp.so
[12.443s] -- Set runtime path of "/home/hello-robot/ament_ws/install/sound_play_msgs/lib/libsound_play_msgs__rosidl_typesupport_cpp.so" to ""
[12.443s] -- Installing: /home/hello-robot/ament_ws/install/sound_play_msgs/share/sound_play_msgs/environment/pythonpath.sh
[12.443s] -- Installing: /home/hello-robot/ament_ws/install/sound_play_msgs/share/sound_play_msgs/environment/pythonpath.dsv
[12.443s] -- Installing: /home/hello-robot/ament_ws/install/sound_play_msgs/local/lib/python3.10/dist-packages/sound_play_msgs-0.3.12-py3.10.egg-info
[12.443s] -- Installing: /home/hello-robot/ament_ws/install/sound_play_msgs/local/lib/python3.10/dist-packages/sound_play_msgs-0.3.12-py3.10.egg-info/PKG-INFO
[12.443s] -- Installing: /home/hello-robot/ament_ws/install/sound_play_msgs/local/lib/python3.10/dist-packages/sound_play_msgs-0.3.12-py3.10.egg-info/dependency_links.txt
[12.443s] -- Installing: /home/hello-robot/ament_ws/install/sound_play_msgs/local/lib/python3.10/dist-packages/sound_play_msgs-0.3.12-py3.10.egg-info/SOURCES.txt
[12.443s] -- Installing: /home/hello-robot/ament_ws/install/sound_play_msgs/local/lib/python3.10/dist-packages/sound_play_msgs-0.3.12-py3.10.egg-info/top_level.txt
[12.443s] -- Installing: /home/hello-robot/ament_ws/install/sound_play_msgs/local/lib/python3.10/dist-packages/sound_play_msgs
[12.444s] -- Installing: /home/hello-robot/ament_ws/install/sound_play_msgs/local/lib/python3.10/dist-packages/sound_play_msgs/sound_play_msgs_s__rosidl_typesupport_fastrtps_c.cpython-310-x86_64-linux-gnu.so
[12.444s] -- Installing: /home/hello-robot/ament_ws/install/sound_play_msgs/local/lib/python3.10/dist-packages/sound_play_msgs/_sound_play_msgs_s.ep.rosidl_typesupport_c.c
[12.444s] -- Installing: /home/hello-robot/ament_ws/install/sound_play_msgs/local/lib/python3.10/dist-packages/sound_play_msgs/msg
[12.444s] -- Installing: /home/hello-robot/ament_ws/install/sound_play_msgs/local/lib/python3.10/dist-packages/sound_play_msgs/msg/__init__.py
[12.444s] -- Installing: /home/hello-robot/ament_ws/install/sound_play_msgs/local/lib/python3.10/dist-packages/sound_play_msgs/msg/_sound_request.py
[12.444s] -- Installing: /home/hello-robot/ament_ws/install/sound_play_msgs/local/lib/python3.10/dist-packages/sound_play_msgs/msg/_sound_request_s.c
[12.444s] -- Installing: /home/hello-robot/ament_ws/install/sound_play_msgs/local/lib/python3.10/dist-packages/sound_play_msgs/__init__.py
[12.444s] -- Installing: /home/hello-robot/ament_ws/install/sound_play_msgs/local/lib/python3.10/dist-packages/sound_play_msgs/action
[12.444s] -- Installing: /home/hello-robot/ament_ws/install/sound_play_msgs/local/lib/python3.10/dist-packages/sound_play_msgs/action/__init__.py
[12.444s] -- Installing: /home/hello-robot/ament_ws/install/sound_play_msgs/local/lib/python3.10/dist-packages/sound_play_msgs/action/_sound_request.py
[12.444s] -- Installing: /home/hello-robot/ament_ws/install/sound_play_msgs/local/lib/python3.10/dist-packages/sound_play_msgs/action/_sound_request_s.c
[12.444s] -- Installing: /home/hello-robot/ament_ws/install/sound_play_msgs/local/lib/python3.10/dist-packages/sound_play_msgs/sound_play_msgs_s__rosidl_typesupport_c.cpython-310-x86_64-linux-gnu.so
[12.444s] -- Installing: /home/hello-robot/ament_ws/install/sound_play_msgs/local/lib/python3.10/dist-packages/sound_play_msgs/_sound_play_msgs_s.ep.rosidl_typesupport_fastrtps_c.c
[12.444s] -- Installing: /home/hello-robot/ament_ws/install/sound_play_msgs/local/lib/python3.10/dist-packages/sound_play_msgs/sound_play_msgs_s__rosidl_typesupport_introspection_c.cpython-310-x86_64-linux-gnu.so
[12.444s] -- Installing: /home/hello-robot/ament_ws/install/sound_play_msgs/local/lib/python3.10/dist-packages/sound_play_msgs/libsound_play_msgs__rosidl_generator_py.so
[12.444s] -- Installing: /home/hello-robot/ament_ws/install/sound_play_msgs/local/lib/python3.10/dist-packages/sound_play_msgs/_sound_play_msgs_s.ep.rosidl_typesupport_introspection_c.c
[12.501s] Listing '/home/hello-robot/ament_ws/install/sound_play_msgs/local/lib/python3.10/dist-packages/sound_play_msgs'...
[12.501s] Compiling '/home/hello-robot/ament_ws/install/sound_play_msgs/local/lib/python3.10/dist-packages/sound_play_msgs/__init__.py'...
[12.501s] Listing '/home/hello-robot/ament_ws/install/sound_play_msgs/local/lib/python3.10/dist-packages/sound_play_msgs/action'...
[12.501s] Compiling '/home/hello-robot/ament_ws/install/sound_play_msgs/local/lib/python3.10/dist-packages/sound_play_msgs/action/__init__.py'...
[12.501s] Compiling '/home/hello-robot/ament_ws/install/sound_play_msgs/local/lib/python3.10/dist-packages/sound_play_msgs/action/_sound_request.py'...
[12.501s] Listing '/home/hello-robot/ament_ws/install/sound_play_msgs/local/lib/python3.10/dist-packages/sound_play_msgs/msg'...
[12.501s] Compiling '/home/hello-robot/ament_ws/install/sound_play_msgs/local/lib/python3.10/dist-packages/sound_play_msgs/msg/__init__.py'...
[12.501s] Compiling '/home/hello-robot/ament_ws/install/sound_play_msgs/local/lib/python3.10/dist-packages/sound_play_msgs/msg/_sound_request.py'...
[12.507s] -- Installing: /home/hello-robot/ament_ws/install/sound_play_msgs/local/lib/python3.10/dist-packages/sound_play_msgs/sound_play_msgs_s__rosidl_typesupport_fastrtps_c.cpython-310-x86_64-linux-gnu.so
[12.507s] -- Set runtime path of "/home/hello-robot/ament_ws/install/sound_play_msgs/local/lib/python3.10/dist-packages/sound_play_msgs/sound_play_msgs_s__rosidl_typesupport_fastrtps_c.cpython-310-x86_64-linux-gnu.so" to ""
[12.508s] -- Installing: /home/hello-robot/ament_ws/install/sound_play_msgs/local/lib/python3.10/dist-packages/sound_play_msgs/sound_play_msgs_s__rosidl_typesupport_introspection_c.cpython-310-x86_64-linux-gnu.so
[12.508s] -- Set runtime path of "/home/hello-robot/ament_ws/install/sound_play_msgs/local/lib/python3.10/dist-packages/sound_play_msgs/sound_play_msgs_s__rosidl_typesupport_introspection_c.cpython-310-x86_64-linux-gnu.so" to ""
[12.508s] -- Installing: /home/hello-robot/ament_ws/install/sound_play_msgs/local/lib/python3.10/dist-packages/sound_play_msgs/sound_play_msgs_s__rosidl_typesupport_c.cpython-310-x86_64-linux-gnu.so
[12.508s] -- Set runtime path of "/home/hello-robot/ament_ws/install/sound_play_msgs/local/lib/python3.10/dist-packages/sound_play_msgs/sound_play_msgs_s__rosidl_typesupport_c.cpython-310-x86_64-linux-gnu.so" to ""
[12.509s] -- Installing: /home/hello-robot/ament_ws/install/sound_play_msgs/lib/libsound_play_msgs__rosidl_generator_py.so
[12.509s] -- Set runtime path of "/home/hello-robot/ament_ws/install/sound_play_msgs/lib/libsound_play_msgs__rosidl_generator_py.so" to ""
[12.509s] -- Installing: /home/hello-robot/ament_ws/install/sound_play_msgs/share/sound_play_msgs/msg/SoundRequest.idl
[12.509s] -- Installing: /home/hello-robot/ament_ws/install/sound_play_msgs/share/sound_play_msgs/action/SoundRequest.idl
[12.509s] -- Installing: /home/hello-robot/ament_ws/install/sound_play_msgs/share/sound_play_msgs/msg/SoundRequest.msg
[12.509s] -- Installing: /home/hello-robot/ament_ws/install/sound_play_msgs/share/sound_play_msgs/action/SoundRequest.action
[12.510s] -- Installing: /home/hello-robot/ament_ws/install/sound_play_msgs/share/ament_index/resource_index/package_run_dependencies/sound_play_msgs
[12.510s] -- Installing: /home/hello-robot/ament_ws/install/sound_play_msgs/share/ament_index/resource_index/parent_prefix_path/sound_play_msgs
[12.510s] -- Installing: /home/hello-robot/ament_ws/install/sound_play_msgs/share/sound_play_msgs/environment/ament_prefix_path.sh
[12.510s] -- Installing: /home/hello-robot/ament_ws/install/sound_play_msgs/share/sound_play_msgs/environment/ament_prefix_path.dsv
[12.510s] -- Installing: /home/hello-robot/ament_ws/install/sound_play_msgs/share/sound_play_msgs/environment/path.sh
[12.510s] -- Installing: /home/hello-robot/ament_ws/install/sound_play_msgs/share/sound_play_msgs/environment/path.dsv
[12.510s] -- Installing: /home/hello-robot/ament_ws/install/sound_play_msgs/share/sound_play_msgs/local_setup.bash
[12.510s] -- Installing: /home/hello-robot/ament_ws/install/sound_play_msgs/share/sound_play_msgs/local_setup.sh
[12.511s] -- Installing: /home/hello-robot/ament_ws/install/sound_play_msgs/share/sound_play_msgs/local_setup.zsh
[12.511s] -- Installing: /home/hello-robot/ament_ws/install/sound_play_msgs/share/sound_play_msgs/local_setup.dsv
[12.511s] -- Installing: /home/hello-robot/ament_ws/install/sound_play_msgs/share/sound_play_msgs/package.dsv
[12.511s] -- Installing: /home/hello-robot/ament_ws/install/sound_play_msgs/share/ament_index/resource_index/packages/sound_play_msgs
[12.511s] -- Installing: /home/hello-robot/ament_ws/install/sound_play_msgs/share/sound_play_msgs/cmake/export_sound_play_msgs__rosidl_generator_cExport.cmake
[12.511s] -- Installing: /home/hello-robot/ament_ws/install/sound_play_msgs/share/sound_play_msgs/cmake/export_sound_play_msgs__rosidl_generator_cExport-release.cmake
[12.511s] -- Installing: /home/hello-robot/ament_ws/install/sound_play_msgs/share/sound_play_msgs/cmake/export_sound_play_msgs__rosidl_typesupport_fastrtps_cExport.cmake
[12.512s] -- Installing: /home/hello-robot/ament_ws/install/sound_play_msgs/share/sound_play_msgs/cmake/export_sound_play_msgs__rosidl_typesupport_fastrtps_cExport-release.cmake
[12.512s] -- Installing: /home/hello-robot/ament_ws/install/sound_play_msgs/share/sound_play_msgs/cmake/sound_play_msgs__rosidl_typesupport_introspection_cExport.cmake
[12.512s] -- Installing: /home/hello-robot/ament_ws/install/sound_play_msgs/share/sound_play_msgs/cmake/sound_play_msgs__rosidl_typesupport_introspection_cExport-release.cmake
[12.512s] -- Installing: /home/hello-robot/ament_ws/install/sound_play_msgs/share/sound_play_msgs/cmake/sound_play_msgs__rosidl_typesupport_cExport.cmake
[12.512s] -- Installing: /home/hello-robot/ament_ws/install/sound_play_msgs/share/sound_play_msgs/cmake/sound_play_msgs__rosidl_typesupport_cExport-release.cmake
[12.512s] -- Installing: /home/hello-robot/ament_ws/install/sound_play_msgs/share/sound_play_msgs/cmake/export_sound_play_msgs__rosidl_generator_cppExport.cmake
[12.513s] -- Installing: /home/hello-robot/ament_ws/install/sound_play_msgs/share/sound_play_msgs/cmake/export_sound_play_msgs__rosidl_typesupport_fastrtps_cppExport.cmake
[12.513s] -- Installing: /home/hello-robot/ament_ws/install/sound_play_msgs/share/sound_play_msgs/cmake/export_sound_play_msgs__rosidl_typesupport_fastrtps_cppExport-release.cmake
[12.513s] -- Installing: /home/hello-robot/ament_ws/install/sound_play_msgs/share/sound_play_msgs/cmake/sound_play_msgs__rosidl_typesupport_introspection_cppExport.cmake
[12.513s] -- Installing: /home/hello-robot/ament_ws/install/sound_play_msgs/share/sound_play_msgs/cmake/sound_play_msgs__rosidl_typesupport_introspection_cppExport-release.cmake
[12.513s] -- Installing: /home/hello-robot/ament_ws/install/sound_play_msgs/share/sound_play_msgs/cmake/sound_play_msgs__rosidl_typesupport_cppExport.cmake
[12.513s] -- Installing: /home/hello-robot/ament_ws/install/sound_play_msgs/share/sound_play_msgs/cmake/sound_play_msgs__rosidl_typesupport_cppExport-release.cmake
[12.513s] -- Installing: /home/hello-robot/ament_ws/install/sound_play_msgs/share/sound_play_msgs/cmake/export_sound_play_msgs__rosidl_generator_pyExport.cmake
[12.513s] -- Installing: /home/hello-robot/ament_ws/install/sound_play_msgs/share/sound_play_msgs/cmake/export_sound_play_msgs__rosidl_generator_pyExport-release.cmake
[12.514s] -- Installing: /home/hello-robot/ament_ws/install/sound_play_msgs/share/sound_play_msgs/cmake/rosidl_cmake-extras.cmake
[12.514s] -- Installing: /home/hello-robot/ament_ws/install/sound_play_msgs/share/sound_play_msgs/cmake/ament_cmake_export_dependencies-extras.cmake
[12.514s] -- Installing: /home/hello-robot/ament_ws/install/sound_play_msgs/share/sound_play_msgs/cmake/ament_cmake_export_include_directories-extras.cmake
[12.514s] -- Installing: /home/hello-robot/ament_ws/install/sound_play_msgs/share/sound_play_msgs/cmake/ament_cmake_export_libraries-extras.cmake
[12.514s] -- Installing: /home/hello-robot/ament_ws/install/sound_play_msgs/share/sound_play_msgs/cmake/ament_cmake_export_targets-extras.cmake
[12.514s] -- Installing: /home/hello-robot/ament_ws/install/sound_play_msgs/share/sound_play_msgs/cmake/rosidl_cmake_export_typesupport_targets-extras.cmake
[12.514s] -- Installing: /home/hello-robot/ament_ws/install/sound_play_msgs/share/sound_play_msgs/cmake/rosidl_cmake_export_typesupport_libraries-extras.cmake
[12.515s] -- Installing: /home/hello-robot/ament_ws/install/sound_play_msgs/share/sound_play_msgs/cmake/sound_play_msgsConfig.cmake
[12.515s] -- Installing: /home/hello-robot/ament_ws/install/sound_play_msgs/share/sound_play_msgs/cmake/sound_play_msgsConfig-version.cmake
[12.515s] -- Installing: /home/hello-robot/ament_ws/install/sound_play_msgs/share/sound_play_msgs/package.xml
[12.517s] Invoked command in '/home/hello-robot/ament_ws/build/sound_play_msgs' returned '0': CMAKE_PREFIX_PATH=/home/hello-robot/ament_ws/install/audio_common_msgs:/home/hello-robot/ament_ws/install/tf2_web_republisher:/home/hello-robot/ament_ws/install/stretch_web_teleop:/home/hello-robot/ament_ws/install/stretch_teleop_interface_msgs:/home/hello-robot/ament_ws/install/stretch_rtabmap:/home/hello-robot/ament_ws/install/stretch_nav2:/home/hello-robot/ament_ws/install/stretch_description:/home/hello-robot/ament_ws/install/speech_recognition_msgs:/home/hello-robot/ament_ws/install/sound_play_msgs:/home/hello-robot/ament_ws/install/audio_common:/home/hello-robot/ament_ws/install/sound_play:/home/hello-robot/ament_ws/install/sllidar_ros2:/home/hello-robot/ament_ws/install/rosbridge_test_msgs:/home/hello-robot/ament_ws/install/rosbridge_suite:/home/hello-robot/ament_ws/install/rosbridge_server:/home/hello-robot/ament_ws/install/rosbridge_msgs:/home/hello-robot/ament_ws/install/rosapi:/home/hello-robot/ament_ws/install/rosbridge_library:/home/hello-robot/ament_ws/install/rosapi_msgs:/home/hello-robot/ament_ws/install/ros2_numpy:/home/hello-robot/ament_ws/install/realsense2_description:/home/hello-robot/ament_ws/install/realsense2_camera:/home/hello-robot/ament_ws/install/realsense2_camera_msgs:/home/hello-robot/ament_ws/install/audio_play:/home/hello-robot/ament_ws/install/audio_capture:/home/hello-robot/ament_ws/install/tf2_web_republisher_py:/home/hello-robot/ament_ws/install/stretch_ros_tutorials:/home/hello-robot/ament_ws/install/stretch_funmap:/home/hello-robot/ament_ws/install/stretch_calibration:/home/hello-robot/ament_ws/install/stretch_demos:/home/hello-robot/ament_ws/install/stretch_deep_perception:/home/hello-robot/ament_ws/install/stretch_core:/home/hello-robot/ament_ws/install/respeaker_ros2:/home/hello-robot/ament_ws/install/hello_helpers:/opt/ros/humble LD_LIBRARY_PATH=/home/hello-robot/ament_ws/install/audio_common_msgs/lib:/home/hello-robot/ament_ws/install/tf2_web_republisher/lib:/home/hello-robot/ament_ws/install/stretch_teleop_interface_msgs/lib:/home/hello-robot/ament_ws/install/speech_recognition_msgs/lib:/home/hello-robot/ament_ws/install/sound_play_msgs/lib:/home/hello-robot/ament_ws/install/rosbridge_test_msgs/lib:/home/hello-robot/ament_ws/install/rosbridge_msgs/lib:/home/hello-robot/ament_ws/install/rosapi_msgs/lib:/home/hello-robot/ament_ws/install/realsense2_camera/lib:/home/hello-robot/ament_ws/install/realsense2_camera_msgs/lib:/home/hello-robot/ament_ws/install/audio_play/lib:/home/hello-robot/ament_ws/install/audio_capture/lib:/usr/lib/x86_64-linux-gnu/gazebo-11/plugins:/opt/ros/humble/opt/rviz_ogre_vendor/lib:/opt/ros/humble/lib/x86_64-linux-gnu:/opt/ros/humble/lib /usr/bin/cmake --install /home/hello-robot/ament_ws/build/sound_play_msgs
