-- The C compiler identification is GNU 11.4.0
-- The CXX compiler identification is GNU 11.4.0
-- Detecting C compiler ABI info
-- Detecting C compiler ABI info - done
-- Check for working C compiler: /usr/bin/cc - skipped
-- Detecting C compile features
-- Detecting C compile features - done
-- Detecting CXX compiler ABI info
-- Detecting CXX compiler ABI info - done
-- Check for working CXX compiler: /usr/bin/c++ - skipped
-- Detecting CXX compile features
-- Detecting CXX compile features - done
-- Found ament_cmake: 1.3.8 (/opt/ros/humble/share/ament_cmake/cmake)
-- Found Python3: /usr/bin/python3 (found version "3.10.12") found components: Interpreter 
-- Found rosidl_default_generators: 1.2.0 (/opt/ros/humble/share/rosidl_default_generators/cmake)
-- Using all available rosidl_typesupport_c: rosidl_typesupport_fastrtps_c;rosidl_typesupport_introspection_c
-- Found rosidl_adapter: 3.1.5 (/opt/ros/humble/share/rosidl_adapter/cmake)
-- Using all available rosidl_typesupport_cpp: rosidl_typesupport_fastrtps_cpp;rosidl_typesupport_introspection_cpp
-- Found std_msgs: 4.2.3 (/opt/ros/humble/share/std_msgs/cmake)
-- Found ament_cmake_ros: 0.10.0 (/opt/ros/humble/share/ament_cmake_ros/cmake)
-- Using all available rosidl_typesupport_c: rosidl_typesupport_fastrtps_c;rosidl_typesupport_introspection_c
-- Using all available rosidl_typesupport_cpp: rosidl_typesupport_fastrtps_cpp;rosidl_typesupport_introspection_cpp
-- Found PythonInterp: /usr/bin/python3 (found suitable version "3.10.12", minimum required is "3.6") 
-- Found python_cmake_module: 0.10.0 (/opt/ros/humble/share/python_cmake_module/cmake)
-- Found PythonLibs: /usr/lib/x86_64-linux-gnu/libpython3.10.so (found suitable version "3.10.12", minimum required is "3.5") 
-- Using PYTHON_EXECUTABLE: /usr/bin/python3
-- Using PYTHON_INCLUDE_DIRS: /usr/include/python3.10
-- Using PYTHON_LIBRARIES: /usr/lib/x86_64-linux-gnu/libpython3.10.so
-- Found PythonExtra: .so  
-- Configuring done
-- Generating done
-- Build files have been written to: /home/hello-robot/ament_ws/build/audio_common_msgs
[  2%] Generating C code for ROS interfaces
[  4%] Generating C++ code for ROS interfaces
[  4%] Built target ament_cmake_python_copy_audio_common_msgs
[  4%] Built target audio_common_msgs__cpp
[  6%] Generating C++ type support dispatch for ROS interfaces
[ 10%] Generating C++ introspection for ROS interfaces
[ 10%] Generating C++ type support for eProsima Fast-RTPS
[ 12%] Building C object CMakeFiles/audio_common_msgs__rosidl_generator_c.dir/rosidl_generator_c/audio_common_msgs/msg/detail/audio_data__functions.c.o
[ 14%] Building C object CMakeFiles/audio_common_msgs__rosidl_generator_c.dir/rosidl_generator_c/audio_common_msgs/msg/detail/audio_data_stamped__functions.c.o
running egg_info
[ 17%] Building C object CMakeFiles/audio_common_msgs__rosidl_generator_c.dir/rosidl_generator_c/audio_common_msgs/msg/detail/audio_info__functions.c.o
creating audio_common_msgs.egg-info
writing audio_common_msgs.egg-info/PKG-INFO
writing dependency_links to audio_common_msgs.egg-info/dependency_links.txt
writing top-level names to audio_common_msgs.egg-info/top_level.txt
writing manifest file 'audio_common_msgs.egg-info/SOURCES.txt'
[ 19%] Linking C shared library libaudio_common_msgs__rosidl_generator_c.so
[ 19%] Built target audio_common_msgs__rosidl_generator_c
[ 21%] Generating C type support for eProsima Fast-RTPS
[ 23%] Generating C introspection for ROS interfaces
[ 25%] Generating C type support dispatch for ROS interfaces
[ 27%] Building CXX object CMakeFiles/audio_common_msgs__rosidl_typesupport_cpp.dir/rosidl_typesupport_cpp/audio_common_msgs/msg/audio_data__type_support.cpp.o
[ 29%] Building CXX object CMakeFiles/audio_common_msgs__rosidl_typesupport_cpp.dir/rosidl_typesupport_cpp/audio_common_msgs/msg/audio_data_stamped__type_support.cpp.o
[ 31%] Building CXX object CMakeFiles/audio_common_msgs__rosidl_typesupport_cpp.dir/rosidl_typesupport_cpp/audio_common_msgs/msg/audio_info__type_support.cpp.o
reading manifest file 'audio_common_msgs.egg-info/SOURCES.txt'
writing manifest file 'audio_common_msgs.egg-info/SOURCES.txt'
[ 31%] Built target ament_cmake_python_build_audio_common_msgs_egg
[ 34%] Building CXX object CMakeFiles/audio_common_msgs__rosidl_typesupport_fastrtps_cpp.dir/rosidl_typesupport_fastrtps_cpp/audio_common_msgs/msg/detail/dds_fastrtps/audio_data__type_support.cpp.o
[ 36%] Building CXX object CMakeFiles/audio_common_msgs__rosidl_typesupport_fastrtps_cpp.dir/rosidl_typesupport_fastrtps_cpp/audio_common_msgs/msg/detail/dds_fastrtps/audio_data_stamped__type_support.cpp.o
[ 38%] Building CXX object CMakeFiles/audio_common_msgs__rosidl_typesupport_fastrtps_cpp.dir/rosidl_typesupport_fastrtps_cpp/audio_common_msgs/msg/detail/dds_fastrtps/audio_info__type_support.cpp.o
[ 40%] Building CXX object CMakeFiles/audio_common_msgs__rosidl_typesupport_introspection_cpp.dir/rosidl_typesupport_introspection_cpp/audio_common_msgs/msg/detail/audio_data__type_support.cpp.o
[ 42%] Building CXX object CMakeFiles/audio_common_msgs__rosidl_typesupport_introspection_cpp.dir/rosidl_typesupport_introspection_cpp/audio_common_msgs/msg/detail/audio_info__type_support.cpp.o
[ 44%] Building CXX object CMakeFiles/audio_common_msgs__rosidl_typesupport_introspection_cpp.dir/rosidl_typesupport_introspection_cpp/audio_common_msgs/msg/detail/audio_data_stamped__type_support.cpp.o
[ 46%] Linking CXX shared library libaudio_common_msgs__rosidl_typesupport_cpp.so
[ 48%] Building CXX object CMakeFiles/audio_common_msgs__rosidl_typesupport_c.dir/rosidl_typesupport_c/audio_common_msgs/msg/audio_data__type_support.cpp.o
[ 48%] Built target audio_common_msgs__rosidl_typesupport_cpp
[ 51%] Building CXX object CMakeFiles/audio_common_msgs__rosidl_typesupport_c.dir/rosidl_typesupport_c/audio_common_msgs/msg/audio_data_stamped__type_support.cpp.o
[ 53%] Building CXX object CMakeFiles/audio_common_msgs__rosidl_typesupport_c.dir/rosidl_typesupport_c/audio_common_msgs/msg/audio_info__type_support.cpp.o
[ 55%] Linking CXX shared library libaudio_common_msgs__rosidl_typesupport_c.so
[ 57%] Building C object CMakeFiles/audio_common_msgs__rosidl_typesupport_introspection_c.dir/rosidl_typesupport_introspection_c/audio_common_msgs/msg/detail/audio_data_stamped__type_support.c.o
[ 59%] Building C object CMakeFiles/audio_common_msgs__rosidl_typesupport_introspection_c.dir/rosidl_typesupport_introspection_c/audio_common_msgs/msg/detail/audio_data__type_support.c.o
[ 61%] Building C object CMakeFiles/audio_common_msgs__rosidl_typesupport_introspection_c.dir/rosidl_typesupport_introspection_c/audio_common_msgs/msg/detail/audio_info__type_support.c.o
[ 63%] Building CXX object CMakeFiles/audio_common_msgs__rosidl_typesupport_fastrtps_c.dir/rosidl_typesupport_fastrtps_c/audio_common_msgs/msg/detail/audio_data__type_support_c.cpp.o
[ 68%] Building CXX object CMakeFiles/audio_common_msgs__rosidl_typesupport_fastrtps_c.dir/rosidl_typesupport_fastrtps_c/audio_common_msgs/msg/detail/audio_data_stamped__type_support_c.cpp.o
[ 68%] Building CXX object CMakeFiles/audio_common_msgs__rosidl_typesupport_fastrtps_c.dir/rosidl_typesupport_fastrtps_c/audio_common_msgs/msg/detail/audio_info__type_support_c.cpp.o
[ 68%] Built target audio_common_msgs__rosidl_typesupport_c
[ 70%] Linking C shared library libaudio_common_msgs__rosidl_typesupport_introspection_c.so
[ 70%] Built target audio_common_msgs__rosidl_typesupport_introspection_c
[ 72%] Linking CXX shared library libaudio_common_msgs__rosidl_typesupport_fastrtps_cpp.so
[ 74%] Linking CXX shared library libaudio_common_msgs__rosidl_typesupport_introspection_cpp.so
[ 74%] Built target audio_common_msgs__rosidl_typesupport_introspection_cpp
[ 74%] Built target audio_common_msgs__rosidl_typesupport_fastrtps_cpp
[ 76%] Linking CXX shared library libaudio_common_msgs__rosidl_typesupport_fastrtps_c.so
[ 76%] Built target audio_common_msgs__rosidl_typesupport_fastrtps_c
[ 76%] Built target audio_common_msgs
[ 78%] Generating Python code for ROS interfaces
[ 78%] Built target audio_common_msgs__py
[ 80%] Building C object CMakeFiles/audio_common_msgs__rosidl_generator_py.dir/rosidl_generator_py/audio_common_msgs/msg/_audio_data_s.c.o
[ 82%] Building C object CMakeFiles/audio_common_msgs__rosidl_generator_py.dir/rosidl_generator_py/audio_common_msgs/msg/_audio_data_stamped_s.c.o
[ 85%] Building C object CMakeFiles/audio_common_msgs__rosidl_generator_py.dir/rosidl_generator_py/audio_common_msgs/msg/_audio_info_s.c.o
[ 87%] Linking C shared library rosidl_generator_py/audio_common_msgs/libaudio_common_msgs__rosidl_generator_py.so
[ 87%] Built target audio_common_msgs__rosidl_generator_py
[ 89%] Building C object CMakeFiles/audio_common_msgs__rosidl_typesupport_fastrtps_c__pyext.dir/rosidl_generator_py/audio_common_msgs/_audio_common_msgs_s.ep.rosidl_typesupport_fastrtps_c.c.o
[ 91%] Building C object CMakeFiles/audio_common_msgs__rosidl_typesupport_introspection_c__pyext.dir/rosidl_generator_py/audio_common_msgs/_audio_common_msgs_s.ep.rosidl_typesupport_introspection_c.c.o
[ 93%] Building C object CMakeFiles/audio_common_msgs__rosidl_typesupport_c__pyext.dir/rosidl_generator_py/audio_common_msgs/_audio_common_msgs_s.ep.rosidl_typesupport_c.c.o
[ 95%] Linking C shared library rosidl_generator_py/audio_common_msgs/audio_common_msgs_s__rosidl_typesupport_fastrtps_c.cpython-310-x86_64-linux-gnu.so
[ 95%] Built target audio_common_msgs__rosidl_typesupport_fastrtps_c__pyext
[ 97%] Linking C shared library rosidl_generator_py/audio_common_msgs/audio_common_msgs_s__rosidl_typesupport_introspection_c.cpython-310-x86_64-linux-gnu.so
[100%] Linking C shared library rosidl_generator_py/audio_common_msgs/audio_common_msgs_s__rosidl_typesupport_c.cpython-310-x86_64-linux-gnu.so
[100%] Built target audio_common_msgs__rosidl_typesupport_c__pyext
[100%] Built target audio_common_msgs__rosidl_typesupport_introspection_c__pyext
-- Install configuration: "Release"
-- Installing: /home/hello-robot/ament_ws/install/audio_common_msgs/share/ament_index/resource_index/rosidl_interfaces/audio_common_msgs
-- Installing: /home/hello-robot/ament_ws/install/audio_common_msgs/include/audio_common_msgs/audio_common_msgs
-- Installing: /home/hello-robot/ament_ws/install/audio_common_msgs/include/audio_common_msgs/audio_common_msgs/msg
-- Installing: /home/hello-robot/ament_ws/install/audio_common_msgs/include/audio_common_msgs/audio_common_msgs/msg/rosidl_generator_c__visibility_control.h
-- Installing: /home/hello-robot/ament_ws/install/audio_common_msgs/include/audio_common_msgs/audio_common_msgs/msg/audio_data.h
-- Installing: /home/hello-robot/ament_ws/install/audio_common_msgs/include/audio_common_msgs/audio_common_msgs/msg/audio_data_stamped.h
-- Installing: /home/hello-robot/ament_ws/install/audio_common_msgs/include/audio_common_msgs/audio_common_msgs/msg/audio_info.h
-- Installing: /home/hello-robot/ament_ws/install/audio_common_msgs/include/audio_common_msgs/audio_common_msgs/msg/detail
-- Installing: /home/hello-robot/ament_ws/install/audio_common_msgs/include/audio_common_msgs/audio_common_msgs/msg/detail/audio_data__type_support.h
-- Installing: /home/hello-robot/ament_ws/install/audio_common_msgs/include/audio_common_msgs/audio_common_msgs/msg/detail/audio_info__struct.h
-- Installing: /home/hello-robot/ament_ws/install/audio_common_msgs/include/audio_common_msgs/audio_common_msgs/msg/detail/audio_info__type_support.h
-- Installing: /home/hello-robot/ament_ws/install/audio_common_msgs/include/audio_common_msgs/audio_common_msgs/msg/detail/audio_info__functions.h
-- Installing: /home/hello-robot/ament_ws/install/audio_common_msgs/include/audio_common_msgs/audio_common_msgs/msg/detail/audio_data_stamped__functions.h
-- Installing: /home/hello-robot/ament_ws/install/audio_common_msgs/include/audio_common_msgs/audio_common_msgs/msg/detail/audio_data_stamped__functions.c
-- Installing: /home/hello-robot/ament_ws/install/audio_common_msgs/include/audio_common_msgs/audio_common_msgs/msg/detail/audio_data_stamped__type_support.h
-- Installing: /home/hello-robot/ament_ws/install/audio_common_msgs/include/audio_common_msgs/audio_common_msgs/msg/detail/audio_data__functions.h
-- Installing: /home/hello-robot/ament_ws/install/audio_common_msgs/include/audio_common_msgs/audio_common_msgs/msg/detail/audio_data_stamped__struct.h
-- Installing: /home/hello-robot/ament_ws/install/audio_common_msgs/include/audio_common_msgs/audio_common_msgs/msg/detail/audio_data__struct.h
-- Installing: /home/hello-robot/ament_ws/install/audio_common_msgs/include/audio_common_msgs/audio_common_msgs/msg/detail/audio_data__functions.c
-- Installing: /home/hello-robot/ament_ws/install/audio_common_msgs/include/audio_common_msgs/audio_common_msgs/msg/detail/audio_info__functions.c
-- Installing: /home/hello-robot/ament_ws/install/audio_common_msgs/share/audio_common_msgs/environment/library_path.sh
-- Installing: /home/hello-robot/ament_ws/install/audio_common_msgs/share/audio_common_msgs/environment/library_path.dsv
-- Installing: /home/hello-robot/ament_ws/install/audio_common_msgs/lib/libaudio_common_msgs__rosidl_generator_c.so
-- Set runtime path of "/home/hello-robot/ament_ws/install/audio_common_msgs/lib/libaudio_common_msgs__rosidl_generator_c.so" to ""
-- Up-to-date: /home/hello-robot/ament_ws/install/audio_common_msgs/include/audio_common_msgs/audio_common_msgs
-- Up-to-date: /home/hello-robot/ament_ws/install/audio_common_msgs/include/audio_common_msgs/audio_common_msgs/msg
-- Installing: /home/hello-robot/ament_ws/install/audio_common_msgs/include/audio_common_msgs/audio_common_msgs/msg/rosidl_typesupport_fastrtps_c__visibility_control.h
-- Up-to-date: /home/hello-robot/ament_ws/install/audio_common_msgs/include/audio_common_msgs/audio_common_msgs/msg/detail
-- Installing: /home/hello-robot/ament_ws/install/audio_common_msgs/include/audio_common_msgs/audio_common_msgs/msg/detail/audio_info__rosidl_typesupport_fastrtps_c.h
-- Installing: /home/hello-robot/ament_ws/install/audio_common_msgs/include/audio_common_msgs/audio_common_msgs/msg/detail/audio_data_stamped__rosidl_typesupport_fastrtps_c.h
-- Installing: /home/hello-robot/ament_ws/install/audio_common_msgs/include/audio_common_msgs/audio_common_msgs/msg/detail/audio_data__rosidl_typesupport_fastrtps_c.h
-- Installing: /home/hello-robot/ament_ws/install/audio_common_msgs/lib/libaudio_common_msgs__rosidl_typesupport_fastrtps_c.so
-- Set runtime path of "/home/hello-robot/ament_ws/install/audio_common_msgs/lib/libaudio_common_msgs__rosidl_typesupport_fastrtps_c.so" to ""
-- Up-to-date: /home/hello-robot/ament_ws/install/audio_common_msgs/include/audio_common_msgs/audio_common_msgs
-- Up-to-date: /home/hello-robot/ament_ws/install/audio_common_msgs/include/audio_common_msgs/audio_common_msgs/msg
-- Installing: /home/hello-robot/ament_ws/install/audio_common_msgs/include/audio_common_msgs/audio_common_msgs/msg/rosidl_typesupport_introspection_c__visibility_control.h
-- Up-to-date: /home/hello-robot/ament_ws/install/audio_common_msgs/include/audio_common_msgs/audio_common_msgs/msg/detail
-- Installing: /home/hello-robot/ament_ws/install/audio_common_msgs/include/audio_common_msgs/audio_common_msgs/msg/detail/audio_data_stamped__rosidl_typesupport_introspection_c.h
-- Installing: /home/hello-robot/ament_ws/install/audio_common_msgs/include/audio_common_msgs/audio_common_msgs/msg/detail/audio_data__type_support.c
-- Installing: /home/hello-robot/ament_ws/install/audio_common_msgs/include/audio_common_msgs/audio_common_msgs/msg/detail/audio_data_stamped__type_support.c
-- Installing: /home/hello-robot/ament_ws/install/audio_common_msgs/include/audio_common_msgs/audio_common_msgs/msg/detail/audio_info__rosidl_typesupport_introspection_c.h
-- Installing: /home/hello-robot/ament_ws/install/audio_common_msgs/include/audio_common_msgs/audio_common_msgs/msg/detail/audio_data__rosidl_typesupport_introspection_c.h
-- Installing: /home/hello-robot/ament_ws/install/audio_common_msgs/include/audio_common_msgs/audio_common_msgs/msg/detail/audio_info__type_support.c
-- Installing: /home/hello-robot/ament_ws/install/audio_common_msgs/lib/libaudio_common_msgs__rosidl_typesupport_introspection_c.so
-- Set runtime path of "/home/hello-robot/ament_ws/install/audio_common_msgs/lib/libaudio_common_msgs__rosidl_typesupport_introspection_c.so" to ""
-- Installing: /home/hello-robot/ament_ws/install/audio_common_msgs/lib/libaudio_common_msgs__rosidl_typesupport_c.so
-- Set runtime path of "/home/hello-robot/ament_ws/install/audio_common_msgs/lib/libaudio_common_msgs__rosidl_typesupport_c.so" to ""
-- Up-to-date: /home/hello-robot/ament_ws/install/audio_common_msgs/include/audio_common_msgs/audio_common_msgs
-- Up-to-date: /home/hello-robot/ament_ws/install/audio_common_msgs/include/audio_common_msgs/audio_common_msgs/msg
-- Installing: /home/hello-robot/ament_ws/install/audio_common_msgs/include/audio_common_msgs/audio_common_msgs/msg/audio_info.hpp
-- Installing: /home/hello-robot/ament_ws/install/audio_common_msgs/include/audio_common_msgs/audio_common_msgs/msg/audio_data_stamped.hpp
-- Installing: /home/hello-robot/ament_ws/install/audio_common_msgs/include/audio_common_msgs/audio_common_msgs/msg/audio_data.hpp
-- Up-to-date: /home/hello-robot/ament_ws/install/audio_common_msgs/include/audio_common_msgs/audio_common_msgs/msg/detail
-- Installing: /home/hello-robot/ament_ws/install/audio_common_msgs/include/audio_common_msgs/audio_common_msgs/msg/detail/audio_data_stamped__traits.hpp
-- Installing: /home/hello-robot/ament_ws/install/audio_common_msgs/include/audio_common_msgs/audio_common_msgs/msg/detail/audio_data_stamped__struct.hpp
-- Installing: /home/hello-robot/ament_ws/install/audio_common_msgs/include/audio_common_msgs/audio_common_msgs/msg/detail/audio_data__struct.hpp
-- Installing: /home/hello-robot/ament_ws/install/audio_common_msgs/include/audio_common_msgs/audio_common_msgs/msg/detail/audio_data_stamped__builder.hpp
-- Installing: /home/hello-robot/ament_ws/install/audio_common_msgs/include/audio_common_msgs/audio_common_msgs/msg/detail/audio_info__struct.hpp
-- Installing: /home/hello-robot/ament_ws/install/audio_common_msgs/include/audio_common_msgs/audio_common_msgs/msg/detail/audio_data__builder.hpp
-- Installing: /home/hello-robot/ament_ws/install/audio_common_msgs/include/audio_common_msgs/audio_common_msgs/msg/detail/audio_info__traits.hpp
-- Installing: /home/hello-robot/ament_ws/install/audio_common_msgs/include/audio_common_msgs/audio_common_msgs/msg/detail/audio_info__builder.hpp
-- Installing: /home/hello-robot/ament_ws/install/audio_common_msgs/include/audio_common_msgs/audio_common_msgs/msg/detail/audio_data__traits.hpp
-- Up-to-date: /home/hello-robot/ament_ws/install/audio_common_msgs/include/audio_common_msgs/audio_common_msgs
-- Up-to-date: /home/hello-robot/ament_ws/install/audio_common_msgs/include/audio_common_msgs/audio_common_msgs/msg
-- Up-to-date: /home/hello-robot/ament_ws/install/audio_common_msgs/include/audio_common_msgs/audio_common_msgs/msg/detail
-- Installing: /home/hello-robot/ament_ws/install/audio_common_msgs/include/audio_common_msgs/audio_common_msgs/msg/detail/audio_data__rosidl_typesupport_fastrtps_cpp.hpp
-- Installing: /home/hello-robot/ament_ws/install/audio_common_msgs/include/audio_common_msgs/audio_common_msgs/msg/detail/audio_info__rosidl_typesupport_fastrtps_cpp.hpp
-- Installing: /home/hello-robot/ament_ws/install/audio_common_msgs/include/audio_common_msgs/audio_common_msgs/msg/detail/dds_fastrtps
-- Installing: /home/hello-robot/ament_ws/install/audio_common_msgs/include/audio_common_msgs/audio_common_msgs/msg/detail/audio_data_stamped__rosidl_typesupport_fastrtps_cpp.hpp
-- Installing: /home/hello-robot/ament_ws/install/audio_common_msgs/include/audio_common_msgs/audio_common_msgs/msg/rosidl_typesupport_fastrtps_cpp__visibility_control.h
-- Installing: /home/hello-robot/ament_ws/install/audio_common_msgs/lib/libaudio_common_msgs__rosidl_typesupport_fastrtps_cpp.so
-- Set runtime path of "/home/hello-robot/ament_ws/install/audio_common_msgs/lib/libaudio_common_msgs__rosidl_typesupport_fastrtps_cpp.so" to ""
-- Up-to-date: /home/hello-robot/ament_ws/install/audio_common_msgs/include/audio_common_msgs/audio_common_msgs
-- Up-to-date: /home/hello-robot/ament_ws/install/audio_common_msgs/include/audio_common_msgs/audio_common_msgs/msg
-- Up-to-date: /home/hello-robot/ament_ws/install/audio_common_msgs/include/audio_common_msgs/audio_common_msgs/msg/detail
-- Installing: /home/hello-robot/ament_ws/install/audio_common_msgs/include/audio_common_msgs/audio_common_msgs/msg/detail/audio_info__rosidl_typesupport_introspection_cpp.hpp
-- Installing: /home/hello-robot/ament_ws/install/audio_common_msgs/include/audio_common_msgs/audio_common_msgs/msg/detail/audio_data_stamped__rosidl_typesupport_introspection_cpp.hpp
-- Installing: /home/hello-robot/ament_ws/install/audio_common_msgs/include/audio_common_msgs/audio_common_msgs/msg/detail/audio_data__type_support.cpp
-- Installing: /home/hello-robot/ament_ws/install/audio_common_msgs/include/audio_common_msgs/audio_common_msgs/msg/detail/audio_info__type_support.cpp
-- Installing: /home/hello-robot/ament_ws/install/audio_common_msgs/include/audio_common_msgs/audio_common_msgs/msg/detail/audio_data__rosidl_typesupport_introspection_cpp.hpp
-- Installing: /home/hello-robot/ament_ws/install/audio_common_msgs/include/audio_common_msgs/audio_common_msgs/msg/detail/audio_data_stamped__type_support.cpp
-- Installing: /home/hello-robot/ament_ws/install/audio_common_msgs/lib/libaudio_common_msgs__rosidl_typesupport_introspection_cpp.so
-- Set runtime path of "/home/hello-robot/ament_ws/install/audio_common_msgs/lib/libaudio_common_msgs__rosidl_typesupport_introspection_cpp.so" to ""
-- Installing: /home/hello-robot/ament_ws/install/audio_common_msgs/lib/libaudio_common_msgs__rosidl_typesupport_cpp.so
-- Set runtime path of "/home/hello-robot/ament_ws/install/audio_common_msgs/lib/libaudio_common_msgs__rosidl_typesupport_cpp.so" to ""
-- Installing: /home/hello-robot/ament_ws/install/audio_common_msgs/share/audio_common_msgs/environment/pythonpath.sh
-- Installing: /home/hello-robot/ament_ws/install/audio_common_msgs/share/audio_common_msgs/environment/pythonpath.dsv
-- Installing: /home/hello-robot/ament_ws/install/audio_common_msgs/local/lib/python3.10/dist-packages/audio_common_msgs-0.3.12-py3.10.egg-info
-- Installing: /home/hello-robot/ament_ws/install/audio_common_msgs/local/lib/python3.10/dist-packages/audio_common_msgs-0.3.12-py3.10.egg-info/PKG-INFO
-- Installing: /home/hello-robot/ament_ws/install/audio_common_msgs/local/lib/python3.10/dist-packages/audio_common_msgs-0.3.12-py3.10.egg-info/dependency_links.txt
-- Installing: /home/hello-robot/ament_ws/install/audio_common_msgs/local/lib/python3.10/dist-packages/audio_common_msgs-0.3.12-py3.10.egg-info/SOURCES.txt
-- Installing: /home/hello-robot/ament_ws/install/audio_common_msgs/local/lib/python3.10/dist-packages/audio_common_msgs-0.3.12-py3.10.egg-info/top_level.txt
-- Installing: /home/hello-robot/ament_ws/install/audio_common_msgs/local/lib/python3.10/dist-packages/audio_common_msgs
-- Installing: /home/hello-robot/ament_ws/install/audio_common_msgs/local/lib/python3.10/dist-packages/audio_common_msgs/audio_common_msgs_s__rosidl_typesupport_fastrtps_c.cpython-310-x86_64-linux-gnu.so
-- Installing: /home/hello-robot/ament_ws/install/audio_common_msgs/local/lib/python3.10/dist-packages/audio_common_msgs/_audio_common_msgs_s.ep.rosidl_typesupport_introspection_c.c
-- Installing: /home/hello-robot/ament_ws/install/audio_common_msgs/local/lib/python3.10/dist-packages/audio_common_msgs/libaudio_common_msgs__rosidl_generator_py.so
-- Installing: /home/hello-robot/ament_ws/install/audio_common_msgs/local/lib/python3.10/dist-packages/audio_common_msgs/audio_common_msgs_s__rosidl_typesupport_introspection_c.cpython-310-x86_64-linux-gnu.so
-- Installing: /home/hello-robot/ament_ws/install/audio_common_msgs/local/lib/python3.10/dist-packages/audio_common_msgs/msg
-- Installing: /home/hello-robot/ament_ws/install/audio_common_msgs/local/lib/python3.10/dist-packages/audio_common_msgs/msg/_audio_data_stamped_s.c
-- Installing: /home/hello-robot/ament_ws/install/audio_common_msgs/local/lib/python3.10/dist-packages/audio_common_msgs/msg/_audio_info.py
-- Installing: /home/hello-robot/ament_ws/install/audio_common_msgs/local/lib/python3.10/dist-packages/audio_common_msgs/msg/__init__.py
-- Installing: /home/hello-robot/ament_ws/install/audio_common_msgs/local/lib/python3.10/dist-packages/audio_common_msgs/msg/_audio_data_s.c
-- Installing: /home/hello-robot/ament_ws/install/audio_common_msgs/local/lib/python3.10/dist-packages/audio_common_msgs/msg/_audio_data_stamped.py
-- Installing: /home/hello-robot/ament_ws/install/audio_common_msgs/local/lib/python3.10/dist-packages/audio_common_msgs/msg/_audio_info_s.c
-- Installing: /home/hello-robot/ament_ws/install/audio_common_msgs/local/lib/python3.10/dist-packages/audio_common_msgs/msg/_audio_data.py
-- Installing: /home/hello-robot/ament_ws/install/audio_common_msgs/local/lib/python3.10/dist-packages/audio_common_msgs/_audio_common_msgs_s.ep.rosidl_typesupport_fastrtps_c.c
-- Installing: /home/hello-robot/ament_ws/install/audio_common_msgs/local/lib/python3.10/dist-packages/audio_common_msgs/__init__.py
-- Installing: /home/hello-robot/ament_ws/install/audio_common_msgs/local/lib/python3.10/dist-packages/audio_common_msgs/_audio_common_msgs_s.ep.rosidl_typesupport_c.c
-- Installing: /home/hello-robot/ament_ws/install/audio_common_msgs/local/lib/python3.10/dist-packages/audio_common_msgs/audio_common_msgs_s__rosidl_typesupport_c.cpython-310-x86_64-linux-gnu.so
Listing '/home/hello-robot/ament_ws/install/audio_common_msgs/local/lib/python3.10/dist-packages/audio_common_msgs'...
Compiling '/home/hello-robot/ament_ws/install/audio_common_msgs/local/lib/python3.10/dist-packages/audio_common_msgs/__init__.py'...
Listing '/home/hello-robot/ament_ws/install/audio_common_msgs/local/lib/python3.10/dist-packages/audio_common_msgs/msg'...
Compiling '/home/hello-robot/ament_ws/install/audio_common_msgs/local/lib/python3.10/dist-packages/audio_common_msgs/msg/__init__.py'...
Compiling '/home/hello-robot/ament_ws/install/audio_common_msgs/local/lib/python3.10/dist-packages/audio_common_msgs/msg/_audio_data.py'...
Compiling '/home/hello-robot/ament_ws/install/audio_common_msgs/local/lib/python3.10/dist-packages/audio_common_msgs/msg/_audio_data_stamped.py'...
Compiling '/home/hello-robot/ament_ws/install/audio_common_msgs/local/lib/python3.10/dist-packages/audio_common_msgs/msg/_audio_info.py'...
-- Installing: /home/hello-robot/ament_ws/install/audio_common_msgs/local/lib/python3.10/dist-packages/audio_common_msgs/audio_common_msgs_s__rosidl_typesupport_fastrtps_c.cpython-310-x86_64-linux-gnu.so
-- Set runtime path of "/home/hello-robot/ament_ws/install/audio_common_msgs/local/lib/python3.10/dist-packages/audio_common_msgs/audio_common_msgs_s__rosidl_typesupport_fastrtps_c.cpython-310-x86_64-linux-gnu.so" to ""
-- Installing: /home/hello-robot/ament_ws/install/audio_common_msgs/local/lib/python3.10/dist-packages/audio_common_msgs/audio_common_msgs_s__rosidl_typesupport_introspection_c.cpython-310-x86_64-linux-gnu.so
-- Set runtime path of "/home/hello-robot/ament_ws/install/audio_common_msgs/local/lib/python3.10/dist-packages/audio_common_msgs/audio_common_msgs_s__rosidl_typesupport_introspection_c.cpython-310-x86_64-linux-gnu.so" to ""
-- Installing: /home/hello-robot/ament_ws/install/audio_common_msgs/local/lib/python3.10/dist-packages/audio_common_msgs/audio_common_msgs_s__rosidl_typesupport_c.cpython-310-x86_64-linux-gnu.so
-- Set runtime path of "/home/hello-robot/ament_ws/install/audio_common_msgs/local/lib/python3.10/dist-packages/audio_common_msgs/audio_common_msgs_s__rosidl_typesupport_c.cpython-310-x86_64-linux-gnu.so" to ""
-- Installing: /home/hello-robot/ament_ws/install/audio_common_msgs/lib/libaudio_common_msgs__rosidl_generator_py.so
-- Set runtime path of "/home/hello-robot/ament_ws/install/audio_common_msgs/lib/libaudio_common_msgs__rosidl_generator_py.so" to ""
-- Installing: /home/hello-robot/ament_ws/install/audio_common_msgs/share/audio_common_msgs/msg/AudioData.idl
-- Installing: /home/hello-robot/ament_ws/install/audio_common_msgs/share/audio_common_msgs/msg/AudioDataStamped.idl
-- Installing: /home/hello-robot/ament_ws/install/audio_common_msgs/share/audio_common_msgs/msg/AudioInfo.idl
-- Installing: /home/hello-robot/ament_ws/install/audio_common_msgs/share/audio_common_msgs/msg/AudioData.msg
-- Installing: /home/hello-robot/ament_ws/install/audio_common_msgs/share/audio_common_msgs/msg/AudioDataStamped.msg
-- Installing: /home/hello-robot/ament_ws/install/audio_common_msgs/share/audio_common_msgs/msg/AudioInfo.msg
-- Installing: /home/hello-robot/ament_ws/install/audio_common_msgs/share/ament_index/resource_index/package_run_dependencies/audio_common_msgs
-- Installing: /home/hello-robot/ament_ws/install/audio_common_msgs/share/ament_index/resource_index/parent_prefix_path/audio_common_msgs
-- Installing: /home/hello-robot/ament_ws/install/audio_common_msgs/share/audio_common_msgs/environment/ament_prefix_path.sh
-- Installing: /home/hello-robot/ament_ws/install/audio_common_msgs/share/audio_common_msgs/environment/ament_prefix_path.dsv
-- Installing: /home/hello-robot/ament_ws/install/audio_common_msgs/share/audio_common_msgs/environment/path.sh
-- Installing: /home/hello-robot/ament_ws/install/audio_common_msgs/share/audio_common_msgs/environment/path.dsv
-- Installing: /home/hello-robot/ament_ws/install/audio_common_msgs/share/audio_common_msgs/local_setup.bash
-- Installing: /home/hello-robot/ament_ws/install/audio_common_msgs/share/audio_common_msgs/local_setup.sh
-- Installing: /home/hello-robot/ament_ws/install/audio_common_msgs/share/audio_common_msgs/local_setup.zsh
-- Installing: /home/hello-robot/ament_ws/install/audio_common_msgs/share/audio_common_msgs/local_setup.dsv
-- Installing: /home/hello-robot/ament_ws/install/audio_common_msgs/share/audio_common_msgs/package.dsv
-- Installing: /home/hello-robot/ament_ws/install/audio_common_msgs/share/ament_index/resource_index/packages/audio_common_msgs
-- Installing: /home/hello-robot/ament_ws/install/audio_common_msgs/share/audio_common_msgs/cmake/export_audio_common_msgs__rosidl_generator_cExport.cmake
-- Installing: /home/hello-robot/ament_ws/install/audio_common_msgs/share/audio_common_msgs/cmake/export_audio_common_msgs__rosidl_generator_cExport-release.cmake
-- Installing: /home/hello-robot/ament_ws/install/audio_common_msgs/share/audio_common_msgs/cmake/export_audio_common_msgs__rosidl_typesupport_fastrtps_cExport.cmake
-- Installing: /home/hello-robot/ament_ws/install/audio_common_msgs/share/audio_common_msgs/cmake/export_audio_common_msgs__rosidl_typesupport_fastrtps_cExport-release.cmake
-- Installing: /home/hello-robot/ament_ws/install/audio_common_msgs/share/audio_common_msgs/cmake/audio_common_msgs__rosidl_typesupport_introspection_cExport.cmake
-- Installing: /home/hello-robot/ament_ws/install/audio_common_msgs/share/audio_common_msgs/cmake/audio_common_msgs__rosidl_typesupport_introspection_cExport-release.cmake
-- Installing: /home/hello-robot/ament_ws/install/audio_common_msgs/share/audio_common_msgs/cmake/audio_common_msgs__rosidl_typesupport_cExport.cmake
-- Installing: /home/hello-robot/ament_ws/install/audio_common_msgs/share/audio_common_msgs/cmake/audio_common_msgs__rosidl_typesupport_cExport-release.cmake
-- Installing: /home/hello-robot/ament_ws/install/audio_common_msgs/share/audio_common_msgs/cmake/export_audio_common_msgs__rosidl_generator_cppExport.cmake
-- Installing: /home/hello-robot/ament_ws/install/audio_common_msgs/share/audio_common_msgs/cmake/export_audio_common_msgs__rosidl_typesupport_fastrtps_cppExport.cmake
-- Installing: /home/hello-robot/ament_ws/install/audio_common_msgs/share/audio_common_msgs/cmake/export_audio_common_msgs__rosidl_typesupport_fastrtps_cppExport-release.cmake
-- Installing: /home/hello-robot/ament_ws/install/audio_common_msgs/share/audio_common_msgs/cmake/audio_common_msgs__rosidl_typesupport_introspection_cppExport.cmake
-- Installing: /home/hello-robot/ament_ws/install/audio_common_msgs/share/audio_common_msgs/cmake/audio_common_msgs__rosidl_typesupport_introspection_cppExport-release.cmake
-- Installing: /home/hello-robot/ament_ws/install/audio_common_msgs/share/audio_common_msgs/cmake/audio_common_msgs__rosidl_typesupport_cppExport.cmake
-- Installing: /home/hello-robot/ament_ws/install/audio_common_msgs/share/audio_common_msgs/cmake/audio_common_msgs__rosidl_typesupport_cppExport-release.cmake
-- Installing: /home/hello-robot/ament_ws/install/audio_common_msgs/share/audio_common_msgs/cmake/export_audio_common_msgs__rosidl_generator_pyExport.cmake
-- Installing: /home/hello-robot/ament_ws/install/audio_common_msgs/share/audio_common_msgs/cmake/export_audio_common_msgs__rosidl_generator_pyExport-release.cmake
-- Installing: /home/hello-robot/ament_ws/install/audio_common_msgs/share/audio_common_msgs/cmake/rosidl_cmake-extras.cmake
-- Installing: /home/hello-robot/ament_ws/install/audio_common_msgs/share/audio_common_msgs/cmake/ament_cmake_export_dependencies-extras.cmake
-- Installing: /home/hello-robot/ament_ws/install/audio_common_msgs/share/audio_common_msgs/cmake/ament_cmake_export_include_directories-extras.cmake
-- Installing: /home/hello-robot/ament_ws/install/audio_common_msgs/share/audio_common_msgs/cmake/ament_cmake_export_libraries-extras.cmake
-- Installing: /home/hello-robot/ament_ws/install/audio_common_msgs/share/audio_common_msgs/cmake/ament_cmake_export_targets-extras.cmake
-- Installing: /home/hello-robot/ament_ws/install/audio_common_msgs/share/audio_common_msgs/cmake/rosidl_cmake_export_typesupport_targets-extras.cmake
-- Installing: /home/hello-robot/ament_ws/install/audio_common_msgs/share/audio_common_msgs/cmake/rosidl_cmake_export_typesupport_libraries-extras.cmake
-- Installing: /home/hello-robot/ament_ws/install/audio_common_msgs/share/audio_common_msgs/cmake/audio_common_msgsConfig.cmake
-- Installing: /home/hello-robot/ament_ws/install/audio_common_msgs/share/audio_common_msgs/cmake/audio_common_msgsConfig-version.cmake
-- Installing: /home/hello-robot/ament_ws/install/audio_common_msgs/share/audio_common_msgs/package.xml
