[5.780s] Invoking command in '/home/hello-robot/ament_ws/src/stretch_ros2/stretch_deep_perception': PYTHONPATH=/home/hello-robot/ament_ws/build/stretch_deep_perception/prefix_override:/home/hello-robot/ament_ws/install/stretch_deep_perception/lib/python3.10/site-packages:${PYTHONPATH} /usr/bin/python3 setup.py egg_info --egg-base ../../../build/stretch_deep_perception build --build-base /home/hello-robot/ament_ws/build/stretch_deep_perception/build install --record /home/hello-robot/ament_ws/build/stretch_deep_perception/install.log --single-version-externally-managed
[6.499s] /home/hello-robot/.local/lib/python3.10/site-packages/setuptools_scm/_integration/setuptools.py:30: RuntimeWarning: 
[6.499s] ERROR: setuptools==59.6.0 is used in combination with setuptools_scm>=8.x
[6.499s] 
[6.499s] Your build configuration is incomplete and previously worked by accident!
[6.499s] setuptools_scm requires setuptools>=61
[6.499s] 
[6.500s] Suggested workaround if applicable:
[6.500s]  - migrating from the deprecated setup_requires mechanism to pep517/518
[6.500s]    and using a pyproject.toml to declare build dependencies
[6.500s]    which are reliably pre-installed before running the build tools
[6.500s] 
[6.500s]   warnings.warn(
[6.500s] running egg_info
[6.500s] writing ../../../build/stretch_deep_perception/stretch_deep_perception.egg-info/PKG-INFO
[6.500s] writing dependency_links to ../../../build/stretch_deep_perception/stretch_deep_perception.egg-info/dependency_links.txt
[6.500s] writing entry points to ../../../build/stretch_deep_perception/stretch_deep_perception.egg-info/entry_points.txt
[6.500s] writing requirements to ../../../build/stretch_deep_perception/stretch_deep_perception.egg-info/requires.txt
[6.500s] writing top-level names to ../../../build/stretch_deep_perception/stretch_deep_perception.egg-info/top_level.txt
[7.726s] adding license file 'LICENSE.md'
[7.726s] writing manifest file '../../../build/stretch_deep_perception/stretch_deep_perception.egg-info/SOURCES.txt'
[7.726s] running build
[7.726s] running build_py
[7.726s] running install
[7.726s] running install_lib
[7.726s] running install_data
[7.727s] running install_egg_info
[7.727s] removing '/home/hello-robot/ament_ws/install/stretch_deep_perception/lib/python3.10/site-packages/stretch_deep_perception-0.0.0-py3.10.egg-info' (and everything under it)
[7.727s] Copying ../../../build/stretch_deep_perception/stretch_deep_perception.egg-info to /home/hello-robot/ament_ws/install/stretch_deep_perception/lib/python3.10/site-packages/stretch_deep_perception-0.0.0-py3.10.egg-info
[7.727s] running install_scripts
[7.727s] Installing detect_body_landmarks script to /home/hello-robot/ament_ws/install/stretch_deep_perception/lib/stretch_deep_perception
[7.727s] Installing detect_faces script to /home/hello-robot/ament_ws/install/stretch_deep_perception/lib/stretch_deep_perception
[7.727s] Installing detect_nearest_mouth script to /home/hello-robot/ament_ws/install/stretch_deep_perception/lib/stretch_deep_perception
[7.727s] Installing detect_objects script to /home/hello-robot/ament_ws/install/stretch_deep_perception/lib/stretch_deep_perception
[7.727s] writing list of installed files to '/home/hello-robot/ament_ws/build/stretch_deep_perception/install.log'
[7.731s] Invoked command in '/home/hello-robot/ament_ws/src/stretch_ros2/stretch_deep_perception' returned '0': PYTHONPATH=/home/hello-robot/ament_ws/build/stretch_deep_perception/prefix_override:/home/hello-robot/ament_ws/install/stretch_deep_perception/lib/python3.10/site-packages:${PYTHONPATH} /usr/bin/python3 setup.py egg_info --egg-base ../../../build/stretch_deep_perception build --build-base /home/hello-robot/ament_ws/build/stretch_deep_perception/build install --record /home/hello-robot/ament_ws/build/stretch_deep_perception/install.log --single-version-externally-managed
