-- Found ament_cmake_ros: 0.10.0 (/opt/ros/humble/share/ament_cmake_ros/cmake)
-- Found builtin_interfaces: 1.2.1 (/opt/ros/humble/share/builtin_interfaces/cmake)
-- Found rosidl_generator_c: 3.1.5 (/opt/ros/humble/share/rosidl_generator_c/cmake)
-- Found rosidl_adapter: 3.1.5 (/opt/ros/humble/share/rosidl_adapter/cmake)
-- Found rosidl_generator_cpp: 3.1.5 (/opt/ros/humble/share/rosidl_generator_cpp/cmake)
-- Using all available rosidl_typesupport_c: rosidl_typesupport_fastrtps_c;rosidl_typesupport_introspection_c
-- Using all available rosidl_typesupport_cpp: rosidl_typesupport_fastrtps_cpp;rosidl_typesupport_introspection_cpp
-- Found rosidl_default_generators: 1.2.0 (/opt/ros/humble/share/rosidl_default_generators/cmake)
-- Using all available rosidl_typesupport_c: rosidl_typesupport_fastrtps_c;rosidl_typesupport_introspection_c
-- Using all available rosidl_typesupport_cpp: rosidl_typesupport_fastrtps_cpp;rosidl_typesupport_introspection_cpp
-- Found python_cmake_module: 0.10.0 (/opt/ros/humble/share/python_cmake_module/cmake)
-- Using PYTHON_EXECUTABLE: /usr/bin/python3
-- Using PYTHON_INCLUDE_DIRS: /usr/include/python3.10
-- Using PYTHON_LIBRARIES: /usr/lib/x86_64-linux-gnu/libpython3.10.so
-- Configuring done
-- Generating done
-- Build files have been written to: /home/hello-robot/ament_ws/build/rosapi_msgs
Consolidate compiler generated dependencies of target rosapi_msgs__rosidl_generator_c
[  1%] Built target rosapi_msgs__cpp
[ 13%] Built target rosapi_msgs__rosidl_generator_c
[ 13%] Built target ament_cmake_python_copy_rosapi_msgs
Consolidate compiler generated dependencies of target rosapi_msgs__rosidl_typesupport_fastrtps_c
Consolidate compiler generated dependencies of target rosapi_msgs__rosidl_typesupport_fastrtps_cpp
Consolidate compiler generated dependencies of target rosapi_msgs__rosidl_typesupport_introspection_c
Consolidate compiler generated dependencies of target rosapi_msgs__rosidl_typesupport_c
Consolidate compiler generated dependencies of target rosapi_msgs__rosidl_typesupport_cpp
Consolidate compiler generated dependencies of target rosapi_msgs__rosidl_typesupport_introspection_cpp
[ 25%] Built target rosapi_msgs__rosidl_typesupport_fastrtps_c
[ 37%] Built target rosapi_msgs__rosidl_typesupport_fastrtps_cpp
[ 49%] Built target rosapi_msgs__rosidl_typesupport_introspection_c
[ 70%] Built target rosapi_msgs__rosidl_typesupport_introspection_cpp
[ 74%] Built target rosapi_msgs__rosidl_typesupport_c
[ 86%] Built target rosapi_msgs__rosidl_typesupport_cpp
[ 86%] Built target rosapi_msgs
[ 86%] Built target rosapi_msgs__py
Consolidate compiler generated dependencies of target rosapi_msgs__rosidl_generator_py
[ 97%] Built target rosapi_msgs__rosidl_generator_py
Consolidate compiler generated dependencies of target rosapi_msgs__rosidl_typesupport_fastrtps_c__pyext
Consolidate compiler generated dependencies of target rosapi_msgs__rosidl_typesupport_introspection_c__pyext
Consolidate compiler generated dependencies of target rosapi_msgs__rosidl_typesupport_c__pyext
[ 98%] Built target rosapi_msgs__rosidl_typesupport_introspection_c__pyext
[ 99%] Built target rosapi_msgs__rosidl_typesupport_fastrtps_c__pyext
[100%] Built target rosapi_msgs__rosidl_typesupport_c__pyext
/home/hello-robot/.local/lib/python3.10/site-packages/setuptools_scm/_integration/setuptools.py:30: RuntimeWarning: 
ERROR: setuptools==59.6.0 is used in combination with setuptools_scm>=8.x

Your build configuration is incomplete and previously worked by accident!
setuptools_scm requires setuptools>=61

Suggested workaround if applicable:
 - migrating from the deprecated setup_requires mechanism to pep517/518
   and using a pyproject.toml to declare build dependencies
   which are reliably pre-installed before running the build tools

  warnings.warn(
running egg_info
writing rosapi_msgs.egg-info/PKG-INFO
writing dependency_links to rosapi_msgs.egg-info/dependency_links.txt
writing top-level names to rosapi_msgs.egg-info/top_level.txt
[03/04/24 08:24:37] ERROR    listing git files failed - pretending     git.py:24
                             there aren't any                                   
reading manifest file 'rosapi_msgs.egg-info/SOURCES.txt'
writing manifest file 'rosapi_msgs.egg-info/SOURCES.txt'
[100%] Built target ament_cmake_python_build_rosapi_msgs_egg
-- Install configuration: "Release"
-- Up-to-date: /home/hello-robot/ament_ws/install/rosapi_msgs/share/ament_index/resource_index/rosidl_interfaces/rosapi_msgs
-- Up-to-date: /home/hello-robot/ament_ws/install/rosapi_msgs/include/rosapi_msgs/rosapi_msgs
-- Up-to-date: /home/hello-robot/ament_ws/install/rosapi_msgs/include/rosapi_msgs/rosapi_msgs/msg
-- Up-to-date: /home/hello-robot/ament_ws/install/rosapi_msgs/include/rosapi_msgs/rosapi_msgs/msg/rosidl_generator_c__visibility_control.h
-- Up-to-date: /home/hello-robot/ament_ws/install/rosapi_msgs/include/rosapi_msgs/rosapi_msgs/msg/type_def.h
-- Up-to-date: /home/hello-robot/ament_ws/install/rosapi_msgs/include/rosapi_msgs/rosapi_msgs/msg/detail
-- Up-to-date: /home/hello-robot/ament_ws/install/rosapi_msgs/include/rosapi_msgs/rosapi_msgs/msg/detail/type_def__functions.c
-- Up-to-date: /home/hello-robot/ament_ws/install/rosapi_msgs/include/rosapi_msgs/rosapi_msgs/msg/detail/type_def__type_support.h
-- Up-to-date: /home/hello-robot/ament_ws/install/rosapi_msgs/include/rosapi_msgs/rosapi_msgs/msg/detail/type_def__functions.h
-- Up-to-date: /home/hello-robot/ament_ws/install/rosapi_msgs/include/rosapi_msgs/rosapi_msgs/msg/detail/type_def__struct.h
-- Up-to-date: /home/hello-robot/ament_ws/install/rosapi_msgs/include/rosapi_msgs/rosapi_msgs/srv
-- Up-to-date: /home/hello-robot/ament_ws/install/rosapi_msgs/include/rosapi_msgs/rosapi_msgs/srv/service_providers.h
-- Up-to-date: /home/hello-robot/ament_ws/install/rosapi_msgs/include/rosapi_msgs/rosapi_msgs/srv/topics_and_raw_types.h
-- Up-to-date: /home/hello-robot/ament_ws/install/rosapi_msgs/include/rosapi_msgs/rosapi_msgs/srv/service_request_details.h
-- Up-to-date: /home/hello-robot/ament_ws/install/rosapi_msgs/include/rosapi_msgs/rosapi_msgs/srv/get_action_servers.h
-- Up-to-date: /home/hello-robot/ament_ws/install/rosapi_msgs/include/rosapi_msgs/rosapi_msgs/srv/nodes.h
-- Up-to-date: /home/hello-robot/ament_ws/install/rosapi_msgs/include/rosapi_msgs/rosapi_msgs/srv/get_param.h
-- Up-to-date: /home/hello-robot/ament_ws/install/rosapi_msgs/include/rosapi_msgs/rosapi_msgs/srv/get_time.h
-- Up-to-date: /home/hello-robot/ament_ws/install/rosapi_msgs/include/rosapi_msgs/rosapi_msgs/srv/delete_param.h
-- Up-to-date: /home/hello-robot/ament_ws/install/rosapi_msgs/include/rosapi_msgs/rosapi_msgs/srv/topics_for_type.h
-- Up-to-date: /home/hello-robot/ament_ws/install/rosapi_msgs/include/rosapi_msgs/rosapi_msgs/srv/services.h
-- Up-to-date: /home/hello-robot/ament_ws/install/rosapi_msgs/include/rosapi_msgs/rosapi_msgs/srv/has_param.h
-- Up-to-date: /home/hello-robot/ament_ws/install/rosapi_msgs/include/rosapi_msgs/rosapi_msgs/srv/publishers.h
-- Up-to-date: /home/hello-robot/ament_ws/install/rosapi_msgs/include/rosapi_msgs/rosapi_msgs/srv/service_response_details.h
-- Up-to-date: /home/hello-robot/ament_ws/install/rosapi_msgs/include/rosapi_msgs/rosapi_msgs/srv/set_param.h
-- Up-to-date: /home/hello-robot/ament_ws/install/rosapi_msgs/include/rosapi_msgs/rosapi_msgs/srv/service_node.h
-- Up-to-date: /home/hello-robot/ament_ws/install/rosapi_msgs/include/rosapi_msgs/rosapi_msgs/srv/message_details.h
-- Up-to-date: /home/hello-robot/ament_ws/install/rosapi_msgs/include/rosapi_msgs/rosapi_msgs/srv/topic_type.h
-- Up-to-date: /home/hello-robot/ament_ws/install/rosapi_msgs/include/rosapi_msgs/rosapi_msgs/srv/get_param_names.h
-- Up-to-date: /home/hello-robot/ament_ws/install/rosapi_msgs/include/rosapi_msgs/rosapi_msgs/srv/service_type.h
-- Up-to-date: /home/hello-robot/ament_ws/install/rosapi_msgs/include/rosapi_msgs/rosapi_msgs/srv/services_for_type.h
-- Up-to-date: /home/hello-robot/ament_ws/install/rosapi_msgs/include/rosapi_msgs/rosapi_msgs/srv/node_details.h
-- Up-to-date: /home/hello-robot/ament_ws/install/rosapi_msgs/include/rosapi_msgs/rosapi_msgs/srv/detail
-- Up-to-date: /home/hello-robot/ament_ws/install/rosapi_msgs/include/rosapi_msgs/rosapi_msgs/srv/detail/nodes__functions.c
-- Up-to-date: /home/hello-robot/ament_ws/install/rosapi_msgs/include/rosapi_msgs/rosapi_msgs/srv/detail/set_param__struct.h
-- Up-to-date: /home/hello-robot/ament_ws/install/rosapi_msgs/include/rosapi_msgs/rosapi_msgs/srv/detail/get_action_servers__struct.h
-- Up-to-date: /home/hello-robot/ament_ws/install/rosapi_msgs/include/rosapi_msgs/rosapi_msgs/srv/detail/nodes__type_support.h
-- Up-to-date: /home/hello-robot/ament_ws/install/rosapi_msgs/include/rosapi_msgs/rosapi_msgs/srv/detail/service_providers__struct.h
-- Up-to-date: /home/hello-robot/ament_ws/install/rosapi_msgs/include/rosapi_msgs/rosapi_msgs/srv/detail/topics_and_raw_types__type_support.h
-- Up-to-date: /home/hello-robot/ament_ws/install/rosapi_msgs/include/rosapi_msgs/rosapi_msgs/srv/detail/service_node__struct.h
-- Up-to-date: /home/hello-robot/ament_ws/install/rosapi_msgs/include/rosapi_msgs/rosapi_msgs/srv/detail/publishers__struct.h
-- Up-to-date: /home/hello-robot/ament_ws/install/rosapi_msgs/include/rosapi_msgs/rosapi_msgs/srv/detail/nodes__functions.h
-- Up-to-date: /home/hello-robot/ament_ws/install/rosapi_msgs/include/rosapi_msgs/rosapi_msgs/srv/detail/has_param__functions.c
-- Up-to-date: /home/hello-robot/ament_ws/install/rosapi_msgs/include/rosapi_msgs/rosapi_msgs/srv/detail/service_response_details__type_support.h
-- Up-to-date: /home/hello-robot/ament_ws/install/rosapi_msgs/include/rosapi_msgs/rosapi_msgs/srv/detail/services_for_type__type_support.h
-- Up-to-date: /home/hello-robot/ament_ws/install/rosapi_msgs/include/rosapi_msgs/rosapi_msgs/srv/detail/delete_param__functions.h
-- Up-to-date: /home/hello-robot/ament_ws/install/rosapi_msgs/include/rosapi_msgs/rosapi_msgs/srv/detail/delete_param__functions.c
-- Up-to-date: /home/hello-robot/ament_ws/install/rosapi_msgs/include/rosapi_msgs/rosapi_msgs/srv/detail/get_param__type_support.h
-- Up-to-date: /home/hello-robot/ament_ws/install/rosapi_msgs/include/rosapi_msgs/rosapi_msgs/srv/detail/topics__functions.h
-- Up-to-date: /home/hello-robot/ament_ws/install/rosapi_msgs/include/rosapi_msgs/rosapi_msgs/srv/detail/services_for_type__functions.h
-- Up-to-date: /home/hello-robot/ament_ws/install/rosapi_msgs/include/rosapi_msgs/rosapi_msgs/srv/detail/get_time__functions.h
-- Up-to-date: /home/hello-robot/ament_ws/install/rosapi_msgs/include/rosapi_msgs/rosapi_msgs/srv/detail/topics_for_type__functions.c
-- Up-to-date: /home/hello-robot/ament_ws/install/rosapi_msgs/include/rosapi_msgs/rosapi_msgs/srv/detail/node_details__functions.c
-- Up-to-date: /home/hello-robot/ament_ws/install/rosapi_msgs/include/rosapi_msgs/rosapi_msgs/srv/detail/publishers__type_support.h
-- Up-to-date: /home/hello-robot/ament_ws/install/rosapi_msgs/include/rosapi_msgs/rosapi_msgs/srv/detail/service_type__type_support.h
-- Up-to-date: /home/hello-robot/ament_ws/install/rosapi_msgs/include/rosapi_msgs/rosapi_msgs/srv/detail/get_param__struct.h
-- Up-to-date: /home/hello-robot/ament_ws/install/rosapi_msgs/include/rosapi_msgs/rosapi_msgs/srv/detail/topics_and_raw_types__struct.h
-- Up-to-date: /home/hello-robot/ament_ws/install/rosapi_msgs/include/rosapi_msgs/rosapi_msgs/srv/detail/has_param__type_support.h
-- Up-to-date: /home/hello-robot/ament_ws/install/rosapi_msgs/include/rosapi_msgs/rosapi_msgs/srv/detail/subscribers__struct.h
-- Up-to-date: /home/hello-robot/ament_ws/install/rosapi_msgs/include/rosapi_msgs/rosapi_msgs/srv/detail/service_request_details__type_support.h
-- Up-to-date: /home/hello-robot/ament_ws/install/rosapi_msgs/include/rosapi_msgs/rosapi_msgs/srv/detail/topics_and_raw_types__functions.h
-- Up-to-date: /home/hello-robot/ament_ws/install/rosapi_msgs/include/rosapi_msgs/rosapi_msgs/srv/detail/service_response_details__functions.h
-- Up-to-date: /home/hello-robot/ament_ws/install/rosapi_msgs/include/rosapi_msgs/rosapi_msgs/srv/detail/message_details__struct.h
-- Up-to-date: /home/hello-robot/ament_ws/install/rosapi_msgs/include/rosapi_msgs/rosapi_msgs/srv/detail/get_time__functions.c
-- Up-to-date: /home/hello-robot/ament_ws/install/rosapi_msgs/include/rosapi_msgs/rosapi_msgs/srv/detail/publishers__functions.c
-- Up-to-date: /home/hello-robot/ament_ws/install/rosapi_msgs/include/rosapi_msgs/rosapi_msgs/srv/detail/get_time__struct.h
-- Up-to-date: /home/hello-robot/ament_ws/install/rosapi_msgs/include/rosapi_msgs/rosapi_msgs/srv/detail/topics_and_raw_types__functions.c
-- Up-to-date: /home/hello-robot/ament_ws/install/rosapi_msgs/include/rosapi_msgs/rosapi_msgs/srv/detail/topics_for_type__struct.h
-- Up-to-date: /home/hello-robot/ament_ws/install/rosapi_msgs/include/rosapi_msgs/rosapi_msgs/srv/detail/publishers__functions.h
-- Up-to-date: /home/hello-robot/ament_ws/install/rosapi_msgs/include/rosapi_msgs/rosapi_msgs/srv/detail/get_param__functions.c
-- Up-to-date: /home/hello-robot/ament_ws/install/rosapi_msgs/include/rosapi_msgs/rosapi_msgs/srv/detail/get_action_servers__functions.c
-- Up-to-date: /home/hello-robot/ament_ws/install/rosapi_msgs/include/rosapi_msgs/rosapi_msgs/srv/detail/services__functions.c
-- Up-to-date: /home/hello-robot/ament_ws/install/rosapi_msgs/include/rosapi_msgs/rosapi_msgs/srv/detail/service_request_details__struct.h
-- Up-to-date: /home/hello-robot/ament_ws/install/rosapi_msgs/include/rosapi_msgs/rosapi_msgs/srv/detail/services__type_support.h
-- Up-to-date: /home/hello-robot/ament_ws/install/rosapi_msgs/include/rosapi_msgs/rosapi_msgs/srv/detail/service_type__functions.c
-- Up-to-date: /home/hello-robot/ament_ws/install/rosapi_msgs/include/rosapi_msgs/rosapi_msgs/srv/detail/get_param_names__type_support.h
-- Up-to-date: /home/hello-robot/ament_ws/install/rosapi_msgs/include/rosapi_msgs/rosapi_msgs/srv/detail/topics_for_type__type_support.h
-- Up-to-date: /home/hello-robot/ament_ws/install/rosapi_msgs/include/rosapi_msgs/rosapi_msgs/srv/detail/delete_param__type_support.h
-- Up-to-date: /home/hello-robot/ament_ws/install/rosapi_msgs/include/rosapi_msgs/rosapi_msgs/srv/detail/get_action_servers__functions.h
-- Up-to-date: /home/hello-robot/ament_ws/install/rosapi_msgs/include/rosapi_msgs/rosapi_msgs/srv/detail/topic_type__type_support.h
-- Up-to-date: /home/hello-robot/ament_ws/install/rosapi_msgs/include/rosapi_msgs/rosapi_msgs/srv/detail/set_param__functions.h
-- Up-to-date: /home/hello-robot/ament_ws/install/rosapi_msgs/include/rosapi_msgs/rosapi_msgs/srv/detail/message_details__functions.c
-- Up-to-date: /home/hello-robot/ament_ws/install/rosapi_msgs/include/rosapi_msgs/rosapi_msgs/srv/detail/nodes__struct.h
-- Up-to-date: /home/hello-robot/ament_ws/install/rosapi_msgs/include/rosapi_msgs/rosapi_msgs/srv/detail/get_param__functions.h
-- Up-to-date: /home/hello-robot/ament_ws/install/rosapi_msgs/include/rosapi_msgs/rosapi_msgs/srv/detail/get_param_names__functions.c
-- Up-to-date: /home/hello-robot/ament_ws/install/rosapi_msgs/include/rosapi_msgs/rosapi_msgs/srv/detail/topic_type__functions.h
-- Up-to-date: /home/hello-robot/ament_ws/install/rosapi_msgs/include/rosapi_msgs/rosapi_msgs/srv/detail/service_request_details__functions.c
-- Up-to-date: /home/hello-robot/ament_ws/install/rosapi_msgs/include/rosapi_msgs/rosapi_msgs/srv/detail/topic_type__struct.h
-- Up-to-date: /home/hello-robot/ament_ws/install/rosapi_msgs/include/rosapi_msgs/rosapi_msgs/srv/detail/get_ros_version__type_support.h
-- Up-to-date: /home/hello-robot/ament_ws/install/rosapi_msgs/include/rosapi_msgs/rosapi_msgs/srv/detail/set_param__functions.c
-- Up-to-date: /home/hello-robot/ament_ws/install/rosapi_msgs/include/rosapi_msgs/rosapi_msgs/srv/detail/service_response_details__functions.c
-- Up-to-date: /home/hello-robot/ament_ws/install/rosapi_msgs/include/rosapi_msgs/rosapi_msgs/srv/detail/service_request_details__functions.h
-- Up-to-date: /home/hello-robot/ament_ws/install/rosapi_msgs/include/rosapi_msgs/rosapi_msgs/srv/detail/subscribers__functions.c
-- Up-to-date: /home/hello-robot/ament_ws/install/rosapi_msgs/include/rosapi_msgs/rosapi_msgs/srv/detail/get_time__type_support.h
-- Up-to-date: /home/hello-robot/ament_ws/install/rosapi_msgs/include/rosapi_msgs/rosapi_msgs/srv/detail/get_param_names__functions.h
-- Up-to-date: /home/hello-robot/ament_ws/install/rosapi_msgs/include/rosapi_msgs/rosapi_msgs/srv/detail/subscribers__functions.h
-- Up-to-date: /home/hello-robot/ament_ws/install/rosapi_msgs/include/rosapi_msgs/rosapi_msgs/srv/detail/subscribers__type_support.h
-- Up-to-date: /home/hello-robot/ament_ws/install/rosapi_msgs/include/rosapi_msgs/rosapi_msgs/srv/detail/service_providers__type_support.h
-- Up-to-date: /home/hello-robot/ament_ws/install/rosapi_msgs/include/rosapi_msgs/rosapi_msgs/srv/detail/get_action_servers__type_support.h
-- Up-to-date: /home/hello-robot/ament_ws/install/rosapi_msgs/include/rosapi_msgs/rosapi_msgs/srv/detail/service_node__functions.c
-- Up-to-date: /home/hello-robot/ament_ws/install/rosapi_msgs/include/rosapi_msgs/rosapi_msgs/srv/detail/topics_for_type__functions.h
-- Up-to-date: /home/hello-robot/ament_ws/install/rosapi_msgs/include/rosapi_msgs/rosapi_msgs/srv/detail/service_type__struct.h
-- Up-to-date: /home/hello-robot/ament_ws/install/rosapi_msgs/include/rosapi_msgs/rosapi_msgs/srv/detail/node_details__functions.h
-- Up-to-date: /home/hello-robot/ament_ws/install/rosapi_msgs/include/rosapi_msgs/rosapi_msgs/srv/detail/service_providers__functions.h
-- Up-to-date: /home/hello-robot/ament_ws/install/rosapi_msgs/include/rosapi_msgs/rosapi_msgs/srv/detail/message_details__functions.h
-- Up-to-date: /home/hello-robot/ament_ws/install/rosapi_msgs/include/rosapi_msgs/rosapi_msgs/srv/detail/message_details__type_support.h
-- Up-to-date: /home/hello-robot/ament_ws/install/rosapi_msgs/include/rosapi_msgs/rosapi_msgs/srv/detail/service_node__type_support.h
-- Up-to-date: /home/hello-robot/ament_ws/install/rosapi_msgs/include/rosapi_msgs/rosapi_msgs/srv/detail/service_node__functions.h
-- Up-to-date: /home/hello-robot/ament_ws/install/rosapi_msgs/include/rosapi_msgs/rosapi_msgs/srv/detail/services_for_type__functions.c
-- Up-to-date: /home/hello-robot/ament_ws/install/rosapi_msgs/include/rosapi_msgs/rosapi_msgs/srv/detail/services_for_type__struct.h
-- Up-to-date: /home/hello-robot/ament_ws/install/rosapi_msgs/include/rosapi_msgs/rosapi_msgs/srv/detail/topics__struct.h
-- Up-to-date: /home/hello-robot/ament_ws/install/rosapi_msgs/include/rosapi_msgs/rosapi_msgs/srv/detail/has_param__struct.h
-- Up-to-date: /home/hello-robot/ament_ws/install/rosapi_msgs/include/rosapi_msgs/rosapi_msgs/srv/detail/delete_param__struct.h
-- Up-to-date: /home/hello-robot/ament_ws/install/rosapi_msgs/include/rosapi_msgs/rosapi_msgs/srv/detail/get_param_names__struct.h
-- Up-to-date: /home/hello-robot/ament_ws/install/rosapi_msgs/include/rosapi_msgs/rosapi_msgs/srv/detail/services__struct.h
-- Up-to-date: /home/hello-robot/ament_ws/install/rosapi_msgs/include/rosapi_msgs/rosapi_msgs/srv/detail/get_ros_version__functions.h
-- Up-to-date: /home/hello-robot/ament_ws/install/rosapi_msgs/include/rosapi_msgs/rosapi_msgs/srv/detail/topics__type_support.h
-- Up-to-date: /home/hello-robot/ament_ws/install/rosapi_msgs/include/rosapi_msgs/rosapi_msgs/srv/detail/service_providers__functions.c
-- Up-to-date: /home/hello-robot/ament_ws/install/rosapi_msgs/include/rosapi_msgs/rosapi_msgs/srv/detail/node_details__type_support.h
-- Up-to-date: /home/hello-robot/ament_ws/install/rosapi_msgs/include/rosapi_msgs/rosapi_msgs/srv/detail/service_type__functions.h
-- Up-to-date: /home/hello-robot/ament_ws/install/rosapi_msgs/include/rosapi_msgs/rosapi_msgs/srv/detail/service_response_details__struct.h
-- Up-to-date: /home/hello-robot/ament_ws/install/rosapi_msgs/include/rosapi_msgs/rosapi_msgs/srv/detail/has_param__functions.h
-- Up-to-date: /home/hello-robot/ament_ws/install/rosapi_msgs/include/rosapi_msgs/rosapi_msgs/srv/detail/set_param__type_support.h
-- Up-to-date: /home/hello-robot/ament_ws/install/rosapi_msgs/include/rosapi_msgs/rosapi_msgs/srv/detail/get_ros_version__struct.h
-- Up-to-date: /home/hello-robot/ament_ws/install/rosapi_msgs/include/rosapi_msgs/rosapi_msgs/srv/detail/node_details__struct.h
-- Up-to-date: /home/hello-robot/ament_ws/install/rosapi_msgs/include/rosapi_msgs/rosapi_msgs/srv/detail/services__functions.h
-- Up-to-date: /home/hello-robot/ament_ws/install/rosapi_msgs/include/rosapi_msgs/rosapi_msgs/srv/detail/topic_type__functions.c
-- Up-to-date: /home/hello-robot/ament_ws/install/rosapi_msgs/include/rosapi_msgs/rosapi_msgs/srv/detail/topics__functions.c
-- Up-to-date: /home/hello-robot/ament_ws/install/rosapi_msgs/include/rosapi_msgs/rosapi_msgs/srv/detail/get_ros_version__functions.c
-- Up-to-date: /home/hello-robot/ament_ws/install/rosapi_msgs/include/rosapi_msgs/rosapi_msgs/srv/subscribers.h
-- Up-to-date: /home/hello-robot/ament_ws/install/rosapi_msgs/include/rosapi_msgs/rosapi_msgs/srv/get_ros_version.h
-- Up-to-date: /home/hello-robot/ament_ws/install/rosapi_msgs/include/rosapi_msgs/rosapi_msgs/srv/topics.h
-- Up-to-date: /home/hello-robot/ament_ws/install/rosapi_msgs/share/rosapi_msgs/environment/library_path.sh
-- Installing: /home/hello-robot/ament_ws/install/rosapi_msgs/share/rosapi_msgs/environment/library_path.dsv
-- Up-to-date: /home/hello-robot/ament_ws/install/rosapi_msgs/lib/librosapi_msgs__rosidl_generator_c.so
-- Up-to-date: /home/hello-robot/ament_ws/install/rosapi_msgs/include/rosapi_msgs/rosapi_msgs
-- Up-to-date: /home/hello-robot/ament_ws/install/rosapi_msgs/include/rosapi_msgs/rosapi_msgs/msg
-- Up-to-date: /home/hello-robot/ament_ws/install/rosapi_msgs/include/rosapi_msgs/rosapi_msgs/msg/rosidl_typesupport_fastrtps_c__visibility_control.h
-- Up-to-date: /home/hello-robot/ament_ws/install/rosapi_msgs/include/rosapi_msgs/rosapi_msgs/msg/detail
-- Up-to-date: /home/hello-robot/ament_ws/install/rosapi_msgs/include/rosapi_msgs/rosapi_msgs/msg/detail/type_def__rosidl_typesupport_fastrtps_c.h
-- Up-to-date: /home/hello-robot/ament_ws/install/rosapi_msgs/include/rosapi_msgs/rosapi_msgs/srv
-- Up-to-date: /home/hello-robot/ament_ws/install/rosapi_msgs/include/rosapi_msgs/rosapi_msgs/srv/detail
-- Up-to-date: /home/hello-robot/ament_ws/install/rosapi_msgs/include/rosapi_msgs/rosapi_msgs/srv/detail/service_providers__rosidl_typesupport_fastrtps_c.h
-- Up-to-date: /home/hello-robot/ament_ws/install/rosapi_msgs/include/rosapi_msgs/rosapi_msgs/srv/detail/service_response_details__rosidl_typesupport_fastrtps_c.h
-- Up-to-date: /home/hello-robot/ament_ws/install/rosapi_msgs/include/rosapi_msgs/rosapi_msgs/srv/detail/get_ros_version__rosidl_typesupport_fastrtps_c.h
-- Up-to-date: /home/hello-robot/ament_ws/install/rosapi_msgs/include/rosapi_msgs/rosapi_msgs/srv/detail/get_time__rosidl_typesupport_fastrtps_c.h
-- Up-to-date: /home/hello-robot/ament_ws/install/rosapi_msgs/include/rosapi_msgs/rosapi_msgs/srv/detail/get_param_names__rosidl_typesupport_fastrtps_c.h
-- Up-to-date: /home/hello-robot/ament_ws/install/rosapi_msgs/include/rosapi_msgs/rosapi_msgs/srv/detail/has_param__rosidl_typesupport_fastrtps_c.h
-- Up-to-date: /home/hello-robot/ament_ws/install/rosapi_msgs/include/rosapi_msgs/rosapi_msgs/srv/detail/service_node__rosidl_typesupport_fastrtps_c.h
-- Up-to-date: /home/hello-robot/ament_ws/install/rosapi_msgs/include/rosapi_msgs/rosapi_msgs/srv/detail/topics_and_raw_types__rosidl_typesupport_fastrtps_c.h
-- Up-to-date: /home/hello-robot/ament_ws/install/rosapi_msgs/include/rosapi_msgs/rosapi_msgs/srv/detail/topic_type__rosidl_typesupport_fastrtps_c.h
-- Up-to-date: /home/hello-robot/ament_ws/install/rosapi_msgs/include/rosapi_msgs/rosapi_msgs/srv/detail/set_param__rosidl_typesupport_fastrtps_c.h
-- Up-to-date: /home/hello-robot/ament_ws/install/rosapi_msgs/include/rosapi_msgs/rosapi_msgs/srv/detail/topics_for_type__rosidl_typesupport_fastrtps_c.h
-- Up-to-date: /home/hello-robot/ament_ws/install/rosapi_msgs/include/rosapi_msgs/rosapi_msgs/srv/detail/message_details__rosidl_typesupport_fastrtps_c.h
-- Up-to-date: /home/hello-robot/ament_ws/install/rosapi_msgs/include/rosapi_msgs/rosapi_msgs/srv/detail/subscribers__rosidl_typesupport_fastrtps_c.h
-- Up-to-date: /home/hello-robot/ament_ws/install/rosapi_msgs/include/rosapi_msgs/rosapi_msgs/srv/detail/node_details__rosidl_typesupport_fastrtps_c.h
-- Up-to-date: /home/hello-robot/ament_ws/install/rosapi_msgs/include/rosapi_msgs/rosapi_msgs/srv/detail/services_for_type__rosidl_typesupport_fastrtps_c.h
-- Up-to-date: /home/hello-robot/ament_ws/install/rosapi_msgs/include/rosapi_msgs/rosapi_msgs/srv/detail/nodes__rosidl_typesupport_fastrtps_c.h
-- Up-to-date: /home/hello-robot/ament_ws/install/rosapi_msgs/include/rosapi_msgs/rosapi_msgs/srv/detail/delete_param__rosidl_typesupport_fastrtps_c.h
-- Up-to-date: /home/hello-robot/ament_ws/install/rosapi_msgs/include/rosapi_msgs/rosapi_msgs/srv/detail/services__rosidl_typesupport_fastrtps_c.h
-- Up-to-date: /home/hello-robot/ament_ws/install/rosapi_msgs/include/rosapi_msgs/rosapi_msgs/srv/detail/publishers__rosidl_typesupport_fastrtps_c.h
-- Up-to-date: /home/hello-robot/ament_ws/install/rosapi_msgs/include/rosapi_msgs/rosapi_msgs/srv/detail/get_action_servers__rosidl_typesupport_fastrtps_c.h
-- Up-to-date: /home/hello-robot/ament_ws/install/rosapi_msgs/include/rosapi_msgs/rosapi_msgs/srv/detail/service_type__rosidl_typesupport_fastrtps_c.h
-- Up-to-date: /home/hello-robot/ament_ws/install/rosapi_msgs/include/rosapi_msgs/rosapi_msgs/srv/detail/get_param__rosidl_typesupport_fastrtps_c.h
-- Up-to-date: /home/hello-robot/ament_ws/install/rosapi_msgs/include/rosapi_msgs/rosapi_msgs/srv/detail/service_request_details__rosidl_typesupport_fastrtps_c.h
-- Up-to-date: /home/hello-robot/ament_ws/install/rosapi_msgs/include/rosapi_msgs/rosapi_msgs/srv/detail/topics__rosidl_typesupport_fastrtps_c.h
-- Up-to-date: /home/hello-robot/ament_ws/install/rosapi_msgs/lib/librosapi_msgs__rosidl_typesupport_fastrtps_c.so
-- Up-to-date: /home/hello-robot/ament_ws/install/rosapi_msgs/include/rosapi_msgs/rosapi_msgs
-- Up-to-date: /home/hello-robot/ament_ws/install/rosapi_msgs/include/rosapi_msgs/rosapi_msgs/msg
-- Up-to-date: /home/hello-robot/ament_ws/install/rosapi_msgs/include/rosapi_msgs/rosapi_msgs/msg/type_def.hpp
-- Up-to-date: /home/hello-robot/ament_ws/install/rosapi_msgs/include/rosapi_msgs/rosapi_msgs/msg/detail
-- Up-to-date: /home/hello-robot/ament_ws/install/rosapi_msgs/include/rosapi_msgs/rosapi_msgs/msg/detail/type_def__struct.hpp
-- Up-to-date: /home/hello-robot/ament_ws/install/rosapi_msgs/include/rosapi_msgs/rosapi_msgs/msg/detail/type_def__builder.hpp
-- Up-to-date: /home/hello-robot/ament_ws/install/rosapi_msgs/include/rosapi_msgs/rosapi_msgs/msg/detail/type_def__traits.hpp
-- Up-to-date: /home/hello-robot/ament_ws/install/rosapi_msgs/include/rosapi_msgs/rosapi_msgs/srv
-- Up-to-date: /home/hello-robot/ament_ws/install/rosapi_msgs/include/rosapi_msgs/rosapi_msgs/srv/node_details.hpp
-- Up-to-date: /home/hello-robot/ament_ws/install/rosapi_msgs/include/rosapi_msgs/rosapi_msgs/srv/subscribers.hpp
-- Up-to-date: /home/hello-robot/ament_ws/install/rosapi_msgs/include/rosapi_msgs/rosapi_msgs/srv/service_response_details.hpp
-- Up-to-date: /home/hello-robot/ament_ws/install/rosapi_msgs/include/rosapi_msgs/rosapi_msgs/srv/get_time.hpp
-- Up-to-date: /home/hello-robot/ament_ws/install/rosapi_msgs/include/rosapi_msgs/rosapi_msgs/srv/message_details.hpp
-- Up-to-date: /home/hello-robot/ament_ws/install/rosapi_msgs/include/rosapi_msgs/rosapi_msgs/srv/publishers.hpp
-- Up-to-date: /home/hello-robot/ament_ws/install/rosapi_msgs/include/rosapi_msgs/rosapi_msgs/srv/get_param_names.hpp
-- Up-to-date: /home/hello-robot/ament_ws/install/rosapi_msgs/include/rosapi_msgs/rosapi_msgs/srv/topic_type.hpp
-- Up-to-date: /home/hello-robot/ament_ws/install/rosapi_msgs/include/rosapi_msgs/rosapi_msgs/srv/get_param.hpp
-- Up-to-date: /home/hello-robot/ament_ws/install/rosapi_msgs/include/rosapi_msgs/rosapi_msgs/srv/services.hpp
-- Up-to-date: /home/hello-robot/ament_ws/install/rosapi_msgs/include/rosapi_msgs/rosapi_msgs/srv/has_param.hpp
-- Up-to-date: /home/hello-robot/ament_ws/install/rosapi_msgs/include/rosapi_msgs/rosapi_msgs/srv/service_request_details.hpp
-- Up-to-date: /home/hello-robot/ament_ws/install/rosapi_msgs/include/rosapi_msgs/rosapi_msgs/srv/service_providers.hpp
-- Up-to-date: /home/hello-robot/ament_ws/install/rosapi_msgs/include/rosapi_msgs/rosapi_msgs/srv/service_type.hpp
-- Up-to-date: /home/hello-robot/ament_ws/install/rosapi_msgs/include/rosapi_msgs/rosapi_msgs/srv/topics_and_raw_types.hpp
-- Up-to-date: /home/hello-robot/ament_ws/install/rosapi_msgs/include/rosapi_msgs/rosapi_msgs/srv/set_param.hpp
-- Up-to-date: /home/hello-robot/ament_ws/install/rosapi_msgs/include/rosapi_msgs/rosapi_msgs/srv/delete_param.hpp
-- Up-to-date: /home/hello-robot/ament_ws/install/rosapi_msgs/include/rosapi_msgs/rosapi_msgs/srv/get_action_servers.hpp
-- Up-to-date: /home/hello-robot/ament_ws/install/rosapi_msgs/include/rosapi_msgs/rosapi_msgs/srv/service_node.hpp
-- Up-to-date: /home/hello-robot/ament_ws/install/rosapi_msgs/include/rosapi_msgs/rosapi_msgs/srv/services_for_type.hpp
-- Up-to-date: /home/hello-robot/ament_ws/install/rosapi_msgs/include/rosapi_msgs/rosapi_msgs/srv/nodes.hpp
-- Up-to-date: /home/hello-robot/ament_ws/install/rosapi_msgs/include/rosapi_msgs/rosapi_msgs/srv/topics_for_type.hpp
-- Up-to-date: /home/hello-robot/ament_ws/install/rosapi_msgs/include/rosapi_msgs/rosapi_msgs/srv/detail
-- Up-to-date: /home/hello-robot/ament_ws/install/rosapi_msgs/include/rosapi_msgs/rosapi_msgs/srv/detail/get_param_names__struct.hpp
-- Up-to-date: /home/hello-robot/ament_ws/install/rosapi_msgs/include/rosapi_msgs/rosapi_msgs/srv/detail/set_param__builder.hpp
-- Up-to-date: /home/hello-robot/ament_ws/install/rosapi_msgs/include/rosapi_msgs/rosapi_msgs/srv/detail/node_details__struct.hpp
-- Up-to-date: /home/hello-robot/ament_ws/install/rosapi_msgs/include/rosapi_msgs/rosapi_msgs/srv/detail/has_param__struct.hpp
-- Up-to-date: /home/hello-robot/ament_ws/install/rosapi_msgs/include/rosapi_msgs/rosapi_msgs/srv/detail/topics_and_raw_types__traits.hpp
-- Up-to-date: /home/hello-robot/ament_ws/install/rosapi_msgs/include/rosapi_msgs/rosapi_msgs/srv/detail/service_node__struct.hpp
-- Up-to-date: /home/hello-robot/ament_ws/install/rosapi_msgs/include/rosapi_msgs/rosapi_msgs/srv/detail/message_details__builder.hpp
-- Up-to-date: /home/hello-robot/ament_ws/install/rosapi_msgs/include/rosapi_msgs/rosapi_msgs/srv/detail/service_providers__builder.hpp
-- Up-to-date: /home/hello-robot/ament_ws/install/rosapi_msgs/include/rosapi_msgs/rosapi_msgs/srv/detail/get_param_names__traits.hpp
-- Up-to-date: /home/hello-robot/ament_ws/install/rosapi_msgs/include/rosapi_msgs/rosapi_msgs/srv/detail/get_time__traits.hpp
-- Up-to-date: /home/hello-robot/ament_ws/install/rosapi_msgs/include/rosapi_msgs/rosapi_msgs/srv/detail/services_for_type__struct.hpp
-- Up-to-date: /home/hello-robot/ament_ws/install/rosapi_msgs/include/rosapi_msgs/rosapi_msgs/srv/detail/service_providers__traits.hpp
-- Up-to-date: /home/hello-robot/ament_ws/install/rosapi_msgs/include/rosapi_msgs/rosapi_msgs/srv/detail/service_type__builder.hpp
-- Up-to-date: /home/hello-robot/ament_ws/install/rosapi_msgs/include/rosapi_msgs/rosapi_msgs/srv/detail/topics_for_type__builder.hpp
-- Up-to-date: /home/hello-robot/ament_ws/install/rosapi_msgs/include/rosapi_msgs/rosapi_msgs/srv/detail/get_param__traits.hpp
-- Up-to-date: /home/hello-robot/ament_ws/install/rosapi_msgs/include/rosapi_msgs/rosapi_msgs/srv/detail/topics_and_raw_types__builder.hpp
-- Up-to-date: /home/hello-robot/ament_ws/install/rosapi_msgs/include/rosapi_msgs/rosapi_msgs/srv/detail/get_time__builder.hpp
-- Up-to-date: /home/hello-robot/ament_ws/install/rosapi_msgs/include/rosapi_msgs/rosapi_msgs/srv/detail/nodes__struct.hpp
-- Up-to-date: /home/hello-robot/ament_ws/install/rosapi_msgs/include/rosapi_msgs/rosapi_msgs/srv/detail/service_node__builder.hpp
-- Up-to-date: /home/hello-robot/ament_ws/install/rosapi_msgs/include/rosapi_msgs/rosapi_msgs/srv/detail/nodes__traits.hpp
-- Up-to-date: /home/hello-robot/ament_ws/install/rosapi_msgs/include/rosapi_msgs/rosapi_msgs/srv/detail/delete_param__traits.hpp
-- Up-to-date: /home/hello-robot/ament_ws/install/rosapi_msgs/include/rosapi_msgs/rosapi_msgs/srv/detail/publishers__builder.hpp
-- Up-to-date: /home/hello-robot/ament_ws/install/rosapi_msgs/include/rosapi_msgs/rosapi_msgs/srv/detail/service_response_details__struct.hpp
-- Up-to-date: /home/hello-robot/ament_ws/install/rosapi_msgs/include/rosapi_msgs/rosapi_msgs/srv/detail/set_param__struct.hpp
-- Up-to-date: /home/hello-robot/ament_ws/install/rosapi_msgs/include/rosapi_msgs/rosapi_msgs/srv/detail/message_details__struct.hpp
-- Up-to-date: /home/hello-robot/ament_ws/install/rosapi_msgs/include/rosapi_msgs/rosapi_msgs/srv/detail/service_type__traits.hpp
-- Up-to-date: /home/hello-robot/ament_ws/install/rosapi_msgs/include/rosapi_msgs/rosapi_msgs/srv/detail/service_request_details__traits.hpp
-- Up-to-date: /home/hello-robot/ament_ws/install/rosapi_msgs/include/rosapi_msgs/rosapi_msgs/srv/detail/has_param__builder.hpp
-- Up-to-date: /home/hello-robot/ament_ws/install/rosapi_msgs/include/rosapi_msgs/rosapi_msgs/srv/detail/service_response_details__builder.hpp
-- Up-to-date: /home/hello-robot/ament_ws/install/rosapi_msgs/include/rosapi_msgs/rosapi_msgs/srv/detail/topics__traits.hpp
-- Up-to-date: /home/hello-robot/ament_ws/install/rosapi_msgs/include/rosapi_msgs/rosapi_msgs/srv/detail/delete_param__builder.hpp
-- Up-to-date: /home/hello-robot/ament_ws/install/rosapi_msgs/include/rosapi_msgs/rosapi_msgs/srv/detail/service_request_details__struct.hpp
-- Up-to-date: /home/hello-robot/ament_ws/install/rosapi_msgs/include/rosapi_msgs/rosapi_msgs/srv/detail/message_details__traits.hpp
-- Up-to-date: /home/hello-robot/ament_ws/install/rosapi_msgs/include/rosapi_msgs/rosapi_msgs/srv/detail/services__builder.hpp
-- Up-to-date: /home/hello-robot/ament_ws/install/rosapi_msgs/include/rosapi_msgs/rosapi_msgs/srv/detail/get_action_servers__traits.hpp
-- Up-to-date: /home/hello-robot/ament_ws/install/rosapi_msgs/include/rosapi_msgs/rosapi_msgs/srv/detail/get_param__builder.hpp
-- Up-to-date: /home/hello-robot/ament_ws/install/rosapi_msgs/include/rosapi_msgs/rosapi_msgs/srv/detail/subscribers__struct.hpp
-- Up-to-date: /home/hello-robot/ament_ws/install/rosapi_msgs/include/rosapi_msgs/rosapi_msgs/srv/detail/topics_for_type__traits.hpp
-- Up-to-date: /home/hello-robot/ament_ws/install/rosapi_msgs/include/rosapi_msgs/rosapi_msgs/srv/detail/get_action_servers__struct.hpp
-- Up-to-date: /home/hello-robot/ament_ws/install/rosapi_msgs/include/rosapi_msgs/rosapi_msgs/srv/detail/publishers__traits.hpp
-- Up-to-date: /home/hello-robot/ament_ws/install/rosapi_msgs/include/rosapi_msgs/rosapi_msgs/srv/detail/publishers__struct.hpp
-- Up-to-date: /home/hello-robot/ament_ws/install/rosapi_msgs/include/rosapi_msgs/rosapi_msgs/srv/detail/services__struct.hpp
-- Up-to-date: /home/hello-robot/ament_ws/install/rosapi_msgs/include/rosapi_msgs/rosapi_msgs/srv/detail/service_type__struct.hpp
-- Up-to-date: /home/hello-robot/ament_ws/install/rosapi_msgs/include/rosapi_msgs/rosapi_msgs/srv/detail/subscribers__traits.hpp
-- Up-to-date: /home/hello-robot/ament_ws/install/rosapi_msgs/include/rosapi_msgs/rosapi_msgs/srv/detail/set_param__traits.hpp
-- Up-to-date: /home/hello-robot/ament_ws/install/rosapi_msgs/include/rosapi_msgs/rosapi_msgs/srv/detail/service_providers__struct.hpp
-- Up-to-date: /home/hello-robot/ament_ws/install/rosapi_msgs/include/rosapi_msgs/rosapi_msgs/srv/detail/service_response_details__traits.hpp
-- Up-to-date: /home/hello-robot/ament_ws/install/rosapi_msgs/include/rosapi_msgs/rosapi_msgs/srv/detail/get_ros_version__struct.hpp
-- Up-to-date: /home/hello-robot/ament_ws/install/rosapi_msgs/include/rosapi_msgs/rosapi_msgs/srv/detail/nodes__builder.hpp
-- Up-to-date: /home/hello-robot/ament_ws/install/rosapi_msgs/include/rosapi_msgs/rosapi_msgs/srv/detail/topic_type__struct.hpp
-- Up-to-date: /home/hello-robot/ament_ws/install/rosapi_msgs/include/rosapi_msgs/rosapi_msgs/srv/detail/delete_param__struct.hpp
-- Up-to-date: /home/hello-robot/ament_ws/install/rosapi_msgs/include/rosapi_msgs/rosapi_msgs/srv/detail/services_for_type__builder.hpp
-- Up-to-date: /home/hello-robot/ament_ws/install/rosapi_msgs/include/rosapi_msgs/rosapi_msgs/srv/detail/service_node__traits.hpp
-- Up-to-date: /home/hello-robot/ament_ws/install/rosapi_msgs/include/rosapi_msgs/rosapi_msgs/srv/detail/get_time__struct.hpp
-- Up-to-date: /home/hello-robot/ament_ws/install/rosapi_msgs/include/rosapi_msgs/rosapi_msgs/srv/detail/has_param__traits.hpp
-- Up-to-date: /home/hello-robot/ament_ws/install/rosapi_msgs/include/rosapi_msgs/rosapi_msgs/srv/detail/services__traits.hpp
-- Up-to-date: /home/hello-robot/ament_ws/install/rosapi_msgs/include/rosapi_msgs/rosapi_msgs/srv/detail/topics_for_type__struct.hpp
-- Up-to-date: /home/hello-robot/ament_ws/install/rosapi_msgs/include/rosapi_msgs/rosapi_msgs/srv/detail/topics_and_raw_types__struct.hpp
-- Up-to-date: /home/hello-robot/ament_ws/install/rosapi_msgs/include/rosapi_msgs/rosapi_msgs/srv/detail/topic_type__traits.hpp
-- Up-to-date: /home/hello-robot/ament_ws/install/rosapi_msgs/include/rosapi_msgs/rosapi_msgs/srv/detail/get_action_servers__builder.hpp
-- Up-to-date: /home/hello-robot/ament_ws/install/rosapi_msgs/include/rosapi_msgs/rosapi_msgs/srv/detail/topics__builder.hpp
-- Up-to-date: /home/hello-robot/ament_ws/install/rosapi_msgs/include/rosapi_msgs/rosapi_msgs/srv/detail/get_ros_version__traits.hpp
-- Up-to-date: /home/hello-robot/ament_ws/install/rosapi_msgs/include/rosapi_msgs/rosapi_msgs/srv/detail/topics__struct.hpp
-- Up-to-date: /home/hello-robot/ament_ws/install/rosapi_msgs/include/rosapi_msgs/rosapi_msgs/srv/detail/topic_type__builder.hpp
-- Up-to-date: /home/hello-robot/ament_ws/install/rosapi_msgs/include/rosapi_msgs/rosapi_msgs/srv/detail/get_param_names__builder.hpp
-- Up-to-date: /home/hello-robot/ament_ws/install/rosapi_msgs/include/rosapi_msgs/rosapi_msgs/srv/detail/node_details__builder.hpp
-- Up-to-date: /home/hello-robot/ament_ws/install/rosapi_msgs/include/rosapi_msgs/rosapi_msgs/srv/detail/service_request_details__builder.hpp
-- Up-to-date: /home/hello-robot/ament_ws/install/rosapi_msgs/include/rosapi_msgs/rosapi_msgs/srv/detail/get_ros_version__builder.hpp
-- Up-to-date: /home/hello-robot/ament_ws/install/rosapi_msgs/include/rosapi_msgs/rosapi_msgs/srv/detail/node_details__traits.hpp
-- Up-to-date: /home/hello-robot/ament_ws/install/rosapi_msgs/include/rosapi_msgs/rosapi_msgs/srv/detail/get_param__struct.hpp
-- Up-to-date: /home/hello-robot/ament_ws/install/rosapi_msgs/include/rosapi_msgs/rosapi_msgs/srv/detail/subscribers__builder.hpp
-- Up-to-date: /home/hello-robot/ament_ws/install/rosapi_msgs/include/rosapi_msgs/rosapi_msgs/srv/detail/services_for_type__traits.hpp
-- Up-to-date: /home/hello-robot/ament_ws/install/rosapi_msgs/include/rosapi_msgs/rosapi_msgs/srv/topics.hpp
-- Up-to-date: /home/hello-robot/ament_ws/install/rosapi_msgs/include/rosapi_msgs/rosapi_msgs/srv/get_ros_version.hpp
-- Up-to-date: /home/hello-robot/ament_ws/install/rosapi_msgs/include/rosapi_msgs/rosapi_msgs
-- Up-to-date: /home/hello-robot/ament_ws/install/rosapi_msgs/include/rosapi_msgs/rosapi_msgs/msg
-- Up-to-date: /home/hello-robot/ament_ws/install/rosapi_msgs/include/rosapi_msgs/rosapi_msgs/msg/detail
-- Up-to-date: /home/hello-robot/ament_ws/install/rosapi_msgs/include/rosapi_msgs/rosapi_msgs/msg/detail/type_def__rosidl_typesupport_fastrtps_cpp.hpp
-- Up-to-date: /home/hello-robot/ament_ws/install/rosapi_msgs/include/rosapi_msgs/rosapi_msgs/msg/detail/dds_fastrtps
-- Up-to-date: /home/hello-robot/ament_ws/install/rosapi_msgs/include/rosapi_msgs/rosapi_msgs/msg/rosidl_typesupport_fastrtps_cpp__visibility_control.h
-- Up-to-date: /home/hello-robot/ament_ws/install/rosapi_msgs/include/rosapi_msgs/rosapi_msgs/srv
-- Up-to-date: /home/hello-robot/ament_ws/install/rosapi_msgs/include/rosapi_msgs/rosapi_msgs/srv/detail
-- Up-to-date: /home/hello-robot/ament_ws/install/rosapi_msgs/include/rosapi_msgs/rosapi_msgs/srv/detail/set_param__rosidl_typesupport_fastrtps_cpp.hpp
-- Up-to-date: /home/hello-robot/ament_ws/install/rosapi_msgs/include/rosapi_msgs/rosapi_msgs/srv/detail/delete_param__rosidl_typesupport_fastrtps_cpp.hpp
-- Up-to-date: /home/hello-robot/ament_ws/install/rosapi_msgs/include/rosapi_msgs/rosapi_msgs/srv/detail/topic_type__rosidl_typesupport_fastrtps_cpp.hpp
-- Up-to-date: /home/hello-robot/ament_ws/install/rosapi_msgs/include/rosapi_msgs/rosapi_msgs/srv/detail/nodes__rosidl_typesupport_fastrtps_cpp.hpp
-- Up-to-date: /home/hello-robot/ament_ws/install/rosapi_msgs/include/rosapi_msgs/rosapi_msgs/srv/detail/dds_fastrtps
-- Up-to-date: /home/hello-robot/ament_ws/install/rosapi_msgs/include/rosapi_msgs/rosapi_msgs/srv/detail/publishers__rosidl_typesupport_fastrtps_cpp.hpp
-- Up-to-date: /home/hello-robot/ament_ws/install/rosapi_msgs/include/rosapi_msgs/rosapi_msgs/srv/detail/get_ros_version__rosidl_typesupport_fastrtps_cpp.hpp
-- Up-to-date: /home/hello-robot/ament_ws/install/rosapi_msgs/include/rosapi_msgs/rosapi_msgs/srv/detail/has_param__rosidl_typesupport_fastrtps_cpp.hpp
-- Up-to-date: /home/hello-robot/ament_ws/install/rosapi_msgs/include/rosapi_msgs/rosapi_msgs/srv/detail/service_response_details__rosidl_typesupport_fastrtps_cpp.hpp
-- Up-to-date: /home/hello-robot/ament_ws/install/rosapi_msgs/include/rosapi_msgs/rosapi_msgs/srv/detail/topics_for_type__rosidl_typesupport_fastrtps_cpp.hpp
-- Up-to-date: /home/hello-robot/ament_ws/install/rosapi_msgs/include/rosapi_msgs/rosapi_msgs/srv/detail/subscribers__rosidl_typesupport_fastrtps_cpp.hpp
-- Up-to-date: /home/hello-robot/ament_ws/install/rosapi_msgs/include/rosapi_msgs/rosapi_msgs/srv/detail/service_type__rosidl_typesupport_fastrtps_cpp.hpp
-- Up-to-date: /home/hello-robot/ament_ws/install/rosapi_msgs/include/rosapi_msgs/rosapi_msgs/srv/detail/get_time__rosidl_typesupport_fastrtps_cpp.hpp
-- Up-to-date: /home/hello-robot/ament_ws/install/rosapi_msgs/include/rosapi_msgs/rosapi_msgs/srv/detail/service_request_details__rosidl_typesupport_fastrtps_cpp.hpp
-- Up-to-date: /home/hello-robot/ament_ws/install/rosapi_msgs/include/rosapi_msgs/rosapi_msgs/srv/detail/node_details__rosidl_typesupport_fastrtps_cpp.hpp
-- Up-to-date: /home/hello-robot/ament_ws/install/rosapi_msgs/include/rosapi_msgs/rosapi_msgs/srv/detail/services__rosidl_typesupport_fastrtps_cpp.hpp
-- Up-to-date: /home/hello-robot/ament_ws/install/rosapi_msgs/include/rosapi_msgs/rosapi_msgs/srv/detail/get_param__rosidl_typesupport_fastrtps_cpp.hpp
-- Up-to-date: /home/hello-robot/ament_ws/install/rosapi_msgs/include/rosapi_msgs/rosapi_msgs/srv/detail/get_action_servers__rosidl_typesupport_fastrtps_cpp.hpp
-- Up-to-date: /home/hello-robot/ament_ws/install/rosapi_msgs/include/rosapi_msgs/rosapi_msgs/srv/detail/service_node__rosidl_typesupport_fastrtps_cpp.hpp
-- Up-to-date: /home/hello-robot/ament_ws/install/rosapi_msgs/include/rosapi_msgs/rosapi_msgs/srv/detail/service_providers__rosidl_typesupport_fastrtps_cpp.hpp
-- Up-to-date: /home/hello-robot/ament_ws/install/rosapi_msgs/include/rosapi_msgs/rosapi_msgs/srv/detail/services_for_type__rosidl_typesupport_fastrtps_cpp.hpp
-- Up-to-date: /home/hello-robot/ament_ws/install/rosapi_msgs/include/rosapi_msgs/rosapi_msgs/srv/detail/get_param_names__rosidl_typesupport_fastrtps_cpp.hpp
-- Up-to-date: /home/hello-robot/ament_ws/install/rosapi_msgs/include/rosapi_msgs/rosapi_msgs/srv/detail/message_details__rosidl_typesupport_fastrtps_cpp.hpp
-- Up-to-date: /home/hello-robot/ament_ws/install/rosapi_msgs/include/rosapi_msgs/rosapi_msgs/srv/detail/topics__rosidl_typesupport_fastrtps_cpp.hpp
-- Up-to-date: /home/hello-robot/ament_ws/install/rosapi_msgs/include/rosapi_msgs/rosapi_msgs/srv/detail/topics_and_raw_types__rosidl_typesupport_fastrtps_cpp.hpp
-- Up-to-date: /home/hello-robot/ament_ws/install/rosapi_msgs/lib/librosapi_msgs__rosidl_typesupport_fastrtps_cpp.so
-- Up-to-date: /home/hello-robot/ament_ws/install/rosapi_msgs/include/rosapi_msgs/rosapi_msgs
-- Up-to-date: /home/hello-robot/ament_ws/install/rosapi_msgs/include/rosapi_msgs/rosapi_msgs/msg
-- Up-to-date: /home/hello-robot/ament_ws/install/rosapi_msgs/include/rosapi_msgs/rosapi_msgs/msg/rosidl_typesupport_introspection_c__visibility_control.h
-- Up-to-date: /home/hello-robot/ament_ws/install/rosapi_msgs/include/rosapi_msgs/rosapi_msgs/msg/detail
-- Up-to-date: /home/hello-robot/ament_ws/install/rosapi_msgs/include/rosapi_msgs/rosapi_msgs/msg/detail/type_def__type_support.c
-- Up-to-date: /home/hello-robot/ament_ws/install/rosapi_msgs/include/rosapi_msgs/rosapi_msgs/msg/detail/type_def__rosidl_typesupport_introspection_c.h
-- Up-to-date: /home/hello-robot/ament_ws/install/rosapi_msgs/include/rosapi_msgs/rosapi_msgs/srv
-- Up-to-date: /home/hello-robot/ament_ws/install/rosapi_msgs/include/rosapi_msgs/rosapi_msgs/srv/detail
-- Up-to-date: /home/hello-robot/ament_ws/install/rosapi_msgs/include/rosapi_msgs/rosapi_msgs/srv/detail/topic_type__rosidl_typesupport_introspection_c.h
-- Up-to-date: /home/hello-robot/ament_ws/install/rosapi_msgs/include/rosapi_msgs/rosapi_msgs/srv/detail/get_time__rosidl_typesupport_introspection_c.h
-- Up-to-date: /home/hello-robot/ament_ws/install/rosapi_msgs/include/rosapi_msgs/rosapi_msgs/srv/detail/publishers__rosidl_typesupport_introspection_c.h
-- Up-to-date: /home/hello-robot/ament_ws/install/rosapi_msgs/include/rosapi_msgs/rosapi_msgs/srv/detail/service_request_details__type_support.c
-- Up-to-date: /home/hello-robot/ament_ws/install/rosapi_msgs/include/rosapi_msgs/rosapi_msgs/srv/detail/service_type__rosidl_typesupport_introspection_c.h
-- Up-to-date: /home/hello-robot/ament_ws/install/rosapi_msgs/include/rosapi_msgs/rosapi_msgs/srv/detail/get_ros_version__type_support.c
-- Up-to-date: /home/hello-robot/ament_ws/install/rosapi_msgs/include/rosapi_msgs/rosapi_msgs/srv/detail/topics_and_raw_types__rosidl_typesupport_introspection_c.h
-- Up-to-date: /home/hello-robot/ament_ws/install/rosapi_msgs/include/rosapi_msgs/rosapi_msgs/srv/detail/set_param__type_support.c
-- Up-to-date: /home/hello-robot/ament_ws/install/rosapi_msgs/include/rosapi_msgs/rosapi_msgs/srv/detail/service_type__type_support.c
-- Up-to-date: /home/hello-robot/ament_ws/install/rosapi_msgs/include/rosapi_msgs/rosapi_msgs/srv/detail/get_action_servers__rosidl_typesupport_introspection_c.h
-- Up-to-date: /home/hello-robot/ament_ws/install/rosapi_msgs/include/rosapi_msgs/rosapi_msgs/srv/detail/get_param__rosidl_typesupport_introspection_c.h
-- Up-to-date: /home/hello-robot/ament_ws/install/rosapi_msgs/include/rosapi_msgs/rosapi_msgs/srv/detail/subscribers__type_support.c
-- Up-to-date: /home/hello-robot/ament_ws/install/rosapi_msgs/include/rosapi_msgs/rosapi_msgs/srv/detail/get_ros_version__rosidl_typesupport_introspection_c.h
-- Up-to-date: /home/hello-robot/ament_ws/install/rosapi_msgs/include/rosapi_msgs/rosapi_msgs/srv/detail/service_node__type_support.c
-- Up-to-date: /home/hello-robot/ament_ws/install/rosapi_msgs/include/rosapi_msgs/rosapi_msgs/srv/detail/subscribers__rosidl_typesupport_introspection_c.h
-- Up-to-date: /home/hello-robot/ament_ws/install/rosapi_msgs/include/rosapi_msgs/rosapi_msgs/srv/detail/services_for_type__type_support.c
-- Up-to-date: /home/hello-robot/ament_ws/install/rosapi_msgs/include/rosapi_msgs/rosapi_msgs/srv/detail/nodes__rosidl_typesupport_introspection_c.h
-- Up-to-date: /home/hello-robot/ament_ws/install/rosapi_msgs/include/rosapi_msgs/rosapi_msgs/srv/detail/topics__type_support.c
-- Up-to-date: /home/hello-robot/ament_ws/install/rosapi_msgs/include/rosapi_msgs/rosapi_msgs/srv/detail/has_param__rosidl_typesupport_introspection_c.h
-- Up-to-date: /home/hello-robot/ament_ws/install/rosapi_msgs/include/rosapi_msgs/rosapi_msgs/srv/detail/service_providers__type_support.c
-- Up-to-date: /home/hello-robot/ament_ws/install/rosapi_msgs/include/rosapi_msgs/rosapi_msgs/srv/detail/service_providers__rosidl_typesupport_introspection_c.h
-- Up-to-date: /home/hello-robot/ament_ws/install/rosapi_msgs/include/rosapi_msgs/rosapi_msgs/srv/detail/publishers__type_support.c
-- Up-to-date: /home/hello-robot/ament_ws/install/rosapi_msgs/include/rosapi_msgs/rosapi_msgs/srv/detail/nodes__type_support.c
-- Up-to-date: /home/hello-robot/ament_ws/install/rosapi_msgs/include/rosapi_msgs/rosapi_msgs/srv/detail/service_node__rosidl_typesupport_introspection_c.h
-- Up-to-date: /home/hello-robot/ament_ws/install/rosapi_msgs/include/rosapi_msgs/rosapi_msgs/srv/detail/get_param_names__rosidl_typesupport_introspection_c.h
-- Up-to-date: /home/hello-robot/ament_ws/install/rosapi_msgs/include/rosapi_msgs/rosapi_msgs/srv/detail/services_for_type__rosidl_typesupport_introspection_c.h
-- Up-to-date: /home/hello-robot/ament_ws/install/rosapi_msgs/include/rosapi_msgs/rosapi_msgs/srv/detail/topics_for_type__type_support.c
-- Up-to-date: /home/hello-robot/ament_ws/install/rosapi_msgs/include/rosapi_msgs/rosapi_msgs/srv/detail/node_details__rosidl_typesupport_introspection_c.h
-- Up-to-date: /home/hello-robot/ament_ws/install/rosapi_msgs/include/rosapi_msgs/rosapi_msgs/srv/detail/services__rosidl_typesupport_introspection_c.h
-- Up-to-date: /home/hello-robot/ament_ws/install/rosapi_msgs/include/rosapi_msgs/rosapi_msgs/srv/detail/get_param__type_support.c
-- Up-to-date: /home/hello-robot/ament_ws/install/rosapi_msgs/include/rosapi_msgs/rosapi_msgs/srv/detail/get_time__type_support.c
-- Up-to-date: /home/hello-robot/ament_ws/install/rosapi_msgs/include/rosapi_msgs/rosapi_msgs/srv/detail/set_param__rosidl_typesupport_introspection_c.h
-- Up-to-date: /home/hello-robot/ament_ws/install/rosapi_msgs/include/rosapi_msgs/rosapi_msgs/srv/detail/delete_param__type_support.c
-- Up-to-date: /home/hello-robot/ament_ws/install/rosapi_msgs/include/rosapi_msgs/rosapi_msgs/srv/detail/service_request_details__rosidl_typesupport_introspection_c.h
-- Up-to-date: /home/hello-robot/ament_ws/install/rosapi_msgs/include/rosapi_msgs/rosapi_msgs/srv/detail/topics_for_type__rosidl_typesupport_introspection_c.h
-- Up-to-date: /home/hello-robot/ament_ws/install/rosapi_msgs/include/rosapi_msgs/rosapi_msgs/srv/detail/service_response_details__rosidl_typesupport_introspection_c.h
-- Up-to-date: /home/hello-robot/ament_ws/install/rosapi_msgs/include/rosapi_msgs/rosapi_msgs/srv/detail/node_details__type_support.c
-- Up-to-date: /home/hello-robot/ament_ws/install/rosapi_msgs/include/rosapi_msgs/rosapi_msgs/srv/detail/get_action_servers__type_support.c
-- Up-to-date: /home/hello-robot/ament_ws/install/rosapi_msgs/include/rosapi_msgs/rosapi_msgs/srv/detail/topics__rosidl_typesupport_introspection_c.h
-- Up-to-date: /home/hello-robot/ament_ws/install/rosapi_msgs/include/rosapi_msgs/rosapi_msgs/srv/detail/message_details__type_support.c
-- Up-to-date: /home/hello-robot/ament_ws/install/rosapi_msgs/include/rosapi_msgs/rosapi_msgs/srv/detail/services__type_support.c
-- Up-to-date: /home/hello-robot/ament_ws/install/rosapi_msgs/include/rosapi_msgs/rosapi_msgs/srv/detail/service_response_details__type_support.c
-- Up-to-date: /home/hello-robot/ament_ws/install/rosapi_msgs/include/rosapi_msgs/rosapi_msgs/srv/detail/delete_param__rosidl_typesupport_introspection_c.h
-- Up-to-date: /home/hello-robot/ament_ws/install/rosapi_msgs/include/rosapi_msgs/rosapi_msgs/srv/detail/message_details__rosidl_typesupport_introspection_c.h
-- Up-to-date: /home/hello-robot/ament_ws/install/rosapi_msgs/include/rosapi_msgs/rosapi_msgs/srv/detail/topic_type__type_support.c
-- Up-to-date: /home/hello-robot/ament_ws/install/rosapi_msgs/include/rosapi_msgs/rosapi_msgs/srv/detail/has_param__type_support.c
-- Up-to-date: /home/hello-robot/ament_ws/install/rosapi_msgs/include/rosapi_msgs/rosapi_msgs/srv/detail/get_param_names__type_support.c
-- Up-to-date: /home/hello-robot/ament_ws/install/rosapi_msgs/include/rosapi_msgs/rosapi_msgs/srv/detail/topics_and_raw_types__type_support.c
-- Up-to-date: /home/hello-robot/ament_ws/install/rosapi_msgs/lib/librosapi_msgs__rosidl_typesupport_introspection_c.so
-- Up-to-date: /home/hello-robot/ament_ws/install/rosapi_msgs/lib/librosapi_msgs__rosidl_typesupport_c.so
-- Up-to-date: /home/hello-robot/ament_ws/install/rosapi_msgs/include/rosapi_msgs/rosapi_msgs
-- Up-to-date: /home/hello-robot/ament_ws/install/rosapi_msgs/include/rosapi_msgs/rosapi_msgs/msg
-- Up-to-date: /home/hello-robot/ament_ws/install/rosapi_msgs/include/rosapi_msgs/rosapi_msgs/msg/detail
-- Up-to-date: /home/hello-robot/ament_ws/install/rosapi_msgs/include/rosapi_msgs/rosapi_msgs/msg/detail/type_def__rosidl_typesupport_introspection_cpp.hpp
-- Up-to-date: /home/hello-robot/ament_ws/install/rosapi_msgs/include/rosapi_msgs/rosapi_msgs/msg/detail/type_def__type_support.cpp
-- Up-to-date: /home/hello-robot/ament_ws/install/rosapi_msgs/include/rosapi_msgs/rosapi_msgs/srv
-- Up-to-date: /home/hello-robot/ament_ws/install/rosapi_msgs/include/rosapi_msgs/rosapi_msgs/srv/detail
-- Up-to-date: /home/hello-robot/ament_ws/install/rosapi_msgs/include/rosapi_msgs/rosapi_msgs/srv/detail/service_node__type_support.cpp
-- Up-to-date: /home/hello-robot/ament_ws/install/rosapi_msgs/include/rosapi_msgs/rosapi_msgs/srv/detail/subscribers__rosidl_typesupport_introspection_cpp.hpp
-- Up-to-date: /home/hello-robot/ament_ws/install/rosapi_msgs/include/rosapi_msgs/rosapi_msgs/srv/detail/get_action_servers__type_support.cpp
-- Up-to-date: /home/hello-robot/ament_ws/install/rosapi_msgs/include/rosapi_msgs/rosapi_msgs/srv/detail/get_ros_version__rosidl_typesupport_introspection_cpp.hpp
-- Up-to-date: /home/hello-robot/ament_ws/install/rosapi_msgs/include/rosapi_msgs/rosapi_msgs/srv/detail/has_param__rosidl_typesupport_introspection_cpp.hpp
-- Up-to-date: /home/hello-robot/ament_ws/install/rosapi_msgs/include/rosapi_msgs/rosapi_msgs/srv/detail/get_param__rosidl_typesupport_introspection_cpp.hpp
-- Up-to-date: /home/hello-robot/ament_ws/install/rosapi_msgs/include/rosapi_msgs/rosapi_msgs/srv/detail/service_request_details__type_support.cpp
-- Up-to-date: /home/hello-robot/ament_ws/install/rosapi_msgs/include/rosapi_msgs/rosapi_msgs/srv/detail/get_param__type_support.cpp
-- Up-to-date: /home/hello-robot/ament_ws/install/rosapi_msgs/include/rosapi_msgs/rosapi_msgs/srv/detail/service_providers__type_support.cpp
-- Up-to-date: /home/hello-robot/ament_ws/install/rosapi_msgs/include/rosapi_msgs/rosapi_msgs/srv/detail/service_type__rosidl_typesupport_introspection_cpp.hpp
-- Up-to-date: /home/hello-robot/ament_ws/install/rosapi_msgs/include/rosapi_msgs/rosapi_msgs/srv/detail/services__type_support.cpp
-- Up-to-date: /home/hello-robot/ament_ws/install/rosapi_msgs/include/rosapi_msgs/rosapi_msgs/srv/detail/service_type__type_support.cpp
-- Up-to-date: /home/hello-robot/ament_ws/install/rosapi_msgs/include/rosapi_msgs/rosapi_msgs/srv/detail/topics__rosidl_typesupport_introspection_cpp.hpp
-- Up-to-date: /home/hello-robot/ament_ws/install/rosapi_msgs/include/rosapi_msgs/rosapi_msgs/srv/detail/service_response_details__rosidl_typesupport_introspection_cpp.hpp
-- Up-to-date: /home/hello-robot/ament_ws/install/rosapi_msgs/include/rosapi_msgs/rosapi_msgs/srv/detail/nodes__type_support.cpp
-- Up-to-date: /home/hello-robot/ament_ws/install/rosapi_msgs/include/rosapi_msgs/rosapi_msgs/srv/detail/get_action_servers__rosidl_typesupport_introspection_cpp.hpp
-- Up-to-date: /home/hello-robot/ament_ws/install/rosapi_msgs/include/rosapi_msgs/rosapi_msgs/srv/detail/node_details__rosidl_typesupport_introspection_cpp.hpp
-- Up-to-date: /home/hello-robot/ament_ws/install/rosapi_msgs/include/rosapi_msgs/rosapi_msgs/srv/detail/topics_and_raw_types__type_support.cpp
-- Up-to-date: /home/hello-robot/ament_ws/install/rosapi_msgs/include/rosapi_msgs/rosapi_msgs/srv/detail/delete_param__rosidl_typesupport_introspection_cpp.hpp
-- Up-to-date: /home/hello-robot/ament_ws/install/rosapi_msgs/include/rosapi_msgs/rosapi_msgs/srv/detail/get_param_names__rosidl_typesupport_introspection_cpp.hpp
-- Up-to-date: /home/hello-robot/ament_ws/install/rosapi_msgs/include/rosapi_msgs/rosapi_msgs/srv/detail/nodes__rosidl_typesupport_introspection_cpp.hpp
-- Up-to-date: /home/hello-robot/ament_ws/install/rosapi_msgs/include/rosapi_msgs/rosapi_msgs/srv/detail/get_time__rosidl_typesupport_introspection_cpp.hpp
-- Up-to-date: /home/hello-robot/ament_ws/install/rosapi_msgs/include/rosapi_msgs/rosapi_msgs/srv/detail/set_param__rosidl_typesupport_introspection_cpp.hpp
-- Up-to-date: /home/hello-robot/ament_ws/install/rosapi_msgs/include/rosapi_msgs/rosapi_msgs/srv/detail/has_param__type_support.cpp
-- Up-to-date: /home/hello-robot/ament_ws/install/rosapi_msgs/include/rosapi_msgs/rosapi_msgs/srv/detail/topic_type__rosidl_typesupport_introspection_cpp.hpp
-- Up-to-date: /home/hello-robot/ament_ws/install/rosapi_msgs/include/rosapi_msgs/rosapi_msgs/srv/detail/node_details__type_support.cpp
-- Up-to-date: /home/hello-robot/ament_ws/install/rosapi_msgs/include/rosapi_msgs/rosapi_msgs/srv/detail/get_param_names__type_support.cpp
-- Up-to-date: /home/hello-robot/ament_ws/install/rosapi_msgs/include/rosapi_msgs/rosapi_msgs/srv/detail/topic_type__type_support.cpp
-- Up-to-date: /home/hello-robot/ament_ws/install/rosapi_msgs/include/rosapi_msgs/rosapi_msgs/srv/detail/topics_for_type__rosidl_typesupport_introspection_cpp.hpp
-- Up-to-date: /home/hello-robot/ament_ws/install/rosapi_msgs/include/rosapi_msgs/rosapi_msgs/srv/detail/message_details__rosidl_typesupport_introspection_cpp.hpp
-- Up-to-date: /home/hello-robot/ament_ws/install/rosapi_msgs/include/rosapi_msgs/rosapi_msgs/srv/detail/services_for_type__type_support.cpp
-- Up-to-date: /home/hello-robot/ament_ws/install/rosapi_msgs/include/rosapi_msgs/rosapi_msgs/srv/detail/service_response_details__type_support.cpp
-- Up-to-date: /home/hello-robot/ament_ws/install/rosapi_msgs/include/rosapi_msgs/rosapi_msgs/srv/detail/topics__type_support.cpp
-- Up-to-date: /home/hello-robot/ament_ws/install/rosapi_msgs/include/rosapi_msgs/rosapi_msgs/srv/detail/service_providers__rosidl_typesupport_introspection_cpp.hpp
-- Up-to-date: /home/hello-robot/ament_ws/install/rosapi_msgs/include/rosapi_msgs/rosapi_msgs/srv/detail/set_param__type_support.cpp
-- Up-to-date: /home/hello-robot/ament_ws/install/rosapi_msgs/include/rosapi_msgs/rosapi_msgs/srv/detail/message_details__type_support.cpp
-- Up-to-date: /home/hello-robot/ament_ws/install/rosapi_msgs/include/rosapi_msgs/rosapi_msgs/srv/detail/subscribers__type_support.cpp
-- Up-to-date: /home/hello-robot/ament_ws/install/rosapi_msgs/include/rosapi_msgs/rosapi_msgs/srv/detail/topics_for_type__type_support.cpp
-- Up-to-date: /home/hello-robot/ament_ws/install/rosapi_msgs/include/rosapi_msgs/rosapi_msgs/srv/detail/get_time__type_support.cpp
-- Up-to-date: /home/hello-robot/ament_ws/install/rosapi_msgs/include/rosapi_msgs/rosapi_msgs/srv/detail/services_for_type__rosidl_typesupport_introspection_cpp.hpp
-- Up-to-date: /home/hello-robot/ament_ws/install/rosapi_msgs/include/rosapi_msgs/rosapi_msgs/srv/detail/topics_and_raw_types__rosidl_typesupport_introspection_cpp.hpp
-- Up-to-date: /home/hello-robot/ament_ws/install/rosapi_msgs/include/rosapi_msgs/rosapi_msgs/srv/detail/service_request_details__rosidl_typesupport_introspection_cpp.hpp
-- Up-to-date: /home/hello-robot/ament_ws/install/rosapi_msgs/include/rosapi_msgs/rosapi_msgs/srv/detail/service_node__rosidl_typesupport_introspection_cpp.hpp
-- Up-to-date: /home/hello-robot/ament_ws/install/rosapi_msgs/include/rosapi_msgs/rosapi_msgs/srv/detail/get_ros_version__type_support.cpp
-- Up-to-date: /home/hello-robot/ament_ws/install/rosapi_msgs/include/rosapi_msgs/rosapi_msgs/srv/detail/delete_param__type_support.cpp
-- Up-to-date: /home/hello-robot/ament_ws/install/rosapi_msgs/include/rosapi_msgs/rosapi_msgs/srv/detail/publishers__type_support.cpp
-- Up-to-date: /home/hello-robot/ament_ws/install/rosapi_msgs/include/rosapi_msgs/rosapi_msgs/srv/detail/publishers__rosidl_typesupport_introspection_cpp.hpp
-- Up-to-date: /home/hello-robot/ament_ws/install/rosapi_msgs/include/rosapi_msgs/rosapi_msgs/srv/detail/services__rosidl_typesupport_introspection_cpp.hpp
-- Up-to-date: /home/hello-robot/ament_ws/install/rosapi_msgs/lib/librosapi_msgs__rosidl_typesupport_introspection_cpp.so
-- Up-to-date: /home/hello-robot/ament_ws/install/rosapi_msgs/lib/librosapi_msgs__rosidl_typesupport_cpp.so
-- Up-to-date: /home/hello-robot/ament_ws/install/rosapi_msgs/share/rosapi_msgs/environment/pythonpath.sh
-- Installing: /home/hello-robot/ament_ws/install/rosapi_msgs/share/rosapi_msgs/environment/pythonpath.dsv
-- Up-to-date: /home/hello-robot/ament_ws/install/rosapi_msgs/local/lib/python3.10/dist-packages/rosapi_msgs-1.3.2-py3.10.egg-info
-- Installing: /home/hello-robot/ament_ws/install/rosapi_msgs/local/lib/python3.10/dist-packages/rosapi_msgs-1.3.2-py3.10.egg-info/PKG-INFO
-- Installing: /home/hello-robot/ament_ws/install/rosapi_msgs/local/lib/python3.10/dist-packages/rosapi_msgs-1.3.2-py3.10.egg-info/dependency_links.txt
-- Installing: /home/hello-robot/ament_ws/install/rosapi_msgs/local/lib/python3.10/dist-packages/rosapi_msgs-1.3.2-py3.10.egg-info/SOURCES.txt
-- Installing: /home/hello-robot/ament_ws/install/rosapi_msgs/local/lib/python3.10/dist-packages/rosapi_msgs-1.3.2-py3.10.egg-info/top_level.txt
-- Up-to-date: /home/hello-robot/ament_ws/install/rosapi_msgs/local/lib/python3.10/dist-packages/rosapi_msgs
-- Up-to-date: /home/hello-robot/ament_ws/install/rosapi_msgs/local/lib/python3.10/dist-packages/rosapi_msgs/_rosapi_msgs_s.ep.rosidl_typesupport_introspection_c.c
-- Up-to-date: /home/hello-robot/ament_ws/install/rosapi_msgs/local/lib/python3.10/dist-packages/rosapi_msgs/msg
-- Up-to-date: /home/hello-robot/ament_ws/install/rosapi_msgs/local/lib/python3.10/dist-packages/rosapi_msgs/msg/__init__.py
-- Up-to-date: /home/hello-robot/ament_ws/install/rosapi_msgs/local/lib/python3.10/dist-packages/rosapi_msgs/msg/_type_def_s.c
-- Up-to-date: /home/hello-robot/ament_ws/install/rosapi_msgs/local/lib/python3.10/dist-packages/rosapi_msgs/msg/_type_def.py
-- Installing: /home/hello-robot/ament_ws/install/rosapi_msgs/local/lib/python3.10/dist-packages/rosapi_msgs/__init__.py
-- Up-to-date: /home/hello-robot/ament_ws/install/rosapi_msgs/local/lib/python3.10/dist-packages/rosapi_msgs/rosapi_msgs_s__rosidl_typesupport_c.cpython-310-x86_64-linux-gnu.so
-- Up-to-date: /home/hello-robot/ament_ws/install/rosapi_msgs/local/lib/python3.10/dist-packages/rosapi_msgs/_rosapi_msgs_s.ep.rosidl_typesupport_fastrtps_c.c
-- Up-to-date: /home/hello-robot/ament_ws/install/rosapi_msgs/local/lib/python3.10/dist-packages/rosapi_msgs/librosapi_msgs__rosidl_generator_py.so
-- Up-to-date: /home/hello-robot/ament_ws/install/rosapi_msgs/local/lib/python3.10/dist-packages/rosapi_msgs/rosapi_msgs_s__rosidl_typesupport_introspection_c.cpython-310-x86_64-linux-gnu.so
-- Up-to-date: /home/hello-robot/ament_ws/install/rosapi_msgs/local/lib/python3.10/dist-packages/rosapi_msgs/srv
-- Up-to-date: /home/hello-robot/ament_ws/install/rosapi_msgs/local/lib/python3.10/dist-packages/rosapi_msgs/srv/_get_param_names.py
-- Up-to-date: /home/hello-robot/ament_ws/install/rosapi_msgs/local/lib/python3.10/dist-packages/rosapi_msgs/srv/_service_response_details.py
-- Up-to-date: /home/hello-robot/ament_ws/install/rosapi_msgs/local/lib/python3.10/dist-packages/rosapi_msgs/srv/_service_request_details_s.c
-- Up-to-date: /home/hello-robot/ament_ws/install/rosapi_msgs/local/lib/python3.10/dist-packages/rosapi_msgs/srv/_has_param_s.c
-- Up-to-date: /home/hello-robot/ament_ws/install/rosapi_msgs/local/lib/python3.10/dist-packages/rosapi_msgs/srv/_topics.py
-- Up-to-date: /home/hello-robot/ament_ws/install/rosapi_msgs/local/lib/python3.10/dist-packages/rosapi_msgs/srv/_service_response_details_s.c
-- Up-to-date: /home/hello-robot/ament_ws/install/rosapi_msgs/local/lib/python3.10/dist-packages/rosapi_msgs/srv/_get_param.py
-- Up-to-date: /home/hello-robot/ament_ws/install/rosapi_msgs/local/lib/python3.10/dist-packages/rosapi_msgs/srv/_nodes_s.c
-- Up-to-date: /home/hello-robot/ament_ws/install/rosapi_msgs/local/lib/python3.10/dist-packages/rosapi_msgs/srv/__init__.py
-- Up-to-date: /home/hello-robot/ament_ws/install/rosapi_msgs/local/lib/python3.10/dist-packages/rosapi_msgs/srv/_topic_type_s.c
-- Up-to-date: /home/hello-robot/ament_ws/install/rosapi_msgs/local/lib/python3.10/dist-packages/rosapi_msgs/srv/_publishers.py
-- Up-to-date: /home/hello-robot/ament_ws/install/rosapi_msgs/local/lib/python3.10/dist-packages/rosapi_msgs/srv/_services.py
-- Up-to-date: /home/hello-robot/ament_ws/install/rosapi_msgs/local/lib/python3.10/dist-packages/rosapi_msgs/srv/_message_details.py
-- Up-to-date: /home/hello-robot/ament_ws/install/rosapi_msgs/local/lib/python3.10/dist-packages/rosapi_msgs/srv/_node_details.py
-- Up-to-date: /home/hello-robot/ament_ws/install/rosapi_msgs/local/lib/python3.10/dist-packages/rosapi_msgs/srv/_topics_and_raw_types.py
-- Up-to-date: /home/hello-robot/ament_ws/install/rosapi_msgs/local/lib/python3.10/dist-packages/rosapi_msgs/srv/_service_type_s.c
-- Up-to-date: /home/hello-robot/ament_ws/install/rosapi_msgs/local/lib/python3.10/dist-packages/rosapi_msgs/srv/_service_type.py
-- Up-to-date: /home/hello-robot/ament_ws/install/rosapi_msgs/local/lib/python3.10/dist-packages/rosapi_msgs/srv/_subscribers.py
-- Up-to-date: /home/hello-robot/ament_ws/install/rosapi_msgs/local/lib/python3.10/dist-packages/rosapi_msgs/srv/_service_request_details.py
-- Up-to-date: /home/hello-robot/ament_ws/install/rosapi_msgs/local/lib/python3.10/dist-packages/rosapi_msgs/srv/_service_node_s.c
-- Up-to-date: /home/hello-robot/ament_ws/install/rosapi_msgs/local/lib/python3.10/dist-packages/rosapi_msgs/srv/_get_ros_version.py
-- Up-to-date: /home/hello-robot/ament_ws/install/rosapi_msgs/local/lib/python3.10/dist-packages/rosapi_msgs/srv/_delete_param_s.c
-- Up-to-date: /home/hello-robot/ament_ws/install/rosapi_msgs/local/lib/python3.10/dist-packages/rosapi_msgs/srv/_delete_param.py
-- Up-to-date: /home/hello-robot/ament_ws/install/rosapi_msgs/local/lib/python3.10/dist-packages/rosapi_msgs/srv/_get_ros_version_s.c
-- Up-to-date: /home/hello-robot/ament_ws/install/rosapi_msgs/local/lib/python3.10/dist-packages/rosapi_msgs/srv/_get_time.py
-- Up-to-date: /home/hello-robot/ament_ws/install/rosapi_msgs/local/lib/python3.10/dist-packages/rosapi_msgs/srv/_service_node.py
-- Up-to-date: /home/hello-robot/ament_ws/install/rosapi_msgs/local/lib/python3.10/dist-packages/rosapi_msgs/srv/_set_param.py
-- Up-to-date: /home/hello-robot/ament_ws/install/rosapi_msgs/local/lib/python3.10/dist-packages/rosapi_msgs/srv/_get_time_s.c
-- Up-to-date: /home/hello-robot/ament_ws/install/rosapi_msgs/local/lib/python3.10/dist-packages/rosapi_msgs/srv/_get_param_s.c
-- Up-to-date: /home/hello-robot/ament_ws/install/rosapi_msgs/local/lib/python3.10/dist-packages/rosapi_msgs/srv/_publishers_s.c
-- Up-to-date: /home/hello-robot/ament_ws/install/rosapi_msgs/local/lib/python3.10/dist-packages/rosapi_msgs/srv/_topics_s.c
-- Up-to-date: /home/hello-robot/ament_ws/install/rosapi_msgs/local/lib/python3.10/dist-packages/rosapi_msgs/srv/_get_action_servers.py
-- Up-to-date: /home/hello-robot/ament_ws/install/rosapi_msgs/local/lib/python3.10/dist-packages/rosapi_msgs/srv/_services_s.c
-- Up-to-date: /home/hello-robot/ament_ws/install/rosapi_msgs/local/lib/python3.10/dist-packages/rosapi_msgs/srv/_set_param_s.c
-- Up-to-date: /home/hello-robot/ament_ws/install/rosapi_msgs/local/lib/python3.10/dist-packages/rosapi_msgs/srv/_topics_for_type_s.c
-- Up-to-date: /home/hello-robot/ament_ws/install/rosapi_msgs/local/lib/python3.10/dist-packages/rosapi_msgs/srv/_services_for_type_s.c
-- Up-to-date: /home/hello-robot/ament_ws/install/rosapi_msgs/local/lib/python3.10/dist-packages/rosapi_msgs/srv/_service_providers.py
-- Up-to-date: /home/hello-robot/ament_ws/install/rosapi_msgs/local/lib/python3.10/dist-packages/rosapi_msgs/srv/_nodes.py
-- Up-to-date: /home/hello-robot/ament_ws/install/rosapi_msgs/local/lib/python3.10/dist-packages/rosapi_msgs/srv/_topics_and_raw_types_s.c
-- Up-to-date: /home/hello-robot/ament_ws/install/rosapi_msgs/local/lib/python3.10/dist-packages/rosapi_msgs/srv/_topics_for_type.py
-- Up-to-date: /home/hello-robot/ament_ws/install/rosapi_msgs/local/lib/python3.10/dist-packages/rosapi_msgs/srv/_topic_type.py
-- Up-to-date: /home/hello-robot/ament_ws/install/rosapi_msgs/local/lib/python3.10/dist-packages/rosapi_msgs/srv/_get_param_names_s.c
-- Up-to-date: /home/hello-robot/ament_ws/install/rosapi_msgs/local/lib/python3.10/dist-packages/rosapi_msgs/srv/_services_for_type.py
-- Up-to-date: /home/hello-robot/ament_ws/install/rosapi_msgs/local/lib/python3.10/dist-packages/rosapi_msgs/srv/_get_action_servers_s.c
-- Up-to-date: /home/hello-robot/ament_ws/install/rosapi_msgs/local/lib/python3.10/dist-packages/rosapi_msgs/srv/_service_providers_s.c
-- Up-to-date: /home/hello-robot/ament_ws/install/rosapi_msgs/local/lib/python3.10/dist-packages/rosapi_msgs/srv/_message_details_s.c
-- Up-to-date: /home/hello-robot/ament_ws/install/rosapi_msgs/local/lib/python3.10/dist-packages/rosapi_msgs/srv/_node_details_s.c
-- Up-to-date: /home/hello-robot/ament_ws/install/rosapi_msgs/local/lib/python3.10/dist-packages/rosapi_msgs/srv/_subscribers_s.c
-- Up-to-date: /home/hello-robot/ament_ws/install/rosapi_msgs/local/lib/python3.10/dist-packages/rosapi_msgs/srv/_has_param.py
-- Up-to-date: /home/hello-robot/ament_ws/install/rosapi_msgs/local/lib/python3.10/dist-packages/rosapi_msgs/_rosapi_msgs_s.ep.rosidl_typesupport_c.c
-- Up-to-date: /home/hello-robot/ament_ws/install/rosapi_msgs/local/lib/python3.10/dist-packages/rosapi_msgs/rosapi_msgs_s__rosidl_typesupport_fastrtps_c.cpython-310-x86_64-linux-gnu.so
Listing '/home/hello-robot/ament_ws/install/rosapi_msgs/local/lib/python3.10/dist-packages/rosapi_msgs'...
Compiling '/home/hello-robot/ament_ws/install/rosapi_msgs/local/lib/python3.10/dist-packages/rosapi_msgs/__init__.py'...
Listing '/home/hello-robot/ament_ws/install/rosapi_msgs/local/lib/python3.10/dist-packages/rosapi_msgs/msg'...
Listing '/home/hello-robot/ament_ws/install/rosapi_msgs/local/lib/python3.10/dist-packages/rosapi_msgs/srv'...
-- Up-to-date: /home/hello-robot/ament_ws/install/rosapi_msgs/local/lib/python3.10/dist-packages/rosapi_msgs/rosapi_msgs_s__rosidl_typesupport_fastrtps_c.cpython-310-x86_64-linux-gnu.so
-- Up-to-date: /home/hello-robot/ament_ws/install/rosapi_msgs/local/lib/python3.10/dist-packages/rosapi_msgs/rosapi_msgs_s__rosidl_typesupport_introspection_c.cpython-310-x86_64-linux-gnu.so
-- Up-to-date: /home/hello-robot/ament_ws/install/rosapi_msgs/local/lib/python3.10/dist-packages/rosapi_msgs/rosapi_msgs_s__rosidl_typesupport_c.cpython-310-x86_64-linux-gnu.so
-- Up-to-date: /home/hello-robot/ament_ws/install/rosapi_msgs/lib/librosapi_msgs__rosidl_generator_py.so
-- Up-to-date: /home/hello-robot/ament_ws/install/rosapi_msgs/share/rosapi_msgs/msg/TypeDef.idl
-- Up-to-date: /home/hello-robot/ament_ws/install/rosapi_msgs/share/rosapi_msgs/srv/DeleteParam.idl
-- Up-to-date: /home/hello-robot/ament_ws/install/rosapi_msgs/share/rosapi_msgs/srv/GetActionServers.idl
-- Up-to-date: /home/hello-robot/ament_ws/install/rosapi_msgs/share/rosapi_msgs/srv/GetParam.idl
-- Up-to-date: /home/hello-robot/ament_ws/install/rosapi_msgs/share/rosapi_msgs/srv/GetParamNames.idl
-- Up-to-date: /home/hello-robot/ament_ws/install/rosapi_msgs/share/rosapi_msgs/srv/GetROSVersion.idl
-- Up-to-date: /home/hello-robot/ament_ws/install/rosapi_msgs/share/rosapi_msgs/srv/GetTime.idl
-- Up-to-date: /home/hello-robot/ament_ws/install/rosapi_msgs/share/rosapi_msgs/srv/HasParam.idl
-- Up-to-date: /home/hello-robot/ament_ws/install/rosapi_msgs/share/rosapi_msgs/srv/MessageDetails.idl
-- Up-to-date: /home/hello-robot/ament_ws/install/rosapi_msgs/share/rosapi_msgs/srv/Nodes.idl
-- Up-to-date: /home/hello-robot/ament_ws/install/rosapi_msgs/share/rosapi_msgs/srv/NodeDetails.idl
-- Up-to-date: /home/hello-robot/ament_ws/install/rosapi_msgs/share/rosapi_msgs/srv/Publishers.idl
-- Up-to-date: /home/hello-robot/ament_ws/install/rosapi_msgs/share/rosapi_msgs/srv/ServiceNode.idl
-- Up-to-date: /home/hello-robot/ament_ws/install/rosapi_msgs/share/rosapi_msgs/srv/ServiceProviders.idl
-- Up-to-date: /home/hello-robot/ament_ws/install/rosapi_msgs/share/rosapi_msgs/srv/ServiceRequestDetails.idl
-- Up-to-date: /home/hello-robot/ament_ws/install/rosapi_msgs/share/rosapi_msgs/srv/ServiceResponseDetails.idl
-- Up-to-date: /home/hello-robot/ament_ws/install/rosapi_msgs/share/rosapi_msgs/srv/Services.idl
-- Up-to-date: /home/hello-robot/ament_ws/install/rosapi_msgs/share/rosapi_msgs/srv/ServicesForType.idl
-- Up-to-date: /home/hello-robot/ament_ws/install/rosapi_msgs/share/rosapi_msgs/srv/ServiceType.idl
-- Up-to-date: /home/hello-robot/ament_ws/install/rosapi_msgs/share/rosapi_msgs/srv/SetParam.idl
-- Up-to-date: /home/hello-robot/ament_ws/install/rosapi_msgs/share/rosapi_msgs/srv/Subscribers.idl
-- Up-to-date: /home/hello-robot/ament_ws/install/rosapi_msgs/share/rosapi_msgs/srv/Topics.idl
-- Up-to-date: /home/hello-robot/ament_ws/install/rosapi_msgs/share/rosapi_msgs/srv/TopicsAndRawTypes.idl
-- Up-to-date: /home/hello-robot/ament_ws/install/rosapi_msgs/share/rosapi_msgs/srv/TopicsForType.idl
-- Up-to-date: /home/hello-robot/ament_ws/install/rosapi_msgs/share/rosapi_msgs/srv/TopicType.idl
-- Up-to-date: /home/hello-robot/ament_ws/install/rosapi_msgs/share/rosapi_msgs/msg/TypeDef.msg
-- Up-to-date: /home/hello-robot/ament_ws/install/rosapi_msgs/share/rosapi_msgs/srv/DeleteParam.srv
-- Up-to-date: /home/hello-robot/ament_ws/install/rosapi_msgs/share/rosapi_msgs/srv/DeleteParam_Request.msg
-- Up-to-date: /home/hello-robot/ament_ws/install/rosapi_msgs/share/rosapi_msgs/srv/DeleteParam_Response.msg
-- Up-to-date: /home/hello-robot/ament_ws/install/rosapi_msgs/share/rosapi_msgs/srv/GetActionServers.srv
-- Up-to-date: /home/hello-robot/ament_ws/install/rosapi_msgs/share/rosapi_msgs/srv/GetActionServers_Request.msg
-- Up-to-date: /home/hello-robot/ament_ws/install/rosapi_msgs/share/rosapi_msgs/srv/GetActionServers_Response.msg
-- Up-to-date: /home/hello-robot/ament_ws/install/rosapi_msgs/share/rosapi_msgs/srv/GetParam.srv
-- Up-to-date: /home/hello-robot/ament_ws/install/rosapi_msgs/share/rosapi_msgs/srv/GetParam_Request.msg
-- Up-to-date: /home/hello-robot/ament_ws/install/rosapi_msgs/share/rosapi_msgs/srv/GetParam_Response.msg
-- Up-to-date: /home/hello-robot/ament_ws/install/rosapi_msgs/share/rosapi_msgs/srv/GetParamNames.srv
-- Up-to-date: /home/hello-robot/ament_ws/install/rosapi_msgs/share/rosapi_msgs/srv/GetParamNames_Request.msg
-- Up-to-date: /home/hello-robot/ament_ws/install/rosapi_msgs/share/rosapi_msgs/srv/GetParamNames_Response.msg
-- Up-to-date: /home/hello-robot/ament_ws/install/rosapi_msgs/share/rosapi_msgs/srv/GetROSVersion.srv
-- Up-to-date: /home/hello-robot/ament_ws/install/rosapi_msgs/share/rosapi_msgs/srv/GetROSVersion_Request.msg
-- Up-to-date: /home/hello-robot/ament_ws/install/rosapi_msgs/share/rosapi_msgs/srv/GetROSVersion_Response.msg
-- Up-to-date: /home/hello-robot/ament_ws/install/rosapi_msgs/share/rosapi_msgs/srv/GetTime.srv
-- Up-to-date: /home/hello-robot/ament_ws/install/rosapi_msgs/share/rosapi_msgs/srv/GetTime_Request.msg
-- Up-to-date: /home/hello-robot/ament_ws/install/rosapi_msgs/share/rosapi_msgs/srv/GetTime_Response.msg
-- Up-to-date: /home/hello-robot/ament_ws/install/rosapi_msgs/share/rosapi_msgs/srv/HasParam.srv
-- Up-to-date: /home/hello-robot/ament_ws/install/rosapi_msgs/share/rosapi_msgs/srv/HasParam_Request.msg
-- Up-to-date: /home/hello-robot/ament_ws/install/rosapi_msgs/share/rosapi_msgs/srv/HasParam_Response.msg
-- Up-to-date: /home/hello-robot/ament_ws/install/rosapi_msgs/share/rosapi_msgs/srv/MessageDetails.srv
-- Up-to-date: /home/hello-robot/ament_ws/install/rosapi_msgs/share/rosapi_msgs/srv/MessageDetails_Request.msg
-- Up-to-date: /home/hello-robot/ament_ws/install/rosapi_msgs/share/rosapi_msgs/srv/MessageDetails_Response.msg
-- Up-to-date: /home/hello-robot/ament_ws/install/rosapi_msgs/share/rosapi_msgs/srv/Nodes.srv
-- Up-to-date: /home/hello-robot/ament_ws/install/rosapi_msgs/share/rosapi_msgs/srv/Nodes_Request.msg
-- Up-to-date: /home/hello-robot/ament_ws/install/rosapi_msgs/share/rosapi_msgs/srv/Nodes_Response.msg
-- Up-to-date: /home/hello-robot/ament_ws/install/rosapi_msgs/share/rosapi_msgs/srv/NodeDetails.srv
-- Up-to-date: /home/hello-robot/ament_ws/install/rosapi_msgs/share/rosapi_msgs/srv/NodeDetails_Request.msg
-- Up-to-date: /home/hello-robot/ament_ws/install/rosapi_msgs/share/rosapi_msgs/srv/NodeDetails_Response.msg
-- Up-to-date: /home/hello-robot/ament_ws/install/rosapi_msgs/share/rosapi_msgs/srv/Publishers.srv
-- Up-to-date: /home/hello-robot/ament_ws/install/rosapi_msgs/share/rosapi_msgs/srv/Publishers_Request.msg
-- Up-to-date: /home/hello-robot/ament_ws/install/rosapi_msgs/share/rosapi_msgs/srv/Publishers_Response.msg
-- Up-to-date: /home/hello-robot/ament_ws/install/rosapi_msgs/share/rosapi_msgs/srv/ServiceNode.srv
-- Up-to-date: /home/hello-robot/ament_ws/install/rosapi_msgs/share/rosapi_msgs/srv/ServiceNode_Request.msg
-- Up-to-date: /home/hello-robot/ament_ws/install/rosapi_msgs/share/rosapi_msgs/srv/ServiceNode_Response.msg
-- Up-to-date: /home/hello-robot/ament_ws/install/rosapi_msgs/share/rosapi_msgs/srv/ServiceProviders.srv
-- Up-to-date: /home/hello-robot/ament_ws/install/rosapi_msgs/share/rosapi_msgs/srv/ServiceProviders_Request.msg
-- Up-to-date: /home/hello-robot/ament_ws/install/rosapi_msgs/share/rosapi_msgs/srv/ServiceProviders_Response.msg
-- Up-to-date: /home/hello-robot/ament_ws/install/rosapi_msgs/share/rosapi_msgs/srv/ServiceRequestDetails.srv
-- Up-to-date: /home/hello-robot/ament_ws/install/rosapi_msgs/share/rosapi_msgs/srv/ServiceRequestDetails_Request.msg
-- Up-to-date: /home/hello-robot/ament_ws/install/rosapi_msgs/share/rosapi_msgs/srv/ServiceRequestDetails_Response.msg
-- Up-to-date: /home/hello-robot/ament_ws/install/rosapi_msgs/share/rosapi_msgs/srv/ServiceResponseDetails.srv
-- Up-to-date: /home/hello-robot/ament_ws/install/rosapi_msgs/share/rosapi_msgs/srv/ServiceResponseDetails_Request.msg
-- Up-to-date: /home/hello-robot/ament_ws/install/rosapi_msgs/share/rosapi_msgs/srv/ServiceResponseDetails_Response.msg
-- Up-to-date: /home/hello-robot/ament_ws/install/rosapi_msgs/share/rosapi_msgs/srv/Services.srv
-- Up-to-date: /home/hello-robot/ament_ws/install/rosapi_msgs/share/rosapi_msgs/srv/Services_Request.msg
-- Up-to-date: /home/hello-robot/ament_ws/install/rosapi_msgs/share/rosapi_msgs/srv/Services_Response.msg
-- Up-to-date: /home/hello-robot/ament_ws/install/rosapi_msgs/share/rosapi_msgs/srv/ServicesForType.srv
-- Up-to-date: /home/hello-robot/ament_ws/install/rosapi_msgs/share/rosapi_msgs/srv/ServicesForType_Request.msg
-- Up-to-date: /home/hello-robot/ament_ws/install/rosapi_msgs/share/rosapi_msgs/srv/ServicesForType_Response.msg
-- Up-to-date: /home/hello-robot/ament_ws/install/rosapi_msgs/share/rosapi_msgs/srv/ServiceType.srv
-- Up-to-date: /home/hello-robot/ament_ws/install/rosapi_msgs/share/rosapi_msgs/srv/ServiceType_Request.msg
-- Up-to-date: /home/hello-robot/ament_ws/install/rosapi_msgs/share/rosapi_msgs/srv/ServiceType_Response.msg
-- Up-to-date: /home/hello-robot/ament_ws/install/rosapi_msgs/share/rosapi_msgs/srv/SetParam.srv
-- Up-to-date: /home/hello-robot/ament_ws/install/rosapi_msgs/share/rosapi_msgs/srv/SetParam_Request.msg
-- Up-to-date: /home/hello-robot/ament_ws/install/rosapi_msgs/share/rosapi_msgs/srv/SetParam_Response.msg
-- Up-to-date: /home/hello-robot/ament_ws/install/rosapi_msgs/share/rosapi_msgs/srv/Subscribers.srv
-- Up-to-date: /home/hello-robot/ament_ws/install/rosapi_msgs/share/rosapi_msgs/srv/Subscribers_Request.msg
-- Up-to-date: /home/hello-robot/ament_ws/install/rosapi_msgs/share/rosapi_msgs/srv/Subscribers_Response.msg
-- Up-to-date: /home/hello-robot/ament_ws/install/rosapi_msgs/share/rosapi_msgs/srv/Topics.srv
-- Up-to-date: /home/hello-robot/ament_ws/install/rosapi_msgs/share/rosapi_msgs/srv/Topics_Request.msg
-- Up-to-date: /home/hello-robot/ament_ws/install/rosapi_msgs/share/rosapi_msgs/srv/Topics_Response.msg
-- Up-to-date: /home/hello-robot/ament_ws/install/rosapi_msgs/share/rosapi_msgs/srv/TopicsAndRawTypes.srv
-- Up-to-date: /home/hello-robot/ament_ws/install/rosapi_msgs/share/rosapi_msgs/srv/TopicsAndRawTypes_Request.msg
-- Up-to-date: /home/hello-robot/ament_ws/install/rosapi_msgs/share/rosapi_msgs/srv/TopicsAndRawTypes_Response.msg
-- Up-to-date: /home/hello-robot/ament_ws/install/rosapi_msgs/share/rosapi_msgs/srv/TopicsForType.srv
-- Up-to-date: /home/hello-robot/ament_ws/install/rosapi_msgs/share/rosapi_msgs/srv/TopicsForType_Request.msg
-- Up-to-date: /home/hello-robot/ament_ws/install/rosapi_msgs/share/rosapi_msgs/srv/TopicsForType_Response.msg
-- Up-to-date: /home/hello-robot/ament_ws/install/rosapi_msgs/share/rosapi_msgs/srv/TopicType.srv
-- Up-to-date: /home/hello-robot/ament_ws/install/rosapi_msgs/share/rosapi_msgs/srv/TopicType_Request.msg
-- Up-to-date: /home/hello-robot/ament_ws/install/rosapi_msgs/share/rosapi_msgs/srv/TopicType_Response.msg
-- Up-to-date: /home/hello-robot/ament_ws/install/rosapi_msgs/share/ament_index/resource_index/package_run_dependencies/rosapi_msgs
-- Up-to-date: /home/hello-robot/ament_ws/install/rosapi_msgs/share/ament_index/resource_index/parent_prefix_path/rosapi_msgs
-- Up-to-date: /home/hello-robot/ament_ws/install/rosapi_msgs/share/rosapi_msgs/environment/ament_prefix_path.sh
-- Installing: /home/hello-robot/ament_ws/install/rosapi_msgs/share/rosapi_msgs/environment/ament_prefix_path.dsv
-- Up-to-date: /home/hello-robot/ament_ws/install/rosapi_msgs/share/rosapi_msgs/environment/path.sh
-- Installing: /home/hello-robot/ament_ws/install/rosapi_msgs/share/rosapi_msgs/environment/path.dsv
-- Up-to-date: /home/hello-robot/ament_ws/install/rosapi_msgs/share/rosapi_msgs/local_setup.bash
-- Up-to-date: /home/hello-robot/ament_ws/install/rosapi_msgs/share/rosapi_msgs/local_setup.sh
-- Up-to-date: /home/hello-robot/ament_ws/install/rosapi_msgs/share/rosapi_msgs/local_setup.zsh
-- Installing: /home/hello-robot/ament_ws/install/rosapi_msgs/share/rosapi_msgs/local_setup.dsv
-- Installing: /home/hello-robot/ament_ws/install/rosapi_msgs/share/rosapi_msgs/package.dsv
-- Up-to-date: /home/hello-robot/ament_ws/install/rosapi_msgs/share/ament_index/resource_index/packages/rosapi_msgs
-- Up-to-date: /home/hello-robot/ament_ws/install/rosapi_msgs/share/rosapi_msgs/cmake/export_rosapi_msgs__rosidl_generator_cExport.cmake
-- Up-to-date: /home/hello-robot/ament_ws/install/rosapi_msgs/share/rosapi_msgs/cmake/export_rosapi_msgs__rosidl_generator_cExport-release.cmake
-- Up-to-date: /home/hello-robot/ament_ws/install/rosapi_msgs/share/rosapi_msgs/cmake/export_rosapi_msgs__rosidl_typesupport_fastrtps_cExport.cmake
-- Up-to-date: /home/hello-robot/ament_ws/install/rosapi_msgs/share/rosapi_msgs/cmake/export_rosapi_msgs__rosidl_typesupport_fastrtps_cExport-release.cmake
-- Up-to-date: /home/hello-robot/ament_ws/install/rosapi_msgs/share/rosapi_msgs/cmake/export_rosapi_msgs__rosidl_generator_cppExport.cmake
-- Up-to-date: /home/hello-robot/ament_ws/install/rosapi_msgs/share/rosapi_msgs/cmake/export_rosapi_msgs__rosidl_typesupport_fastrtps_cppExport.cmake
-- Up-to-date: /home/hello-robot/ament_ws/install/rosapi_msgs/share/rosapi_msgs/cmake/export_rosapi_msgs__rosidl_typesupport_fastrtps_cppExport-release.cmake
-- Up-to-date: /home/hello-robot/ament_ws/install/rosapi_msgs/share/rosapi_msgs/cmake/rosapi_msgs__rosidl_typesupport_introspection_cExport.cmake
-- Up-to-date: /home/hello-robot/ament_ws/install/rosapi_msgs/share/rosapi_msgs/cmake/rosapi_msgs__rosidl_typesupport_introspection_cExport-release.cmake
-- Up-to-date: /home/hello-robot/ament_ws/install/rosapi_msgs/share/rosapi_msgs/cmake/rosapi_msgs__rosidl_typesupport_cExport.cmake
-- Up-to-date: /home/hello-robot/ament_ws/install/rosapi_msgs/share/rosapi_msgs/cmake/rosapi_msgs__rosidl_typesupport_cExport-release.cmake
-- Up-to-date: /home/hello-robot/ament_ws/install/rosapi_msgs/share/rosapi_msgs/cmake/rosapi_msgs__rosidl_typesupport_introspection_cppExport.cmake
-- Up-to-date: /home/hello-robot/ament_ws/install/rosapi_msgs/share/rosapi_msgs/cmake/rosapi_msgs__rosidl_typesupport_introspection_cppExport-release.cmake
-- Up-to-date: /home/hello-robot/ament_ws/install/rosapi_msgs/share/rosapi_msgs/cmake/rosapi_msgs__rosidl_typesupport_cppExport.cmake
-- Up-to-date: /home/hello-robot/ament_ws/install/rosapi_msgs/share/rosapi_msgs/cmake/rosapi_msgs__rosidl_typesupport_cppExport-release.cmake
-- Up-to-date: /home/hello-robot/ament_ws/install/rosapi_msgs/share/rosapi_msgs/cmake/export_rosapi_msgs__rosidl_generator_pyExport.cmake
-- Up-to-date: /home/hello-robot/ament_ws/install/rosapi_msgs/share/rosapi_msgs/cmake/export_rosapi_msgs__rosidl_generator_pyExport-release.cmake
-- Up-to-date: /home/hello-robot/ament_ws/install/rosapi_msgs/share/rosapi_msgs/cmake/rosidl_cmake-extras.cmake
-- Up-to-date: /home/hello-robot/ament_ws/install/rosapi_msgs/share/rosapi_msgs/cmake/ament_cmake_export_dependencies-extras.cmake
-- Up-to-date: /home/hello-robot/ament_ws/install/rosapi_msgs/share/rosapi_msgs/cmake/ament_cmake_export_include_directories-extras.cmake
-- Up-to-date: /home/hello-robot/ament_ws/install/rosapi_msgs/share/rosapi_msgs/cmake/ament_cmake_export_libraries-extras.cmake
-- Up-to-date: /home/hello-robot/ament_ws/install/rosapi_msgs/share/rosapi_msgs/cmake/ament_cmake_export_targets-extras.cmake
-- Up-to-date: /home/hello-robot/ament_ws/install/rosapi_msgs/share/rosapi_msgs/cmake/rosidl_cmake_export_typesupport_targets-extras.cmake
-- Up-to-date: /home/hello-robot/ament_ws/install/rosapi_msgs/share/rosapi_msgs/cmake/rosidl_cmake_export_typesupport_libraries-extras.cmake
-- Up-to-date: /home/hello-robot/ament_ws/install/rosapi_msgs/share/rosapi_msgs/cmake/rosapi_msgsConfig.cmake
-- Up-to-date: /home/hello-robot/ament_ws/install/rosapi_msgs/share/rosapi_msgs/cmake/rosapi_msgsConfig-version.cmake
-- Up-to-date: /home/hello-robot/ament_ws/install/rosapi_msgs/share/rosapi_msgs/package.xml
