[0.721s] Invoking command in '/home/hello-robot/ament_ws/build/rosapi_msgs': CMAKE_PREFIX_PATH=${CMAKE_PREFIX_PATH}:/home/hello-robot/ament_ws/install/tf2_web_republisher_py:/home/hello-robot/ament_ws/install/stretch_ros_tutorials:/home/hello-robot/ament_ws/install/stretch_funmap:/home/hello-robot/ament_ws/install/stretch_calibration:/home/hello-robot/ament_ws/install/stretch_demos:/home/hello-robot/ament_ws/install/stretch_deep_perception:/home/hello-robot/ament_ws/install/stretch_core:/home/hello-robot/ament_ws/install/respeaker_ros2:/home/hello-robot/ament_ws/install/hello_helpers:/opt/ros/humble /usr/bin/cmake /home/hello-robot/ament_ws/src/rosbridge_suite/rosapi_msgs -DCMAKE_INSTALL_PREFIX=/home/hello-robot/ament_ws/install/rosapi_msgs
[4.200s] -- Found ament_cmake_ros: 0.10.0 (/opt/ros/humble/share/ament_cmake_ros/cmake)
[4.201s] -- Found builtin_interfaces: 1.2.1 (/opt/ros/humble/share/builtin_interfaces/cmake)
[4.201s] -- Found rosidl_generator_c: 3.1.5 (/opt/ros/humble/share/rosidl_generator_c/cmake)
[4.201s] -- Found rosidl_adapter: 3.1.5 (/opt/ros/humble/share/rosidl_adapter/cmake)
[4.203s] -- Found rosidl_generator_cpp: 3.1.5 (/opt/ros/humble/share/rosidl_generator_cpp/cmake)
[4.204s] -- Using all available rosidl_typesupport_c: rosidl_typesupport_fastrtps_c;rosidl_typesupport_introspection_c
[4.204s] -- Using all available rosidl_typesupport_cpp: rosidl_typesupport_fastrtps_cpp;rosidl_typesupport_introspection_cpp
[4.204s] -- Found rosidl_default_generators: 1.2.0 (/opt/ros/humble/share/rosidl_default_generators/cmake)
[4.204s] -- Using all available rosidl_typesupport_c: rosidl_typesupport_fastrtps_c;rosidl_typesupport_introspection_c
[4.204s] -- Using all available rosidl_typesupport_cpp: rosidl_typesupport_fastrtps_cpp;rosidl_typesupport_introspection_cpp
[4.204s] -- Found python_cmake_module: 0.10.0 (/opt/ros/humble/share/python_cmake_module/cmake)
[4.204s] -- Using PYTHON_EXECUTABLE: /usr/bin/python3
[4.204s] -- Using PYTHON_INCLUDE_DIRS: /usr/include/python3.10
[4.204s] -- Using PYTHON_LIBRARIES: /usr/lib/x86_64-linux-gnu/libpython3.10.so
[4.204s] -- Configuring done
[4.205s] -- Generating done
[4.205s] -- Build files have been written to: /home/hello-robot/ament_ws/build/rosapi_msgs
[4.218s] Invoked command in '/home/hello-robot/ament_ws/build/rosapi_msgs' returned '0': CMAKE_PREFIX_PATH=${CMAKE_PREFIX_PATH}:/home/hello-robot/ament_ws/install/tf2_web_republisher_py:/home/hello-robot/ament_ws/install/stretch_ros_tutorials:/home/hello-robot/ament_ws/install/stretch_funmap:/home/hello-robot/ament_ws/install/stretch_calibration:/home/hello-robot/ament_ws/install/stretch_demos:/home/hello-robot/ament_ws/install/stretch_deep_perception:/home/hello-robot/ament_ws/install/stretch_core:/home/hello-robot/ament_ws/install/respeaker_ros2:/home/hello-robot/ament_ws/install/hello_helpers:/opt/ros/humble /usr/bin/cmake /home/hello-robot/ament_ws/src/rosbridge_suite/rosapi_msgs -DCMAKE_INSTALL_PREFIX=/home/hello-robot/ament_ws/install/rosapi_msgs
[4.219s] Invoking command in '/home/hello-robot/ament_ws/build/rosapi_msgs': CMAKE_PREFIX_PATH=${CMAKE_PREFIX_PATH}:/home/hello-robot/ament_ws/install/tf2_web_republisher_py:/home/hello-robot/ament_ws/install/stretch_ros_tutorials:/home/hello-robot/ament_ws/install/stretch_funmap:/home/hello-robot/ament_ws/install/stretch_calibration:/home/hello-robot/ament_ws/install/stretch_demos:/home/hello-robot/ament_ws/install/stretch_deep_perception:/home/hello-robot/ament_ws/install/stretch_core:/home/hello-robot/ament_ws/install/respeaker_ros2:/home/hello-robot/ament_ws/install/hello_helpers:/opt/ros/humble /usr/bin/cmake --build /home/hello-robot/ament_ws/build/rosapi_msgs -- -j16 -l16
[4.323s] Consolidate compiler generated dependencies of target rosapi_msgs__rosidl_generator_c
[4.386s] [  1%] Built target rosapi_msgs__cpp
[4.386s] [ 13%] Built target rosapi_msgs__rosidl_generator_c
[4.431s] [ 13%] Built target ament_cmake_python_copy_rosapi_msgs
[4.471s] Consolidate compiler generated dependencies of target rosapi_msgs__rosidl_typesupport_fastrtps_c
[4.475s] Consolidate compiler generated dependencies of target rosapi_msgs__rosidl_typesupport_fastrtps_cpp
[4.483s] Consolidate compiler generated dependencies of target rosapi_msgs__rosidl_typesupport_introspection_c
[4.499s] Consolidate compiler generated dependencies of target rosapi_msgs__rosidl_typesupport_c
[4.514s] Consolidate compiler generated dependencies of target rosapi_msgs__rosidl_typesupport_cpp
[4.523s] Consolidate compiler generated dependencies of target rosapi_msgs__rosidl_typesupport_introspection_cpp
[4.528s] [ 25%] Built target rosapi_msgs__rosidl_typesupport_fastrtps_c
[4.554s] [ 37%] Built target rosapi_msgs__rosidl_typesupport_fastrtps_cpp
[4.591s] [ 49%] Built target rosapi_msgs__rosidl_typesupport_introspection_c
[4.592s] [ 70%] Built target rosapi_msgs__rosidl_typesupport_introspection_cpp
[4.593s] [ 74%] Built target rosapi_msgs__rosidl_typesupport_c
[4.594s] [ 86%] Built target rosapi_msgs__rosidl_typesupport_cpp
[4.659s] [ 86%] Built target rosapi_msgs
[4.738s] [ 86%] Built target rosapi_msgs__py
[4.795s] Consolidate compiler generated dependencies of target rosapi_msgs__rosidl_generator_py
[4.824s] [ 97%] Built target rosapi_msgs__rosidl_generator_py
[4.852s] Consolidate compiler generated dependencies of target rosapi_msgs__rosidl_typesupport_fastrtps_c__pyext
[4.862s] Consolidate compiler generated dependencies of target rosapi_msgs__rosidl_typesupport_introspection_c__pyext
[4.873s] Consolidate compiler generated dependencies of target rosapi_msgs__rosidl_typesupport_c__pyext
[4.898s] [ 98%] Built target rosapi_msgs__rosidl_typesupport_introspection_c__pyext
[4.909s] [ 99%] Built target rosapi_msgs__rosidl_typesupport_fastrtps_c__pyext
[4.945s] [100%] Built target rosapi_msgs__rosidl_typesupport_c__pyext
[5.067s] /home/hello-robot/.local/lib/python3.10/site-packages/setuptools_scm/_integration/setuptools.py:30: RuntimeWarning: 
[5.067s] ERROR: setuptools==59.6.0 is used in combination with setuptools_scm>=8.x
[5.067s] 
[5.067s] Your build configuration is incomplete and previously worked by accident!
[5.067s] setuptools_scm requires setuptools>=61
[5.067s] 
[5.067s] Suggested workaround if applicable:
[5.067s]  - migrating from the deprecated setup_requires mechanism to pep517/518
[5.067s]    and using a pyproject.toml to declare build dependencies
[5.067s]    which are reliably pre-installed before running the build tools
[5.067s] 
[5.067s]   warnings.warn(
[5.134s] running egg_info
[5.136s] writing rosapi_msgs.egg-info/PKG-INFO
[5.144s] writing dependency_links to rosapi_msgs.egg-info/dependency_links.txt
[5.145s] writing top-level names to rosapi_msgs.egg-info/top_level.txt
[5.406s] [03/04/24 08:24:37] ERROR    listing git files failed - pretending     git.py:24
[5.407s]                              there aren't any                                   
[5.608s] reading manifest file 'rosapi_msgs.egg-info/SOURCES.txt'
[5.609s] writing manifest file 'rosapi_msgs.egg-info/SOURCES.txt'
[5.998s] [100%] Built target ament_cmake_python_build_rosapi_msgs_egg
[6.113s] Invoked command in '/home/hello-robot/ament_ws/build/rosapi_msgs' returned '0': CMAKE_PREFIX_PATH=${CMAKE_PREFIX_PATH}:/home/hello-robot/ament_ws/install/tf2_web_republisher_py:/home/hello-robot/ament_ws/install/stretch_ros_tutorials:/home/hello-robot/ament_ws/install/stretch_funmap:/home/hello-robot/ament_ws/install/stretch_calibration:/home/hello-robot/ament_ws/install/stretch_demos:/home/hello-robot/ament_ws/install/stretch_deep_perception:/home/hello-robot/ament_ws/install/stretch_core:/home/hello-robot/ament_ws/install/respeaker_ros2:/home/hello-robot/ament_ws/install/hello_helpers:/opt/ros/humble /usr/bin/cmake --build /home/hello-robot/ament_ws/build/rosapi_msgs -- -j16 -l16
[6.968s] Invoking command in '/home/hello-robot/ament_ws/build/rosapi_msgs': CMAKE_PREFIX_PATH=${CMAKE_PREFIX_PATH}:/home/hello-robot/ament_ws/install/tf2_web_republisher_py:/home/hello-robot/ament_ws/install/stretch_ros_tutorials:/home/hello-robot/ament_ws/install/stretch_funmap:/home/hello-robot/ament_ws/install/stretch_calibration:/home/hello-robot/ament_ws/install/stretch_demos:/home/hello-robot/ament_ws/install/stretch_deep_perception:/home/hello-robot/ament_ws/install/stretch_core:/home/hello-robot/ament_ws/install/respeaker_ros2:/home/hello-robot/ament_ws/install/hello_helpers:/opt/ros/humble /usr/bin/cmake --install /home/hello-robot/ament_ws/build/rosapi_msgs
[7.035s] -- Install configuration: "Release"
[7.035s] -- Up-to-date: /home/hello-robot/ament_ws/install/rosapi_msgs/share/ament_index/resource_index/rosidl_interfaces/rosapi_msgs
[7.035s] -- Up-to-date: /home/hello-robot/ament_ws/install/rosapi_msgs/include/rosapi_msgs/rosapi_msgs
[7.035s] -- Up-to-date: /home/hello-robot/ament_ws/install/rosapi_msgs/include/rosapi_msgs/rosapi_msgs/msg
[7.035s] -- Up-to-date: /home/hello-robot/ament_ws/install/rosapi_msgs/include/rosapi_msgs/rosapi_msgs/msg/rosidl_generator_c__visibility_control.h
[7.035s] -- Up-to-date: /home/hello-robot/ament_ws/install/rosapi_msgs/include/rosapi_msgs/rosapi_msgs/msg/type_def.h
[7.035s] -- Up-to-date: /home/hello-robot/ament_ws/install/rosapi_msgs/include/rosapi_msgs/rosapi_msgs/msg/detail
[7.035s] -- Up-to-date: /home/hello-robot/ament_ws/install/rosapi_msgs/include/rosapi_msgs/rosapi_msgs/msg/detail/type_def__functions.c
[7.035s] -- Up-to-date: /home/hello-robot/ament_ws/install/rosapi_msgs/include/rosapi_msgs/rosapi_msgs/msg/detail/type_def__type_support.h
[7.035s] -- Up-to-date: /home/hello-robot/ament_ws/install/rosapi_msgs/include/rosapi_msgs/rosapi_msgs/msg/detail/type_def__functions.h
[7.035s] -- Up-to-date: /home/hello-robot/ament_ws/install/rosapi_msgs/include/rosapi_msgs/rosapi_msgs/msg/detail/type_def__struct.h
[7.035s] -- Up-to-date: /home/hello-robot/ament_ws/install/rosapi_msgs/include/rosapi_msgs/rosapi_msgs/srv
[7.036s] -- Up-to-date: /home/hello-robot/ament_ws/install/rosapi_msgs/include/rosapi_msgs/rosapi_msgs/srv/service_providers.h
[7.036s] -- Up-to-date: /home/hello-robot/ament_ws/install/rosapi_msgs/include/rosapi_msgs/rosapi_msgs/srv/topics_and_raw_types.h
[7.036s] -- Up-to-date: /home/hello-robot/ament_ws/install/rosapi_msgs/include/rosapi_msgs/rosapi_msgs/srv/service_request_details.h
[7.036s] -- Up-to-date: /home/hello-robot/ament_ws/install/rosapi_msgs/include/rosapi_msgs/rosapi_msgs/srv/get_action_servers.h
[7.036s] -- Up-to-date: /home/hello-robot/ament_ws/install/rosapi_msgs/include/rosapi_msgs/rosapi_msgs/srv/nodes.h
[7.036s] -- Up-to-date: /home/hello-robot/ament_ws/install/rosapi_msgs/include/rosapi_msgs/rosapi_msgs/srv/get_param.h
[7.036s] -- Up-to-date: /home/hello-robot/ament_ws/install/rosapi_msgs/include/rosapi_msgs/rosapi_msgs/srv/get_time.h
[7.036s] -- Up-to-date: /home/hello-robot/ament_ws/install/rosapi_msgs/include/rosapi_msgs/rosapi_msgs/srv/delete_param.h
[7.036s] -- Up-to-date: /home/hello-robot/ament_ws/install/rosapi_msgs/include/rosapi_msgs/rosapi_msgs/srv/topics_for_type.h
[7.036s] -- Up-to-date: /home/hello-robot/ament_ws/install/rosapi_msgs/include/rosapi_msgs/rosapi_msgs/srv/services.h
[7.036s] -- Up-to-date: /home/hello-robot/ament_ws/install/rosapi_msgs/include/rosapi_msgs/rosapi_msgs/srv/has_param.h
[7.036s] -- Up-to-date: /home/hello-robot/ament_ws/install/rosapi_msgs/include/rosapi_msgs/rosapi_msgs/srv/publishers.h
[7.036s] -- Up-to-date: /home/hello-robot/ament_ws/install/rosapi_msgs/include/rosapi_msgs/rosapi_msgs/srv/service_response_details.h
[7.037s] -- Up-to-date: /home/hello-robot/ament_ws/install/rosapi_msgs/include/rosapi_msgs/rosapi_msgs/srv/set_param.h
[7.037s] -- Up-to-date: /home/hello-robot/ament_ws/install/rosapi_msgs/include/rosapi_msgs/rosapi_msgs/srv/service_node.h
[7.037s] -- Up-to-date: /home/hello-robot/ament_ws/install/rosapi_msgs/include/rosapi_msgs/rosapi_msgs/srv/message_details.h
[7.037s] -- Up-to-date: /home/hello-robot/ament_ws/install/rosapi_msgs/include/rosapi_msgs/rosapi_msgs/srv/topic_type.h
[7.037s] -- Up-to-date: /home/hello-robot/ament_ws/install/rosapi_msgs/include/rosapi_msgs/rosapi_msgs/srv/get_param_names.h
[7.037s] -- Up-to-date: /home/hello-robot/ament_ws/install/rosapi_msgs/include/rosapi_msgs/rosapi_msgs/srv/service_type.h
[7.037s] -- Up-to-date: /home/hello-robot/ament_ws/install/rosapi_msgs/include/rosapi_msgs/rosapi_msgs/srv/services_for_type.h
[7.037s] -- Up-to-date: /home/hello-robot/ament_ws/install/rosapi_msgs/include/rosapi_msgs/rosapi_msgs/srv/node_details.h
[7.037s] -- Up-to-date: /home/hello-robot/ament_ws/install/rosapi_msgs/include/rosapi_msgs/rosapi_msgs/srv/detail
[7.037s] -- Up-to-date: /home/hello-robot/ament_ws/install/rosapi_msgs/include/rosapi_msgs/rosapi_msgs/srv/detail/nodes__functions.c
[7.037s] -- Up-to-date: /home/hello-robot/ament_ws/install/rosapi_msgs/include/rosapi_msgs/rosapi_msgs/srv/detail/set_param__struct.h
[7.038s] -- Up-to-date: /home/hello-robot/ament_ws/install/rosapi_msgs/include/rosapi_msgs/rosapi_msgs/srv/detail/get_action_servers__struct.h
[7.038s] -- Up-to-date: /home/hello-robot/ament_ws/install/rosapi_msgs/include/rosapi_msgs/rosapi_msgs/srv/detail/nodes__type_support.h
[7.038s] -- Up-to-date: /home/hello-robot/ament_ws/install/rosapi_msgs/include/rosapi_msgs/rosapi_msgs/srv/detail/service_providers__struct.h
[7.038s] -- Up-to-date: /home/hello-robot/ament_ws/install/rosapi_msgs/include/rosapi_msgs/rosapi_msgs/srv/detail/topics_and_raw_types__type_support.h
[7.038s] -- Up-to-date: /home/hello-robot/ament_ws/install/rosapi_msgs/include/rosapi_msgs/rosapi_msgs/srv/detail/service_node__struct.h
[7.038s] -- Up-to-date: /home/hello-robot/ament_ws/install/rosapi_msgs/include/rosapi_msgs/rosapi_msgs/srv/detail/publishers__struct.h
[7.038s] -- Up-to-date: /home/hello-robot/ament_ws/install/rosapi_msgs/include/rosapi_msgs/rosapi_msgs/srv/detail/nodes__functions.h
[7.038s] -- Up-to-date: /home/hello-robot/ament_ws/install/rosapi_msgs/include/rosapi_msgs/rosapi_msgs/srv/detail/has_param__functions.c
[7.038s] -- Up-to-date: /home/hello-robot/ament_ws/install/rosapi_msgs/include/rosapi_msgs/rosapi_msgs/srv/detail/service_response_details__type_support.h
[7.038s] -- Up-to-date: /home/hello-robot/ament_ws/install/rosapi_msgs/include/rosapi_msgs/rosapi_msgs/srv/detail/services_for_type__type_support.h
[7.038s] -- Up-to-date: /home/hello-robot/ament_ws/install/rosapi_msgs/include/rosapi_msgs/rosapi_msgs/srv/detail/delete_param__functions.h
[7.039s] -- Up-to-date: /home/hello-robot/ament_ws/install/rosapi_msgs/include/rosapi_msgs/rosapi_msgs/srv/detail/delete_param__functions.c
[7.039s] -- Up-to-date: /home/hello-robot/ament_ws/install/rosapi_msgs/include/rosapi_msgs/rosapi_msgs/srv/detail/get_param__type_support.h
[7.039s] -- Up-to-date: /home/hello-robot/ament_ws/install/rosapi_msgs/include/rosapi_msgs/rosapi_msgs/srv/detail/topics__functions.h
[7.039s] -- Up-to-date: /home/hello-robot/ament_ws/install/rosapi_msgs/include/rosapi_msgs/rosapi_msgs/srv/detail/services_for_type__functions.h
[7.039s] -- Up-to-date: /home/hello-robot/ament_ws/install/rosapi_msgs/include/rosapi_msgs/rosapi_msgs/srv/detail/get_time__functions.h
[7.039s] -- Up-to-date: /home/hello-robot/ament_ws/install/rosapi_msgs/include/rosapi_msgs/rosapi_msgs/srv/detail/topics_for_type__functions.c
[7.039s] -- Up-to-date: /home/hello-robot/ament_ws/install/rosapi_msgs/include/rosapi_msgs/rosapi_msgs/srv/detail/node_details__functions.c
[7.039s] -- Up-to-date: /home/hello-robot/ament_ws/install/rosapi_msgs/include/rosapi_msgs/rosapi_msgs/srv/detail/publishers__type_support.h
[7.039s] -- Up-to-date: /home/hello-robot/ament_ws/install/rosapi_msgs/include/rosapi_msgs/rosapi_msgs/srv/detail/service_type__type_support.h
[7.039s] -- Up-to-date: /home/hello-robot/ament_ws/install/rosapi_msgs/include/rosapi_msgs/rosapi_msgs/srv/detail/get_param__struct.h
[7.039s] -- Up-to-date: /home/hello-robot/ament_ws/install/rosapi_msgs/include/rosapi_msgs/rosapi_msgs/srv/detail/topics_and_raw_types__struct.h
[7.039s] -- Up-to-date: /home/hello-robot/ament_ws/install/rosapi_msgs/include/rosapi_msgs/rosapi_msgs/srv/detail/has_param__type_support.h
[7.039s] -- Up-to-date: /home/hello-robot/ament_ws/install/rosapi_msgs/include/rosapi_msgs/rosapi_msgs/srv/detail/subscribers__struct.h
[7.040s] -- Up-to-date: /home/hello-robot/ament_ws/install/rosapi_msgs/include/rosapi_msgs/rosapi_msgs/srv/detail/service_request_details__type_support.h
[7.040s] -- Up-to-date: /home/hello-robot/ament_ws/install/rosapi_msgs/include/rosapi_msgs/rosapi_msgs/srv/detail/topics_and_raw_types__functions.h
[7.040s] -- Up-to-date: /home/hello-robot/ament_ws/install/rosapi_msgs/include/rosapi_msgs/rosapi_msgs/srv/detail/service_response_details__functions.h
[7.040s] -- Up-to-date: /home/hello-robot/ament_ws/install/rosapi_msgs/include/rosapi_msgs/rosapi_msgs/srv/detail/message_details__struct.h
[7.041s] -- Up-to-date: /home/hello-robot/ament_ws/install/rosapi_msgs/include/rosapi_msgs/rosapi_msgs/srv/detail/get_time__functions.c
[7.041s] -- Up-to-date: /home/hello-robot/ament_ws/install/rosapi_msgs/include/rosapi_msgs/rosapi_msgs/srv/detail/publishers__functions.c
[7.041s] -- Up-to-date: /home/hello-robot/ament_ws/install/rosapi_msgs/include/rosapi_msgs/rosapi_msgs/srv/detail/get_time__struct.h
[7.041s] -- Up-to-date: /home/hello-robot/ament_ws/install/rosapi_msgs/include/rosapi_msgs/rosapi_msgs/srv/detail/topics_and_raw_types__functions.c
[7.041s] -- Up-to-date: /home/hello-robot/ament_ws/install/rosapi_msgs/include/rosapi_msgs/rosapi_msgs/srv/detail/topics_for_type__struct.h
[7.042s] -- Up-to-date: /home/hello-robot/ament_ws/install/rosapi_msgs/include/rosapi_msgs/rosapi_msgs/srv/detail/publishers__functions.h
[7.042s] -- Up-to-date: /home/hello-robot/ament_ws/install/rosapi_msgs/include/rosapi_msgs/rosapi_msgs/srv/detail/get_param__functions.c
[7.042s] -- Up-to-date: /home/hello-robot/ament_ws/install/rosapi_msgs/include/rosapi_msgs/rosapi_msgs/srv/detail/get_action_servers__functions.c
[7.043s] -- Up-to-date: /home/hello-robot/ament_ws/install/rosapi_msgs/include/rosapi_msgs/rosapi_msgs/srv/detail/services__functions.c
[7.043s] -- Up-to-date: /home/hello-robot/ament_ws/install/rosapi_msgs/include/rosapi_msgs/rosapi_msgs/srv/detail/service_request_details__struct.h
[7.043s] -- Up-to-date: /home/hello-robot/ament_ws/install/rosapi_msgs/include/rosapi_msgs/rosapi_msgs/srv/detail/services__type_support.h
[7.043s] -- Up-to-date: /home/hello-robot/ament_ws/install/rosapi_msgs/include/rosapi_msgs/rosapi_msgs/srv/detail/service_type__functions.c
[7.044s] -- Up-to-date: /home/hello-robot/ament_ws/install/rosapi_msgs/include/rosapi_msgs/rosapi_msgs/srv/detail/get_param_names__type_support.h
[7.044s] -- Up-to-date: /home/hello-robot/ament_ws/install/rosapi_msgs/include/rosapi_msgs/rosapi_msgs/srv/detail/topics_for_type__type_support.h
[7.044s] -- Up-to-date: /home/hello-robot/ament_ws/install/rosapi_msgs/include/rosapi_msgs/rosapi_msgs/srv/detail/delete_param__type_support.h
[7.044s] -- Up-to-date: /home/hello-robot/ament_ws/install/rosapi_msgs/include/rosapi_msgs/rosapi_msgs/srv/detail/get_action_servers__functions.h
[7.044s] -- Up-to-date: /home/hello-robot/ament_ws/install/rosapi_msgs/include/rosapi_msgs/rosapi_msgs/srv/detail/topic_type__type_support.h
[7.044s] -- Up-to-date: /home/hello-robot/ament_ws/install/rosapi_msgs/include/rosapi_msgs/rosapi_msgs/srv/detail/set_param__functions.h
[7.044s] -- Up-to-date: /home/hello-robot/ament_ws/install/rosapi_msgs/include/rosapi_msgs/rosapi_msgs/srv/detail/message_details__functions.c
[7.044s] -- Up-to-date: /home/hello-robot/ament_ws/install/rosapi_msgs/include/rosapi_msgs/rosapi_msgs/srv/detail/nodes__struct.h
[7.044s] -- Up-to-date: /home/hello-robot/ament_ws/install/rosapi_msgs/include/rosapi_msgs/rosapi_msgs/srv/detail/get_param__functions.h
[7.044s] -- Up-to-date: /home/hello-robot/ament_ws/install/rosapi_msgs/include/rosapi_msgs/rosapi_msgs/srv/detail/get_param_names__functions.c
[7.044s] -- Up-to-date: /home/hello-robot/ament_ws/install/rosapi_msgs/include/rosapi_msgs/rosapi_msgs/srv/detail/topic_type__functions.h
[7.044s] -- Up-to-date: /home/hello-robot/ament_ws/install/rosapi_msgs/include/rosapi_msgs/rosapi_msgs/srv/detail/service_request_details__functions.c
[7.044s] -- Up-to-date: /home/hello-robot/ament_ws/install/rosapi_msgs/include/rosapi_msgs/rosapi_msgs/srv/detail/topic_type__struct.h
[7.044s] -- Up-to-date: /home/hello-robot/ament_ws/install/rosapi_msgs/include/rosapi_msgs/rosapi_msgs/srv/detail/get_ros_version__type_support.h
[7.044s] -- Up-to-date: /home/hello-robot/ament_ws/install/rosapi_msgs/include/rosapi_msgs/rosapi_msgs/srv/detail/set_param__functions.c
[7.045s] -- Up-to-date: /home/hello-robot/ament_ws/install/rosapi_msgs/include/rosapi_msgs/rosapi_msgs/srv/detail/service_response_details__functions.c
[7.045s] -- Up-to-date: /home/hello-robot/ament_ws/install/rosapi_msgs/include/rosapi_msgs/rosapi_msgs/srv/detail/service_request_details__functions.h
[7.045s] -- Up-to-date: /home/hello-robot/ament_ws/install/rosapi_msgs/include/rosapi_msgs/rosapi_msgs/srv/detail/subscribers__functions.c
[7.045s] -- Up-to-date: /home/hello-robot/ament_ws/install/rosapi_msgs/include/rosapi_msgs/rosapi_msgs/srv/detail/get_time__type_support.h
[7.046s] -- Up-to-date: /home/hello-robot/ament_ws/install/rosapi_msgs/include/rosapi_msgs/rosapi_msgs/srv/detail/get_param_names__functions.h
[7.046s] -- Up-to-date: /home/hello-robot/ament_ws/install/rosapi_msgs/include/rosapi_msgs/rosapi_msgs/srv/detail/subscribers__functions.h
[7.046s] -- Up-to-date: /home/hello-robot/ament_ws/install/rosapi_msgs/include/rosapi_msgs/rosapi_msgs/srv/detail/subscribers__type_support.h
[7.046s] -- Up-to-date: /home/hello-robot/ament_ws/install/rosapi_msgs/include/rosapi_msgs/rosapi_msgs/srv/detail/service_providers__type_support.h
[7.046s] -- Up-to-date: /home/hello-robot/ament_ws/install/rosapi_msgs/include/rosapi_msgs/rosapi_msgs/srv/detail/get_action_servers__type_support.h
[7.046s] -- Up-to-date: /home/hello-robot/ament_ws/install/rosapi_msgs/include/rosapi_msgs/rosapi_msgs/srv/detail/service_node__functions.c
[7.047s] -- Up-to-date: /home/hello-robot/ament_ws/install/rosapi_msgs/include/rosapi_msgs/rosapi_msgs/srv/detail/topics_for_type__functions.h
[7.047s] -- Up-to-date: /home/hello-robot/ament_ws/install/rosapi_msgs/include/rosapi_msgs/rosapi_msgs/srv/detail/service_type__struct.h
[7.047s] -- Up-to-date: /home/hello-robot/ament_ws/install/rosapi_msgs/include/rosapi_msgs/rosapi_msgs/srv/detail/node_details__functions.h
[7.047s] -- Up-to-date: /home/hello-robot/ament_ws/install/rosapi_msgs/include/rosapi_msgs/rosapi_msgs/srv/detail/service_providers__functions.h
[7.047s] -- Up-to-date: /home/hello-robot/ament_ws/install/rosapi_msgs/include/rosapi_msgs/rosapi_msgs/srv/detail/message_details__functions.h
[7.047s] -- Up-to-date: /home/hello-robot/ament_ws/install/rosapi_msgs/include/rosapi_msgs/rosapi_msgs/srv/detail/message_details__type_support.h
[7.047s] -- Up-to-date: /home/hello-robot/ament_ws/install/rosapi_msgs/include/rosapi_msgs/rosapi_msgs/srv/detail/service_node__type_support.h
[7.047s] -- Up-to-date: /home/hello-robot/ament_ws/install/rosapi_msgs/include/rosapi_msgs/rosapi_msgs/srv/detail/service_node__functions.h
[7.047s] -- Up-to-date: /home/hello-robot/ament_ws/install/rosapi_msgs/include/rosapi_msgs/rosapi_msgs/srv/detail/services_for_type__functions.c
[7.047s] -- Up-to-date: /home/hello-robot/ament_ws/install/rosapi_msgs/include/rosapi_msgs/rosapi_msgs/srv/detail/services_for_type__struct.h
[7.047s] -- Up-to-date: /home/hello-robot/ament_ws/install/rosapi_msgs/include/rosapi_msgs/rosapi_msgs/srv/detail/topics__struct.h
[7.047s] -- Up-to-date: /home/hello-robot/ament_ws/install/rosapi_msgs/include/rosapi_msgs/rosapi_msgs/srv/detail/has_param__struct.h
[7.047s] -- Up-to-date: /home/hello-robot/ament_ws/install/rosapi_msgs/include/rosapi_msgs/rosapi_msgs/srv/detail/delete_param__struct.h
[7.047s] -- Up-to-date: /home/hello-robot/ament_ws/install/rosapi_msgs/include/rosapi_msgs/rosapi_msgs/srv/detail/get_param_names__struct.h
[7.049s] -- Up-to-date: /home/hello-robot/ament_ws/install/rosapi_msgs/include/rosapi_msgs/rosapi_msgs/srv/detail/services__struct.h
[7.049s] -- Up-to-date: /home/hello-robot/ament_ws/install/rosapi_msgs/include/rosapi_msgs/rosapi_msgs/srv/detail/get_ros_version__functions.h
[7.050s] -- Up-to-date: /home/hello-robot/ament_ws/install/rosapi_msgs/include/rosapi_msgs/rosapi_msgs/srv/detail/topics__type_support.h
[7.050s] -- Up-to-date: /home/hello-robot/ament_ws/install/rosapi_msgs/include/rosapi_msgs/rosapi_msgs/srv/detail/service_providers__functions.c
[7.050s] -- Up-to-date: /home/hello-robot/ament_ws/install/rosapi_msgs/include/rosapi_msgs/rosapi_msgs/srv/detail/node_details__type_support.h
[7.050s] -- Up-to-date: /home/hello-robot/ament_ws/install/rosapi_msgs/include/rosapi_msgs/rosapi_msgs/srv/detail/service_type__functions.h
[7.050s] -- Up-to-date: /home/hello-robot/ament_ws/install/rosapi_msgs/include/rosapi_msgs/rosapi_msgs/srv/detail/service_response_details__struct.h
[7.050s] -- Up-to-date: /home/hello-robot/ament_ws/install/rosapi_msgs/include/rosapi_msgs/rosapi_msgs/srv/detail/has_param__functions.h
[7.053s] -- Up-to-date: /home/hello-robot/ament_ws/install/rosapi_msgs/include/rosapi_msgs/rosapi_msgs/srv/detail/set_param__type_support.h
[7.053s] -- Up-to-date: /home/hello-robot/ament_ws/install/rosapi_msgs/include/rosapi_msgs/rosapi_msgs/srv/detail/get_ros_version__struct.h
[7.054s] -- Up-to-date: /home/hello-robot/ament_ws/install/rosapi_msgs/include/rosapi_msgs/rosapi_msgs/srv/detail/node_details__struct.h
[7.054s] -- Up-to-date: /home/hello-robot/ament_ws/install/rosapi_msgs/include/rosapi_msgs/rosapi_msgs/srv/detail/services__functions.h
[7.054s] -- Up-to-date: /home/hello-robot/ament_ws/install/rosapi_msgs/include/rosapi_msgs/rosapi_msgs/srv/detail/topic_type__functions.c
[7.054s] -- Up-to-date: /home/hello-robot/ament_ws/install/rosapi_msgs/include/rosapi_msgs/rosapi_msgs/srv/detail/topics__functions.c
[7.055s] -- Up-to-date: /home/hello-robot/ament_ws/install/rosapi_msgs/include/rosapi_msgs/rosapi_msgs/srv/detail/get_ros_version__functions.c
[7.055s] -- Up-to-date: /home/hello-robot/ament_ws/install/rosapi_msgs/include/rosapi_msgs/rosapi_msgs/srv/subscribers.h
[7.055s] -- Up-to-date: /home/hello-robot/ament_ws/install/rosapi_msgs/include/rosapi_msgs/rosapi_msgs/srv/get_ros_version.h
[7.055s] -- Up-to-date: /home/hello-robot/ament_ws/install/rosapi_msgs/include/rosapi_msgs/rosapi_msgs/srv/topics.h
[7.055s] -- Up-to-date: /home/hello-robot/ament_ws/install/rosapi_msgs/share/rosapi_msgs/environment/library_path.sh
[7.055s] -- Installing: /home/hello-robot/ament_ws/install/rosapi_msgs/share/rosapi_msgs/environment/library_path.dsv
[7.062s] -- Up-to-date: /home/hello-robot/ament_ws/install/rosapi_msgs/lib/librosapi_msgs__rosidl_generator_c.so
[7.062s] -- Up-to-date: /home/hello-robot/ament_ws/install/rosapi_msgs/include/rosapi_msgs/rosapi_msgs
[7.062s] -- Up-to-date: /home/hello-robot/ament_ws/install/rosapi_msgs/include/rosapi_msgs/rosapi_msgs/msg
[7.062s] -- Up-to-date: /home/hello-robot/ament_ws/install/rosapi_msgs/include/rosapi_msgs/rosapi_msgs/msg/rosidl_typesupport_fastrtps_c__visibility_control.h
[7.062s] -- Up-to-date: /home/hello-robot/ament_ws/install/rosapi_msgs/include/rosapi_msgs/rosapi_msgs/msg/detail
[7.062s] -- Up-to-date: /home/hello-robot/ament_ws/install/rosapi_msgs/include/rosapi_msgs/rosapi_msgs/msg/detail/type_def__rosidl_typesupport_fastrtps_c.h
[7.062s] -- Up-to-date: /home/hello-robot/ament_ws/install/rosapi_msgs/include/rosapi_msgs/rosapi_msgs/srv
[7.062s] -- Up-to-date: /home/hello-robot/ament_ws/install/rosapi_msgs/include/rosapi_msgs/rosapi_msgs/srv/detail
[7.062s] -- Up-to-date: /home/hello-robot/ament_ws/install/rosapi_msgs/include/rosapi_msgs/rosapi_msgs/srv/detail/service_providers__rosidl_typesupport_fastrtps_c.h
[7.062s] -- Up-to-date: /home/hello-robot/ament_ws/install/rosapi_msgs/include/rosapi_msgs/rosapi_msgs/srv/detail/service_response_details__rosidl_typesupport_fastrtps_c.h
[7.062s] -- Up-to-date: /home/hello-robot/ament_ws/install/rosapi_msgs/include/rosapi_msgs/rosapi_msgs/srv/detail/get_ros_version__rosidl_typesupport_fastrtps_c.h
[7.063s] -- Up-to-date: /home/hello-robot/ament_ws/install/rosapi_msgs/include/rosapi_msgs/rosapi_msgs/srv/detail/get_time__rosidl_typesupport_fastrtps_c.h
[7.063s] -- Up-to-date: /home/hello-robot/ament_ws/install/rosapi_msgs/include/rosapi_msgs/rosapi_msgs/srv/detail/get_param_names__rosidl_typesupport_fastrtps_c.h
[7.063s] -- Up-to-date: /home/hello-robot/ament_ws/install/rosapi_msgs/include/rosapi_msgs/rosapi_msgs/srv/detail/has_param__rosidl_typesupport_fastrtps_c.h
[7.063s] -- Up-to-date: /home/hello-robot/ament_ws/install/rosapi_msgs/include/rosapi_msgs/rosapi_msgs/srv/detail/service_node__rosidl_typesupport_fastrtps_c.h
[7.063s] -- Up-to-date: /home/hello-robot/ament_ws/install/rosapi_msgs/include/rosapi_msgs/rosapi_msgs/srv/detail/topics_and_raw_types__rosidl_typesupport_fastrtps_c.h
[7.063s] -- Up-to-date: /home/hello-robot/ament_ws/install/rosapi_msgs/include/rosapi_msgs/rosapi_msgs/srv/detail/topic_type__rosidl_typesupport_fastrtps_c.h
[7.063s] -- Up-to-date: /home/hello-robot/ament_ws/install/rosapi_msgs/include/rosapi_msgs/rosapi_msgs/srv/detail/set_param__rosidl_typesupport_fastrtps_c.h
[7.063s] -- Up-to-date: /home/hello-robot/ament_ws/install/rosapi_msgs/include/rosapi_msgs/rosapi_msgs/srv/detail/topics_for_type__rosidl_typesupport_fastrtps_c.h
[7.063s] -- Up-to-date: /home/hello-robot/ament_ws/install/rosapi_msgs/include/rosapi_msgs/rosapi_msgs/srv/detail/message_details__rosidl_typesupport_fastrtps_c.h
[7.063s] -- Up-to-date: /home/hello-robot/ament_ws/install/rosapi_msgs/include/rosapi_msgs/rosapi_msgs/srv/detail/subscribers__rosidl_typesupport_fastrtps_c.h
[7.064s] -- Up-to-date: /home/hello-robot/ament_ws/install/rosapi_msgs/include/rosapi_msgs/rosapi_msgs/srv/detail/node_details__rosidl_typesupport_fastrtps_c.h
[7.064s] -- Up-to-date: /home/hello-robot/ament_ws/install/rosapi_msgs/include/rosapi_msgs/rosapi_msgs/srv/detail/services_for_type__rosidl_typesupport_fastrtps_c.h
[7.064s] -- Up-to-date: /home/hello-robot/ament_ws/install/rosapi_msgs/include/rosapi_msgs/rosapi_msgs/srv/detail/nodes__rosidl_typesupport_fastrtps_c.h
[7.064s] -- Up-to-date: /home/hello-robot/ament_ws/install/rosapi_msgs/include/rosapi_msgs/rosapi_msgs/srv/detail/delete_param__rosidl_typesupport_fastrtps_c.h
[7.064s] -- Up-to-date: /home/hello-robot/ament_ws/install/rosapi_msgs/include/rosapi_msgs/rosapi_msgs/srv/detail/services__rosidl_typesupport_fastrtps_c.h
[7.064s] -- Up-to-date: /home/hello-robot/ament_ws/install/rosapi_msgs/include/rosapi_msgs/rosapi_msgs/srv/detail/publishers__rosidl_typesupport_fastrtps_c.h
[7.064s] -- Up-to-date: /home/hello-robot/ament_ws/install/rosapi_msgs/include/rosapi_msgs/rosapi_msgs/srv/detail/get_action_servers__rosidl_typesupport_fastrtps_c.h
[7.064s] -- Up-to-date: /home/hello-robot/ament_ws/install/rosapi_msgs/include/rosapi_msgs/rosapi_msgs/srv/detail/service_type__rosidl_typesupport_fastrtps_c.h
[7.064s] -- Up-to-date: /home/hello-robot/ament_ws/install/rosapi_msgs/include/rosapi_msgs/rosapi_msgs/srv/detail/get_param__rosidl_typesupport_fastrtps_c.h
[7.064s] -- Up-to-date: /home/hello-robot/ament_ws/install/rosapi_msgs/include/rosapi_msgs/rosapi_msgs/srv/detail/service_request_details__rosidl_typesupport_fastrtps_c.h
[7.064s] -- Up-to-date: /home/hello-robot/ament_ws/install/rosapi_msgs/include/rosapi_msgs/rosapi_msgs/srv/detail/topics__rosidl_typesupport_fastrtps_c.h
[7.064s] -- Up-to-date: /home/hello-robot/ament_ws/install/rosapi_msgs/lib/librosapi_msgs__rosidl_typesupport_fastrtps_c.so
[7.065s] -- Up-to-date: /home/hello-robot/ament_ws/install/rosapi_msgs/include/rosapi_msgs/rosapi_msgs
[7.065s] -- Up-to-date: /home/hello-robot/ament_ws/install/rosapi_msgs/include/rosapi_msgs/rosapi_msgs/msg
[7.065s] -- Up-to-date: /home/hello-robot/ament_ws/install/rosapi_msgs/include/rosapi_msgs/rosapi_msgs/msg/type_def.hpp
[7.065s] -- Up-to-date: /home/hello-robot/ament_ws/install/rosapi_msgs/include/rosapi_msgs/rosapi_msgs/msg/detail
[7.065s] -- Up-to-date: /home/hello-robot/ament_ws/install/rosapi_msgs/include/rosapi_msgs/rosapi_msgs/msg/detail/type_def__struct.hpp
[7.065s] -- Up-to-date: /home/hello-robot/ament_ws/install/rosapi_msgs/include/rosapi_msgs/rosapi_msgs/msg/detail/type_def__builder.hpp
[7.065s] -- Up-to-date: /home/hello-robot/ament_ws/install/rosapi_msgs/include/rosapi_msgs/rosapi_msgs/msg/detail/type_def__traits.hpp
[7.065s] -- Up-to-date: /home/hello-robot/ament_ws/install/rosapi_msgs/include/rosapi_msgs/rosapi_msgs/srv
[7.065s] -- Up-to-date: /home/hello-robot/ament_ws/install/rosapi_msgs/include/rosapi_msgs/rosapi_msgs/srv/node_details.hpp
[7.065s] -- Up-to-date: /home/hello-robot/ament_ws/install/rosapi_msgs/include/rosapi_msgs/rosapi_msgs/srv/subscribers.hpp
[7.065s] -- Up-to-date: /home/hello-robot/ament_ws/install/rosapi_msgs/include/rosapi_msgs/rosapi_msgs/srv/service_response_details.hpp
[7.065s] -- Up-to-date: /home/hello-robot/ament_ws/install/rosapi_msgs/include/rosapi_msgs/rosapi_msgs/srv/get_time.hpp
[7.065s] -- Up-to-date: /home/hello-robot/ament_ws/install/rosapi_msgs/include/rosapi_msgs/rosapi_msgs/srv/message_details.hpp
[7.065s] -- Up-to-date: /home/hello-robot/ament_ws/install/rosapi_msgs/include/rosapi_msgs/rosapi_msgs/srv/publishers.hpp
[7.065s] -- Up-to-date: /home/hello-robot/ament_ws/install/rosapi_msgs/include/rosapi_msgs/rosapi_msgs/srv/get_param_names.hpp
[7.065s] -- Up-to-date: /home/hello-robot/ament_ws/install/rosapi_msgs/include/rosapi_msgs/rosapi_msgs/srv/topic_type.hpp
[7.066s] -- Up-to-date: /home/hello-robot/ament_ws/install/rosapi_msgs/include/rosapi_msgs/rosapi_msgs/srv/get_param.hpp
[7.066s] -- Up-to-date: /home/hello-robot/ament_ws/install/rosapi_msgs/include/rosapi_msgs/rosapi_msgs/srv/services.hpp
[7.066s] -- Up-to-date: /home/hello-robot/ament_ws/install/rosapi_msgs/include/rosapi_msgs/rosapi_msgs/srv/has_param.hpp
[7.066s] -- Up-to-date: /home/hello-robot/ament_ws/install/rosapi_msgs/include/rosapi_msgs/rosapi_msgs/srv/service_request_details.hpp
[7.066s] -- Up-to-date: /home/hello-robot/ament_ws/install/rosapi_msgs/include/rosapi_msgs/rosapi_msgs/srv/service_providers.hpp
[7.066s] -- Up-to-date: /home/hello-robot/ament_ws/install/rosapi_msgs/include/rosapi_msgs/rosapi_msgs/srv/service_type.hpp
[7.066s] -- Up-to-date: /home/hello-robot/ament_ws/install/rosapi_msgs/include/rosapi_msgs/rosapi_msgs/srv/topics_and_raw_types.hpp
[7.066s] -- Up-to-date: /home/hello-robot/ament_ws/install/rosapi_msgs/include/rosapi_msgs/rosapi_msgs/srv/set_param.hpp
[7.066s] -- Up-to-date: /home/hello-robot/ament_ws/install/rosapi_msgs/include/rosapi_msgs/rosapi_msgs/srv/delete_param.hpp
[7.066s] -- Up-to-date: /home/hello-robot/ament_ws/install/rosapi_msgs/include/rosapi_msgs/rosapi_msgs/srv/get_action_servers.hpp
[7.066s] -- Up-to-date: /home/hello-robot/ament_ws/install/rosapi_msgs/include/rosapi_msgs/rosapi_msgs/srv/service_node.hpp
[7.066s] -- Up-to-date: /home/hello-robot/ament_ws/install/rosapi_msgs/include/rosapi_msgs/rosapi_msgs/srv/services_for_type.hpp
[7.066s] -- Up-to-date: /home/hello-robot/ament_ws/install/rosapi_msgs/include/rosapi_msgs/rosapi_msgs/srv/nodes.hpp
[7.066s] -- Up-to-date: /home/hello-robot/ament_ws/install/rosapi_msgs/include/rosapi_msgs/rosapi_msgs/srv/topics_for_type.hpp
[7.066s] -- Up-to-date: /home/hello-robot/ament_ws/install/rosapi_msgs/include/rosapi_msgs/rosapi_msgs/srv/detail
[7.066s] -- Up-to-date: /home/hello-robot/ament_ws/install/rosapi_msgs/include/rosapi_msgs/rosapi_msgs/srv/detail/get_param_names__struct.hpp
[7.067s] -- Up-to-date: /home/hello-robot/ament_ws/install/rosapi_msgs/include/rosapi_msgs/rosapi_msgs/srv/detail/set_param__builder.hpp
[7.067s] -- Up-to-date: /home/hello-robot/ament_ws/install/rosapi_msgs/include/rosapi_msgs/rosapi_msgs/srv/detail/node_details__struct.hpp
[7.067s] -- Up-to-date: /home/hello-robot/ament_ws/install/rosapi_msgs/include/rosapi_msgs/rosapi_msgs/srv/detail/has_param__struct.hpp
[7.067s] -- Up-to-date: /home/hello-robot/ament_ws/install/rosapi_msgs/include/rosapi_msgs/rosapi_msgs/srv/detail/topics_and_raw_types__traits.hpp
[7.067s] -- Up-to-date: /home/hello-robot/ament_ws/install/rosapi_msgs/include/rosapi_msgs/rosapi_msgs/srv/detail/service_node__struct.hpp
[7.067s] -- Up-to-date: /home/hello-robot/ament_ws/install/rosapi_msgs/include/rosapi_msgs/rosapi_msgs/srv/detail/message_details__builder.hpp
[7.067s] -- Up-to-date: /home/hello-robot/ament_ws/install/rosapi_msgs/include/rosapi_msgs/rosapi_msgs/srv/detail/service_providers__builder.hpp
[7.067s] -- Up-to-date: /home/hello-robot/ament_ws/install/rosapi_msgs/include/rosapi_msgs/rosapi_msgs/srv/detail/get_param_names__traits.hpp
[7.067s] -- Up-to-date: /home/hello-robot/ament_ws/install/rosapi_msgs/include/rosapi_msgs/rosapi_msgs/srv/detail/get_time__traits.hpp
[7.067s] -- Up-to-date: /home/hello-robot/ament_ws/install/rosapi_msgs/include/rosapi_msgs/rosapi_msgs/srv/detail/services_for_type__struct.hpp
[7.067s] -- Up-to-date: /home/hello-robot/ament_ws/install/rosapi_msgs/include/rosapi_msgs/rosapi_msgs/srv/detail/service_providers__traits.hpp
[7.067s] -- Up-to-date: /home/hello-robot/ament_ws/install/rosapi_msgs/include/rosapi_msgs/rosapi_msgs/srv/detail/service_type__builder.hpp
[7.067s] -- Up-to-date: /home/hello-robot/ament_ws/install/rosapi_msgs/include/rosapi_msgs/rosapi_msgs/srv/detail/topics_for_type__builder.hpp
[7.067s] -- Up-to-date: /home/hello-robot/ament_ws/install/rosapi_msgs/include/rosapi_msgs/rosapi_msgs/srv/detail/get_param__traits.hpp
[7.067s] -- Up-to-date: /home/hello-robot/ament_ws/install/rosapi_msgs/include/rosapi_msgs/rosapi_msgs/srv/detail/topics_and_raw_types__builder.hpp
[7.067s] -- Up-to-date: /home/hello-robot/ament_ws/install/rosapi_msgs/include/rosapi_msgs/rosapi_msgs/srv/detail/get_time__builder.hpp
[7.068s] -- Up-to-date: /home/hello-robot/ament_ws/install/rosapi_msgs/include/rosapi_msgs/rosapi_msgs/srv/detail/nodes__struct.hpp
[7.068s] -- Up-to-date: /home/hello-robot/ament_ws/install/rosapi_msgs/include/rosapi_msgs/rosapi_msgs/srv/detail/service_node__builder.hpp
[7.068s] -- Up-to-date: /home/hello-robot/ament_ws/install/rosapi_msgs/include/rosapi_msgs/rosapi_msgs/srv/detail/nodes__traits.hpp
[7.068s] -- Up-to-date: /home/hello-robot/ament_ws/install/rosapi_msgs/include/rosapi_msgs/rosapi_msgs/srv/detail/delete_param__traits.hpp
[7.068s] -- Up-to-date: /home/hello-robot/ament_ws/install/rosapi_msgs/include/rosapi_msgs/rosapi_msgs/srv/detail/publishers__builder.hpp
[7.068s] -- Up-to-date: /home/hello-robot/ament_ws/install/rosapi_msgs/include/rosapi_msgs/rosapi_msgs/srv/detail/service_response_details__struct.hpp
[7.068s] -- Up-to-date: /home/hello-robot/ament_ws/install/rosapi_msgs/include/rosapi_msgs/rosapi_msgs/srv/detail/set_param__struct.hpp
[7.069s] -- Up-to-date: /home/hello-robot/ament_ws/install/rosapi_msgs/include/rosapi_msgs/rosapi_msgs/srv/detail/message_details__struct.hpp
[7.069s] -- Up-to-date: /home/hello-robot/ament_ws/install/rosapi_msgs/include/rosapi_msgs/rosapi_msgs/srv/detail/service_type__traits.hpp
[7.070s] -- Up-to-date: /home/hello-robot/ament_ws/install/rosapi_msgs/include/rosapi_msgs/rosapi_msgs/srv/detail/service_request_details__traits.hpp
[7.070s] -- Up-to-date: /home/hello-robot/ament_ws/install/rosapi_msgs/include/rosapi_msgs/rosapi_msgs/srv/detail/has_param__builder.hpp
[7.070s] -- Up-to-date: /home/hello-robot/ament_ws/install/rosapi_msgs/include/rosapi_msgs/rosapi_msgs/srv/detail/service_response_details__builder.hpp
[7.070s] -- Up-to-date: /home/hello-robot/ament_ws/install/rosapi_msgs/include/rosapi_msgs/rosapi_msgs/srv/detail/topics__traits.hpp
[7.070s] -- Up-to-date: /home/hello-robot/ament_ws/install/rosapi_msgs/include/rosapi_msgs/rosapi_msgs/srv/detail/delete_param__builder.hpp
[7.070s] -- Up-to-date: /home/hello-robot/ament_ws/install/rosapi_msgs/include/rosapi_msgs/rosapi_msgs/srv/detail/service_request_details__struct.hpp
[7.070s] -- Up-to-date: /home/hello-robot/ament_ws/install/rosapi_msgs/include/rosapi_msgs/rosapi_msgs/srv/detail/message_details__traits.hpp
[7.070s] -- Up-to-date: /home/hello-robot/ament_ws/install/rosapi_msgs/include/rosapi_msgs/rosapi_msgs/srv/detail/services__builder.hpp
[7.071s] -- Up-to-date: /home/hello-robot/ament_ws/install/rosapi_msgs/include/rosapi_msgs/rosapi_msgs/srv/detail/get_action_servers__traits.hpp
[7.071s] -- Up-to-date: /home/hello-robot/ament_ws/install/rosapi_msgs/include/rosapi_msgs/rosapi_msgs/srv/detail/get_param__builder.hpp
[7.071s] -- Up-to-date: /home/hello-robot/ament_ws/install/rosapi_msgs/include/rosapi_msgs/rosapi_msgs/srv/detail/subscribers__struct.hpp
[7.071s] -- Up-to-date: /home/hello-robot/ament_ws/install/rosapi_msgs/include/rosapi_msgs/rosapi_msgs/srv/detail/topics_for_type__traits.hpp
[7.071s] -- Up-to-date: /home/hello-robot/ament_ws/install/rosapi_msgs/include/rosapi_msgs/rosapi_msgs/srv/detail/get_action_servers__struct.hpp
[7.071s] -- Up-to-date: /home/hello-robot/ament_ws/install/rosapi_msgs/include/rosapi_msgs/rosapi_msgs/srv/detail/publishers__traits.hpp
[7.071s] -- Up-to-date: /home/hello-robot/ament_ws/install/rosapi_msgs/include/rosapi_msgs/rosapi_msgs/srv/detail/publishers__struct.hpp
[7.071s] -- Up-to-date: /home/hello-robot/ament_ws/install/rosapi_msgs/include/rosapi_msgs/rosapi_msgs/srv/detail/services__struct.hpp
[7.071s] -- Up-to-date: /home/hello-robot/ament_ws/install/rosapi_msgs/include/rosapi_msgs/rosapi_msgs/srv/detail/service_type__struct.hpp
[7.071s] -- Up-to-date: /home/hello-robot/ament_ws/install/rosapi_msgs/include/rosapi_msgs/rosapi_msgs/srv/detail/subscribers__traits.hpp
[7.072s] -- Up-to-date: /home/hello-robot/ament_ws/install/rosapi_msgs/include/rosapi_msgs/rosapi_msgs/srv/detail/set_param__traits.hpp
[7.072s] -- Up-to-date: /home/hello-robot/ament_ws/install/rosapi_msgs/include/rosapi_msgs/rosapi_msgs/srv/detail/service_providers__struct.hpp
[7.072s] -- Up-to-date: /home/hello-robot/ament_ws/install/rosapi_msgs/include/rosapi_msgs/rosapi_msgs/srv/detail/service_response_details__traits.hpp
[7.072s] -- Up-to-date: /home/hello-robot/ament_ws/install/rosapi_msgs/include/rosapi_msgs/rosapi_msgs/srv/detail/get_ros_version__struct.hpp
[7.072s] -- Up-to-date: /home/hello-robot/ament_ws/install/rosapi_msgs/include/rosapi_msgs/rosapi_msgs/srv/detail/nodes__builder.hpp
[7.072s] -- Up-to-date: /home/hello-robot/ament_ws/install/rosapi_msgs/include/rosapi_msgs/rosapi_msgs/srv/detail/topic_type__struct.hpp
[7.072s] -- Up-to-date: /home/hello-robot/ament_ws/install/rosapi_msgs/include/rosapi_msgs/rosapi_msgs/srv/detail/delete_param__struct.hpp
[7.072s] -- Up-to-date: /home/hello-robot/ament_ws/install/rosapi_msgs/include/rosapi_msgs/rosapi_msgs/srv/detail/services_for_type__builder.hpp
[7.072s] -- Up-to-date: /home/hello-robot/ament_ws/install/rosapi_msgs/include/rosapi_msgs/rosapi_msgs/srv/detail/service_node__traits.hpp
[7.072s] -- Up-to-date: /home/hello-robot/ament_ws/install/rosapi_msgs/include/rosapi_msgs/rosapi_msgs/srv/detail/get_time__struct.hpp
[7.072s] -- Up-to-date: /home/hello-robot/ament_ws/install/rosapi_msgs/include/rosapi_msgs/rosapi_msgs/srv/detail/has_param__traits.hpp
[7.072s] -- Up-to-date: /home/hello-robot/ament_ws/install/rosapi_msgs/include/rosapi_msgs/rosapi_msgs/srv/detail/services__traits.hpp
[7.072s] -- Up-to-date: /home/hello-robot/ament_ws/install/rosapi_msgs/include/rosapi_msgs/rosapi_msgs/srv/detail/topics_for_type__struct.hpp
[7.072s] -- Up-to-date: /home/hello-robot/ament_ws/install/rosapi_msgs/include/rosapi_msgs/rosapi_msgs/srv/detail/topics_and_raw_types__struct.hpp
[7.073s] -- Up-to-date: /home/hello-robot/ament_ws/install/rosapi_msgs/include/rosapi_msgs/rosapi_msgs/srv/detail/topic_type__traits.hpp
[7.073s] -- Up-to-date: /home/hello-robot/ament_ws/install/rosapi_msgs/include/rosapi_msgs/rosapi_msgs/srv/detail/get_action_servers__builder.hpp
[7.074s] -- Up-to-date: /home/hello-robot/ament_ws/install/rosapi_msgs/include/rosapi_msgs/rosapi_msgs/srv/detail/topics__builder.hpp
[7.074s] -- Up-to-date: /home/hello-robot/ament_ws/install/rosapi_msgs/include/rosapi_msgs/rosapi_msgs/srv/detail/get_ros_version__traits.hpp
[7.074s] -- Up-to-date: /home/hello-robot/ament_ws/install/rosapi_msgs/include/rosapi_msgs/rosapi_msgs/srv/detail/topics__struct.hpp
[7.074s] -- Up-to-date: /home/hello-robot/ament_ws/install/rosapi_msgs/include/rosapi_msgs/rosapi_msgs/srv/detail/topic_type__builder.hpp
[7.074s] -- Up-to-date: /home/hello-robot/ament_ws/install/rosapi_msgs/include/rosapi_msgs/rosapi_msgs/srv/detail/get_param_names__builder.hpp
[7.075s] -- Up-to-date: /home/hello-robot/ament_ws/install/rosapi_msgs/include/rosapi_msgs/rosapi_msgs/srv/detail/node_details__builder.hpp
[7.078s] -- Up-to-date: /home/hello-robot/ament_ws/install/rosapi_msgs/include/rosapi_msgs/rosapi_msgs/srv/detail/service_request_details__builder.hpp
[7.078s] -- Up-to-date: /home/hello-robot/ament_ws/install/rosapi_msgs/include/rosapi_msgs/rosapi_msgs/srv/detail/get_ros_version__builder.hpp
[7.078s] -- Up-to-date: /home/hello-robot/ament_ws/install/rosapi_msgs/include/rosapi_msgs/rosapi_msgs/srv/detail/node_details__traits.hpp
[7.078s] -- Up-to-date: /home/hello-robot/ament_ws/install/rosapi_msgs/include/rosapi_msgs/rosapi_msgs/srv/detail/get_param__struct.hpp
[7.078s] -- Up-to-date: /home/hello-robot/ament_ws/install/rosapi_msgs/include/rosapi_msgs/rosapi_msgs/srv/detail/subscribers__builder.hpp
[7.078s] -- Up-to-date: /home/hello-robot/ament_ws/install/rosapi_msgs/include/rosapi_msgs/rosapi_msgs/srv/detail/services_for_type__traits.hpp
[7.078s] -- Up-to-date: /home/hello-robot/ament_ws/install/rosapi_msgs/include/rosapi_msgs/rosapi_msgs/srv/topics.hpp
[7.078s] -- Up-to-date: /home/hello-robot/ament_ws/install/rosapi_msgs/include/rosapi_msgs/rosapi_msgs/srv/get_ros_version.hpp
[7.078s] -- Up-to-date: /home/hello-robot/ament_ws/install/rosapi_msgs/include/rosapi_msgs/rosapi_msgs
[7.078s] -- Up-to-date: /home/hello-robot/ament_ws/install/rosapi_msgs/include/rosapi_msgs/rosapi_msgs/msg
[7.079s] -- Up-to-date: /home/hello-robot/ament_ws/install/rosapi_msgs/include/rosapi_msgs/rosapi_msgs/msg/detail
[7.079s] -- Up-to-date: /home/hello-robot/ament_ws/install/rosapi_msgs/include/rosapi_msgs/rosapi_msgs/msg/detail/type_def__rosidl_typesupport_fastrtps_cpp.hpp
[7.079s] -- Up-to-date: /home/hello-robot/ament_ws/install/rosapi_msgs/include/rosapi_msgs/rosapi_msgs/msg/detail/dds_fastrtps
[7.079s] -- Up-to-date: /home/hello-robot/ament_ws/install/rosapi_msgs/include/rosapi_msgs/rosapi_msgs/msg/rosidl_typesupport_fastrtps_cpp__visibility_control.h
[7.079s] -- Up-to-date: /home/hello-robot/ament_ws/install/rosapi_msgs/include/rosapi_msgs/rosapi_msgs/srv
[7.079s] -- Up-to-date: /home/hello-robot/ament_ws/install/rosapi_msgs/include/rosapi_msgs/rosapi_msgs/srv/detail
[7.079s] -- Up-to-date: /home/hello-robot/ament_ws/install/rosapi_msgs/include/rosapi_msgs/rosapi_msgs/srv/detail/set_param__rosidl_typesupport_fastrtps_cpp.hpp
[7.079s] -- Up-to-date: /home/hello-robot/ament_ws/install/rosapi_msgs/include/rosapi_msgs/rosapi_msgs/srv/detail/delete_param__rosidl_typesupport_fastrtps_cpp.hpp
[7.079s] -- Up-to-date: /home/hello-robot/ament_ws/install/rosapi_msgs/include/rosapi_msgs/rosapi_msgs/srv/detail/topic_type__rosidl_typesupport_fastrtps_cpp.hpp
[7.079s] -- Up-to-date: /home/hello-robot/ament_ws/install/rosapi_msgs/include/rosapi_msgs/rosapi_msgs/srv/detail/nodes__rosidl_typesupport_fastrtps_cpp.hpp
[7.080s] -- Up-to-date: /home/hello-robot/ament_ws/install/rosapi_msgs/include/rosapi_msgs/rosapi_msgs/srv/detail/dds_fastrtps
[7.080s] -- Up-to-date: /home/hello-robot/ament_ws/install/rosapi_msgs/include/rosapi_msgs/rosapi_msgs/srv/detail/publishers__rosidl_typesupport_fastrtps_cpp.hpp
[7.080s] -- Up-to-date: /home/hello-robot/ament_ws/install/rosapi_msgs/include/rosapi_msgs/rosapi_msgs/srv/detail/get_ros_version__rosidl_typesupport_fastrtps_cpp.hpp
[7.080s] -- Up-to-date: /home/hello-robot/ament_ws/install/rosapi_msgs/include/rosapi_msgs/rosapi_msgs/srv/detail/has_param__rosidl_typesupport_fastrtps_cpp.hpp
[7.080s] -- Up-to-date: /home/hello-robot/ament_ws/install/rosapi_msgs/include/rosapi_msgs/rosapi_msgs/srv/detail/service_response_details__rosidl_typesupport_fastrtps_cpp.hpp
[7.080s] -- Up-to-date: /home/hello-robot/ament_ws/install/rosapi_msgs/include/rosapi_msgs/rosapi_msgs/srv/detail/topics_for_type__rosidl_typesupport_fastrtps_cpp.hpp
[7.080s] -- Up-to-date: /home/hello-robot/ament_ws/install/rosapi_msgs/include/rosapi_msgs/rosapi_msgs/srv/detail/subscribers__rosidl_typesupport_fastrtps_cpp.hpp
[7.080s] -- Up-to-date: /home/hello-robot/ament_ws/install/rosapi_msgs/include/rosapi_msgs/rosapi_msgs/srv/detail/service_type__rosidl_typesupport_fastrtps_cpp.hpp
[7.080s] -- Up-to-date: /home/hello-robot/ament_ws/install/rosapi_msgs/include/rosapi_msgs/rosapi_msgs/srv/detail/get_time__rosidl_typesupport_fastrtps_cpp.hpp
[7.080s] -- Up-to-date: /home/hello-robot/ament_ws/install/rosapi_msgs/include/rosapi_msgs/rosapi_msgs/srv/detail/service_request_details__rosidl_typesupport_fastrtps_cpp.hpp
[7.080s] -- Up-to-date: /home/hello-robot/ament_ws/install/rosapi_msgs/include/rosapi_msgs/rosapi_msgs/srv/detail/node_details__rosidl_typesupport_fastrtps_cpp.hpp
[7.080s] -- Up-to-date: /home/hello-robot/ament_ws/install/rosapi_msgs/include/rosapi_msgs/rosapi_msgs/srv/detail/services__rosidl_typesupport_fastrtps_cpp.hpp
[7.081s] -- Up-to-date: /home/hello-robot/ament_ws/install/rosapi_msgs/include/rosapi_msgs/rosapi_msgs/srv/detail/get_param__rosidl_typesupport_fastrtps_cpp.hpp
[7.081s] -- Up-to-date: /home/hello-robot/ament_ws/install/rosapi_msgs/include/rosapi_msgs/rosapi_msgs/srv/detail/get_action_servers__rosidl_typesupport_fastrtps_cpp.hpp
[7.081s] -- Up-to-date: /home/hello-robot/ament_ws/install/rosapi_msgs/include/rosapi_msgs/rosapi_msgs/srv/detail/service_node__rosidl_typesupport_fastrtps_cpp.hpp
[7.081s] -- Up-to-date: /home/hello-robot/ament_ws/install/rosapi_msgs/include/rosapi_msgs/rosapi_msgs/srv/detail/service_providers__rosidl_typesupport_fastrtps_cpp.hpp
[7.081s] -- Up-to-date: /home/hello-robot/ament_ws/install/rosapi_msgs/include/rosapi_msgs/rosapi_msgs/srv/detail/services_for_type__rosidl_typesupport_fastrtps_cpp.hpp
[7.081s] -- Up-to-date: /home/hello-robot/ament_ws/install/rosapi_msgs/include/rosapi_msgs/rosapi_msgs/srv/detail/get_param_names__rosidl_typesupport_fastrtps_cpp.hpp
[7.081s] -- Up-to-date: /home/hello-robot/ament_ws/install/rosapi_msgs/include/rosapi_msgs/rosapi_msgs/srv/detail/message_details__rosidl_typesupport_fastrtps_cpp.hpp
[7.081s] -- Up-to-date: /home/hello-robot/ament_ws/install/rosapi_msgs/include/rosapi_msgs/rosapi_msgs/srv/detail/topics__rosidl_typesupport_fastrtps_cpp.hpp
[7.081s] -- Up-to-date: /home/hello-robot/ament_ws/install/rosapi_msgs/include/rosapi_msgs/rosapi_msgs/srv/detail/topics_and_raw_types__rosidl_typesupport_fastrtps_cpp.hpp
[7.082s] -- Up-to-date: /home/hello-robot/ament_ws/install/rosapi_msgs/lib/librosapi_msgs__rosidl_typesupport_fastrtps_cpp.so
[7.092s] -- Up-to-date: /home/hello-robot/ament_ws/install/rosapi_msgs/include/rosapi_msgs/rosapi_msgs
[7.093s] -- Up-to-date: /home/hello-robot/ament_ws/install/rosapi_msgs/include/rosapi_msgs/rosapi_msgs/msg
[7.094s] -- Up-to-date: /home/hello-robot/ament_ws/install/rosapi_msgs/include/rosapi_msgs/rosapi_msgs/msg/rosidl_typesupport_introspection_c__visibility_control.h
[7.094s] -- Up-to-date: /home/hello-robot/ament_ws/install/rosapi_msgs/include/rosapi_msgs/rosapi_msgs/msg/detail
[7.094s] -- Up-to-date: /home/hello-robot/ament_ws/install/rosapi_msgs/include/rosapi_msgs/rosapi_msgs/msg/detail/type_def__type_support.c
[7.094s] -- Up-to-date: /home/hello-robot/ament_ws/install/rosapi_msgs/include/rosapi_msgs/rosapi_msgs/msg/detail/type_def__rosidl_typesupport_introspection_c.h
[7.094s] -- Up-to-date: /home/hello-robot/ament_ws/install/rosapi_msgs/include/rosapi_msgs/rosapi_msgs/srv
[7.094s] -- Up-to-date: /home/hello-robot/ament_ws/install/rosapi_msgs/include/rosapi_msgs/rosapi_msgs/srv/detail
[7.094s] -- Up-to-date: /home/hello-robot/ament_ws/install/rosapi_msgs/include/rosapi_msgs/rosapi_msgs/srv/detail/topic_type__rosidl_typesupport_introspection_c.h
[7.094s] -- Up-to-date: /home/hello-robot/ament_ws/install/rosapi_msgs/include/rosapi_msgs/rosapi_msgs/srv/detail/get_time__rosidl_typesupport_introspection_c.h
[7.094s] -- Up-to-date: /home/hello-robot/ament_ws/install/rosapi_msgs/include/rosapi_msgs/rosapi_msgs/srv/detail/publishers__rosidl_typesupport_introspection_c.h
[7.094s] -- Up-to-date: /home/hello-robot/ament_ws/install/rosapi_msgs/include/rosapi_msgs/rosapi_msgs/srv/detail/service_request_details__type_support.c
[7.095s] -- Up-to-date: /home/hello-robot/ament_ws/install/rosapi_msgs/include/rosapi_msgs/rosapi_msgs/srv/detail/service_type__rosidl_typesupport_introspection_c.h
[7.095s] -- Up-to-date: /home/hello-robot/ament_ws/install/rosapi_msgs/include/rosapi_msgs/rosapi_msgs/srv/detail/get_ros_version__type_support.c
[7.095s] -- Up-to-date: /home/hello-robot/ament_ws/install/rosapi_msgs/include/rosapi_msgs/rosapi_msgs/srv/detail/topics_and_raw_types__rosidl_typesupport_introspection_c.h
[7.095s] -- Up-to-date: /home/hello-robot/ament_ws/install/rosapi_msgs/include/rosapi_msgs/rosapi_msgs/srv/detail/set_param__type_support.c
[7.095s] -- Up-to-date: /home/hello-robot/ament_ws/install/rosapi_msgs/include/rosapi_msgs/rosapi_msgs/srv/detail/service_type__type_support.c
[7.095s] -- Up-to-date: /home/hello-robot/ament_ws/install/rosapi_msgs/include/rosapi_msgs/rosapi_msgs/srv/detail/get_action_servers__rosidl_typesupport_introspection_c.h
[7.095s] -- Up-to-date: /home/hello-robot/ament_ws/install/rosapi_msgs/include/rosapi_msgs/rosapi_msgs/srv/detail/get_param__rosidl_typesupport_introspection_c.h
[7.095s] -- Up-to-date: /home/hello-robot/ament_ws/install/rosapi_msgs/include/rosapi_msgs/rosapi_msgs/srv/detail/subscribers__type_support.c
[7.095s] -- Up-to-date: /home/hello-robot/ament_ws/install/rosapi_msgs/include/rosapi_msgs/rosapi_msgs/srv/detail/get_ros_version__rosidl_typesupport_introspection_c.h
[7.095s] -- Up-to-date: /home/hello-robot/ament_ws/install/rosapi_msgs/include/rosapi_msgs/rosapi_msgs/srv/detail/service_node__type_support.c
[7.095s] -- Up-to-date: /home/hello-robot/ament_ws/install/rosapi_msgs/include/rosapi_msgs/rosapi_msgs/srv/detail/subscribers__rosidl_typesupport_introspection_c.h
[7.095s] -- Up-to-date: /home/hello-robot/ament_ws/install/rosapi_msgs/include/rosapi_msgs/rosapi_msgs/srv/detail/services_for_type__type_support.c
[7.096s] -- Up-to-date: /home/hello-robot/ament_ws/install/rosapi_msgs/include/rosapi_msgs/rosapi_msgs/srv/detail/nodes__rosidl_typesupport_introspection_c.h
[7.096s] -- Up-to-date: /home/hello-robot/ament_ws/install/rosapi_msgs/include/rosapi_msgs/rosapi_msgs/srv/detail/topics__type_support.c
[7.096s] -- Up-to-date: /home/hello-robot/ament_ws/install/rosapi_msgs/include/rosapi_msgs/rosapi_msgs/srv/detail/has_param__rosidl_typesupport_introspection_c.h
[7.096s] -- Up-to-date: /home/hello-robot/ament_ws/install/rosapi_msgs/include/rosapi_msgs/rosapi_msgs/srv/detail/service_providers__type_support.c
[7.096s] -- Up-to-date: /home/hello-robot/ament_ws/install/rosapi_msgs/include/rosapi_msgs/rosapi_msgs/srv/detail/service_providers__rosidl_typesupport_introspection_c.h
[7.096s] -- Up-to-date: /home/hello-robot/ament_ws/install/rosapi_msgs/include/rosapi_msgs/rosapi_msgs/srv/detail/publishers__type_support.c
[7.096s] -- Up-to-date: /home/hello-robot/ament_ws/install/rosapi_msgs/include/rosapi_msgs/rosapi_msgs/srv/detail/nodes__type_support.c
[7.096s] -- Up-to-date: /home/hello-robot/ament_ws/install/rosapi_msgs/include/rosapi_msgs/rosapi_msgs/srv/detail/service_node__rosidl_typesupport_introspection_c.h
[7.096s] -- Up-to-date: /home/hello-robot/ament_ws/install/rosapi_msgs/include/rosapi_msgs/rosapi_msgs/srv/detail/get_param_names__rosidl_typesupport_introspection_c.h
[7.096s] -- Up-to-date: /home/hello-robot/ament_ws/install/rosapi_msgs/include/rosapi_msgs/rosapi_msgs/srv/detail/services_for_type__rosidl_typesupport_introspection_c.h
[7.096s] -- Up-to-date: /home/hello-robot/ament_ws/install/rosapi_msgs/include/rosapi_msgs/rosapi_msgs/srv/detail/topics_for_type__type_support.c
[7.096s] -- Up-to-date: /home/hello-robot/ament_ws/install/rosapi_msgs/include/rosapi_msgs/rosapi_msgs/srv/detail/node_details__rosidl_typesupport_introspection_c.h
[7.097s] -- Up-to-date: /home/hello-robot/ament_ws/install/rosapi_msgs/include/rosapi_msgs/rosapi_msgs/srv/detail/services__rosidl_typesupport_introspection_c.h
[7.097s] -- Up-to-date: /home/hello-robot/ament_ws/install/rosapi_msgs/include/rosapi_msgs/rosapi_msgs/srv/detail/get_param__type_support.c
[7.097s] -- Up-to-date: /home/hello-robot/ament_ws/install/rosapi_msgs/include/rosapi_msgs/rosapi_msgs/srv/detail/get_time__type_support.c
[7.097s] -- Up-to-date: /home/hello-robot/ament_ws/install/rosapi_msgs/include/rosapi_msgs/rosapi_msgs/srv/detail/set_param__rosidl_typesupport_introspection_c.h
[7.097s] -- Up-to-date: /home/hello-robot/ament_ws/install/rosapi_msgs/include/rosapi_msgs/rosapi_msgs/srv/detail/delete_param__type_support.c
[7.097s] -- Up-to-date: /home/hello-robot/ament_ws/install/rosapi_msgs/include/rosapi_msgs/rosapi_msgs/srv/detail/service_request_details__rosidl_typesupport_introspection_c.h
[7.097s] -- Up-to-date: /home/hello-robot/ament_ws/install/rosapi_msgs/include/rosapi_msgs/rosapi_msgs/srv/detail/topics_for_type__rosidl_typesupport_introspection_c.h
[7.097s] -- Up-to-date: /home/hello-robot/ament_ws/install/rosapi_msgs/include/rosapi_msgs/rosapi_msgs/srv/detail/service_response_details__rosidl_typesupport_introspection_c.h
[7.097s] -- Up-to-date: /home/hello-robot/ament_ws/install/rosapi_msgs/include/rosapi_msgs/rosapi_msgs/srv/detail/node_details__type_support.c
[7.097s] -- Up-to-date: /home/hello-robot/ament_ws/install/rosapi_msgs/include/rosapi_msgs/rosapi_msgs/srv/detail/get_action_servers__type_support.c
[7.097s] -- Up-to-date: /home/hello-robot/ament_ws/install/rosapi_msgs/include/rosapi_msgs/rosapi_msgs/srv/detail/topics__rosidl_typesupport_introspection_c.h
[7.097s] -- Up-to-date: /home/hello-robot/ament_ws/install/rosapi_msgs/include/rosapi_msgs/rosapi_msgs/srv/detail/message_details__type_support.c
[7.097s] -- Up-to-date: /home/hello-robot/ament_ws/install/rosapi_msgs/include/rosapi_msgs/rosapi_msgs/srv/detail/services__type_support.c
[7.098s] -- Up-to-date: /home/hello-robot/ament_ws/install/rosapi_msgs/include/rosapi_msgs/rosapi_msgs/srv/detail/service_response_details__type_support.c
[7.098s] -- Up-to-date: /home/hello-robot/ament_ws/install/rosapi_msgs/include/rosapi_msgs/rosapi_msgs/srv/detail/delete_param__rosidl_typesupport_introspection_c.h
[7.098s] -- Up-to-date: /home/hello-robot/ament_ws/install/rosapi_msgs/include/rosapi_msgs/rosapi_msgs/srv/detail/message_details__rosidl_typesupport_introspection_c.h
[7.098s] -- Up-to-date: /home/hello-robot/ament_ws/install/rosapi_msgs/include/rosapi_msgs/rosapi_msgs/srv/detail/topic_type__type_support.c
[7.098s] -- Up-to-date: /home/hello-robot/ament_ws/install/rosapi_msgs/include/rosapi_msgs/rosapi_msgs/srv/detail/has_param__type_support.c
[7.098s] -- Up-to-date: /home/hello-robot/ament_ws/install/rosapi_msgs/include/rosapi_msgs/rosapi_msgs/srv/detail/get_param_names__type_support.c
[7.098s] -- Up-to-date: /home/hello-robot/ament_ws/install/rosapi_msgs/include/rosapi_msgs/rosapi_msgs/srv/detail/topics_and_raw_types__type_support.c
[7.098s] -- Up-to-date: /home/hello-robot/ament_ws/install/rosapi_msgs/lib/librosapi_msgs__rosidl_typesupport_introspection_c.so
[7.098s] -- Up-to-date: /home/hello-robot/ament_ws/install/rosapi_msgs/lib/librosapi_msgs__rosidl_typesupport_c.so
[7.098s] -- Up-to-date: /home/hello-robot/ament_ws/install/rosapi_msgs/include/rosapi_msgs/rosapi_msgs
[7.098s] -- Up-to-date: /home/hello-robot/ament_ws/install/rosapi_msgs/include/rosapi_msgs/rosapi_msgs/msg
[7.098s] -- Up-to-date: /home/hello-robot/ament_ws/install/rosapi_msgs/include/rosapi_msgs/rosapi_msgs/msg/detail
[7.098s] -- Up-to-date: /home/hello-robot/ament_ws/install/rosapi_msgs/include/rosapi_msgs/rosapi_msgs/msg/detail/type_def__rosidl_typesupport_introspection_cpp.hpp
[7.099s] -- Up-to-date: /home/hello-robot/ament_ws/install/rosapi_msgs/include/rosapi_msgs/rosapi_msgs/msg/detail/type_def__type_support.cpp
[7.099s] -- Up-to-date: /home/hello-robot/ament_ws/install/rosapi_msgs/include/rosapi_msgs/rosapi_msgs/srv
[7.099s] -- Up-to-date: /home/hello-robot/ament_ws/install/rosapi_msgs/include/rosapi_msgs/rosapi_msgs/srv/detail
[7.099s] -- Up-to-date: /home/hello-robot/ament_ws/install/rosapi_msgs/include/rosapi_msgs/rosapi_msgs/srv/detail/service_node__type_support.cpp
[7.099s] -- Up-to-date: /home/hello-robot/ament_ws/install/rosapi_msgs/include/rosapi_msgs/rosapi_msgs/srv/detail/subscribers__rosidl_typesupport_introspection_cpp.hpp
[7.099s] -- Up-to-date: /home/hello-robot/ament_ws/install/rosapi_msgs/include/rosapi_msgs/rosapi_msgs/srv/detail/get_action_servers__type_support.cpp
[7.099s] -- Up-to-date: /home/hello-robot/ament_ws/install/rosapi_msgs/include/rosapi_msgs/rosapi_msgs/srv/detail/get_ros_version__rosidl_typesupport_introspection_cpp.hpp
[7.099s] -- Up-to-date: /home/hello-robot/ament_ws/install/rosapi_msgs/include/rosapi_msgs/rosapi_msgs/srv/detail/has_param__rosidl_typesupport_introspection_cpp.hpp
[7.099s] -- Up-to-date: /home/hello-robot/ament_ws/install/rosapi_msgs/include/rosapi_msgs/rosapi_msgs/srv/detail/get_param__rosidl_typesupport_introspection_cpp.hpp
[7.099s] -- Up-to-date: /home/hello-robot/ament_ws/install/rosapi_msgs/include/rosapi_msgs/rosapi_msgs/srv/detail/service_request_details__type_support.cpp
[7.099s] -- Up-to-date: /home/hello-robot/ament_ws/install/rosapi_msgs/include/rosapi_msgs/rosapi_msgs/srv/detail/get_param__type_support.cpp
[7.099s] -- Up-to-date: /home/hello-robot/ament_ws/install/rosapi_msgs/include/rosapi_msgs/rosapi_msgs/srv/detail/service_providers__type_support.cpp
[7.100s] -- Up-to-date: /home/hello-robot/ament_ws/install/rosapi_msgs/include/rosapi_msgs/rosapi_msgs/srv/detail/service_type__rosidl_typesupport_introspection_cpp.hpp
[7.100s] -- Up-to-date: /home/hello-robot/ament_ws/install/rosapi_msgs/include/rosapi_msgs/rosapi_msgs/srv/detail/services__type_support.cpp
[7.100s] -- Up-to-date: /home/hello-robot/ament_ws/install/rosapi_msgs/include/rosapi_msgs/rosapi_msgs/srv/detail/service_type__type_support.cpp
[7.100s] -- Up-to-date: /home/hello-robot/ament_ws/install/rosapi_msgs/include/rosapi_msgs/rosapi_msgs/srv/detail/topics__rosidl_typesupport_introspection_cpp.hpp
[7.100s] -- Up-to-date: /home/hello-robot/ament_ws/install/rosapi_msgs/include/rosapi_msgs/rosapi_msgs/srv/detail/service_response_details__rosidl_typesupport_introspection_cpp.hpp
[7.100s] -- Up-to-date: /home/hello-robot/ament_ws/install/rosapi_msgs/include/rosapi_msgs/rosapi_msgs/srv/detail/nodes__type_support.cpp
[7.100s] -- Up-to-date: /home/hello-robot/ament_ws/install/rosapi_msgs/include/rosapi_msgs/rosapi_msgs/srv/detail/get_action_servers__rosidl_typesupport_introspection_cpp.hpp
[7.100s] -- Up-to-date: /home/hello-robot/ament_ws/install/rosapi_msgs/include/rosapi_msgs/rosapi_msgs/srv/detail/node_details__rosidl_typesupport_introspection_cpp.hpp
[7.100s] -- Up-to-date: /home/hello-robot/ament_ws/install/rosapi_msgs/include/rosapi_msgs/rosapi_msgs/srv/detail/topics_and_raw_types__type_support.cpp
[7.100s] -- Up-to-date: /home/hello-robot/ament_ws/install/rosapi_msgs/include/rosapi_msgs/rosapi_msgs/srv/detail/delete_param__rosidl_typesupport_introspection_cpp.hpp
[7.100s] -- Up-to-date: /home/hello-robot/ament_ws/install/rosapi_msgs/include/rosapi_msgs/rosapi_msgs/srv/detail/get_param_names__rosidl_typesupport_introspection_cpp.hpp
[7.100s] -- Up-to-date: /home/hello-robot/ament_ws/install/rosapi_msgs/include/rosapi_msgs/rosapi_msgs/srv/detail/nodes__rosidl_typesupport_introspection_cpp.hpp
[7.101s] -- Up-to-date: /home/hello-robot/ament_ws/install/rosapi_msgs/include/rosapi_msgs/rosapi_msgs/srv/detail/get_time__rosidl_typesupport_introspection_cpp.hpp
[7.101s] -- Up-to-date: /home/hello-robot/ament_ws/install/rosapi_msgs/include/rosapi_msgs/rosapi_msgs/srv/detail/set_param__rosidl_typesupport_introspection_cpp.hpp
[7.101s] -- Up-to-date: /home/hello-robot/ament_ws/install/rosapi_msgs/include/rosapi_msgs/rosapi_msgs/srv/detail/has_param__type_support.cpp
[7.101s] -- Up-to-date: /home/hello-robot/ament_ws/install/rosapi_msgs/include/rosapi_msgs/rosapi_msgs/srv/detail/topic_type__rosidl_typesupport_introspection_cpp.hpp
[7.101s] -- Up-to-date: /home/hello-robot/ament_ws/install/rosapi_msgs/include/rosapi_msgs/rosapi_msgs/srv/detail/node_details__type_support.cpp
[7.101s] -- Up-to-date: /home/hello-robot/ament_ws/install/rosapi_msgs/include/rosapi_msgs/rosapi_msgs/srv/detail/get_param_names__type_support.cpp
[7.101s] -- Up-to-date: /home/hello-robot/ament_ws/install/rosapi_msgs/include/rosapi_msgs/rosapi_msgs/srv/detail/topic_type__type_support.cpp
[7.101s] -- Up-to-date: /home/hello-robot/ament_ws/install/rosapi_msgs/include/rosapi_msgs/rosapi_msgs/srv/detail/topics_for_type__rosidl_typesupport_introspection_cpp.hpp
[7.101s] -- Up-to-date: /home/hello-robot/ament_ws/install/rosapi_msgs/include/rosapi_msgs/rosapi_msgs/srv/detail/message_details__rosidl_typesupport_introspection_cpp.hpp
[7.101s] -- Up-to-date: /home/hello-robot/ament_ws/install/rosapi_msgs/include/rosapi_msgs/rosapi_msgs/srv/detail/services_for_type__type_support.cpp
[7.101s] -- Up-to-date: /home/hello-robot/ament_ws/install/rosapi_msgs/include/rosapi_msgs/rosapi_msgs/srv/detail/service_response_details__type_support.cpp
[7.101s] -- Up-to-date: /home/hello-robot/ament_ws/install/rosapi_msgs/include/rosapi_msgs/rosapi_msgs/srv/detail/topics__type_support.cpp
[7.101s] -- Up-to-date: /home/hello-robot/ament_ws/install/rosapi_msgs/include/rosapi_msgs/rosapi_msgs/srv/detail/service_providers__rosidl_typesupport_introspection_cpp.hpp
[7.102s] -- Up-to-date: /home/hello-robot/ament_ws/install/rosapi_msgs/include/rosapi_msgs/rosapi_msgs/srv/detail/set_param__type_support.cpp
[7.102s] -- Up-to-date: /home/hello-robot/ament_ws/install/rosapi_msgs/include/rosapi_msgs/rosapi_msgs/srv/detail/message_details__type_support.cpp
[7.102s] -- Up-to-date: /home/hello-robot/ament_ws/install/rosapi_msgs/include/rosapi_msgs/rosapi_msgs/srv/detail/subscribers__type_support.cpp
[7.102s] -- Up-to-date: /home/hello-robot/ament_ws/install/rosapi_msgs/include/rosapi_msgs/rosapi_msgs/srv/detail/topics_for_type__type_support.cpp
[7.102s] -- Up-to-date: /home/hello-robot/ament_ws/install/rosapi_msgs/include/rosapi_msgs/rosapi_msgs/srv/detail/get_time__type_support.cpp
[7.102s] -- Up-to-date: /home/hello-robot/ament_ws/install/rosapi_msgs/include/rosapi_msgs/rosapi_msgs/srv/detail/services_for_type__rosidl_typesupport_introspection_cpp.hpp
[7.102s] -- Up-to-date: /home/hello-robot/ament_ws/install/rosapi_msgs/include/rosapi_msgs/rosapi_msgs/srv/detail/topics_and_raw_types__rosidl_typesupport_introspection_cpp.hpp
[7.102s] -- Up-to-date: /home/hello-robot/ament_ws/install/rosapi_msgs/include/rosapi_msgs/rosapi_msgs/srv/detail/service_request_details__rosidl_typesupport_introspection_cpp.hpp
[7.102s] -- Up-to-date: /home/hello-robot/ament_ws/install/rosapi_msgs/include/rosapi_msgs/rosapi_msgs/srv/detail/service_node__rosidl_typesupport_introspection_cpp.hpp
[7.102s] -- Up-to-date: /home/hello-robot/ament_ws/install/rosapi_msgs/include/rosapi_msgs/rosapi_msgs/srv/detail/get_ros_version__type_support.cpp
[7.102s] -- Up-to-date: /home/hello-robot/ament_ws/install/rosapi_msgs/include/rosapi_msgs/rosapi_msgs/srv/detail/delete_param__type_support.cpp
[7.102s] -- Up-to-date: /home/hello-robot/ament_ws/install/rosapi_msgs/include/rosapi_msgs/rosapi_msgs/srv/detail/publishers__type_support.cpp
[7.102s] -- Up-to-date: /home/hello-robot/ament_ws/install/rosapi_msgs/include/rosapi_msgs/rosapi_msgs/srv/detail/publishers__rosidl_typesupport_introspection_cpp.hpp
[7.103s] -- Up-to-date: /home/hello-robot/ament_ws/install/rosapi_msgs/include/rosapi_msgs/rosapi_msgs/srv/detail/services__rosidl_typesupport_introspection_cpp.hpp
[7.103s] -- Up-to-date: /home/hello-robot/ament_ws/install/rosapi_msgs/lib/librosapi_msgs__rosidl_typesupport_introspection_cpp.so
[7.103s] -- Up-to-date: /home/hello-robot/ament_ws/install/rosapi_msgs/lib/librosapi_msgs__rosidl_typesupport_cpp.so
[7.103s] -- Up-to-date: /home/hello-robot/ament_ws/install/rosapi_msgs/share/rosapi_msgs/environment/pythonpath.sh
[7.103s] -- Installing: /home/hello-robot/ament_ws/install/rosapi_msgs/share/rosapi_msgs/environment/pythonpath.dsv
[7.103s] -- Up-to-date: /home/hello-robot/ament_ws/install/rosapi_msgs/local/lib/python3.10/dist-packages/rosapi_msgs-1.3.2-py3.10.egg-info
[7.103s] -- Installing: /home/hello-robot/ament_ws/install/rosapi_msgs/local/lib/python3.10/dist-packages/rosapi_msgs-1.3.2-py3.10.egg-info/PKG-INFO
[7.103s] -- Installing: /home/hello-robot/ament_ws/install/rosapi_msgs/local/lib/python3.10/dist-packages/rosapi_msgs-1.3.2-py3.10.egg-info/dependency_links.txt
[7.103s] -- Installing: /home/hello-robot/ament_ws/install/rosapi_msgs/local/lib/python3.10/dist-packages/rosapi_msgs-1.3.2-py3.10.egg-info/SOURCES.txt
[7.103s] -- Installing: /home/hello-robot/ament_ws/install/rosapi_msgs/local/lib/python3.10/dist-packages/rosapi_msgs-1.3.2-py3.10.egg-info/top_level.txt
[7.103s] -- Up-to-date: /home/hello-robot/ament_ws/install/rosapi_msgs/local/lib/python3.10/dist-packages/rosapi_msgs
[7.103s] -- Up-to-date: /home/hello-robot/ament_ws/install/rosapi_msgs/local/lib/python3.10/dist-packages/rosapi_msgs/_rosapi_msgs_s.ep.rosidl_typesupport_introspection_c.c
[7.103s] -- Up-to-date: /home/hello-robot/ament_ws/install/rosapi_msgs/local/lib/python3.10/dist-packages/rosapi_msgs/msg
[7.104s] -- Up-to-date: /home/hello-robot/ament_ws/install/rosapi_msgs/local/lib/python3.10/dist-packages/rosapi_msgs/msg/__init__.py
[7.104s] -- Up-to-date: /home/hello-robot/ament_ws/install/rosapi_msgs/local/lib/python3.10/dist-packages/rosapi_msgs/msg/_type_def_s.c
[7.104s] -- Up-to-date: /home/hello-robot/ament_ws/install/rosapi_msgs/local/lib/python3.10/dist-packages/rosapi_msgs/msg/_type_def.py
[7.104s] -- Installing: /home/hello-robot/ament_ws/install/rosapi_msgs/local/lib/python3.10/dist-packages/rosapi_msgs/__init__.py
[7.104s] -- Up-to-date: /home/hello-robot/ament_ws/install/rosapi_msgs/local/lib/python3.10/dist-packages/rosapi_msgs/rosapi_msgs_s__rosidl_typesupport_c.cpython-310-x86_64-linux-gnu.so
[7.104s] -- Up-to-date: /home/hello-robot/ament_ws/install/rosapi_msgs/local/lib/python3.10/dist-packages/rosapi_msgs/_rosapi_msgs_s.ep.rosidl_typesupport_fastrtps_c.c
[7.104s] -- Up-to-date: /home/hello-robot/ament_ws/install/rosapi_msgs/local/lib/python3.10/dist-packages/rosapi_msgs/librosapi_msgs__rosidl_generator_py.so
[7.104s] -- Up-to-date: /home/hello-robot/ament_ws/install/rosapi_msgs/local/lib/python3.10/dist-packages/rosapi_msgs/rosapi_msgs_s__rosidl_typesupport_introspection_c.cpython-310-x86_64-linux-gnu.so
[7.104s] -- Up-to-date: /home/hello-robot/ament_ws/install/rosapi_msgs/local/lib/python3.10/dist-packages/rosapi_msgs/srv
[7.104s] -- Up-to-date: /home/hello-robot/ament_ws/install/rosapi_msgs/local/lib/python3.10/dist-packages/rosapi_msgs/srv/_get_param_names.py
[7.104s] -- Up-to-date: /home/hello-robot/ament_ws/install/rosapi_msgs/local/lib/python3.10/dist-packages/rosapi_msgs/srv/_service_response_details.py
[7.104s] -- Up-to-date: /home/hello-robot/ament_ws/install/rosapi_msgs/local/lib/python3.10/dist-packages/rosapi_msgs/srv/_service_request_details_s.c
[7.104s] -- Up-to-date: /home/hello-robot/ament_ws/install/rosapi_msgs/local/lib/python3.10/dist-packages/rosapi_msgs/srv/_has_param_s.c
[7.105s] -- Up-to-date: /home/hello-robot/ament_ws/install/rosapi_msgs/local/lib/python3.10/dist-packages/rosapi_msgs/srv/_topics.py
[7.105s] -- Up-to-date: /home/hello-robot/ament_ws/install/rosapi_msgs/local/lib/python3.10/dist-packages/rosapi_msgs/srv/_service_response_details_s.c
[7.105s] -- Up-to-date: /home/hello-robot/ament_ws/install/rosapi_msgs/local/lib/python3.10/dist-packages/rosapi_msgs/srv/_get_param.py
[7.105s] -- Up-to-date: /home/hello-robot/ament_ws/install/rosapi_msgs/local/lib/python3.10/dist-packages/rosapi_msgs/srv/_nodes_s.c
[7.105s] -- Up-to-date: /home/hello-robot/ament_ws/install/rosapi_msgs/local/lib/python3.10/dist-packages/rosapi_msgs/srv/__init__.py
[7.106s] -- Up-to-date: /home/hello-robot/ament_ws/install/rosapi_msgs/local/lib/python3.10/dist-packages/rosapi_msgs/srv/_topic_type_s.c
[7.106s] -- Up-to-date: /home/hello-robot/ament_ws/install/rosapi_msgs/local/lib/python3.10/dist-packages/rosapi_msgs/srv/_publishers.py
[7.106s] -- Up-to-date: /home/hello-robot/ament_ws/install/rosapi_msgs/local/lib/python3.10/dist-packages/rosapi_msgs/srv/_services.py
[7.106s] -- Up-to-date: /home/hello-robot/ament_ws/install/rosapi_msgs/local/lib/python3.10/dist-packages/rosapi_msgs/srv/_message_details.py
[7.106s] -- Up-to-date: /home/hello-robot/ament_ws/install/rosapi_msgs/local/lib/python3.10/dist-packages/rosapi_msgs/srv/_node_details.py
[7.106s] -- Up-to-date: /home/hello-robot/ament_ws/install/rosapi_msgs/local/lib/python3.10/dist-packages/rosapi_msgs/srv/_topics_and_raw_types.py
[7.106s] -- Up-to-date: /home/hello-robot/ament_ws/install/rosapi_msgs/local/lib/python3.10/dist-packages/rosapi_msgs/srv/_service_type_s.c
[7.106s] -- Up-to-date: /home/hello-robot/ament_ws/install/rosapi_msgs/local/lib/python3.10/dist-packages/rosapi_msgs/srv/_service_type.py
[7.106s] -- Up-to-date: /home/hello-robot/ament_ws/install/rosapi_msgs/local/lib/python3.10/dist-packages/rosapi_msgs/srv/_subscribers.py
[7.107s] -- Up-to-date: /home/hello-robot/ament_ws/install/rosapi_msgs/local/lib/python3.10/dist-packages/rosapi_msgs/srv/_service_request_details.py
[7.107s] -- Up-to-date: /home/hello-robot/ament_ws/install/rosapi_msgs/local/lib/python3.10/dist-packages/rosapi_msgs/srv/_service_node_s.c
[7.107s] -- Up-to-date: /home/hello-robot/ament_ws/install/rosapi_msgs/local/lib/python3.10/dist-packages/rosapi_msgs/srv/_get_ros_version.py
[7.107s] -- Up-to-date: /home/hello-robot/ament_ws/install/rosapi_msgs/local/lib/python3.10/dist-packages/rosapi_msgs/srv/_delete_param_s.c
[7.107s] -- Up-to-date: /home/hello-robot/ament_ws/install/rosapi_msgs/local/lib/python3.10/dist-packages/rosapi_msgs/srv/_delete_param.py
[7.107s] -- Up-to-date: /home/hello-robot/ament_ws/install/rosapi_msgs/local/lib/python3.10/dist-packages/rosapi_msgs/srv/_get_ros_version_s.c
[7.107s] -- Up-to-date: /home/hello-robot/ament_ws/install/rosapi_msgs/local/lib/python3.10/dist-packages/rosapi_msgs/srv/_get_time.py
[7.108s] -- Up-to-date: /home/hello-robot/ament_ws/install/rosapi_msgs/local/lib/python3.10/dist-packages/rosapi_msgs/srv/_service_node.py
[7.108s] -- Up-to-date: /home/hello-robot/ament_ws/install/rosapi_msgs/local/lib/python3.10/dist-packages/rosapi_msgs/srv/_set_param.py
[7.108s] -- Up-to-date: /home/hello-robot/ament_ws/install/rosapi_msgs/local/lib/python3.10/dist-packages/rosapi_msgs/srv/_get_time_s.c
[7.108s] -- Up-to-date: /home/hello-robot/ament_ws/install/rosapi_msgs/local/lib/python3.10/dist-packages/rosapi_msgs/srv/_get_param_s.c
[7.108s] -- Up-to-date: /home/hello-robot/ament_ws/install/rosapi_msgs/local/lib/python3.10/dist-packages/rosapi_msgs/srv/_publishers_s.c
[7.108s] -- Up-to-date: /home/hello-robot/ament_ws/install/rosapi_msgs/local/lib/python3.10/dist-packages/rosapi_msgs/srv/_topics_s.c
[7.108s] -- Up-to-date: /home/hello-robot/ament_ws/install/rosapi_msgs/local/lib/python3.10/dist-packages/rosapi_msgs/srv/_get_action_servers.py
[7.108s] -- Up-to-date: /home/hello-robot/ament_ws/install/rosapi_msgs/local/lib/python3.10/dist-packages/rosapi_msgs/srv/_services_s.c
[7.108s] -- Up-to-date: /home/hello-robot/ament_ws/install/rosapi_msgs/local/lib/python3.10/dist-packages/rosapi_msgs/srv/_set_param_s.c
[7.108s] -- Up-to-date: /home/hello-robot/ament_ws/install/rosapi_msgs/local/lib/python3.10/dist-packages/rosapi_msgs/srv/_topics_for_type_s.c
[7.109s] -- Up-to-date: /home/hello-robot/ament_ws/install/rosapi_msgs/local/lib/python3.10/dist-packages/rosapi_msgs/srv/_services_for_type_s.c
[7.109s] -- Up-to-date: /home/hello-robot/ament_ws/install/rosapi_msgs/local/lib/python3.10/dist-packages/rosapi_msgs/srv/_service_providers.py
[7.109s] -- Up-to-date: /home/hello-robot/ament_ws/install/rosapi_msgs/local/lib/python3.10/dist-packages/rosapi_msgs/srv/_nodes.py
[7.109s] -- Up-to-date: /home/hello-robot/ament_ws/install/rosapi_msgs/local/lib/python3.10/dist-packages/rosapi_msgs/srv/_topics_and_raw_types_s.c
[7.109s] -- Up-to-date: /home/hello-robot/ament_ws/install/rosapi_msgs/local/lib/python3.10/dist-packages/rosapi_msgs/srv/_topics_for_type.py
[7.109s] -- Up-to-date: /home/hello-robot/ament_ws/install/rosapi_msgs/local/lib/python3.10/dist-packages/rosapi_msgs/srv/_topic_type.py
[7.109s] -- Up-to-date: /home/hello-robot/ament_ws/install/rosapi_msgs/local/lib/python3.10/dist-packages/rosapi_msgs/srv/_get_param_names_s.c
[7.109s] -- Up-to-date: /home/hello-robot/ament_ws/install/rosapi_msgs/local/lib/python3.10/dist-packages/rosapi_msgs/srv/_services_for_type.py
[7.110s] -- Up-to-date: /home/hello-robot/ament_ws/install/rosapi_msgs/local/lib/python3.10/dist-packages/rosapi_msgs/srv/_get_action_servers_s.c
[7.110s] -- Up-to-date: /home/hello-robot/ament_ws/install/rosapi_msgs/local/lib/python3.10/dist-packages/rosapi_msgs/srv/_service_providers_s.c
[7.110s] -- Up-to-date: /home/hello-robot/ament_ws/install/rosapi_msgs/local/lib/python3.10/dist-packages/rosapi_msgs/srv/_message_details_s.c
[7.110s] -- Up-to-date: /home/hello-robot/ament_ws/install/rosapi_msgs/local/lib/python3.10/dist-packages/rosapi_msgs/srv/_node_details_s.c
[7.110s] -- Up-to-date: /home/hello-robot/ament_ws/install/rosapi_msgs/local/lib/python3.10/dist-packages/rosapi_msgs/srv/_subscribers_s.c
[7.110s] -- Up-to-date: /home/hello-robot/ament_ws/install/rosapi_msgs/local/lib/python3.10/dist-packages/rosapi_msgs/srv/_has_param.py
[7.110s] -- Up-to-date: /home/hello-robot/ament_ws/install/rosapi_msgs/local/lib/python3.10/dist-packages/rosapi_msgs/_rosapi_msgs_s.ep.rosidl_typesupport_c.c
[7.110s] -- Up-to-date: /home/hello-robot/ament_ws/install/rosapi_msgs/local/lib/python3.10/dist-packages/rosapi_msgs/rosapi_msgs_s__rosidl_typesupport_fastrtps_c.cpython-310-x86_64-linux-gnu.so
[7.317s] Listing '/home/hello-robot/ament_ws/install/rosapi_msgs/local/lib/python3.10/dist-packages/rosapi_msgs'...
[7.317s] Compiling '/home/hello-robot/ament_ws/install/rosapi_msgs/local/lib/python3.10/dist-packages/rosapi_msgs/__init__.py'...
[7.317s] Listing '/home/hello-robot/ament_ws/install/rosapi_msgs/local/lib/python3.10/dist-packages/rosapi_msgs/msg'...
[7.317s] Listing '/home/hello-robot/ament_ws/install/rosapi_msgs/local/lib/python3.10/dist-packages/rosapi_msgs/srv'...
[7.317s] -- Up-to-date: /home/hello-robot/ament_ws/install/rosapi_msgs/local/lib/python3.10/dist-packages/rosapi_msgs/rosapi_msgs_s__rosidl_typesupport_fastrtps_c.cpython-310-x86_64-linux-gnu.so
[7.317s] -- Up-to-date: /home/hello-robot/ament_ws/install/rosapi_msgs/local/lib/python3.10/dist-packages/rosapi_msgs/rosapi_msgs_s__rosidl_typesupport_introspection_c.cpython-310-x86_64-linux-gnu.so
[7.317s] -- Up-to-date: /home/hello-robot/ament_ws/install/rosapi_msgs/local/lib/python3.10/dist-packages/rosapi_msgs/rosapi_msgs_s__rosidl_typesupport_c.cpython-310-x86_64-linux-gnu.so
[7.317s] -- Up-to-date: /home/hello-robot/ament_ws/install/rosapi_msgs/lib/librosapi_msgs__rosidl_generator_py.so
[7.317s] -- Up-to-date: /home/hello-robot/ament_ws/install/rosapi_msgs/share/rosapi_msgs/msg/TypeDef.idl
[7.317s] -- Up-to-date: /home/hello-robot/ament_ws/install/rosapi_msgs/share/rosapi_msgs/srv/DeleteParam.idl
[7.317s] -- Up-to-date: /home/hello-robot/ament_ws/install/rosapi_msgs/share/rosapi_msgs/srv/GetActionServers.idl
[7.318s] -- Up-to-date: /home/hello-robot/ament_ws/install/rosapi_msgs/share/rosapi_msgs/srv/GetParam.idl
[7.318s] -- Up-to-date: /home/hello-robot/ament_ws/install/rosapi_msgs/share/rosapi_msgs/srv/GetParamNames.idl
[7.318s] -- Up-to-date: /home/hello-robot/ament_ws/install/rosapi_msgs/share/rosapi_msgs/srv/GetROSVersion.idl
[7.318s] -- Up-to-date: /home/hello-robot/ament_ws/install/rosapi_msgs/share/rosapi_msgs/srv/GetTime.idl
[7.318s] -- Up-to-date: /home/hello-robot/ament_ws/install/rosapi_msgs/share/rosapi_msgs/srv/HasParam.idl
[7.318s] -- Up-to-date: /home/hello-robot/ament_ws/install/rosapi_msgs/share/rosapi_msgs/srv/MessageDetails.idl
[7.318s] -- Up-to-date: /home/hello-robot/ament_ws/install/rosapi_msgs/share/rosapi_msgs/srv/Nodes.idl
[7.318s] -- Up-to-date: /home/hello-robot/ament_ws/install/rosapi_msgs/share/rosapi_msgs/srv/NodeDetails.idl
[7.318s] -- Up-to-date: /home/hello-robot/ament_ws/install/rosapi_msgs/share/rosapi_msgs/srv/Publishers.idl
[7.318s] -- Up-to-date: /home/hello-robot/ament_ws/install/rosapi_msgs/share/rosapi_msgs/srv/ServiceNode.idl
[7.318s] -- Up-to-date: /home/hello-robot/ament_ws/install/rosapi_msgs/share/rosapi_msgs/srv/ServiceProviders.idl
[7.318s] -- Up-to-date: /home/hello-robot/ament_ws/install/rosapi_msgs/share/rosapi_msgs/srv/ServiceRequestDetails.idl
[7.318s] -- Up-to-date: /home/hello-robot/ament_ws/install/rosapi_msgs/share/rosapi_msgs/srv/ServiceResponseDetails.idl
[7.319s] -- Up-to-date: /home/hello-robot/ament_ws/install/rosapi_msgs/share/rosapi_msgs/srv/Services.idl
[7.319s] -- Up-to-date: /home/hello-robot/ament_ws/install/rosapi_msgs/share/rosapi_msgs/srv/ServicesForType.idl
[7.319s] -- Up-to-date: /home/hello-robot/ament_ws/install/rosapi_msgs/share/rosapi_msgs/srv/ServiceType.idl
[7.319s] -- Up-to-date: /home/hello-robot/ament_ws/install/rosapi_msgs/share/rosapi_msgs/srv/SetParam.idl
[7.319s] -- Up-to-date: /home/hello-robot/ament_ws/install/rosapi_msgs/share/rosapi_msgs/srv/Subscribers.idl
[7.319s] -- Up-to-date: /home/hello-robot/ament_ws/install/rosapi_msgs/share/rosapi_msgs/srv/Topics.idl
[7.319s] -- Up-to-date: /home/hello-robot/ament_ws/install/rosapi_msgs/share/rosapi_msgs/srv/TopicsAndRawTypes.idl
[7.319s] -- Up-to-date: /home/hello-robot/ament_ws/install/rosapi_msgs/share/rosapi_msgs/srv/TopicsForType.idl
[7.319s] -- Up-to-date: /home/hello-robot/ament_ws/install/rosapi_msgs/share/rosapi_msgs/srv/TopicType.idl
[7.319s] -- Up-to-date: /home/hello-robot/ament_ws/install/rosapi_msgs/share/rosapi_msgs/msg/TypeDef.msg
[7.319s] -- Up-to-date: /home/hello-robot/ament_ws/install/rosapi_msgs/share/rosapi_msgs/srv/DeleteParam.srv
[7.319s] -- Up-to-date: /home/hello-robot/ament_ws/install/rosapi_msgs/share/rosapi_msgs/srv/DeleteParam_Request.msg
[7.320s] -- Up-to-date: /home/hello-robot/ament_ws/install/rosapi_msgs/share/rosapi_msgs/srv/DeleteParam_Response.msg
[7.320s] -- Up-to-date: /home/hello-robot/ament_ws/install/rosapi_msgs/share/rosapi_msgs/srv/GetActionServers.srv
[7.320s] -- Up-to-date: /home/hello-robot/ament_ws/install/rosapi_msgs/share/rosapi_msgs/srv/GetActionServers_Request.msg
[7.320s] -- Up-to-date: /home/hello-robot/ament_ws/install/rosapi_msgs/share/rosapi_msgs/srv/GetActionServers_Response.msg
[7.320s] -- Up-to-date: /home/hello-robot/ament_ws/install/rosapi_msgs/share/rosapi_msgs/srv/GetParam.srv
[7.320s] -- Up-to-date: /home/hello-robot/ament_ws/install/rosapi_msgs/share/rosapi_msgs/srv/GetParam_Request.msg
[7.320s] -- Up-to-date: /home/hello-robot/ament_ws/install/rosapi_msgs/share/rosapi_msgs/srv/GetParam_Response.msg
[7.320s] -- Up-to-date: /home/hello-robot/ament_ws/install/rosapi_msgs/share/rosapi_msgs/srv/GetParamNames.srv
[7.320s] -- Up-to-date: /home/hello-robot/ament_ws/install/rosapi_msgs/share/rosapi_msgs/srv/GetParamNames_Request.msg
[7.320s] -- Up-to-date: /home/hello-robot/ament_ws/install/rosapi_msgs/share/rosapi_msgs/srv/GetParamNames_Response.msg
[7.320s] -- Up-to-date: /home/hello-robot/ament_ws/install/rosapi_msgs/share/rosapi_msgs/srv/GetROSVersion.srv
[7.320s] -- Up-to-date: /home/hello-robot/ament_ws/install/rosapi_msgs/share/rosapi_msgs/srv/GetROSVersion_Request.msg
[7.321s] -- Up-to-date: /home/hello-robot/ament_ws/install/rosapi_msgs/share/rosapi_msgs/srv/GetROSVersion_Response.msg
[7.321s] -- Up-to-date: /home/hello-robot/ament_ws/install/rosapi_msgs/share/rosapi_msgs/srv/GetTime.srv
[7.321s] -- Up-to-date: /home/hello-robot/ament_ws/install/rosapi_msgs/share/rosapi_msgs/srv/GetTime_Request.msg
[7.321s] -- Up-to-date: /home/hello-robot/ament_ws/install/rosapi_msgs/share/rosapi_msgs/srv/GetTime_Response.msg
[7.321s] -- Up-to-date: /home/hello-robot/ament_ws/install/rosapi_msgs/share/rosapi_msgs/srv/HasParam.srv
[7.321s] -- Up-to-date: /home/hello-robot/ament_ws/install/rosapi_msgs/share/rosapi_msgs/srv/HasParam_Request.msg
[7.321s] -- Up-to-date: /home/hello-robot/ament_ws/install/rosapi_msgs/share/rosapi_msgs/srv/HasParam_Response.msg
[7.321s] -- Up-to-date: /home/hello-robot/ament_ws/install/rosapi_msgs/share/rosapi_msgs/srv/MessageDetails.srv
[7.321s] -- Up-to-date: /home/hello-robot/ament_ws/install/rosapi_msgs/share/rosapi_msgs/srv/MessageDetails_Request.msg
[7.321s] -- Up-to-date: /home/hello-robot/ament_ws/install/rosapi_msgs/share/rosapi_msgs/srv/MessageDetails_Response.msg
[7.321s] -- Up-to-date: /home/hello-robot/ament_ws/install/rosapi_msgs/share/rosapi_msgs/srv/Nodes.srv
[7.321s] -- Up-to-date: /home/hello-robot/ament_ws/install/rosapi_msgs/share/rosapi_msgs/srv/Nodes_Request.msg
[7.321s] -- Up-to-date: /home/hello-robot/ament_ws/install/rosapi_msgs/share/rosapi_msgs/srv/Nodes_Response.msg
[7.321s] -- Up-to-date: /home/hello-robot/ament_ws/install/rosapi_msgs/share/rosapi_msgs/srv/NodeDetails.srv
[7.322s] -- Up-to-date: /home/hello-robot/ament_ws/install/rosapi_msgs/share/rosapi_msgs/srv/NodeDetails_Request.msg
[7.322s] -- Up-to-date: /home/hello-robot/ament_ws/install/rosapi_msgs/share/rosapi_msgs/srv/NodeDetails_Response.msg
[7.322s] -- Up-to-date: /home/hello-robot/ament_ws/install/rosapi_msgs/share/rosapi_msgs/srv/Publishers.srv
[7.322s] -- Up-to-date: /home/hello-robot/ament_ws/install/rosapi_msgs/share/rosapi_msgs/srv/Publishers_Request.msg
[7.322s] -- Up-to-date: /home/hello-robot/ament_ws/install/rosapi_msgs/share/rosapi_msgs/srv/Publishers_Response.msg
[7.322s] -- Up-to-date: /home/hello-robot/ament_ws/install/rosapi_msgs/share/rosapi_msgs/srv/ServiceNode.srv
[7.322s] -- Up-to-date: /home/hello-robot/ament_ws/install/rosapi_msgs/share/rosapi_msgs/srv/ServiceNode_Request.msg
[7.322s] -- Up-to-date: /home/hello-robot/ament_ws/install/rosapi_msgs/share/rosapi_msgs/srv/ServiceNode_Response.msg
[7.322s] -- Up-to-date: /home/hello-robot/ament_ws/install/rosapi_msgs/share/rosapi_msgs/srv/ServiceProviders.srv
[7.322s] -- Up-to-date: /home/hello-robot/ament_ws/install/rosapi_msgs/share/rosapi_msgs/srv/ServiceProviders_Request.msg
[7.322s] -- Up-to-date: /home/hello-robot/ament_ws/install/rosapi_msgs/share/rosapi_msgs/srv/ServiceProviders_Response.msg
[7.323s] -- Up-to-date: /home/hello-robot/ament_ws/install/rosapi_msgs/share/rosapi_msgs/srv/ServiceRequestDetails.srv
[7.323s] -- Up-to-date: /home/hello-robot/ament_ws/install/rosapi_msgs/share/rosapi_msgs/srv/ServiceRequestDetails_Request.msg
[7.323s] -- Up-to-date: /home/hello-robot/ament_ws/install/rosapi_msgs/share/rosapi_msgs/srv/ServiceRequestDetails_Response.msg
[7.323s] -- Up-to-date: /home/hello-robot/ament_ws/install/rosapi_msgs/share/rosapi_msgs/srv/ServiceResponseDetails.srv
[7.323s] -- Up-to-date: /home/hello-robot/ament_ws/install/rosapi_msgs/share/rosapi_msgs/srv/ServiceResponseDetails_Request.msg
[7.323s] -- Up-to-date: /home/hello-robot/ament_ws/install/rosapi_msgs/share/rosapi_msgs/srv/ServiceResponseDetails_Response.msg
[7.323s] -- Up-to-date: /home/hello-robot/ament_ws/install/rosapi_msgs/share/rosapi_msgs/srv/Services.srv
[7.323s] -- Up-to-date: /home/hello-robot/ament_ws/install/rosapi_msgs/share/rosapi_msgs/srv/Services_Request.msg
[7.323s] -- Up-to-date: /home/hello-robot/ament_ws/install/rosapi_msgs/share/rosapi_msgs/srv/Services_Response.msg
[7.323s] -- Up-to-date: /home/hello-robot/ament_ws/install/rosapi_msgs/share/rosapi_msgs/srv/ServicesForType.srv
[7.323s] -- Up-to-date: /home/hello-robot/ament_ws/install/rosapi_msgs/share/rosapi_msgs/srv/ServicesForType_Request.msg
[7.323s] -- Up-to-date: /home/hello-robot/ament_ws/install/rosapi_msgs/share/rosapi_msgs/srv/ServicesForType_Response.msg
[7.324s] -- Up-to-date: /home/hello-robot/ament_ws/install/rosapi_msgs/share/rosapi_msgs/srv/ServiceType.srv
[7.324s] -- Up-to-date: /home/hello-robot/ament_ws/install/rosapi_msgs/share/rosapi_msgs/srv/ServiceType_Request.msg
[7.324s] -- Up-to-date: /home/hello-robot/ament_ws/install/rosapi_msgs/share/rosapi_msgs/srv/ServiceType_Response.msg
[7.324s] -- Up-to-date: /home/hello-robot/ament_ws/install/rosapi_msgs/share/rosapi_msgs/srv/SetParam.srv
[7.324s] -- Up-to-date: /home/hello-robot/ament_ws/install/rosapi_msgs/share/rosapi_msgs/srv/SetParam_Request.msg
[7.324s] -- Up-to-date: /home/hello-robot/ament_ws/install/rosapi_msgs/share/rosapi_msgs/srv/SetParam_Response.msg
[7.324s] -- Up-to-date: /home/hello-robot/ament_ws/install/rosapi_msgs/share/rosapi_msgs/srv/Subscribers.srv
[7.324s] -- Up-to-date: /home/hello-robot/ament_ws/install/rosapi_msgs/share/rosapi_msgs/srv/Subscribers_Request.msg
[7.324s] -- Up-to-date: /home/hello-robot/ament_ws/install/rosapi_msgs/share/rosapi_msgs/srv/Subscribers_Response.msg
[7.324s] -- Up-to-date: /home/hello-robot/ament_ws/install/rosapi_msgs/share/rosapi_msgs/srv/Topics.srv
[7.324s] -- Up-to-date: /home/hello-robot/ament_ws/install/rosapi_msgs/share/rosapi_msgs/srv/Topics_Request.msg
[7.324s] -- Up-to-date: /home/hello-robot/ament_ws/install/rosapi_msgs/share/rosapi_msgs/srv/Topics_Response.msg
[7.324s] -- Up-to-date: /home/hello-robot/ament_ws/install/rosapi_msgs/share/rosapi_msgs/srv/TopicsAndRawTypes.srv
[7.324s] -- Up-to-date: /home/hello-robot/ament_ws/install/rosapi_msgs/share/rosapi_msgs/srv/TopicsAndRawTypes_Request.msg
[7.325s] -- Up-to-date: /home/hello-robot/ament_ws/install/rosapi_msgs/share/rosapi_msgs/srv/TopicsAndRawTypes_Response.msg
[7.325s] -- Up-to-date: /home/hello-robot/ament_ws/install/rosapi_msgs/share/rosapi_msgs/srv/TopicsForType.srv
[7.325s] -- Up-to-date: /home/hello-robot/ament_ws/install/rosapi_msgs/share/rosapi_msgs/srv/TopicsForType_Request.msg
[7.325s] -- Up-to-date: /home/hello-robot/ament_ws/install/rosapi_msgs/share/rosapi_msgs/srv/TopicsForType_Response.msg
[7.325s] -- Up-to-date: /home/hello-robot/ament_ws/install/rosapi_msgs/share/rosapi_msgs/srv/TopicType.srv
[7.325s] -- Up-to-date: /home/hello-robot/ament_ws/install/rosapi_msgs/share/rosapi_msgs/srv/TopicType_Request.msg
[7.325s] -- Up-to-date: /home/hello-robot/ament_ws/install/rosapi_msgs/share/rosapi_msgs/srv/TopicType_Response.msg
[7.325s] -- Up-to-date: /home/hello-robot/ament_ws/install/rosapi_msgs/share/ament_index/resource_index/package_run_dependencies/rosapi_msgs
[7.325s] -- Up-to-date: /home/hello-robot/ament_ws/install/rosapi_msgs/share/ament_index/resource_index/parent_prefix_path/rosapi_msgs
[7.325s] -- Up-to-date: /home/hello-robot/ament_ws/install/rosapi_msgs/share/rosapi_msgs/environment/ament_prefix_path.sh
[7.325s] -- Installing: /home/hello-robot/ament_ws/install/rosapi_msgs/share/rosapi_msgs/environment/ament_prefix_path.dsv
[7.325s] -- Up-to-date: /home/hello-robot/ament_ws/install/rosapi_msgs/share/rosapi_msgs/environment/path.sh
[7.326s] -- Installing: /home/hello-robot/ament_ws/install/rosapi_msgs/share/rosapi_msgs/environment/path.dsv
[7.326s] -- Up-to-date: /home/hello-robot/ament_ws/install/rosapi_msgs/share/rosapi_msgs/local_setup.bash
[7.326s] -- Up-to-date: /home/hello-robot/ament_ws/install/rosapi_msgs/share/rosapi_msgs/local_setup.sh
[7.326s] -- Up-to-date: /home/hello-robot/ament_ws/install/rosapi_msgs/share/rosapi_msgs/local_setup.zsh
[7.326s] -- Installing: /home/hello-robot/ament_ws/install/rosapi_msgs/share/rosapi_msgs/local_setup.dsv
[7.326s] -- Installing: /home/hello-robot/ament_ws/install/rosapi_msgs/share/rosapi_msgs/package.dsv
[7.326s] -- Up-to-date: /home/hello-robot/ament_ws/install/rosapi_msgs/share/ament_index/resource_index/packages/rosapi_msgs
[7.326s] -- Up-to-date: /home/hello-robot/ament_ws/install/rosapi_msgs/share/rosapi_msgs/cmake/export_rosapi_msgs__rosidl_generator_cExport.cmake
[7.326s] -- Up-to-date: /home/hello-robot/ament_ws/install/rosapi_msgs/share/rosapi_msgs/cmake/export_rosapi_msgs__rosidl_generator_cExport-release.cmake
[7.326s] -- Up-to-date: /home/hello-robot/ament_ws/install/rosapi_msgs/share/rosapi_msgs/cmake/export_rosapi_msgs__rosidl_typesupport_fastrtps_cExport.cmake
[7.326s] -- Up-to-date: /home/hello-robot/ament_ws/install/rosapi_msgs/share/rosapi_msgs/cmake/export_rosapi_msgs__rosidl_typesupport_fastrtps_cExport-release.cmake
[7.326s] -- Up-to-date: /home/hello-robot/ament_ws/install/rosapi_msgs/share/rosapi_msgs/cmake/export_rosapi_msgs__rosidl_generator_cppExport.cmake
[7.327s] -- Up-to-date: /home/hello-robot/ament_ws/install/rosapi_msgs/share/rosapi_msgs/cmake/export_rosapi_msgs__rosidl_typesupport_fastrtps_cppExport.cmake
[7.327s] -- Up-to-date: /home/hello-robot/ament_ws/install/rosapi_msgs/share/rosapi_msgs/cmake/export_rosapi_msgs__rosidl_typesupport_fastrtps_cppExport-release.cmake
[7.327s] -- Up-to-date: /home/hello-robot/ament_ws/install/rosapi_msgs/share/rosapi_msgs/cmake/rosapi_msgs__rosidl_typesupport_introspection_cExport.cmake
[7.327s] -- Up-to-date: /home/hello-robot/ament_ws/install/rosapi_msgs/share/rosapi_msgs/cmake/rosapi_msgs__rosidl_typesupport_introspection_cExport-release.cmake
[7.327s] -- Up-to-date: /home/hello-robot/ament_ws/install/rosapi_msgs/share/rosapi_msgs/cmake/rosapi_msgs__rosidl_typesupport_cExport.cmake
[7.327s] -- Up-to-date: /home/hello-robot/ament_ws/install/rosapi_msgs/share/rosapi_msgs/cmake/rosapi_msgs__rosidl_typesupport_cExport-release.cmake
[7.327s] -- Up-to-date: /home/hello-robot/ament_ws/install/rosapi_msgs/share/rosapi_msgs/cmake/rosapi_msgs__rosidl_typesupport_introspection_cppExport.cmake
[7.327s] -- Up-to-date: /home/hello-robot/ament_ws/install/rosapi_msgs/share/rosapi_msgs/cmake/rosapi_msgs__rosidl_typesupport_introspection_cppExport-release.cmake
[7.327s] -- Up-to-date: /home/hello-robot/ament_ws/install/rosapi_msgs/share/rosapi_msgs/cmake/rosapi_msgs__rosidl_typesupport_cppExport.cmake
[7.327s] -- Up-to-date: /home/hello-robot/ament_ws/install/rosapi_msgs/share/rosapi_msgs/cmake/rosapi_msgs__rosidl_typesupport_cppExport-release.cmake
[7.327s] -- Up-to-date: /home/hello-robot/ament_ws/install/rosapi_msgs/share/rosapi_msgs/cmake/export_rosapi_msgs__rosidl_generator_pyExport.cmake
[7.327s] -- Up-to-date: /home/hello-robot/ament_ws/install/rosapi_msgs/share/rosapi_msgs/cmake/export_rosapi_msgs__rosidl_generator_pyExport-release.cmake
[7.327s] -- Up-to-date: /home/hello-robot/ament_ws/install/rosapi_msgs/share/rosapi_msgs/cmake/rosidl_cmake-extras.cmake
[7.328s] -- Up-to-date: /home/hello-robot/ament_ws/install/rosapi_msgs/share/rosapi_msgs/cmake/ament_cmake_export_dependencies-extras.cmake
[7.328s] -- Up-to-date: /home/hello-robot/ament_ws/install/rosapi_msgs/share/rosapi_msgs/cmake/ament_cmake_export_include_directories-extras.cmake
[7.328s] -- Up-to-date: /home/hello-robot/ament_ws/install/rosapi_msgs/share/rosapi_msgs/cmake/ament_cmake_export_libraries-extras.cmake
[7.328s] -- Up-to-date: /home/hello-robot/ament_ws/install/rosapi_msgs/share/rosapi_msgs/cmake/ament_cmake_export_targets-extras.cmake
[7.328s] -- Up-to-date: /home/hello-robot/ament_ws/install/rosapi_msgs/share/rosapi_msgs/cmake/rosidl_cmake_export_typesupport_targets-extras.cmake
[7.328s] -- Up-to-date: /home/hello-robot/ament_ws/install/rosapi_msgs/share/rosapi_msgs/cmake/rosidl_cmake_export_typesupport_libraries-extras.cmake
[7.328s] -- Up-to-date: /home/hello-robot/ament_ws/install/rosapi_msgs/share/rosapi_msgs/cmake/rosapi_msgsConfig.cmake
[7.328s] -- Up-to-date: /home/hello-robot/ament_ws/install/rosapi_msgs/share/rosapi_msgs/cmake/rosapi_msgsConfig-version.cmake
[7.328s] -- Up-to-date: /home/hello-robot/ament_ws/install/rosapi_msgs/share/rosapi_msgs/package.xml
[7.501s] Invoked command in '/home/hello-robot/ament_ws/build/rosapi_msgs' returned '0': CMAKE_PREFIX_PATH=${CMAKE_PREFIX_PATH}:/home/hello-robot/ament_ws/install/tf2_web_republisher_py:/home/hello-robot/ament_ws/install/stretch_ros_tutorials:/home/hello-robot/ament_ws/install/stretch_funmap:/home/hello-robot/ament_ws/install/stretch_calibration:/home/hello-robot/ament_ws/install/stretch_demos:/home/hello-robot/ament_ws/install/stretch_deep_perception:/home/hello-robot/ament_ws/install/stretch_core:/home/hello-robot/ament_ws/install/respeaker_ros2:/home/hello-robot/ament_ws/install/hello_helpers:/opt/ros/humble /usr/bin/cmake --install /home/hello-robot/ament_ws/build/rosapi_msgs
