-- The C compiler identification is GNU 11.4.0
-- The CXX compiler identification is GNU 11.4.0
-- Detecting C compiler ABI info
-- Detecting C compiler ABI info - done
-- Check for working C compiler: /usr/bin/cc - skipped
-- Detecting C compile features
-- Detecting C compile features - done
-- Detecting CXX compiler ABI info
-- Detecting CXX compiler ABI info - done
-- Check for working CXX compiler: /usr/bin/c++ - skipped
-- Detecting CXX compile features
-- Detecting CXX compile features - done
-- Found ament_cmake: 1.3.8 (/opt/ros/humble/share/ament_cmake/cmake)
-- Found Python3: /usr/bin/python3 (found version "3.10.12") found components: Interpreter 
-- Found rosidl_default_generators: 1.2.0 (/opt/ros/humble/share/rosidl_default_generators/cmake)
-- Using all available rosidl_typesupport_c: rosidl_typesupport_fastrtps_c;rosidl_typesupport_introspection_c
-- Found rosidl_adapter: 3.1.5 (/opt/ros/humble/share/rosidl_adapter/cmake)
-- Using all available rosidl_typesupport_cpp: rosidl_typesupport_fastrtps_cpp;rosidl_typesupport_introspection_cpp
-- Found builtin_interfaces: 1.2.1 (/opt/ros/humble/share/builtin_interfaces/cmake)
-- Found geometry_msgs: 4.2.3 (/opt/ros/humble/share/geometry_msgs/cmake)
-- Found ament_cmake_ros: 0.10.0 (/opt/ros/humble/share/ament_cmake_ros/cmake)
-- Using all available rosidl_typesupport_c: rosidl_typesupport_fastrtps_c;rosidl_typesupport_introspection_c
-- Using all available rosidl_typesupport_cpp: rosidl_typesupport_fastrtps_cpp;rosidl_typesupport_introspection_cpp
-- Found PythonInterp: /usr/bin/python3 (found suitable version "3.10.12", minimum required is "3.6") 
-- Found python_cmake_module: 0.10.0 (/opt/ros/humble/share/python_cmake_module/cmake)
-- Found PythonLibs: /usr/lib/x86_64-linux-gnu/libpython3.10.so (found suitable version "3.10.12", minimum required is "3.5") 
-- Using PYTHON_EXECUTABLE: /usr/bin/python3
-- Using PYTHON_INCLUDE_DIRS: /usr/include/python3.10
-- Using PYTHON_LIBRARIES: /usr/lib/x86_64-linux-gnu/libpython3.10.so
-- Found PythonExtra: .so  
-- Found ament_lint_auto: 0.12.10 (/opt/ros/humble/share/ament_lint_auto/cmake)
-- Added test 'copyright' to check source files copyright and LICENSE
-- Added test 'lint_cmake' to check CMake code style
-- Added test 'xmllint' to check XML markup files
-- Configuring done
-- Generating done
-- Build files have been written to: /home/hello-robot/ament_ws/build/tf2_web_republisher
[  2%] Generating C code for ROS interfaces
[  4%] Generating C++ code for ROS interfaces
[  4%] Built target ament_cmake_python_copy_tf2_web_republisher
running egg_info
creating tf2_web_republisher.egg-info
writing tf2_web_republisher.egg-info/PKG-INFO
writing dependency_links to tf2_web_republisher.egg-info/dependency_links.txt
writing top-level names to tf2_web_republisher.egg-info/top_level.txt
writing manifest file 'tf2_web_republisher.egg-info/SOURCES.txt'
[  4%] Built target tf2_web_republisher__cpp
[  6%] Generating C++ type support dispatch for ROS interfaces
[  8%] Generating C++ type support for eProsima Fast-RTPS
[ 10%] Generating C++ introspection for ROS interfaces
reading manifest file 'tf2_web_republisher.egg-info/SOURCES.txt'
writing manifest file 'tf2_web_republisher.egg-info/SOURCES.txt'
[ 10%] Built target ament_cmake_python_build_tf2_web_republisher_egg
[ 12%] Building C object CMakeFiles/tf2_web_republisher__rosidl_generator_c.dir/rosidl_generator_c/tf2_web_republisher/srv/detail/republish_t_fs__functions.c.o
[ 14%] Building C object CMakeFiles/tf2_web_republisher__rosidl_generator_c.dir/rosidl_generator_c/tf2_web_republisher/msg/detail/tf_array__functions.c.o
[ 17%] Building C object CMakeFiles/tf2_web_republisher__rosidl_generator_c.dir/rosidl_generator_c/tf2_web_republisher/action/detail/tf_subscription__functions.c.o
[ 19%] Building CXX object CMakeFiles/tf2_web_republisher__rosidl_typesupport_cpp.dir/rosidl_typesupport_cpp/tf2_web_republisher/msg/tf_array__type_support.cpp.o
[ 21%] Building CXX object CMakeFiles/tf2_web_republisher__rosidl_typesupport_cpp.dir/rosidl_typesupport_cpp/tf2_web_republisher/srv/republish_t_fs__type_support.cpp.o
[ 23%] Building CXX object CMakeFiles/tf2_web_republisher__rosidl_typesupport_cpp.dir/rosidl_typesupport_cpp/tf2_web_republisher/action/tf_subscription__type_support.cpp.o
[ 25%] Building CXX object CMakeFiles/tf2_web_republisher__rosidl_typesupport_introspection_cpp.dir/rosidl_typesupport_introspection_cpp/tf2_web_republisher/msg/detail/tf_array__type_support.cpp.o
[ 27%] Building CXX object CMakeFiles/tf2_web_republisher__rosidl_typesupport_introspection_cpp.dir/rosidl_typesupport_introspection_cpp/tf2_web_republisher/srv/detail/republish_t_fs__type_support.cpp.o
[ 29%] Building CXX object CMakeFiles/tf2_web_republisher__rosidl_typesupport_introspection_cpp.dir/rosidl_typesupport_introspection_cpp/tf2_web_republisher/action/detail/tf_subscription__type_support.cpp.o
[ 31%] Building CXX object CMakeFiles/tf2_web_republisher__rosidl_typesupport_fastrtps_cpp.dir/rosidl_typesupport_fastrtps_cpp/tf2_web_republisher/msg/detail/dds_fastrtps/tf_array__type_support.cpp.o
[ 34%] Building CXX object CMakeFiles/tf2_web_republisher__rosidl_typesupport_fastrtps_cpp.dir/rosidl_typesupport_fastrtps_cpp/tf2_web_republisher/srv/detail/dds_fastrtps/republish_t_fs__type_support.cpp.o
[ 36%] Building CXX object CMakeFiles/tf2_web_republisher__rosidl_typesupport_fastrtps_cpp.dir/rosidl_typesupport_fastrtps_cpp/tf2_web_republisher/action/detail/dds_fastrtps/tf_subscription__type_support.cpp.o
[ 38%] Linking C shared library libtf2_web_republisher__rosidl_generator_c.so
[ 38%] Built target tf2_web_republisher__rosidl_generator_c
[ 40%] Generating C type support for eProsima Fast-RTPS
[ 42%] Generating C introspection for ROS interfaces
[ 44%] Generating C type support dispatch for ROS interfaces
[ 46%] Linking CXX shared library libtf2_web_republisher__rosidl_typesupport_cpp.so
[ 46%] Built target tf2_web_republisher__rosidl_typesupport_cpp
[ 48%] Building CXX object CMakeFiles/tf2_web_republisher__rosidl_typesupport_c.dir/rosidl_typesupport_c/tf2_web_republisher/msg/tf_array__type_support.cpp.o
[ 51%] Building C object CMakeFiles/tf2_web_republisher__rosidl_typesupport_introspection_c.dir/rosidl_typesupport_introspection_c/tf2_web_republisher/srv/detail/republish_t_fs__type_support.c.o
[ 53%] Building CXX object CMakeFiles/tf2_web_republisher__rosidl_typesupport_c.dir/rosidl_typesupport_c/tf2_web_republisher/srv/republish_t_fs__type_support.cpp.o
[ 55%] Building C object CMakeFiles/tf2_web_republisher__rosidl_typesupport_introspection_c.dir/rosidl_typesupport_introspection_c/tf2_web_republisher/action/detail/tf_subscription__type_support.c.o
[ 57%] Building CXX object CMakeFiles/tf2_web_republisher__rosidl_typesupport_c.dir/rosidl_typesupport_c/tf2_web_republisher/action/tf_subscription__type_support.cpp.o
[ 59%] Building C object CMakeFiles/tf2_web_republisher__rosidl_typesupport_introspection_c.dir/rosidl_typesupport_introspection_c/tf2_web_republisher/msg/detail/tf_array__type_support.c.o
[ 61%] Linking CXX shared library libtf2_web_republisher__rosidl_typesupport_introspection_cpp.so
[ 63%] Linking CXX shared library libtf2_web_republisher__rosidl_typesupport_c.so
[ 65%] Building CXX object CMakeFiles/tf2_web_republisher__rosidl_typesupport_fastrtps_c.dir/rosidl_typesupport_fastrtps_c/tf2_web_republisher/msg/detail/tf_array__type_support_c.cpp.o
[ 68%] Building CXX object CMakeFiles/tf2_web_republisher__rosidl_typesupport_fastrtps_c.dir/rosidl_typesupport_fastrtps_c/tf2_web_republisher/srv/detail/republish_t_fs__type_support_c.cpp.o
[ 70%] Building CXX object CMakeFiles/tf2_web_republisher__rosidl_typesupport_fastrtps_c.dir/rosidl_typesupport_fastrtps_c/tf2_web_republisher/action/detail/tf_subscription__type_support_c.cpp.o
[ 70%] Built target tf2_web_republisher__rosidl_typesupport_c
[ 70%] Built target tf2_web_republisher__rosidl_typesupport_introspection_cpp
[ 72%] Linking C shared library libtf2_web_republisher__rosidl_typesupport_introspection_c.so
[ 72%] Built target tf2_web_republisher__rosidl_typesupport_introspection_c
[ 74%] Linking CXX shared library libtf2_web_republisher__rosidl_typesupport_fastrtps_cpp.so
[ 74%] Built target tf2_web_republisher__rosidl_typesupport_fastrtps_cpp
[ 76%] Linking CXX shared library libtf2_web_republisher__rosidl_typesupport_fastrtps_c.so
[ 76%] Built target tf2_web_republisher__rosidl_typesupport_fastrtps_c
[ 76%] Built target tf2_web_republisher
[ 78%] Generating Python code for ROS interfaces
[ 78%] Built target tf2_web_republisher__py
[ 80%] Building C object CMakeFiles/tf2_web_republisher__rosidl_generator_py.dir/rosidl_generator_py/tf2_web_republisher/msg/_tf_array_s.c.o
[ 82%] Building C object CMakeFiles/tf2_web_republisher__rosidl_generator_py.dir/rosidl_generator_py/tf2_web_republisher/action/_tf_subscription_s.c.o
[ 85%] Building C object CMakeFiles/tf2_web_republisher__rosidl_generator_py.dir/rosidl_generator_py/tf2_web_republisher/srv/_republish_t_fs_s.c.o
[ 87%] Linking C shared library rosidl_generator_py/tf2_web_republisher/libtf2_web_republisher__rosidl_generator_py.so
[ 87%] Built target tf2_web_republisher__rosidl_generator_py
[ 93%] Building C object CMakeFiles/tf2_web_republisher__rosidl_typesupport_c__pyext.dir/rosidl_generator_py/tf2_web_republisher/_tf2_web_republisher_s.ep.rosidl_typesupport_c.c.o
[ 93%] Building C object CMakeFiles/tf2_web_republisher__rosidl_typesupport_introspection_c__pyext.dir/rosidl_generator_py/tf2_web_republisher/_tf2_web_republisher_s.ep.rosidl_typesupport_introspection_c.c.o
[ 93%] Building C object CMakeFiles/tf2_web_republisher__rosidl_typesupport_fastrtps_c__pyext.dir/rosidl_generator_py/tf2_web_republisher/_tf2_web_republisher_s.ep.rosidl_typesupport_fastrtps_c.c.o
[ 97%] Linking C shared library rosidl_generator_py/tf2_web_republisher/tf2_web_republisher_s__rosidl_typesupport_fastrtps_c.cpython-310-x86_64-linux-gnu.so
[ 97%] Linking C shared library rosidl_generator_py/tf2_web_republisher/tf2_web_republisher_s__rosidl_typesupport_c.cpython-310-x86_64-linux-gnu.so
[100%] Linking C shared library rosidl_generator_py/tf2_web_republisher/tf2_web_republisher_s__rosidl_typesupport_introspection_c.cpython-310-x86_64-linux-gnu.so
[100%] Built target tf2_web_republisher__rosidl_typesupport_c__pyext
[100%] Built target tf2_web_republisher__rosidl_typesupport_fastrtps_c__pyext
[100%] Built target tf2_web_republisher__rosidl_typesupport_introspection_c__pyext
-- Install configuration: "Release"
-- Installing: /home/hello-robot/ament_ws/install/tf2_web_republisher/share/ament_index/resource_index/rosidl_interfaces/tf2_web_republisher
-- Installing: /home/hello-robot/ament_ws/install/tf2_web_republisher/include/tf2_web_republisher/tf2_web_republisher
-- Installing: /home/hello-robot/ament_ws/install/tf2_web_republisher/include/tf2_web_republisher/tf2_web_republisher/msg
-- Installing: /home/hello-robot/ament_ws/install/tf2_web_republisher/include/tf2_web_republisher/tf2_web_republisher/msg/rosidl_generator_c__visibility_control.h
-- Installing: /home/hello-robot/ament_ws/install/tf2_web_republisher/include/tf2_web_republisher/tf2_web_republisher/msg/tf_array.h
-- Installing: /home/hello-robot/ament_ws/install/tf2_web_republisher/include/tf2_web_republisher/tf2_web_republisher/msg/detail
-- Installing: /home/hello-robot/ament_ws/install/tf2_web_republisher/include/tf2_web_republisher/tf2_web_republisher/msg/detail/tf_array__struct.h
-- Installing: /home/hello-robot/ament_ws/install/tf2_web_republisher/include/tf2_web_republisher/tf2_web_republisher/msg/detail/tf_array__type_support.h
-- Installing: /home/hello-robot/ament_ws/install/tf2_web_republisher/include/tf2_web_republisher/tf2_web_republisher/msg/detail/tf_array__functions.c
-- Installing: /home/hello-robot/ament_ws/install/tf2_web_republisher/include/tf2_web_republisher/tf2_web_republisher/msg/detail/tf_array__functions.h
-- Installing: /home/hello-robot/ament_ws/install/tf2_web_republisher/include/tf2_web_republisher/tf2_web_republisher/action
-- Installing: /home/hello-robot/ament_ws/install/tf2_web_republisher/include/tf2_web_republisher/tf2_web_republisher/action/detail
-- Installing: /home/hello-robot/ament_ws/install/tf2_web_republisher/include/tf2_web_republisher/tf2_web_republisher/action/detail/tf_subscription__type_support.h
-- Installing: /home/hello-robot/ament_ws/install/tf2_web_republisher/include/tf2_web_republisher/tf2_web_republisher/action/detail/tf_subscription__functions.h
-- Installing: /home/hello-robot/ament_ws/install/tf2_web_republisher/include/tf2_web_republisher/tf2_web_republisher/action/detail/tf_subscription__struct.h
-- Installing: /home/hello-robot/ament_ws/install/tf2_web_republisher/include/tf2_web_republisher/tf2_web_republisher/action/detail/tf_subscription__functions.c
-- Installing: /home/hello-robot/ament_ws/install/tf2_web_republisher/include/tf2_web_republisher/tf2_web_republisher/action/tf_subscription.h
-- Installing: /home/hello-robot/ament_ws/install/tf2_web_republisher/include/tf2_web_republisher/tf2_web_republisher/srv
-- Installing: /home/hello-robot/ament_ws/install/tf2_web_republisher/include/tf2_web_republisher/tf2_web_republisher/srv/detail
-- Installing: /home/hello-robot/ament_ws/install/tf2_web_republisher/include/tf2_web_republisher/tf2_web_republisher/srv/detail/republish_t_fs__struct.h
-- Installing: /home/hello-robot/ament_ws/install/tf2_web_republisher/include/tf2_web_republisher/tf2_web_republisher/srv/detail/republish_t_fs__functions.c
-- Installing: /home/hello-robot/ament_ws/install/tf2_web_republisher/include/tf2_web_republisher/tf2_web_republisher/srv/detail/republish_t_fs__type_support.h
-- Installing: /home/hello-robot/ament_ws/install/tf2_web_republisher/include/tf2_web_republisher/tf2_web_republisher/srv/detail/republish_t_fs__functions.h
-- Installing: /home/hello-robot/ament_ws/install/tf2_web_republisher/include/tf2_web_republisher/tf2_web_republisher/srv/republish_t_fs.h
-- Installing: /home/hello-robot/ament_ws/install/tf2_web_republisher/share/tf2_web_republisher/environment/library_path.sh
-- Installing: /home/hello-robot/ament_ws/install/tf2_web_republisher/share/tf2_web_republisher/environment/library_path.dsv
-- Installing: /home/hello-robot/ament_ws/install/tf2_web_republisher/lib/libtf2_web_republisher__rosidl_generator_c.so
-- Set runtime path of "/home/hello-robot/ament_ws/install/tf2_web_republisher/lib/libtf2_web_republisher__rosidl_generator_c.so" to ""
-- Up-to-date: /home/hello-robot/ament_ws/install/tf2_web_republisher/include/tf2_web_republisher/tf2_web_republisher
-- Up-to-date: /home/hello-robot/ament_ws/install/tf2_web_republisher/include/tf2_web_republisher/tf2_web_republisher/msg
-- Installing: /home/hello-robot/ament_ws/install/tf2_web_republisher/include/tf2_web_republisher/tf2_web_republisher/msg/rosidl_typesupport_fastrtps_c__visibility_control.h
-- Up-to-date: /home/hello-robot/ament_ws/install/tf2_web_republisher/include/tf2_web_republisher/tf2_web_republisher/msg/detail
-- Installing: /home/hello-robot/ament_ws/install/tf2_web_republisher/include/tf2_web_republisher/tf2_web_republisher/msg/detail/tf_array__rosidl_typesupport_fastrtps_c.h
-- Up-to-date: /home/hello-robot/ament_ws/install/tf2_web_republisher/include/tf2_web_republisher/tf2_web_republisher/action
-- Up-to-date: /home/hello-robot/ament_ws/install/tf2_web_republisher/include/tf2_web_republisher/tf2_web_republisher/action/detail
-- Installing: /home/hello-robot/ament_ws/install/tf2_web_republisher/include/tf2_web_republisher/tf2_web_republisher/action/detail/tf_subscription__rosidl_typesupport_fastrtps_c.h
-- Up-to-date: /home/hello-robot/ament_ws/install/tf2_web_republisher/include/tf2_web_republisher/tf2_web_republisher/srv
-- Up-to-date: /home/hello-robot/ament_ws/install/tf2_web_republisher/include/tf2_web_republisher/tf2_web_republisher/srv/detail
-- Installing: /home/hello-robot/ament_ws/install/tf2_web_republisher/include/tf2_web_republisher/tf2_web_republisher/srv/detail/republish_t_fs__rosidl_typesupport_fastrtps_c.h
-- Installing: /home/hello-robot/ament_ws/install/tf2_web_republisher/lib/libtf2_web_republisher__rosidl_typesupport_fastrtps_c.so
-- Set runtime path of "/home/hello-robot/ament_ws/install/tf2_web_republisher/lib/libtf2_web_republisher__rosidl_typesupport_fastrtps_c.so" to ""
-- Up-to-date: /home/hello-robot/ament_ws/install/tf2_web_republisher/include/tf2_web_republisher/tf2_web_republisher
-- Up-to-date: /home/hello-robot/ament_ws/install/tf2_web_republisher/include/tf2_web_republisher/tf2_web_republisher/msg
-- Installing: /home/hello-robot/ament_ws/install/tf2_web_republisher/include/tf2_web_republisher/tf2_web_republisher/msg/rosidl_typesupport_introspection_c__visibility_control.h
-- Up-to-date: /home/hello-robot/ament_ws/install/tf2_web_republisher/include/tf2_web_republisher/tf2_web_republisher/msg/detail
-- Installing: /home/hello-robot/ament_ws/install/tf2_web_republisher/include/tf2_web_republisher/tf2_web_republisher/msg/detail/tf_array__type_support.c
-- Installing: /home/hello-robot/ament_ws/install/tf2_web_republisher/include/tf2_web_republisher/tf2_web_republisher/msg/detail/tf_array__rosidl_typesupport_introspection_c.h
-- Up-to-date: /home/hello-robot/ament_ws/install/tf2_web_republisher/include/tf2_web_republisher/tf2_web_republisher/action
-- Up-to-date: /home/hello-robot/ament_ws/install/tf2_web_republisher/include/tf2_web_republisher/tf2_web_republisher/action/detail
-- Installing: /home/hello-robot/ament_ws/install/tf2_web_republisher/include/tf2_web_republisher/tf2_web_republisher/action/detail/tf_subscription__type_support.c
-- Installing: /home/hello-robot/ament_ws/install/tf2_web_republisher/include/tf2_web_republisher/tf2_web_republisher/action/detail/tf_subscription__rosidl_typesupport_introspection_c.h
-- Up-to-date: /home/hello-robot/ament_ws/install/tf2_web_republisher/include/tf2_web_republisher/tf2_web_republisher/srv
-- Up-to-date: /home/hello-robot/ament_ws/install/tf2_web_republisher/include/tf2_web_republisher/tf2_web_republisher/srv/detail
-- Installing: /home/hello-robot/ament_ws/install/tf2_web_republisher/include/tf2_web_republisher/tf2_web_republisher/srv/detail/republish_t_fs__rosidl_typesupport_introspection_c.h
-- Installing: /home/hello-robot/ament_ws/install/tf2_web_republisher/include/tf2_web_republisher/tf2_web_republisher/srv/detail/republish_t_fs__type_support.c
-- Installing: /home/hello-robot/ament_ws/install/tf2_web_republisher/lib/libtf2_web_republisher__rosidl_typesupport_introspection_c.so
-- Set runtime path of "/home/hello-robot/ament_ws/install/tf2_web_republisher/lib/libtf2_web_republisher__rosidl_typesupport_introspection_c.so" to ""
-- Installing: /home/hello-robot/ament_ws/install/tf2_web_republisher/lib/libtf2_web_republisher__rosidl_typesupport_c.so
-- Set runtime path of "/home/hello-robot/ament_ws/install/tf2_web_republisher/lib/libtf2_web_republisher__rosidl_typesupport_c.so" to ""
-- Up-to-date: /home/hello-robot/ament_ws/install/tf2_web_republisher/include/tf2_web_republisher/tf2_web_republisher
-- Up-to-date: /home/hello-robot/ament_ws/install/tf2_web_republisher/include/tf2_web_republisher/tf2_web_republisher/msg
-- Up-to-date: /home/hello-robot/ament_ws/install/tf2_web_republisher/include/tf2_web_republisher/tf2_web_republisher/msg/detail
-- Installing: /home/hello-robot/ament_ws/install/tf2_web_republisher/include/tf2_web_republisher/tf2_web_republisher/msg/detail/tf_array__struct.hpp
-- Installing: /home/hello-robot/ament_ws/install/tf2_web_republisher/include/tf2_web_republisher/tf2_web_republisher/msg/detail/tf_array__traits.hpp
-- Installing: /home/hello-robot/ament_ws/install/tf2_web_republisher/include/tf2_web_republisher/tf2_web_republisher/msg/detail/tf_array__builder.hpp
-- Installing: /home/hello-robot/ament_ws/install/tf2_web_republisher/include/tf2_web_republisher/tf2_web_republisher/msg/tf_array.hpp
-- Up-to-date: /home/hello-robot/ament_ws/install/tf2_web_republisher/include/tf2_web_republisher/tf2_web_republisher/action
-- Up-to-date: /home/hello-robot/ament_ws/install/tf2_web_republisher/include/tf2_web_republisher/tf2_web_republisher/action/detail
-- Installing: /home/hello-robot/ament_ws/install/tf2_web_republisher/include/tf2_web_republisher/tf2_web_republisher/action/detail/tf_subscription__traits.hpp
-- Installing: /home/hello-robot/ament_ws/install/tf2_web_republisher/include/tf2_web_republisher/tf2_web_republisher/action/detail/tf_subscription__builder.hpp
-- Installing: /home/hello-robot/ament_ws/install/tf2_web_republisher/include/tf2_web_republisher/tf2_web_republisher/action/detail/tf_subscription__struct.hpp
-- Installing: /home/hello-robot/ament_ws/install/tf2_web_republisher/include/tf2_web_republisher/tf2_web_republisher/action/tf_subscription.hpp
-- Up-to-date: /home/hello-robot/ament_ws/install/tf2_web_republisher/include/tf2_web_republisher/tf2_web_republisher/srv
-- Installing: /home/hello-robot/ament_ws/install/tf2_web_republisher/include/tf2_web_republisher/tf2_web_republisher/srv/republish_t_fs.hpp
-- Up-to-date: /home/hello-robot/ament_ws/install/tf2_web_republisher/include/tf2_web_republisher/tf2_web_republisher/srv/detail
-- Installing: /home/hello-robot/ament_ws/install/tf2_web_republisher/include/tf2_web_republisher/tf2_web_republisher/srv/detail/republish_t_fs__struct.hpp
-- Installing: /home/hello-robot/ament_ws/install/tf2_web_republisher/include/tf2_web_republisher/tf2_web_republisher/srv/detail/republish_t_fs__traits.hpp
-- Installing: /home/hello-robot/ament_ws/install/tf2_web_republisher/include/tf2_web_republisher/tf2_web_republisher/srv/detail/republish_t_fs__builder.hpp
-- Up-to-date: /home/hello-robot/ament_ws/install/tf2_web_republisher/include/tf2_web_republisher/tf2_web_republisher
-- Up-to-date: /home/hello-robot/ament_ws/install/tf2_web_republisher/include/tf2_web_republisher/tf2_web_republisher/msg
-- Up-to-date: /home/hello-robot/ament_ws/install/tf2_web_republisher/include/tf2_web_republisher/tf2_web_republisher/msg/detail
-- Installing: /home/hello-robot/ament_ws/install/tf2_web_republisher/include/tf2_web_republisher/tf2_web_republisher/msg/detail/dds_fastrtps
-- Installing: /home/hello-robot/ament_ws/install/tf2_web_republisher/include/tf2_web_republisher/tf2_web_republisher/msg/detail/tf_array__rosidl_typesupport_fastrtps_cpp.hpp
-- Installing: /home/hello-robot/ament_ws/install/tf2_web_republisher/include/tf2_web_republisher/tf2_web_republisher/msg/rosidl_typesupport_fastrtps_cpp__visibility_control.h
-- Up-to-date: /home/hello-robot/ament_ws/install/tf2_web_republisher/include/tf2_web_republisher/tf2_web_republisher/action
-- Up-to-date: /home/hello-robot/ament_ws/install/tf2_web_republisher/include/tf2_web_republisher/tf2_web_republisher/action/detail
-- Installing: /home/hello-robot/ament_ws/install/tf2_web_republisher/include/tf2_web_republisher/tf2_web_republisher/action/detail/dds_fastrtps
-- Installing: /home/hello-robot/ament_ws/install/tf2_web_republisher/include/tf2_web_republisher/tf2_web_republisher/action/detail/tf_subscription__rosidl_typesupport_fastrtps_cpp.hpp
-- Up-to-date: /home/hello-robot/ament_ws/install/tf2_web_republisher/include/tf2_web_republisher/tf2_web_republisher/srv
-- Up-to-date: /home/hello-robot/ament_ws/install/tf2_web_republisher/include/tf2_web_republisher/tf2_web_republisher/srv/detail
-- Installing: /home/hello-robot/ament_ws/install/tf2_web_republisher/include/tf2_web_republisher/tf2_web_republisher/srv/detail/dds_fastrtps
-- Installing: /home/hello-robot/ament_ws/install/tf2_web_republisher/include/tf2_web_republisher/tf2_web_republisher/srv/detail/republish_t_fs__rosidl_typesupport_fastrtps_cpp.hpp
-- Installing: /home/hello-robot/ament_ws/install/tf2_web_republisher/lib/libtf2_web_republisher__rosidl_typesupport_fastrtps_cpp.so
-- Set runtime path of "/home/hello-robot/ament_ws/install/tf2_web_republisher/lib/libtf2_web_republisher__rosidl_typesupport_fastrtps_cpp.so" to ""
-- Up-to-date: /home/hello-robot/ament_ws/install/tf2_web_republisher/include/tf2_web_republisher/tf2_web_republisher
-- Up-to-date: /home/hello-robot/ament_ws/install/tf2_web_republisher/include/tf2_web_republisher/tf2_web_republisher/msg
-- Up-to-date: /home/hello-robot/ament_ws/install/tf2_web_republisher/include/tf2_web_republisher/tf2_web_republisher/msg/detail
-- Installing: /home/hello-robot/ament_ws/install/tf2_web_republisher/include/tf2_web_republisher/tf2_web_republisher/msg/detail/tf_array__type_support.cpp
-- Installing: /home/hello-robot/ament_ws/install/tf2_web_republisher/include/tf2_web_republisher/tf2_web_republisher/msg/detail/tf_array__rosidl_typesupport_introspection_cpp.hpp
-- Up-to-date: /home/hello-robot/ament_ws/install/tf2_web_republisher/include/tf2_web_republisher/tf2_web_republisher/action
-- Up-to-date: /home/hello-robot/ament_ws/install/tf2_web_republisher/include/tf2_web_republisher/tf2_web_republisher/action/detail
-- Installing: /home/hello-robot/ament_ws/install/tf2_web_republisher/include/tf2_web_republisher/tf2_web_republisher/action/detail/tf_subscription__rosidl_typesupport_introspection_cpp.hpp
-- Installing: /home/hello-robot/ament_ws/install/tf2_web_republisher/include/tf2_web_republisher/tf2_web_republisher/action/detail/tf_subscription__type_support.cpp
-- Up-to-date: /home/hello-robot/ament_ws/install/tf2_web_republisher/include/tf2_web_republisher/tf2_web_republisher/srv
-- Up-to-date: /home/hello-robot/ament_ws/install/tf2_web_republisher/include/tf2_web_republisher/tf2_web_republisher/srv/detail
-- Installing: /home/hello-robot/ament_ws/install/tf2_web_republisher/include/tf2_web_republisher/tf2_web_republisher/srv/detail/republish_t_fs__rosidl_typesupport_introspection_cpp.hpp
-- Installing: /home/hello-robot/ament_ws/install/tf2_web_republisher/include/tf2_web_republisher/tf2_web_republisher/srv/detail/republish_t_fs__type_support.cpp
-- Installing: /home/hello-robot/ament_ws/install/tf2_web_republisher/lib/libtf2_web_republisher__rosidl_typesupport_introspection_cpp.so
-- Set runtime path of "/home/hello-robot/ament_ws/install/tf2_web_republisher/lib/libtf2_web_republisher__rosidl_typesupport_introspection_cpp.so" to ""
-- Installing: /home/hello-robot/ament_ws/install/tf2_web_republisher/lib/libtf2_web_republisher__rosidl_typesupport_cpp.so
-- Set runtime path of "/home/hello-robot/ament_ws/install/tf2_web_republisher/lib/libtf2_web_republisher__rosidl_typesupport_cpp.so" to ""
-- Installing: /home/hello-robot/ament_ws/install/tf2_web_republisher/share/tf2_web_republisher/environment/pythonpath.sh
-- Installing: /home/hello-robot/ament_ws/install/tf2_web_republisher/share/tf2_web_republisher/environment/pythonpath.dsv
-- Installing: /home/hello-robot/ament_ws/install/tf2_web_republisher/local/lib/python3.10/dist-packages/tf2_web_republisher-0.0.0-py3.10.egg-info
-- Installing: /home/hello-robot/ament_ws/install/tf2_web_republisher/local/lib/python3.10/dist-packages/tf2_web_republisher-0.0.0-py3.10.egg-info/PKG-INFO
-- Installing: /home/hello-robot/ament_ws/install/tf2_web_republisher/local/lib/python3.10/dist-packages/tf2_web_republisher-0.0.0-py3.10.egg-info/dependency_links.txt
-- Installing: /home/hello-robot/ament_ws/install/tf2_web_republisher/local/lib/python3.10/dist-packages/tf2_web_republisher-0.0.0-py3.10.egg-info/SOURCES.txt
-- Installing: /home/hello-robot/ament_ws/install/tf2_web_republisher/local/lib/python3.10/dist-packages/tf2_web_republisher-0.0.0-py3.10.egg-info/top_level.txt
-- Installing: /home/hello-robot/ament_ws/install/tf2_web_republisher/local/lib/python3.10/dist-packages/tf2_web_republisher
-- Installing: /home/hello-robot/ament_ws/install/tf2_web_republisher/local/lib/python3.10/dist-packages/tf2_web_republisher/_tf2_web_republisher_s.ep.rosidl_typesupport_c.c
-- Installing: /home/hello-robot/ament_ws/install/tf2_web_republisher/local/lib/python3.10/dist-packages/tf2_web_republisher/tf2_web_republisher_s__rosidl_typesupport_fastrtps_c.cpython-310-x86_64-linux-gnu.so
-- Installing: /home/hello-robot/ament_ws/install/tf2_web_republisher/local/lib/python3.10/dist-packages/tf2_web_republisher/tf2_web_republisher_s__rosidl_typesupport_c.cpython-310-x86_64-linux-gnu.so
-- Installing: /home/hello-robot/ament_ws/install/tf2_web_republisher/local/lib/python3.10/dist-packages/tf2_web_republisher/msg
-- Installing: /home/hello-robot/ament_ws/install/tf2_web_republisher/local/lib/python3.10/dist-packages/tf2_web_republisher/msg/__init__.py
-- Installing: /home/hello-robot/ament_ws/install/tf2_web_republisher/local/lib/python3.10/dist-packages/tf2_web_republisher/msg/_tf_array.py
-- Installing: /home/hello-robot/ament_ws/install/tf2_web_republisher/local/lib/python3.10/dist-packages/tf2_web_republisher/msg/_tf_array_s.c
-- Installing: /home/hello-robot/ament_ws/install/tf2_web_republisher/local/lib/python3.10/dist-packages/tf2_web_republisher/__init__.py
-- Installing: /home/hello-robot/ament_ws/install/tf2_web_republisher/local/lib/python3.10/dist-packages/tf2_web_republisher/action
-- Installing: /home/hello-robot/ament_ws/install/tf2_web_republisher/local/lib/python3.10/dist-packages/tf2_web_republisher/action/__init__.py
-- Installing: /home/hello-robot/ament_ws/install/tf2_web_republisher/local/lib/python3.10/dist-packages/tf2_web_republisher/action/_tf_subscription_s.c
-- Installing: /home/hello-robot/ament_ws/install/tf2_web_republisher/local/lib/python3.10/dist-packages/tf2_web_republisher/action/_tf_subscription.py
-- Installing: /home/hello-robot/ament_ws/install/tf2_web_republisher/local/lib/python3.10/dist-packages/tf2_web_republisher/_tf2_web_republisher_s.ep.rosidl_typesupport_introspection_c.c
-- Installing: /home/hello-robot/ament_ws/install/tf2_web_republisher/local/lib/python3.10/dist-packages/tf2_web_republisher/libtf2_web_republisher__rosidl_generator_py.so
-- Installing: /home/hello-robot/ament_ws/install/tf2_web_republisher/local/lib/python3.10/dist-packages/tf2_web_republisher/_tf2_web_republisher_s.ep.rosidl_typesupport_fastrtps_c.c
-- Installing: /home/hello-robot/ament_ws/install/tf2_web_republisher/local/lib/python3.10/dist-packages/tf2_web_republisher/tf2_web_republisher_s__rosidl_typesupport_introspection_c.cpython-310-x86_64-linux-gnu.so
-- Installing: /home/hello-robot/ament_ws/install/tf2_web_republisher/local/lib/python3.10/dist-packages/tf2_web_republisher/srv
-- Installing: /home/hello-robot/ament_ws/install/tf2_web_republisher/local/lib/python3.10/dist-packages/tf2_web_republisher/srv/_republish_t_fs.py
-- Installing: /home/hello-robot/ament_ws/install/tf2_web_republisher/local/lib/python3.10/dist-packages/tf2_web_republisher/srv/_republish_t_fs_s.c
-- Installing: /home/hello-robot/ament_ws/install/tf2_web_republisher/local/lib/python3.10/dist-packages/tf2_web_republisher/srv/__init__.py
Listing '/home/hello-robot/ament_ws/install/tf2_web_republisher/local/lib/python3.10/dist-packages/tf2_web_republisher'...
Compiling '/home/hello-robot/ament_ws/install/tf2_web_republisher/local/lib/python3.10/dist-packages/tf2_web_republisher/__init__.py'...
Listing '/home/hello-robot/ament_ws/install/tf2_web_republisher/local/lib/python3.10/dist-packages/tf2_web_republisher/action'...
Compiling '/home/hello-robot/ament_ws/install/tf2_web_republisher/local/lib/python3.10/dist-packages/tf2_web_republisher/action/__init__.py'...
Compiling '/home/hello-robot/ament_ws/install/tf2_web_republisher/local/lib/python3.10/dist-packages/tf2_web_republisher/action/_tf_subscription.py'...
Listing '/home/hello-robot/ament_ws/install/tf2_web_republisher/local/lib/python3.10/dist-packages/tf2_web_republisher/msg'...
Compiling '/home/hello-robot/ament_ws/install/tf2_web_republisher/local/lib/python3.10/dist-packages/tf2_web_republisher/msg/__init__.py'...
Compiling '/home/hello-robot/ament_ws/install/tf2_web_republisher/local/lib/python3.10/dist-packages/tf2_web_republisher/msg/_tf_array.py'...
Listing '/home/hello-robot/ament_ws/install/tf2_web_republisher/local/lib/python3.10/dist-packages/tf2_web_republisher/srv'...
Compiling '/home/hello-robot/ament_ws/install/tf2_web_republisher/local/lib/python3.10/dist-packages/tf2_web_republisher/srv/__init__.py'...
Compiling '/home/hello-robot/ament_ws/install/tf2_web_republisher/local/lib/python3.10/dist-packages/tf2_web_republisher/srv/_republish_t_fs.py'...
-- Installing: /home/hello-robot/ament_ws/install/tf2_web_republisher/local/lib/python3.10/dist-packages/tf2_web_republisher/tf2_web_republisher_s__rosidl_typesupport_fastrtps_c.cpython-310-x86_64-linux-gnu.so
-- Set runtime path of "/home/hello-robot/ament_ws/install/tf2_web_republisher/local/lib/python3.10/dist-packages/tf2_web_republisher/tf2_web_republisher_s__rosidl_typesupport_fastrtps_c.cpython-310-x86_64-linux-gnu.so" to ""
-- Installing: /home/hello-robot/ament_ws/install/tf2_web_republisher/local/lib/python3.10/dist-packages/tf2_web_republisher/tf2_web_republisher_s__rosidl_typesupport_introspection_c.cpython-310-x86_64-linux-gnu.so
-- Set runtime path of "/home/hello-robot/ament_ws/install/tf2_web_republisher/local/lib/python3.10/dist-packages/tf2_web_republisher/tf2_web_republisher_s__rosidl_typesupport_introspection_c.cpython-310-x86_64-linux-gnu.so" to ""
-- Installing: /home/hello-robot/ament_ws/install/tf2_web_republisher/local/lib/python3.10/dist-packages/tf2_web_republisher/tf2_web_republisher_s__rosidl_typesupport_c.cpython-310-x86_64-linux-gnu.so
-- Set runtime path of "/home/hello-robot/ament_ws/install/tf2_web_republisher/local/lib/python3.10/dist-packages/tf2_web_republisher/tf2_web_republisher_s__rosidl_typesupport_c.cpython-310-x86_64-linux-gnu.so" to ""
-- Installing: /home/hello-robot/ament_ws/install/tf2_web_republisher/lib/libtf2_web_republisher__rosidl_generator_py.so
-- Set runtime path of "/home/hello-robot/ament_ws/install/tf2_web_republisher/lib/libtf2_web_republisher__rosidl_generator_py.so" to ""
-- Installing: /home/hello-robot/ament_ws/install/tf2_web_republisher/share/tf2_web_republisher/msg/TFArray.idl
-- Installing: /home/hello-robot/ament_ws/install/tf2_web_republisher/share/tf2_web_republisher/srv/RepublishTFs.idl
-- Installing: /home/hello-robot/ament_ws/install/tf2_web_republisher/share/tf2_web_republisher/action/TFSubscription.idl
-- Installing: /home/hello-robot/ament_ws/install/tf2_web_republisher/share/tf2_web_republisher/msg/TFArray.msg
-- Installing: /home/hello-robot/ament_ws/install/tf2_web_republisher/share/tf2_web_republisher/srv/RepublishTFs.srv
-- Installing: /home/hello-robot/ament_ws/install/tf2_web_republisher/share/tf2_web_republisher/srv/RepublishTFs_Request.msg
-- Installing: /home/hello-robot/ament_ws/install/tf2_web_republisher/share/tf2_web_republisher/srv/RepublishTFs_Response.msg
-- Installing: /home/hello-robot/ament_ws/install/tf2_web_republisher/share/tf2_web_republisher/action/TFSubscription.action
-- Installing: /home/hello-robot/ament_ws/install/tf2_web_republisher/share/ament_index/resource_index/package_run_dependencies/tf2_web_republisher
-- Installing: /home/hello-robot/ament_ws/install/tf2_web_republisher/share/ament_index/resource_index/parent_prefix_path/tf2_web_republisher
-- Installing: /home/hello-robot/ament_ws/install/tf2_web_republisher/share/tf2_web_republisher/environment/ament_prefix_path.sh
-- Installing: /home/hello-robot/ament_ws/install/tf2_web_republisher/share/tf2_web_republisher/environment/ament_prefix_path.dsv
-- Installing: /home/hello-robot/ament_ws/install/tf2_web_republisher/share/tf2_web_republisher/environment/path.sh
-- Installing: /home/hello-robot/ament_ws/install/tf2_web_republisher/share/tf2_web_republisher/environment/path.dsv
-- Installing: /home/hello-robot/ament_ws/install/tf2_web_republisher/share/tf2_web_republisher/local_setup.bash
-- Installing: /home/hello-robot/ament_ws/install/tf2_web_republisher/share/tf2_web_republisher/local_setup.sh
-- Installing: /home/hello-robot/ament_ws/install/tf2_web_republisher/share/tf2_web_republisher/local_setup.zsh
-- Installing: /home/hello-robot/ament_ws/install/tf2_web_republisher/share/tf2_web_republisher/local_setup.dsv
-- Installing: /home/hello-robot/ament_ws/install/tf2_web_republisher/share/tf2_web_republisher/package.dsv
-- Installing: /home/hello-robot/ament_ws/install/tf2_web_republisher/share/ament_index/resource_index/packages/tf2_web_republisher
-- Installing: /home/hello-robot/ament_ws/install/tf2_web_republisher/share/tf2_web_republisher/cmake/export_tf2_web_republisher__rosidl_generator_cExport.cmake
-- Installing: /home/hello-robot/ament_ws/install/tf2_web_republisher/share/tf2_web_republisher/cmake/export_tf2_web_republisher__rosidl_generator_cExport-release.cmake
-- Installing: /home/hello-robot/ament_ws/install/tf2_web_republisher/share/tf2_web_republisher/cmake/export_tf2_web_republisher__rosidl_typesupport_fastrtps_cExport.cmake
-- Installing: /home/hello-robot/ament_ws/install/tf2_web_republisher/share/tf2_web_republisher/cmake/export_tf2_web_republisher__rosidl_typesupport_fastrtps_cExport-release.cmake
-- Installing: /home/hello-robot/ament_ws/install/tf2_web_republisher/share/tf2_web_republisher/cmake/tf2_web_republisher__rosidl_typesupport_introspection_cExport.cmake
-- Installing: /home/hello-robot/ament_ws/install/tf2_web_republisher/share/tf2_web_republisher/cmake/tf2_web_republisher__rosidl_typesupport_introspection_cExport-release.cmake
-- Installing: /home/hello-robot/ament_ws/install/tf2_web_republisher/share/tf2_web_republisher/cmake/tf2_web_republisher__rosidl_typesupport_cExport.cmake
-- Installing: /home/hello-robot/ament_ws/install/tf2_web_republisher/share/tf2_web_republisher/cmake/tf2_web_republisher__rosidl_typesupport_cExport-release.cmake
-- Installing: /home/hello-robot/ament_ws/install/tf2_web_republisher/share/tf2_web_republisher/cmake/export_tf2_web_republisher__rosidl_generator_cppExport.cmake
-- Installing: /home/hello-robot/ament_ws/install/tf2_web_republisher/share/tf2_web_republisher/cmake/export_tf2_web_republisher__rosidl_typesupport_fastrtps_cppExport.cmake
-- Installing: /home/hello-robot/ament_ws/install/tf2_web_republisher/share/tf2_web_republisher/cmake/export_tf2_web_republisher__rosidl_typesupport_fastrtps_cppExport-release.cmake
-- Installing: /home/hello-robot/ament_ws/install/tf2_web_republisher/share/tf2_web_republisher/cmake/tf2_web_republisher__rosidl_typesupport_introspection_cppExport.cmake
-- Installing: /home/hello-robot/ament_ws/install/tf2_web_republisher/share/tf2_web_republisher/cmake/tf2_web_republisher__rosidl_typesupport_introspection_cppExport-release.cmake
-- Installing: /home/hello-robot/ament_ws/install/tf2_web_republisher/share/tf2_web_republisher/cmake/tf2_web_republisher__rosidl_typesupport_cppExport.cmake
-- Installing: /home/hello-robot/ament_ws/install/tf2_web_republisher/share/tf2_web_republisher/cmake/tf2_web_republisher__rosidl_typesupport_cppExport-release.cmake
-- Installing: /home/hello-robot/ament_ws/install/tf2_web_republisher/share/tf2_web_republisher/cmake/export_tf2_web_republisher__rosidl_generator_pyExport.cmake
-- Installing: /home/hello-robot/ament_ws/install/tf2_web_republisher/share/tf2_web_republisher/cmake/export_tf2_web_republisher__rosidl_generator_pyExport-release.cmake
-- Installing: /home/hello-robot/ament_ws/install/tf2_web_republisher/share/tf2_web_republisher/cmake/rosidl_cmake-extras.cmake
-- Installing: /home/hello-robot/ament_ws/install/tf2_web_republisher/share/tf2_web_republisher/cmake/ament_cmake_export_dependencies-extras.cmake
-- Installing: /home/hello-robot/ament_ws/install/tf2_web_republisher/share/tf2_web_republisher/cmake/ament_cmake_export_include_directories-extras.cmake
-- Installing: /home/hello-robot/ament_ws/install/tf2_web_republisher/share/tf2_web_republisher/cmake/ament_cmake_export_libraries-extras.cmake
-- Installing: /home/hello-robot/ament_ws/install/tf2_web_republisher/share/tf2_web_republisher/cmake/ament_cmake_export_targets-extras.cmake
-- Installing: /home/hello-robot/ament_ws/install/tf2_web_republisher/share/tf2_web_republisher/cmake/rosidl_cmake_export_typesupport_targets-extras.cmake
-- Installing: /home/hello-robot/ament_ws/install/tf2_web_republisher/share/tf2_web_republisher/cmake/rosidl_cmake_export_typesupport_libraries-extras.cmake
-- Installing: /home/hello-robot/ament_ws/install/tf2_web_republisher/share/tf2_web_republisher/cmake/tf2_web_republisherConfig.cmake
-- Installing: /home/hello-robot/ament_ws/install/tf2_web_republisher/share/tf2_web_republisher/cmake/tf2_web_republisherConfig-version.cmake
-- Installing: /home/hello-robot/ament_ws/install/tf2_web_republisher/share/tf2_web_republisher/package.xml
