[3.703s] Invoking command in '/home/hello-robot/ament_ws/build/tf2_web_republisher': CMAKE_PREFIX_PATH=${CMAKE_PREFIX_PATH}:/home/hello-robot/ament_ws/install/tf2_web_republisher_py:/home/hello-robot/ament_ws/install/stretch_ros_tutorials:/home/hello-robot/ament_ws/install/stretch_funmap:/home/hello-robot/ament_ws/install/stretch_calibration:/home/hello-robot/ament_ws/install/stretch_demos:/home/hello-robot/ament_ws/install/stretch_deep_perception:/home/hello-robot/ament_ws/install/stretch_core:/home/hello-robot/ament_ws/install/respeaker_ros2:/home/hello-robot/ament_ws/install/hello_helpers:/opt/ros/humble /usr/bin/cmake /home/hello-robot/ament_ws/src/tf2_web_republisher_py/tf2_web_republisher -DCMAKE_BUILD_TYPE=Release -DCMAKE_INSTALL_PREFIX=/home/hello-robot/ament_ws/install/tf2_web_republisher
[3.790s] -- The C compiler identification is GNU 11.4.0
[3.977s] -- The CXX compiler identification is GNU 11.4.0
[4.008s] -- Detecting C compiler ABI info
[4.381s] -- Detecting C compiler ABI info - done
[4.391s] -- Check for working C compiler: /usr/bin/cc - skipped
[4.391s] -- Detecting C compile features
[4.392s] -- Detecting C compile features - done
[4.407s] -- Detecting CXX compiler ABI info
[4.928s] -- Detecting CXX compiler ABI info - done
[4.939s] -- Check for working CXX compiler: /usr/bin/c++ - skipped
[4.940s] -- Detecting CXX compile features
[4.947s] -- Detecting CXX compile features - done
[4.951s] -- Found ament_cmake: 1.3.8 (/opt/ros/humble/share/ament_cmake/cmake)
[6.075s] -- Found Python3: /usr/bin/python3 (found version "3.10.12") found components: Interpreter 
[6.358s] -- Found rosidl_default_generators: 1.2.0 (/opt/ros/humble/share/rosidl_default_generators/cmake)
[6.373s] -- Using all available rosidl_typesupport_c: rosidl_typesupport_fastrtps_c;rosidl_typesupport_introspection_c
[6.401s] -- Found rosidl_adapter: 3.1.5 (/opt/ros/humble/share/rosidl_adapter/cmake)
[6.611s] -- Using all available rosidl_typesupport_cpp: rosidl_typesupport_fastrtps_cpp;rosidl_typesupport_introspection_cpp
[6.760s] -- Found builtin_interfaces: 1.2.1 (/opt/ros/humble/share/builtin_interfaces/cmake)
[6.833s] -- Found geometry_msgs: 4.2.3 (/opt/ros/humble/share/geometry_msgs/cmake)
[9.164s] -- Found ament_cmake_ros: 0.10.0 (/opt/ros/humble/share/ament_cmake_ros/cmake)
[11.678s] -- Using all available rosidl_typesupport_c: rosidl_typesupport_fastrtps_c;rosidl_typesupport_introspection_c
[13.722s] -- Using all available rosidl_typesupport_cpp: rosidl_typesupport_fastrtps_cpp;rosidl_typesupport_introspection_cpp
[13.722s] -- Found PythonInterp: /usr/bin/python3 (found suitable version "3.10.12", minimum required is "3.6") 
[13.723s] -- Found python_cmake_module: 0.10.0 (/opt/ros/humble/share/python_cmake_module/cmake)
[13.723s] -- Found PythonLibs: /usr/lib/x86_64-linux-gnu/libpython3.10.so (found suitable version "3.10.12", minimum required is "3.5") 
[13.723s] -- Using PYTHON_EXECUTABLE: /usr/bin/python3
[13.723s] -- Using PYTHON_INCLUDE_DIRS: /usr/include/python3.10
[13.724s] -- Using PYTHON_LIBRARIES: /usr/lib/x86_64-linux-gnu/libpython3.10.so
[13.724s] -- Found PythonExtra: .so  
[13.724s] -- Found ament_lint_auto: 0.12.10 (/opt/ros/humble/share/ament_lint_auto/cmake)
[13.724s] -- Added test 'copyright' to check source files copyright and LICENSE
[13.724s] -- Added test 'lint_cmake' to check CMake code style
[13.724s] -- Added test 'xmllint' to check XML markup files
[13.724s] -- Configuring done
[13.724s] -- Generating done
[13.724s] -- Build files have been written to: /home/hello-robot/ament_ws/build/tf2_web_republisher
[13.960s] Invoked command in '/home/hello-robot/ament_ws/build/tf2_web_republisher' returned '0': CMAKE_PREFIX_PATH=${CMAKE_PREFIX_PATH}:/home/hello-robot/ament_ws/install/tf2_web_republisher_py:/home/hello-robot/ament_ws/install/stretch_ros_tutorials:/home/hello-robot/ament_ws/install/stretch_funmap:/home/hello-robot/ament_ws/install/stretch_calibration:/home/hello-robot/ament_ws/install/stretch_demos:/home/hello-robot/ament_ws/install/stretch_deep_perception:/home/hello-robot/ament_ws/install/stretch_core:/home/hello-robot/ament_ws/install/respeaker_ros2:/home/hello-robot/ament_ws/install/hello_helpers:/opt/ros/humble /usr/bin/cmake /home/hello-robot/ament_ws/src/tf2_web_republisher_py/tf2_web_republisher -DCMAKE_BUILD_TYPE=Release -DCMAKE_INSTALL_PREFIX=/home/hello-robot/ament_ws/install/tf2_web_republisher
[13.961s] Invoking command in '/home/hello-robot/ament_ws/build/tf2_web_republisher': CMAKE_PREFIX_PATH=${CMAKE_PREFIX_PATH}:/home/hello-robot/ament_ws/install/tf2_web_republisher_py:/home/hello-robot/ament_ws/install/stretch_ros_tutorials:/home/hello-robot/ament_ws/install/stretch_funmap:/home/hello-robot/ament_ws/install/stretch_calibration:/home/hello-robot/ament_ws/install/stretch_demos:/home/hello-robot/ament_ws/install/stretch_deep_perception:/home/hello-robot/ament_ws/install/stretch_core:/home/hello-robot/ament_ws/install/respeaker_ros2:/home/hello-robot/ament_ws/install/hello_helpers:/opt/ros/humble /usr/bin/cmake --build /home/hello-robot/ament_ws/build/tf2_web_republisher -- -j16 -l16
[14.217s] [  2%] Generating C code for ROS interfaces
[14.227s] [  4%] Generating C++ code for ROS interfaces
[14.392s] [  4%] Built target ament_cmake_python_copy_tf2_web_republisher
[16.196s] /home/hello-robot/.local/lib/python3.10/site-packages/setuptools_scm/_integration/setuptools.py:30: RuntimeWarning: 
[16.196s] ERROR: setuptools==59.6.0 is used in combination with setuptools_scm>=8.x
[16.196s] 
[16.196s] Your build configuration is incomplete and previously worked by accident!
[16.197s] setuptools_scm requires setuptools>=61
[16.197s] 
[16.197s] Suggested workaround if applicable:
[16.197s]  - migrating from the deprecated setup_requires mechanism to pep517/518
[16.197s]    and using a pyproject.toml to declare build dependencies
[16.197s]    which are reliably pre-installed before running the build tools
[16.197s] 
[16.197s]   warnings.warn(
[16.197s] running egg_info
[16.197s] creating tf2_web_republisher.egg-info
[16.197s] writing tf2_web_republisher.egg-info/PKG-INFO
[16.198s] writing dependency_links to tf2_web_republisher.egg-info/dependency_links.txt
[16.198s] writing top-level names to tf2_web_republisher.egg-info/top_level.txt
[16.198s] writing manifest file 'tf2_web_republisher.egg-info/SOURCES.txt'
[16.388s] [03/04/24 08:23:38] ERROR    listing git files failed - pretending     git.py:24
[16.389s]                              there aren't any                                   
[16.646s] [  4%] Built target tf2_web_republisher__cpp
[17.199s] [  6%] Generating C++ type support dispatch for ROS interfaces
[17.199s] [  8%] Generating C++ type support for eProsima Fast-RTPS
[17.200s] [ 10%] Generating C++ introspection for ROS interfaces
[17.200s] reading manifest file 'tf2_web_republisher.egg-info/SOURCES.txt'
[17.200s] writing manifest file 'tf2_web_republisher.egg-info/SOURCES.txt'
[17.516s] [ 10%] Built target ament_cmake_python_build_tf2_web_republisher_egg
[17.516s] [ 12%] Building C object CMakeFiles/tf2_web_republisher__rosidl_generator_c.dir/rosidl_generator_c/tf2_web_republisher/srv/detail/republish_t_fs__functions.c.o
[17.516s] [ 14%] Building C object CMakeFiles/tf2_web_republisher__rosidl_generator_c.dir/rosidl_generator_c/tf2_web_republisher/msg/detail/tf_array__functions.c.o
[17.516s] [ 17%] Building C object CMakeFiles/tf2_web_republisher__rosidl_generator_c.dir/rosidl_generator_c/tf2_web_republisher/action/detail/tf_subscription__functions.c.o
[18.763s] [ 19%] Building CXX object CMakeFiles/tf2_web_republisher__rosidl_typesupport_cpp.dir/rosidl_typesupport_cpp/tf2_web_republisher/msg/tf_array__type_support.cpp.o
[18.812s] [ 21%] Building CXX object CMakeFiles/tf2_web_republisher__rosidl_typesupport_cpp.dir/rosidl_typesupport_cpp/tf2_web_republisher/srv/republish_t_fs__type_support.cpp.o
[18.817s] [ 23%] Building CXX object CMakeFiles/tf2_web_republisher__rosidl_typesupport_cpp.dir/rosidl_typesupport_cpp/tf2_web_republisher/action/tf_subscription__type_support.cpp.o
[19.340s] [ 25%] Building CXX object CMakeFiles/tf2_web_republisher__rosidl_typesupport_introspection_cpp.dir/rosidl_typesupport_introspection_cpp/tf2_web_republisher/msg/detail/tf_array__type_support.cpp.o
[19.340s] [ 27%] Building CXX object CMakeFiles/tf2_web_republisher__rosidl_typesupport_introspection_cpp.dir/rosidl_typesupport_introspection_cpp/tf2_web_republisher/srv/detail/republish_t_fs__type_support.cpp.o
[19.340s] [ 29%] Building CXX object CMakeFiles/tf2_web_republisher__rosidl_typesupport_introspection_cpp.dir/rosidl_typesupport_introspection_cpp/tf2_web_republisher/action/detail/tf_subscription__type_support.cpp.o
[19.340s] [ 31%] Building CXX object CMakeFiles/tf2_web_republisher__rosidl_typesupport_fastrtps_cpp.dir/rosidl_typesupport_fastrtps_cpp/tf2_web_republisher/msg/detail/dds_fastrtps/tf_array__type_support.cpp.o
[20.060s] [ 34%] Building CXX object CMakeFiles/tf2_web_republisher__rosidl_typesupport_fastrtps_cpp.dir/rosidl_typesupport_fastrtps_cpp/tf2_web_republisher/srv/detail/dds_fastrtps/republish_t_fs__type_support.cpp.o
[20.060s] [ 36%] Building CXX object CMakeFiles/tf2_web_republisher__rosidl_typesupport_fastrtps_cpp.dir/rosidl_typesupport_fastrtps_cpp/tf2_web_republisher/action/detail/dds_fastrtps/tf_subscription__type_support.cpp.o
[20.060s] [ 38%] Linking C shared library libtf2_web_republisher__rosidl_generator_c.so
[20.061s] [ 38%] Built target tf2_web_republisher__rosidl_generator_c
[20.095s] [ 40%] Generating C type support for eProsima Fast-RTPS
[20.122s] [ 42%] Generating C introspection for ROS interfaces
[20.130s] [ 44%] Generating C type support dispatch for ROS interfaces
[20.863s] [ 46%] Linking CXX shared library libtf2_web_republisher__rosidl_typesupport_cpp.so
[21.013s] [ 46%] Built target tf2_web_republisher__rosidl_typesupport_cpp
[24.034s] [ 48%] Building CXX object CMakeFiles/tf2_web_republisher__rosidl_typesupport_c.dir/rosidl_typesupport_c/tf2_web_republisher/msg/tf_array__type_support.cpp.o
[24.034s] [ 51%] Building C object CMakeFiles/tf2_web_republisher__rosidl_typesupport_introspection_c.dir/rosidl_typesupport_introspection_c/tf2_web_republisher/srv/detail/republish_t_fs__type_support.c.o
[24.034s] [ 53%] Building CXX object CMakeFiles/tf2_web_republisher__rosidl_typesupport_c.dir/rosidl_typesupport_c/tf2_web_republisher/srv/republish_t_fs__type_support.cpp.o
[24.034s] [ 55%] Building C object CMakeFiles/tf2_web_republisher__rosidl_typesupport_introspection_c.dir/rosidl_typesupport_introspection_c/tf2_web_republisher/action/detail/tf_subscription__type_support.c.o
[24.035s] [ 57%] Building CXX object CMakeFiles/tf2_web_republisher__rosidl_typesupport_c.dir/rosidl_typesupport_c/tf2_web_republisher/action/tf_subscription__type_support.cpp.o
[24.035s] [ 59%] Building C object CMakeFiles/tf2_web_republisher__rosidl_typesupport_introspection_c.dir/rosidl_typesupport_introspection_c/tf2_web_republisher/msg/detail/tf_array__type_support.c.o
[24.035s] [ 61%] Linking CXX shared library libtf2_web_republisher__rosidl_typesupport_introspection_cpp.so
[24.035s] [ 63%] Linking CXX shared library libtf2_web_republisher__rosidl_typesupport_c.so
[24.035s] [ 65%] Building CXX object CMakeFiles/tf2_web_republisher__rosidl_typesupport_fastrtps_c.dir/rosidl_typesupport_fastrtps_c/tf2_web_republisher/msg/detail/tf_array__type_support_c.cpp.o
[24.035s] [ 68%] Building CXX object CMakeFiles/tf2_web_republisher__rosidl_typesupport_fastrtps_c.dir/rosidl_typesupport_fastrtps_c/tf2_web_republisher/srv/detail/republish_t_fs__type_support_c.cpp.o
[24.035s] [ 70%] Building CXX object CMakeFiles/tf2_web_republisher__rosidl_typesupport_fastrtps_c.dir/rosidl_typesupport_fastrtps_c/tf2_web_republisher/action/detail/tf_subscription__type_support_c.cpp.o
[24.035s] [ 70%] Built target tf2_web_republisher__rosidl_typesupport_c
[24.035s] [ 70%] Built target tf2_web_republisher__rosidl_typesupport_introspection_cpp
[24.035s] [ 72%] Linking C shared library libtf2_web_republisher__rosidl_typesupport_introspection_c.so
[24.035s] [ 72%] Built target tf2_web_republisher__rosidl_typesupport_introspection_c
[24.035s] [ 74%] Linking CXX shared library libtf2_web_republisher__rosidl_typesupport_fastrtps_cpp.so
[24.171s] [ 74%] Built target tf2_web_republisher__rosidl_typesupport_fastrtps_cpp
[25.301s] [ 76%] Linking CXX shared library libtf2_web_republisher__rosidl_typesupport_fastrtps_c.so
[25.630s] [ 76%] Built target tf2_web_republisher__rosidl_typesupport_fastrtps_c
[25.784s] [ 76%] Built target tf2_web_republisher
[25.901s] [ 78%] Generating Python code for ROS interfaces
[28.475s] [ 78%] Built target tf2_web_republisher__py
[28.520s] [ 80%] Building C object CMakeFiles/tf2_web_republisher__rosidl_generator_py.dir/rosidl_generator_py/tf2_web_republisher/msg/_tf_array_s.c.o
[28.527s] [ 82%] Building C object CMakeFiles/tf2_web_republisher__rosidl_generator_py.dir/rosidl_generator_py/tf2_web_republisher/action/_tf_subscription_s.c.o
[28.543s] [ 85%] Building C object CMakeFiles/tf2_web_republisher__rosidl_generator_py.dir/rosidl_generator_py/tf2_web_republisher/srv/_republish_t_fs_s.c.o
[29.071s] [ 87%] Linking C shared library rosidl_generator_py/tf2_web_republisher/libtf2_web_republisher__rosidl_generator_py.so
[29.148s] [ 87%] Built target tf2_web_republisher__rosidl_generator_py
[29.180s] [ 93%] Building C object CMakeFiles/tf2_web_republisher__rosidl_typesupport_c__pyext.dir/rosidl_generator_py/tf2_web_republisher/_tf2_web_republisher_s.ep.rosidl_typesupport_c.c.o
[29.180s] [ 93%] Building C object CMakeFiles/tf2_web_republisher__rosidl_typesupport_introspection_c__pyext.dir/rosidl_generator_py/tf2_web_republisher/_tf2_web_republisher_s.ep.rosidl_typesupport_introspection_c.c.o
[29.180s] [ 93%] Building C object CMakeFiles/tf2_web_republisher__rosidl_typesupport_fastrtps_c__pyext.dir/rosidl_generator_py/tf2_web_republisher/_tf2_web_republisher_s.ep.rosidl_typesupport_fastrtps_c.c.o
[29.551s] [ 97%] Linking C shared library rosidl_generator_py/tf2_web_republisher/tf2_web_republisher_s__rosidl_typesupport_fastrtps_c.cpython-310-x86_64-linux-gnu.so
[29.551s] [ 97%] Linking C shared library rosidl_generator_py/tf2_web_republisher/tf2_web_republisher_s__rosidl_typesupport_c.cpython-310-x86_64-linux-gnu.so
[29.566s] [100%] Linking C shared library rosidl_generator_py/tf2_web_republisher/tf2_web_republisher_s__rosidl_typesupport_introspection_c.cpython-310-x86_64-linux-gnu.so
[29.621s] [100%] Built target tf2_web_republisher__rosidl_typesupport_c__pyext
[29.624s] [100%] Built target tf2_web_republisher__rosidl_typesupport_fastrtps_c__pyext
[29.653s] [100%] Built target tf2_web_republisher__rosidl_typesupport_introspection_c__pyext
[29.675s] Invoked command in '/home/hello-robot/ament_ws/build/tf2_web_republisher' returned '0': CMAKE_PREFIX_PATH=${CMAKE_PREFIX_PATH}:/home/hello-robot/ament_ws/install/tf2_web_republisher_py:/home/hello-robot/ament_ws/install/stretch_ros_tutorials:/home/hello-robot/ament_ws/install/stretch_funmap:/home/hello-robot/ament_ws/install/stretch_calibration:/home/hello-robot/ament_ws/install/stretch_demos:/home/hello-robot/ament_ws/install/stretch_deep_perception:/home/hello-robot/ament_ws/install/stretch_core:/home/hello-robot/ament_ws/install/respeaker_ros2:/home/hello-robot/ament_ws/install/hello_helpers:/opt/ros/humble /usr/bin/cmake --build /home/hello-robot/ament_ws/build/tf2_web_republisher -- -j16 -l16
[30.018s] Invoking command in '/home/hello-robot/ament_ws/build/tf2_web_republisher': CMAKE_PREFIX_PATH=${CMAKE_PREFIX_PATH}:/home/hello-robot/ament_ws/install/tf2_web_republisher_py:/home/hello-robot/ament_ws/install/stretch_ros_tutorials:/home/hello-robot/ament_ws/install/stretch_funmap:/home/hello-robot/ament_ws/install/stretch_calibration:/home/hello-robot/ament_ws/install/stretch_demos:/home/hello-robot/ament_ws/install/stretch_deep_perception:/home/hello-robot/ament_ws/install/stretch_core:/home/hello-robot/ament_ws/install/respeaker_ros2:/home/hello-robot/ament_ws/install/hello_helpers:/opt/ros/humble /usr/bin/cmake --install /home/hello-robot/ament_ws/build/tf2_web_republisher
[30.289s] -- Install configuration: "Release"
[30.289s] -- Installing: /home/hello-robot/ament_ws/install/tf2_web_republisher/share/ament_index/resource_index/rosidl_interfaces/tf2_web_republisher
[30.289s] -- Installing: /home/hello-robot/ament_ws/install/tf2_web_republisher/include/tf2_web_republisher/tf2_web_republisher
[30.289s] -- Installing: /home/hello-robot/ament_ws/install/tf2_web_republisher/include/tf2_web_republisher/tf2_web_republisher/msg
[30.289s] -- Installing: /home/hello-robot/ament_ws/install/tf2_web_republisher/include/tf2_web_republisher/tf2_web_republisher/msg/rosidl_generator_c__visibility_control.h
[30.289s] -- Installing: /home/hello-robot/ament_ws/install/tf2_web_republisher/include/tf2_web_republisher/tf2_web_republisher/msg/tf_array.h
[30.289s] -- Installing: /home/hello-robot/ament_ws/install/tf2_web_republisher/include/tf2_web_republisher/tf2_web_republisher/msg/detail
[30.289s] -- Installing: /home/hello-robot/ament_ws/install/tf2_web_republisher/include/tf2_web_republisher/tf2_web_republisher/msg/detail/tf_array__struct.h
[30.290s] -- Installing: /home/hello-robot/ament_ws/install/tf2_web_republisher/include/tf2_web_republisher/tf2_web_republisher/msg/detail/tf_array__type_support.h
[30.290s] -- Installing: /home/hello-robot/ament_ws/install/tf2_web_republisher/include/tf2_web_republisher/tf2_web_republisher/msg/detail/tf_array__functions.c
[30.290s] -- Installing: /home/hello-robot/ament_ws/install/tf2_web_republisher/include/tf2_web_republisher/tf2_web_republisher/msg/detail/tf_array__functions.h
[30.290s] -- Installing: /home/hello-robot/ament_ws/install/tf2_web_republisher/include/tf2_web_republisher/tf2_web_republisher/action
[30.290s] -- Installing: /home/hello-robot/ament_ws/install/tf2_web_republisher/include/tf2_web_republisher/tf2_web_republisher/action/detail
[30.290s] -- Installing: /home/hello-robot/ament_ws/install/tf2_web_republisher/include/tf2_web_republisher/tf2_web_republisher/action/detail/tf_subscription__type_support.h
[30.290s] -- Installing: /home/hello-robot/ament_ws/install/tf2_web_republisher/include/tf2_web_republisher/tf2_web_republisher/action/detail/tf_subscription__functions.h
[30.290s] -- Installing: /home/hello-robot/ament_ws/install/tf2_web_republisher/include/tf2_web_republisher/tf2_web_republisher/action/detail/tf_subscription__struct.h
[30.290s] -- Installing: /home/hello-robot/ament_ws/install/tf2_web_republisher/include/tf2_web_republisher/tf2_web_republisher/action/detail/tf_subscription__functions.c
[30.290s] -- Installing: /home/hello-robot/ament_ws/install/tf2_web_republisher/include/tf2_web_republisher/tf2_web_republisher/action/tf_subscription.h
[30.290s] -- Installing: /home/hello-robot/ament_ws/install/tf2_web_republisher/include/tf2_web_republisher/tf2_web_republisher/srv
[30.290s] -- Installing: /home/hello-robot/ament_ws/install/tf2_web_republisher/include/tf2_web_republisher/tf2_web_republisher/srv/detail
[30.290s] -- Installing: /home/hello-robot/ament_ws/install/tf2_web_republisher/include/tf2_web_republisher/tf2_web_republisher/srv/detail/republish_t_fs__struct.h
[30.290s] -- Installing: /home/hello-robot/ament_ws/install/tf2_web_republisher/include/tf2_web_republisher/tf2_web_republisher/srv/detail/republish_t_fs__functions.c
[30.290s] -- Installing: /home/hello-robot/ament_ws/install/tf2_web_republisher/include/tf2_web_republisher/tf2_web_republisher/srv/detail/republish_t_fs__type_support.h
[30.290s] -- Installing: /home/hello-robot/ament_ws/install/tf2_web_republisher/include/tf2_web_republisher/tf2_web_republisher/srv/detail/republish_t_fs__functions.h
[30.291s] -- Installing: /home/hello-robot/ament_ws/install/tf2_web_republisher/include/tf2_web_republisher/tf2_web_republisher/srv/republish_t_fs.h
[30.291s] -- Installing: /home/hello-robot/ament_ws/install/tf2_web_republisher/share/tf2_web_republisher/environment/library_path.sh
[30.291s] -- Installing: /home/hello-robot/ament_ws/install/tf2_web_republisher/share/tf2_web_republisher/environment/library_path.dsv
[30.291s] -- Installing: /home/hello-robot/ament_ws/install/tf2_web_republisher/lib/libtf2_web_republisher__rosidl_generator_c.so
[30.291s] -- Set runtime path of "/home/hello-robot/ament_ws/install/tf2_web_republisher/lib/libtf2_web_republisher__rosidl_generator_c.so" to ""
[30.291s] -- Up-to-date: /home/hello-robot/ament_ws/install/tf2_web_republisher/include/tf2_web_republisher/tf2_web_republisher
[30.291s] -- Up-to-date: /home/hello-robot/ament_ws/install/tf2_web_republisher/include/tf2_web_republisher/tf2_web_republisher/msg
[30.291s] -- Installing: /home/hello-robot/ament_ws/install/tf2_web_republisher/include/tf2_web_republisher/tf2_web_republisher/msg/rosidl_typesupport_fastrtps_c__visibility_control.h
[30.291s] -- Up-to-date: /home/hello-robot/ament_ws/install/tf2_web_republisher/include/tf2_web_republisher/tf2_web_republisher/msg/detail
[30.291s] -- Installing: /home/hello-robot/ament_ws/install/tf2_web_republisher/include/tf2_web_republisher/tf2_web_republisher/msg/detail/tf_array__rosidl_typesupport_fastrtps_c.h
[30.292s] -- Up-to-date: /home/hello-robot/ament_ws/install/tf2_web_republisher/include/tf2_web_republisher/tf2_web_republisher/action
[30.292s] -- Up-to-date: /home/hello-robot/ament_ws/install/tf2_web_republisher/include/tf2_web_republisher/tf2_web_republisher/action/detail
[30.292s] -- Installing: /home/hello-robot/ament_ws/install/tf2_web_republisher/include/tf2_web_republisher/tf2_web_republisher/action/detail/tf_subscription__rosidl_typesupport_fastrtps_c.h
[30.292s] -- Up-to-date: /home/hello-robot/ament_ws/install/tf2_web_republisher/include/tf2_web_republisher/tf2_web_republisher/srv
[30.292s] -- Up-to-date: /home/hello-robot/ament_ws/install/tf2_web_republisher/include/tf2_web_republisher/tf2_web_republisher/srv/detail
[30.292s] -- Installing: /home/hello-robot/ament_ws/install/tf2_web_republisher/include/tf2_web_republisher/tf2_web_republisher/srv/detail/republish_t_fs__rosidl_typesupport_fastrtps_c.h
[30.293s] -- Installing: /home/hello-robot/ament_ws/install/tf2_web_republisher/lib/libtf2_web_republisher__rosidl_typesupport_fastrtps_c.so
[30.293s] -- Set runtime path of "/home/hello-robot/ament_ws/install/tf2_web_republisher/lib/libtf2_web_republisher__rosidl_typesupport_fastrtps_c.so" to ""
[30.293s] -- Up-to-date: /home/hello-robot/ament_ws/install/tf2_web_republisher/include/tf2_web_republisher/tf2_web_republisher
[30.293s] -- Up-to-date: /home/hello-robot/ament_ws/install/tf2_web_republisher/include/tf2_web_republisher/tf2_web_republisher/msg
[30.293s] -- Installing: /home/hello-robot/ament_ws/install/tf2_web_republisher/include/tf2_web_republisher/tf2_web_republisher/msg/rosidl_typesupport_introspection_c__visibility_control.h
[30.293s] -- Up-to-date: /home/hello-robot/ament_ws/install/tf2_web_republisher/include/tf2_web_republisher/tf2_web_republisher/msg/detail
[30.293s] -- Installing: /home/hello-robot/ament_ws/install/tf2_web_republisher/include/tf2_web_republisher/tf2_web_republisher/msg/detail/tf_array__type_support.c
[30.293s] -- Installing: /home/hello-robot/ament_ws/install/tf2_web_republisher/include/tf2_web_republisher/tf2_web_republisher/msg/detail/tf_array__rosidl_typesupport_introspection_c.h
[30.293s] -- Up-to-date: /home/hello-robot/ament_ws/install/tf2_web_republisher/include/tf2_web_republisher/tf2_web_republisher/action
[30.293s] -- Up-to-date: /home/hello-robot/ament_ws/install/tf2_web_republisher/include/tf2_web_republisher/tf2_web_republisher/action/detail
[30.293s] -- Installing: /home/hello-robot/ament_ws/install/tf2_web_republisher/include/tf2_web_republisher/tf2_web_republisher/action/detail/tf_subscription__type_support.c
[30.293s] -- Installing: /home/hello-robot/ament_ws/install/tf2_web_republisher/include/tf2_web_republisher/tf2_web_republisher/action/detail/tf_subscription__rosidl_typesupport_introspection_c.h
[30.293s] -- Up-to-date: /home/hello-robot/ament_ws/install/tf2_web_republisher/include/tf2_web_republisher/tf2_web_republisher/srv
[30.293s] -- Up-to-date: /home/hello-robot/ament_ws/install/tf2_web_republisher/include/tf2_web_republisher/tf2_web_republisher/srv/detail
[30.293s] -- Installing: /home/hello-robot/ament_ws/install/tf2_web_republisher/include/tf2_web_republisher/tf2_web_republisher/srv/detail/republish_t_fs__rosidl_typesupport_introspection_c.h
[30.293s] -- Installing: /home/hello-robot/ament_ws/install/tf2_web_republisher/include/tf2_web_republisher/tf2_web_republisher/srv/detail/republish_t_fs__type_support.c
[30.295s] -- Installing: /home/hello-robot/ament_ws/install/tf2_web_republisher/lib/libtf2_web_republisher__rosidl_typesupport_introspection_c.so
[30.295s] -- Set runtime path of "/home/hello-robot/ament_ws/install/tf2_web_republisher/lib/libtf2_web_republisher__rosidl_typesupport_introspection_c.so" to ""
[30.295s] -- Installing: /home/hello-robot/ament_ws/install/tf2_web_republisher/lib/libtf2_web_republisher__rosidl_typesupport_c.so
[30.296s] -- Set runtime path of "/home/hello-robot/ament_ws/install/tf2_web_republisher/lib/libtf2_web_republisher__rosidl_typesupport_c.so" to ""
[30.296s] -- Up-to-date: /home/hello-robot/ament_ws/install/tf2_web_republisher/include/tf2_web_republisher/tf2_web_republisher
[30.296s] -- Up-to-date: /home/hello-robot/ament_ws/install/tf2_web_republisher/include/tf2_web_republisher/tf2_web_republisher/msg
[30.296s] -- Up-to-date: /home/hello-robot/ament_ws/install/tf2_web_republisher/include/tf2_web_republisher/tf2_web_republisher/msg/detail
[30.296s] -- Installing: /home/hello-robot/ament_ws/install/tf2_web_republisher/include/tf2_web_republisher/tf2_web_republisher/msg/detail/tf_array__struct.hpp
[30.296s] -- Installing: /home/hello-robot/ament_ws/install/tf2_web_republisher/include/tf2_web_republisher/tf2_web_republisher/msg/detail/tf_array__traits.hpp
[30.296s] -- Installing: /home/hello-robot/ament_ws/install/tf2_web_republisher/include/tf2_web_republisher/tf2_web_republisher/msg/detail/tf_array__builder.hpp
[30.296s] -- Installing: /home/hello-robot/ament_ws/install/tf2_web_republisher/include/tf2_web_republisher/tf2_web_republisher/msg/tf_array.hpp
[30.296s] -- Up-to-date: /home/hello-robot/ament_ws/install/tf2_web_republisher/include/tf2_web_republisher/tf2_web_republisher/action
[30.296s] -- Up-to-date: /home/hello-robot/ament_ws/install/tf2_web_republisher/include/tf2_web_republisher/tf2_web_republisher/action/detail
[30.296s] -- Installing: /home/hello-robot/ament_ws/install/tf2_web_republisher/include/tf2_web_republisher/tf2_web_republisher/action/detail/tf_subscription__traits.hpp
[30.297s] -- Installing: /home/hello-robot/ament_ws/install/tf2_web_republisher/include/tf2_web_republisher/tf2_web_republisher/action/detail/tf_subscription__builder.hpp
[30.297s] -- Installing: /home/hello-robot/ament_ws/install/tf2_web_republisher/include/tf2_web_republisher/tf2_web_republisher/action/detail/tf_subscription__struct.hpp
[30.297s] -- Installing: /home/hello-robot/ament_ws/install/tf2_web_republisher/include/tf2_web_republisher/tf2_web_republisher/action/tf_subscription.hpp
[30.297s] -- Up-to-date: /home/hello-robot/ament_ws/install/tf2_web_republisher/include/tf2_web_republisher/tf2_web_republisher/srv
[30.297s] -- Installing: /home/hello-robot/ament_ws/install/tf2_web_republisher/include/tf2_web_republisher/tf2_web_republisher/srv/republish_t_fs.hpp
[30.297s] -- Up-to-date: /home/hello-robot/ament_ws/install/tf2_web_republisher/include/tf2_web_republisher/tf2_web_republisher/srv/detail
[30.297s] -- Installing: /home/hello-robot/ament_ws/install/tf2_web_republisher/include/tf2_web_republisher/tf2_web_republisher/srv/detail/republish_t_fs__struct.hpp
[30.298s] -- Installing: /home/hello-robot/ament_ws/install/tf2_web_republisher/include/tf2_web_republisher/tf2_web_republisher/srv/detail/republish_t_fs__traits.hpp
[30.298s] -- Installing: /home/hello-robot/ament_ws/install/tf2_web_republisher/include/tf2_web_republisher/tf2_web_republisher/srv/detail/republish_t_fs__builder.hpp
[30.298s] -- Up-to-date: /home/hello-robot/ament_ws/install/tf2_web_republisher/include/tf2_web_republisher/tf2_web_republisher
[30.298s] -- Up-to-date: /home/hello-robot/ament_ws/install/tf2_web_republisher/include/tf2_web_republisher/tf2_web_republisher/msg
[30.298s] -- Up-to-date: /home/hello-robot/ament_ws/install/tf2_web_republisher/include/tf2_web_republisher/tf2_web_republisher/msg/detail
[30.298s] -- Installing: /home/hello-robot/ament_ws/install/tf2_web_republisher/include/tf2_web_republisher/tf2_web_republisher/msg/detail/dds_fastrtps
[30.298s] -- Installing: /home/hello-robot/ament_ws/install/tf2_web_republisher/include/tf2_web_republisher/tf2_web_republisher/msg/detail/tf_array__rosidl_typesupport_fastrtps_cpp.hpp
[30.298s] -- Installing: /home/hello-robot/ament_ws/install/tf2_web_republisher/include/tf2_web_republisher/tf2_web_republisher/msg/rosidl_typesupport_fastrtps_cpp__visibility_control.h
[30.298s] -- Up-to-date: /home/hello-robot/ament_ws/install/tf2_web_republisher/include/tf2_web_republisher/tf2_web_republisher/action
[30.298s] -- Up-to-date: /home/hello-robot/ament_ws/install/tf2_web_republisher/include/tf2_web_republisher/tf2_web_republisher/action/detail
[30.299s] -- Installing: /home/hello-robot/ament_ws/install/tf2_web_republisher/include/tf2_web_republisher/tf2_web_republisher/action/detail/dds_fastrtps
[30.299s] -- Installing: /home/hello-robot/ament_ws/install/tf2_web_republisher/include/tf2_web_republisher/tf2_web_republisher/action/detail/tf_subscription__rosidl_typesupport_fastrtps_cpp.hpp
[30.299s] -- Up-to-date: /home/hello-robot/ament_ws/install/tf2_web_republisher/include/tf2_web_republisher/tf2_web_republisher/srv
[30.299s] -- Up-to-date: /home/hello-robot/ament_ws/install/tf2_web_republisher/include/tf2_web_republisher/tf2_web_republisher/srv/detail
[30.299s] -- Installing: /home/hello-robot/ament_ws/install/tf2_web_republisher/include/tf2_web_republisher/tf2_web_republisher/srv/detail/dds_fastrtps
[30.299s] -- Installing: /home/hello-robot/ament_ws/install/tf2_web_republisher/include/tf2_web_republisher/tf2_web_republisher/srv/detail/republish_t_fs__rosidl_typesupport_fastrtps_cpp.hpp
[30.299s] -- Installing: /home/hello-robot/ament_ws/install/tf2_web_republisher/lib/libtf2_web_republisher__rosidl_typesupport_fastrtps_cpp.so
[30.299s] -- Set runtime path of "/home/hello-robot/ament_ws/install/tf2_web_republisher/lib/libtf2_web_republisher__rosidl_typesupport_fastrtps_cpp.so" to ""
[30.300s] -- Up-to-date: /home/hello-robot/ament_ws/install/tf2_web_republisher/include/tf2_web_republisher/tf2_web_republisher
[30.300s] -- Up-to-date: /home/hello-robot/ament_ws/install/tf2_web_republisher/include/tf2_web_republisher/tf2_web_republisher/msg
[30.300s] -- Up-to-date: /home/hello-robot/ament_ws/install/tf2_web_republisher/include/tf2_web_republisher/tf2_web_republisher/msg/detail
[30.300s] -- Installing: /home/hello-robot/ament_ws/install/tf2_web_republisher/include/tf2_web_republisher/tf2_web_republisher/msg/detail/tf_array__type_support.cpp
[30.300s] -- Installing: /home/hello-robot/ament_ws/install/tf2_web_republisher/include/tf2_web_republisher/tf2_web_republisher/msg/detail/tf_array__rosidl_typesupport_introspection_cpp.hpp
[30.301s] -- Up-to-date: /home/hello-robot/ament_ws/install/tf2_web_republisher/include/tf2_web_republisher/tf2_web_republisher/action
[30.301s] -- Up-to-date: /home/hello-robot/ament_ws/install/tf2_web_republisher/include/tf2_web_republisher/tf2_web_republisher/action/detail
[30.301s] -- Installing: /home/hello-robot/ament_ws/install/tf2_web_republisher/include/tf2_web_republisher/tf2_web_republisher/action/detail/tf_subscription__rosidl_typesupport_introspection_cpp.hpp
[30.301s] -- Installing: /home/hello-robot/ament_ws/install/tf2_web_republisher/include/tf2_web_republisher/tf2_web_republisher/action/detail/tf_subscription__type_support.cpp
[30.301s] -- Up-to-date: /home/hello-robot/ament_ws/install/tf2_web_republisher/include/tf2_web_republisher/tf2_web_republisher/srv
[30.301s] -- Up-to-date: /home/hello-robot/ament_ws/install/tf2_web_republisher/include/tf2_web_republisher/tf2_web_republisher/srv/detail
[30.301s] -- Installing: /home/hello-robot/ament_ws/install/tf2_web_republisher/include/tf2_web_republisher/tf2_web_republisher/srv/detail/republish_t_fs__rosidl_typesupport_introspection_cpp.hpp
[30.301s] -- Installing: /home/hello-robot/ament_ws/install/tf2_web_republisher/include/tf2_web_republisher/tf2_web_republisher/srv/detail/republish_t_fs__type_support.cpp
[30.301s] -- Installing: /home/hello-robot/ament_ws/install/tf2_web_republisher/lib/libtf2_web_republisher__rosidl_typesupport_introspection_cpp.so
[30.301s] -- Set runtime path of "/home/hello-robot/ament_ws/install/tf2_web_republisher/lib/libtf2_web_republisher__rosidl_typesupport_introspection_cpp.so" to ""
[30.301s] -- Installing: /home/hello-robot/ament_ws/install/tf2_web_republisher/lib/libtf2_web_republisher__rosidl_typesupport_cpp.so
[30.301s] -- Set runtime path of "/home/hello-robot/ament_ws/install/tf2_web_republisher/lib/libtf2_web_republisher__rosidl_typesupport_cpp.so" to ""
[30.301s] -- Installing: /home/hello-robot/ament_ws/install/tf2_web_republisher/share/tf2_web_republisher/environment/pythonpath.sh
[30.302s] -- Installing: /home/hello-robot/ament_ws/install/tf2_web_republisher/share/tf2_web_republisher/environment/pythonpath.dsv
[30.302s] -- Installing: /home/hello-robot/ament_ws/install/tf2_web_republisher/local/lib/python3.10/dist-packages/tf2_web_republisher-0.0.0-py3.10.egg-info
[30.302s] -- Installing: /home/hello-robot/ament_ws/install/tf2_web_republisher/local/lib/python3.10/dist-packages/tf2_web_republisher-0.0.0-py3.10.egg-info/PKG-INFO
[30.302s] -- Installing: /home/hello-robot/ament_ws/install/tf2_web_republisher/local/lib/python3.10/dist-packages/tf2_web_republisher-0.0.0-py3.10.egg-info/dependency_links.txt
[30.302s] -- Installing: /home/hello-robot/ament_ws/install/tf2_web_republisher/local/lib/python3.10/dist-packages/tf2_web_republisher-0.0.0-py3.10.egg-info/SOURCES.txt
[30.302s] -- Installing: /home/hello-robot/ament_ws/install/tf2_web_republisher/local/lib/python3.10/dist-packages/tf2_web_republisher-0.0.0-py3.10.egg-info/top_level.txt
[30.302s] -- Installing: /home/hello-robot/ament_ws/install/tf2_web_republisher/local/lib/python3.10/dist-packages/tf2_web_republisher
[30.302s] -- Installing: /home/hello-robot/ament_ws/install/tf2_web_republisher/local/lib/python3.10/dist-packages/tf2_web_republisher/_tf2_web_republisher_s.ep.rosidl_typesupport_c.c
[30.303s] -- Installing: /home/hello-robot/ament_ws/install/tf2_web_republisher/local/lib/python3.10/dist-packages/tf2_web_republisher/tf2_web_republisher_s__rosidl_typesupport_fastrtps_c.cpython-310-x86_64-linux-gnu.so
[30.303s] -- Installing: /home/hello-robot/ament_ws/install/tf2_web_republisher/local/lib/python3.10/dist-packages/tf2_web_republisher/tf2_web_republisher_s__rosidl_typesupport_c.cpython-310-x86_64-linux-gnu.so
[30.303s] -- Installing: /home/hello-robot/ament_ws/install/tf2_web_republisher/local/lib/python3.10/dist-packages/tf2_web_republisher/msg
[30.303s] -- Installing: /home/hello-robot/ament_ws/install/tf2_web_republisher/local/lib/python3.10/dist-packages/tf2_web_republisher/msg/__init__.py
[30.303s] -- Installing: /home/hello-robot/ament_ws/install/tf2_web_republisher/local/lib/python3.10/dist-packages/tf2_web_republisher/msg/_tf_array.py
[30.303s] -- Installing: /home/hello-robot/ament_ws/install/tf2_web_republisher/local/lib/python3.10/dist-packages/tf2_web_republisher/msg/_tf_array_s.c
[30.303s] -- Installing: /home/hello-robot/ament_ws/install/tf2_web_republisher/local/lib/python3.10/dist-packages/tf2_web_republisher/__init__.py
[30.303s] -- Installing: /home/hello-robot/ament_ws/install/tf2_web_republisher/local/lib/python3.10/dist-packages/tf2_web_republisher/action
[30.303s] -- Installing: /home/hello-robot/ament_ws/install/tf2_web_republisher/local/lib/python3.10/dist-packages/tf2_web_republisher/action/__init__.py
[30.303s] -- Installing: /home/hello-robot/ament_ws/install/tf2_web_republisher/local/lib/python3.10/dist-packages/tf2_web_republisher/action/_tf_subscription_s.c
[30.304s] -- Installing: /home/hello-robot/ament_ws/install/tf2_web_republisher/local/lib/python3.10/dist-packages/tf2_web_republisher/action/_tf_subscription.py
[30.304s] -- Installing: /home/hello-robot/ament_ws/install/tf2_web_republisher/local/lib/python3.10/dist-packages/tf2_web_republisher/_tf2_web_republisher_s.ep.rosidl_typesupport_introspection_c.c
[30.304s] -- Installing: /home/hello-robot/ament_ws/install/tf2_web_republisher/local/lib/python3.10/dist-packages/tf2_web_republisher/libtf2_web_republisher__rosidl_generator_py.so
[30.304s] -- Installing: /home/hello-robot/ament_ws/install/tf2_web_republisher/local/lib/python3.10/dist-packages/tf2_web_republisher/_tf2_web_republisher_s.ep.rosidl_typesupport_fastrtps_c.c
[30.304s] -- Installing: /home/hello-robot/ament_ws/install/tf2_web_republisher/local/lib/python3.10/dist-packages/tf2_web_republisher/tf2_web_republisher_s__rosidl_typesupport_introspection_c.cpython-310-x86_64-linux-gnu.so
[30.304s] -- Installing: /home/hello-robot/ament_ws/install/tf2_web_republisher/local/lib/python3.10/dist-packages/tf2_web_republisher/srv
[30.304s] -- Installing: /home/hello-robot/ament_ws/install/tf2_web_republisher/local/lib/python3.10/dist-packages/tf2_web_republisher/srv/_republish_t_fs.py
[30.304s] -- Installing: /home/hello-robot/ament_ws/install/tf2_web_republisher/local/lib/python3.10/dist-packages/tf2_web_republisher/srv/_republish_t_fs_s.c
[30.304s] -- Installing: /home/hello-robot/ament_ws/install/tf2_web_republisher/local/lib/python3.10/dist-packages/tf2_web_republisher/srv/__init__.py
[30.304s] Listing '/home/hello-robot/ament_ws/install/tf2_web_republisher/local/lib/python3.10/dist-packages/tf2_web_republisher'...
[30.304s] Compiling '/home/hello-robot/ament_ws/install/tf2_web_republisher/local/lib/python3.10/dist-packages/tf2_web_republisher/__init__.py'...
[30.304s] Listing '/home/hello-robot/ament_ws/install/tf2_web_republisher/local/lib/python3.10/dist-packages/tf2_web_republisher/action'...
[30.305s] Compiling '/home/hello-robot/ament_ws/install/tf2_web_republisher/local/lib/python3.10/dist-packages/tf2_web_republisher/action/__init__.py'...
[30.305s] Compiling '/home/hello-robot/ament_ws/install/tf2_web_republisher/local/lib/python3.10/dist-packages/tf2_web_republisher/action/_tf_subscription.py'...
[30.305s] Listing '/home/hello-robot/ament_ws/install/tf2_web_republisher/local/lib/python3.10/dist-packages/tf2_web_republisher/msg'...
[30.305s] Compiling '/home/hello-robot/ament_ws/install/tf2_web_republisher/local/lib/python3.10/dist-packages/tf2_web_republisher/msg/__init__.py'...
[30.305s] Compiling '/home/hello-robot/ament_ws/install/tf2_web_republisher/local/lib/python3.10/dist-packages/tf2_web_republisher/msg/_tf_array.py'...
[30.305s] Listing '/home/hello-robot/ament_ws/install/tf2_web_republisher/local/lib/python3.10/dist-packages/tf2_web_republisher/srv'...
[30.305s] Compiling '/home/hello-robot/ament_ws/install/tf2_web_republisher/local/lib/python3.10/dist-packages/tf2_web_republisher/srv/__init__.py'...
[30.305s] Compiling '/home/hello-robot/ament_ws/install/tf2_web_republisher/local/lib/python3.10/dist-packages/tf2_web_republisher/srv/_republish_t_fs.py'...
[30.305s] -- Installing: /home/hello-robot/ament_ws/install/tf2_web_republisher/local/lib/python3.10/dist-packages/tf2_web_republisher/tf2_web_republisher_s__rosidl_typesupport_fastrtps_c.cpython-310-x86_64-linux-gnu.so
[30.305s] -- Set runtime path of "/home/hello-robot/ament_ws/install/tf2_web_republisher/local/lib/python3.10/dist-packages/tf2_web_republisher/tf2_web_republisher_s__rosidl_typesupport_fastrtps_c.cpython-310-x86_64-linux-gnu.so" to ""
[30.306s] -- Installing: /home/hello-robot/ament_ws/install/tf2_web_republisher/local/lib/python3.10/dist-packages/tf2_web_republisher/tf2_web_republisher_s__rosidl_typesupport_introspection_c.cpython-310-x86_64-linux-gnu.so
[30.306s] -- Set runtime path of "/home/hello-robot/ament_ws/install/tf2_web_republisher/local/lib/python3.10/dist-packages/tf2_web_republisher/tf2_web_republisher_s__rosidl_typesupport_introspection_c.cpython-310-x86_64-linux-gnu.so" to ""
[30.306s] -- Installing: /home/hello-robot/ament_ws/install/tf2_web_republisher/local/lib/python3.10/dist-packages/tf2_web_republisher/tf2_web_republisher_s__rosidl_typesupport_c.cpython-310-x86_64-linux-gnu.so
[30.306s] -- Set runtime path of "/home/hello-robot/ament_ws/install/tf2_web_republisher/local/lib/python3.10/dist-packages/tf2_web_republisher/tf2_web_republisher_s__rosidl_typesupport_c.cpython-310-x86_64-linux-gnu.so" to ""
[30.306s] -- Installing: /home/hello-robot/ament_ws/install/tf2_web_republisher/lib/libtf2_web_republisher__rosidl_generator_py.so
[30.306s] -- Set runtime path of "/home/hello-robot/ament_ws/install/tf2_web_republisher/lib/libtf2_web_republisher__rosidl_generator_py.so" to ""
[30.306s] -- Installing: /home/hello-robot/ament_ws/install/tf2_web_republisher/share/tf2_web_republisher/msg/TFArray.idl
[30.306s] -- Installing: /home/hello-robot/ament_ws/install/tf2_web_republisher/share/tf2_web_republisher/srv/RepublishTFs.idl
[30.306s] -- Installing: /home/hello-robot/ament_ws/install/tf2_web_republisher/share/tf2_web_republisher/action/TFSubscription.idl
[30.307s] -- Installing: /home/hello-robot/ament_ws/install/tf2_web_republisher/share/tf2_web_republisher/msg/TFArray.msg
[30.307s] -- Installing: /home/hello-robot/ament_ws/install/tf2_web_republisher/share/tf2_web_republisher/srv/RepublishTFs.srv
[30.307s] -- Installing: /home/hello-robot/ament_ws/install/tf2_web_republisher/share/tf2_web_republisher/srv/RepublishTFs_Request.msg
[30.307s] -- Installing: /home/hello-robot/ament_ws/install/tf2_web_republisher/share/tf2_web_republisher/srv/RepublishTFs_Response.msg
[30.307s] -- Installing: /home/hello-robot/ament_ws/install/tf2_web_republisher/share/tf2_web_republisher/action/TFSubscription.action
[30.307s] -- Installing: /home/hello-robot/ament_ws/install/tf2_web_republisher/share/ament_index/resource_index/package_run_dependencies/tf2_web_republisher
[30.307s] -- Installing: /home/hello-robot/ament_ws/install/tf2_web_republisher/share/ament_index/resource_index/parent_prefix_path/tf2_web_republisher
[30.307s] -- Installing: /home/hello-robot/ament_ws/install/tf2_web_republisher/share/tf2_web_republisher/environment/ament_prefix_path.sh
[30.307s] -- Installing: /home/hello-robot/ament_ws/install/tf2_web_republisher/share/tf2_web_republisher/environment/ament_prefix_path.dsv
[30.307s] -- Installing: /home/hello-robot/ament_ws/install/tf2_web_republisher/share/tf2_web_republisher/environment/path.sh
[30.307s] -- Installing: /home/hello-robot/ament_ws/install/tf2_web_republisher/share/tf2_web_republisher/environment/path.dsv
[30.307s] -- Installing: /home/hello-robot/ament_ws/install/tf2_web_republisher/share/tf2_web_republisher/local_setup.bash
[30.307s] -- Installing: /home/hello-robot/ament_ws/install/tf2_web_republisher/share/tf2_web_republisher/local_setup.sh
[30.307s] -- Installing: /home/hello-robot/ament_ws/install/tf2_web_republisher/share/tf2_web_republisher/local_setup.zsh
[30.308s] -- Installing: /home/hello-robot/ament_ws/install/tf2_web_republisher/share/tf2_web_republisher/local_setup.dsv
[30.308s] -- Installing: /home/hello-robot/ament_ws/install/tf2_web_republisher/share/tf2_web_republisher/package.dsv
[30.308s] -- Installing: /home/hello-robot/ament_ws/install/tf2_web_republisher/share/ament_index/resource_index/packages/tf2_web_republisher
[30.308s] -- Installing: /home/hello-robot/ament_ws/install/tf2_web_republisher/share/tf2_web_republisher/cmake/export_tf2_web_republisher__rosidl_generator_cExport.cmake
[30.308s] -- Installing: /home/hello-robot/ament_ws/install/tf2_web_republisher/share/tf2_web_republisher/cmake/export_tf2_web_republisher__rosidl_generator_cExport-release.cmake
[30.308s] -- Installing: /home/hello-robot/ament_ws/install/tf2_web_republisher/share/tf2_web_republisher/cmake/export_tf2_web_republisher__rosidl_typesupport_fastrtps_cExport.cmake
[30.308s] -- Installing: /home/hello-robot/ament_ws/install/tf2_web_republisher/share/tf2_web_republisher/cmake/export_tf2_web_republisher__rosidl_typesupport_fastrtps_cExport-release.cmake
[30.308s] -- Installing: /home/hello-robot/ament_ws/install/tf2_web_republisher/share/tf2_web_republisher/cmake/tf2_web_republisher__rosidl_typesupport_introspection_cExport.cmake
[30.308s] -- Installing: /home/hello-robot/ament_ws/install/tf2_web_republisher/share/tf2_web_republisher/cmake/tf2_web_republisher__rosidl_typesupport_introspection_cExport-release.cmake
[30.308s] -- Installing: /home/hello-robot/ament_ws/install/tf2_web_republisher/share/tf2_web_republisher/cmake/tf2_web_republisher__rosidl_typesupport_cExport.cmake
[30.308s] -- Installing: /home/hello-robot/ament_ws/install/tf2_web_republisher/share/tf2_web_republisher/cmake/tf2_web_republisher__rosidl_typesupport_cExport-release.cmake
[30.309s] -- Installing: /home/hello-robot/ament_ws/install/tf2_web_republisher/share/tf2_web_republisher/cmake/export_tf2_web_republisher__rosidl_generator_cppExport.cmake
[30.309s] -- Installing: /home/hello-robot/ament_ws/install/tf2_web_republisher/share/tf2_web_republisher/cmake/export_tf2_web_republisher__rosidl_typesupport_fastrtps_cppExport.cmake
[30.309s] -- Installing: /home/hello-robot/ament_ws/install/tf2_web_republisher/share/tf2_web_republisher/cmake/export_tf2_web_republisher__rosidl_typesupport_fastrtps_cppExport-release.cmake
[30.309s] -- Installing: /home/hello-robot/ament_ws/install/tf2_web_republisher/share/tf2_web_republisher/cmake/tf2_web_republisher__rosidl_typesupport_introspection_cppExport.cmake
[30.309s] -- Installing: /home/hello-robot/ament_ws/install/tf2_web_republisher/share/tf2_web_republisher/cmake/tf2_web_republisher__rosidl_typesupport_introspection_cppExport-release.cmake
[30.309s] -- Installing: /home/hello-robot/ament_ws/install/tf2_web_republisher/share/tf2_web_republisher/cmake/tf2_web_republisher__rosidl_typesupport_cppExport.cmake
[30.309s] -- Installing: /home/hello-robot/ament_ws/install/tf2_web_republisher/share/tf2_web_republisher/cmake/tf2_web_republisher__rosidl_typesupport_cppExport-release.cmake
[30.309s] -- Installing: /home/hello-robot/ament_ws/install/tf2_web_republisher/share/tf2_web_republisher/cmake/export_tf2_web_republisher__rosidl_generator_pyExport.cmake
[30.309s] -- Installing: /home/hello-robot/ament_ws/install/tf2_web_republisher/share/tf2_web_republisher/cmake/export_tf2_web_republisher__rosidl_generator_pyExport-release.cmake
[30.309s] -- Installing: /home/hello-robot/ament_ws/install/tf2_web_republisher/share/tf2_web_republisher/cmake/rosidl_cmake-extras.cmake
[30.309s] -- Installing: /home/hello-robot/ament_ws/install/tf2_web_republisher/share/tf2_web_republisher/cmake/ament_cmake_export_dependencies-extras.cmake
[30.309s] -- Installing: /home/hello-robot/ament_ws/install/tf2_web_republisher/share/tf2_web_republisher/cmake/ament_cmake_export_include_directories-extras.cmake
[30.309s] -- Installing: /home/hello-robot/ament_ws/install/tf2_web_republisher/share/tf2_web_republisher/cmake/ament_cmake_export_libraries-extras.cmake
[30.310s] -- Installing: /home/hello-robot/ament_ws/install/tf2_web_republisher/share/tf2_web_republisher/cmake/ament_cmake_export_targets-extras.cmake
[30.310s] -- Installing: /home/hello-robot/ament_ws/install/tf2_web_republisher/share/tf2_web_republisher/cmake/rosidl_cmake_export_typesupport_targets-extras.cmake
[30.310s] -- Installing: /home/hello-robot/ament_ws/install/tf2_web_republisher/share/tf2_web_republisher/cmake/rosidl_cmake_export_typesupport_libraries-extras.cmake
[30.310s] -- Installing: /home/hello-robot/ament_ws/install/tf2_web_republisher/share/tf2_web_republisher/cmake/tf2_web_republisherConfig.cmake
[30.310s] -- Installing: /home/hello-robot/ament_ws/install/tf2_web_republisher/share/tf2_web_republisher/cmake/tf2_web_republisherConfig-version.cmake
[30.310s] -- Installing: /home/hello-robot/ament_ws/install/tf2_web_republisher/share/tf2_web_republisher/package.xml
[30.476s] Invoked command in '/home/hello-robot/ament_ws/build/tf2_web_republisher' returned '0': CMAKE_PREFIX_PATH=${CMAKE_PREFIX_PATH}:/home/hello-robot/ament_ws/install/tf2_web_republisher_py:/home/hello-robot/ament_ws/install/stretch_ros_tutorials:/home/hello-robot/ament_ws/install/stretch_funmap:/home/hello-robot/ament_ws/install/stretch_calibration:/home/hello-robot/ament_ws/install/stretch_demos:/home/hello-robot/ament_ws/install/stretch_deep_perception:/home/hello-robot/ament_ws/install/stretch_core:/home/hello-robot/ament_ws/install/respeaker_ros2:/home/hello-robot/ament_ws/install/hello_helpers:/opt/ros/humble /usr/bin/cmake --install /home/hello-robot/ament_ws/build/tf2_web_republisher
