-- The C compiler identification is GNU 11.4.0
-- The CXX compiler identification is GNU 11.4.0
-- Detecting C compiler ABI info
-- Detecting C compiler ABI info - done
-- Check for working C compiler: /usr/bin/cc - skipped
-- Detecting C compile features
-- Detecting C compile features - done
-- Detecting CXX compiler ABI info
-- Detecting CXX compiler ABI info - done
-- Check for working CXX compiler: /usr/bin/c++ - skipped
-- Detecting CXX compile features
-- Detecting CXX compile features - done
-- Found ament_cmake: 1.3.8 (/opt/ros/humble/share/ament_cmake/cmake)
-- Found Python3: /usr/bin/python3 (found version "3.10.12") found components: Interpreter 
-- Configuring done
-- Generating done
-- Build files have been written to: /home/hello-robot/ament_ws/build/audio_common
-- Install configuration: "Release"
-- Installing: /home/hello-robot/ament_ws/install/audio_common/share/ament_index/resource_index/package_run_dependencies/audio_common
-- Installing: /home/hello-robot/ament_ws/install/audio_common/share/ament_index/resource_index/parent_prefix_path/audio_common
-- Installing: /home/hello-robot/ament_ws/install/audio_common/share/audio_common/environment/ament_prefix_path.sh
-- Installing: /home/hello-robot/ament_ws/install/audio_common/share/audio_common/environment/ament_prefix_path.dsv
-- Installing: /home/hello-robot/ament_ws/install/audio_common/share/audio_common/environment/path.sh
-- Installing: /home/hello-robot/ament_ws/install/audio_common/share/audio_common/environment/path.dsv
-- Installing: /home/hello-robot/ament_ws/install/audio_common/share/audio_common/local_setup.bash
-- Installing: /home/hello-robot/ament_ws/install/audio_common/share/audio_common/local_setup.sh
-- Installing: /home/hello-robot/ament_ws/install/audio_common/share/audio_common/local_setup.zsh
-- Installing: /home/hello-robot/ament_ws/install/audio_common/share/audio_common/local_setup.dsv
-- Installing: /home/hello-robot/ament_ws/install/audio_common/share/audio_common/package.dsv
-- Installing: /home/hello-robot/ament_ws/install/audio_common/share/ament_index/resource_index/packages/audio_common
-- Installing: /home/hello-robot/ament_ws/install/audio_common/share/audio_common/cmake/audio_commonConfig.cmake
-- Installing: /home/hello-robot/ament_ws/install/audio_common/share/audio_common/cmake/audio_commonConfig-version.cmake
-- Installing: /home/hello-robot/ament_ws/install/audio_common/share/audio_common/package.xml
