-- Found ament_cmake: 1.3.8 (/opt/ros/humble/share/ament_cmake/cmake)
-- Found rclcpp: 16.0.8 (/opt/ros/humble/share/rclcpp/cmake)
-- Found rosidl_generator_c: 3.1.5 (/opt/ros/humble/share/rosidl_generator_c/cmake)
-- Found rosidl_adapter: 3.1.5 (/opt/ros/humble/share/rosidl_adapter/cmake)
-- Found rosidl_generator_cpp: 3.1.5 (/opt/ros/humble/share/rosidl_generator_cpp/cmake)
-- Using all available rosidl_typesupport_c: rosidl_typesupport_fastrtps_c;rosidl_typesupport_introspection_c
-- Using all available rosidl_typesupport_cpp: rosidl_typesupport_fastrtps_cpp;rosidl_typesupport_introspection_cpp
-- Found rmw_implementation_cmake: 6.1.1 (/opt/ros/humble/share/rmw_implementation_cmake/cmake)
-- Found rmw_fastrtps_cpp: 6.2.6 (/opt/ros/humble/share/rmw_fastrtps_cpp/cmake)
-- Using RMW implementation 'rmw_fastrtps_cpp' as default
-- Found rclcpp_components: 16.0.8 (/opt/ros/humble/share/rclcpp_components/cmake)
-- Found audio_common_msgs: 0.3.12 (/home/hello-robot/ament_ws/install/audio_common_msgs/share/audio_common_msgs/cmake)
-- Configuring done
-- Generating done
-- Build files have been written to: /home/hello-robot/ament_ws/build/audio_capture
Consolidate compiler generated dependencies of target audio_capture_node
Consolidate compiler generated dependencies of target audio_capture
[ 50%] Built target audio_capture_node
[100%] Built target audio_capture
-- Install configuration: "Release"
-- Up-to-date: /home/hello-robot/ament_ws/install/audio_capture/lib/audio_capture/audio_capture_node
-- Up-to-date: /home/hello-robot/ament_ws/install/audio_capture/bin/audio_capture_node
-- Up-to-date: /home/hello-robot/ament_ws/install/audio_capture/lib/libaudio_capture.so
-- Up-to-date: /home/hello-robot/ament_ws/install/audio_capture/share/audio_capture/launch
-- Up-to-date: /home/hello-robot/ament_ws/install/audio_capture/share/audio_capture/launch/capture.launch.xml
-- Up-to-date: /home/hello-robot/ament_ws/install/audio_capture/share/audio_capture/launch/capture_wave.launch.py
-- Up-to-date: /home/hello-robot/ament_ws/install/audio_capture/share/audio_capture/launch/capture.launch.py
-- Up-to-date: /home/hello-robot/ament_ws/install/audio_capture/share/audio_capture/launch/capture_wave.launch.xml
-- Up-to-date: /home/hello-robot/ament_ws/install/audio_capture/share/audio_capture/launch/capture_to_file.launch.py
-- Up-to-date: /home/hello-robot/ament_ws/install/audio_capture/share/audio_capture/launch/capture_to_file.launch.xml
-- Up-to-date: /home/hello-robot/ament_ws/install/audio_capture/share/audio_capture/environment/library_path.sh
-- Installing: /home/hello-robot/ament_ws/install/audio_capture/share/audio_capture/environment/library_path.dsv
-- Up-to-date: /home/hello-robot/ament_ws/install/audio_capture/share/ament_index/resource_index/package_run_dependencies/audio_capture
-- Up-to-date: /home/hello-robot/ament_ws/install/audio_capture/share/ament_index/resource_index/parent_prefix_path/audio_capture
-- Up-to-date: /home/hello-robot/ament_ws/install/audio_capture/share/audio_capture/environment/ament_prefix_path.sh
-- Installing: /home/hello-robot/ament_ws/install/audio_capture/share/audio_capture/environment/ament_prefix_path.dsv
-- Up-to-date: /home/hello-robot/ament_ws/install/audio_capture/share/audio_capture/environment/path.sh
-- Installing: /home/hello-robot/ament_ws/install/audio_capture/share/audio_capture/environment/path.dsv
-- Up-to-date: /home/hello-robot/ament_ws/install/audio_capture/share/audio_capture/local_setup.bash
-- Up-to-date: /home/hello-robot/ament_ws/install/audio_capture/share/audio_capture/local_setup.sh
-- Up-to-date: /home/hello-robot/ament_ws/install/audio_capture/share/audio_capture/local_setup.zsh
-- Installing: /home/hello-robot/ament_ws/install/audio_capture/share/audio_capture/local_setup.dsv
-- Installing: /home/hello-robot/ament_ws/install/audio_capture/share/audio_capture/package.dsv
-- Up-to-date: /home/hello-robot/ament_ws/install/audio_capture/share/ament_index/resource_index/packages/audio_capture
-- Up-to-date: /home/hello-robot/ament_ws/install/audio_capture/share/ament_index/resource_index/rclcpp_components/audio_capture
-- Up-to-date: /home/hello-robot/ament_ws/install/audio_capture/share/audio_capture/cmake/ament_cmake_export_libraries-extras.cmake
-- Up-to-date: /home/hello-robot/ament_ws/install/audio_capture/share/audio_capture/cmake/audio_captureConfig.cmake
-- Up-to-date: /home/hello-robot/ament_ws/install/audio_capture/share/audio_capture/cmake/audio_captureConfig-version.cmake
-- Up-to-date: /home/hello-robot/ament_ws/install/audio_capture/share/audio_capture/package.xml
