/home/hello-robot/.local/lib/python3.10/site-packages/setuptools_scm/_integration/setuptools.py:30: RuntimeWarning: 
ERROR: setuptools==59.6.0 is used in combination with setuptools_scm>=8.x

Your build configuration is incomplete and previously worked by accident!
setuptools_scm requires setuptools>=61

Suggested workaround if applicable:
 - migrating from the deprecated setup_requires mechanism to pep517/518
   and using a pyproject.toml to declare build dependencies
   which are reliably pre-installed before running the build tools

  warnings.warn(
running egg_info
writing ../../../build/hello_helpers/hello_helpers.egg-info/PKG-INFO
writing dependency_links to ../../../build/hello_helpers/hello_helpers.egg-info/dependency_links.txt
writing entry points to ../../../build/hello_helpers/hello_helpers.egg-info/entry_points.txt
writing requirements to ../../../build/hello_helpers/hello_helpers.egg-info/requires.txt
writing top-level names to ../../../build/hello_helpers/hello_helpers.egg-info/top_level.txt
adding license file 'LICENSE.md'
writing manifest file '../../../build/hello_helpers/hello_helpers.egg-info/SOURCES.txt'
running build
running build_py
running install
running install_lib
running install_data
running install_egg_info
removing '/home/hello-robot/ament_ws/install/hello_helpers/lib/python3.10/site-packages/hello_helpers-0.2.0-py3.10.egg-info' (and everything under it)
Copying ../../../build/hello_helpers/hello_helpers.egg-info to /home/hello-robot/ament_ws/install/hello_helpers/lib/python3.10/site-packages/hello_helpers-0.2.0-py3.10.egg-info
running install_scripts
Installing configure_wrist script to /home/hello-robot/ament_ws/install/hello_helpers/lib/hello_helpers
writing list of installed files to '/home/hello-robot/ament_ws/build/hello_helpers/install.log'
