[0.964s] Invoking command in '/home/hello-robot/ament_ws/build/sllidar_ros2': CMAKE_PREFIX_PATH=${CMAKE_PREFIX_PATH}:/home/hello-robot/ament_ws/install/tf2_web_republisher_py:/home/hello-robot/ament_ws/install/stretch_ros_tutorials:/home/hello-robot/ament_ws/install/stretch_funmap:/home/hello-robot/ament_ws/install/stretch_calibration:/home/hello-robot/ament_ws/install/stretch_demos:/home/hello-robot/ament_ws/install/stretch_deep_perception:/home/hello-robot/ament_ws/install/stretch_core:/home/hello-robot/ament_ws/install/respeaker_ros2:/home/hello-robot/ament_ws/install/hello_helpers:/opt/ros/humble /usr/bin/cmake /home/hello-robot/ament_ws/src/sllidar_ros2 -DCMAKE_INSTALL_PREFIX=/home/hello-robot/ament_ws/install/sllidar_ros2
[3.920s] -- Found ament_cmake: 1.3.8 (/opt/ros/humble/share/ament_cmake/cmake)
[3.920s] -- Found rclcpp: 16.0.8 (/opt/ros/humble/share/rclcpp/cmake)
[3.920s] -- Found rosidl_generator_c: 3.1.5 (/opt/ros/humble/share/rosidl_generator_c/cmake)
[3.920s] -- Found rosidl_adapter: 3.1.5 (/opt/ros/humble/share/rosidl_adapter/cmake)
[3.920s] -- Found rosidl_generator_cpp: 3.1.5 (/opt/ros/humble/share/rosidl_generator_cpp/cmake)
[3.920s] -- Using all available rosidl_typesupport_c: rosidl_typesupport_fastrtps_c;rosidl_typesupport_introspection_c
[3.920s] -- Using all available rosidl_typesupport_cpp: rosidl_typesupport_fastrtps_cpp;rosidl_typesupport_introspection_cpp
[3.921s] -- Found rmw_implementation_cmake: 6.1.1 (/opt/ros/humble/share/rmw_implementation_cmake/cmake)
[3.921s] -- Found rmw_fastrtps_cpp: 6.2.6 (/opt/ros/humble/share/rmw_fastrtps_cpp/cmake)
[3.921s] -- Using RMW implementation 'rmw_fastrtps_cpp' as default
[3.921s] -- Found sensor_msgs: 4.2.3 (/opt/ros/humble/share/sensor_msgs/cmake)
[3.921s] -- Found std_srvs: 4.2.3 (/opt/ros/humble/share/std_srvs/cmake)
[3.921s] -- Configuring done
[3.922s] -- Generating done
[3.922s] -- Build files have been written to: /home/hello-robot/ament_ws/build/sllidar_ros2
[3.933s] Invoked command in '/home/hello-robot/ament_ws/build/sllidar_ros2' returned '0': CMAKE_PREFIX_PATH=${CMAKE_PREFIX_PATH}:/home/hello-robot/ament_ws/install/tf2_web_republisher_py:/home/hello-robot/ament_ws/install/stretch_ros_tutorials:/home/hello-robot/ament_ws/install/stretch_funmap:/home/hello-robot/ament_ws/install/stretch_calibration:/home/hello-robot/ament_ws/install/stretch_demos:/home/hello-robot/ament_ws/install/stretch_deep_perception:/home/hello-robot/ament_ws/install/stretch_core:/home/hello-robot/ament_ws/install/respeaker_ros2:/home/hello-robot/ament_ws/install/hello_helpers:/opt/ros/humble /usr/bin/cmake /home/hello-robot/ament_ws/src/sllidar_ros2 -DCMAKE_INSTALL_PREFIX=/home/hello-robot/ament_ws/install/sllidar_ros2
[3.934s] Invoking command in '/home/hello-robot/ament_ws/build/sllidar_ros2': CMAKE_PREFIX_PATH=${CMAKE_PREFIX_PATH}:/home/hello-robot/ament_ws/install/tf2_web_republisher_py:/home/hello-robot/ament_ws/install/stretch_ros_tutorials:/home/hello-robot/ament_ws/install/stretch_funmap:/home/hello-robot/ament_ws/install/stretch_calibration:/home/hello-robot/ament_ws/install/stretch_demos:/home/hello-robot/ament_ws/install/stretch_deep_perception:/home/hello-robot/ament_ws/install/stretch_core:/home/hello-robot/ament_ws/install/respeaker_ros2:/home/hello-robot/ament_ws/install/hello_helpers:/opt/ros/humble /usr/bin/cmake --build /home/hello-robot/ament_ws/build/sllidar_ros2 -- -j16 -l16
[3.993s] Consolidate compiler generated dependencies of target sllidar_client
[3.999s] Consolidate compiler generated dependencies of target sllidar_node
[4.035s] [ 10%] Built target sllidar_client
[4.069s] [100%] Built target sllidar_node
[4.124s] Invoked command in '/home/hello-robot/ament_ws/build/sllidar_ros2' returned '0': CMAKE_PREFIX_PATH=${CMAKE_PREFIX_PATH}:/home/hello-robot/ament_ws/install/tf2_web_republisher_py:/home/hello-robot/ament_ws/install/stretch_ros_tutorials:/home/hello-robot/ament_ws/install/stretch_funmap:/home/hello-robot/ament_ws/install/stretch_calibration:/home/hello-robot/ament_ws/install/stretch_demos:/home/hello-robot/ament_ws/install/stretch_deep_perception:/home/hello-robot/ament_ws/install/stretch_core:/home/hello-robot/ament_ws/install/respeaker_ros2:/home/hello-robot/ament_ws/install/hello_helpers:/opt/ros/humble /usr/bin/cmake --build /home/hello-robot/ament_ws/build/sllidar_ros2 -- -j16 -l16
[4.895s] Invoking command in '/home/hello-robot/ament_ws/build/sllidar_ros2': CMAKE_PREFIX_PATH=${CMAKE_PREFIX_PATH}:/home/hello-robot/ament_ws/install/tf2_web_republisher_py:/home/hello-robot/ament_ws/install/stretch_ros_tutorials:/home/hello-robot/ament_ws/install/stretch_funmap:/home/hello-robot/ament_ws/install/stretch_calibration:/home/hello-robot/ament_ws/install/stretch_demos:/home/hello-robot/ament_ws/install/stretch_deep_perception:/home/hello-robot/ament_ws/install/stretch_core:/home/hello-robot/ament_ws/install/respeaker_ros2:/home/hello-robot/ament_ws/install/hello_helpers:/opt/ros/humble /usr/bin/cmake --install /home/hello-robot/ament_ws/build/sllidar_ros2
[4.911s] -- Install configuration: "Release"
[4.912s] -- Up-to-date: /home/hello-robot/ament_ws/install/sllidar_ros2/share/sllidar_ros2/launch
[4.912s] -- Up-to-date: /home/hello-robot/ament_ws/install/sllidar_ros2/share/sllidar_ros2/launch/sllidar_a2m8_launch.py
[4.912s] -- Up-to-date: /home/hello-robot/ament_ws/install/sllidar_ros2/share/sllidar_ros2/launch/sllidar_s2_launch.py
[4.912s] -- Up-to-date: /home/hello-robot/ament_ws/install/sllidar_ros2/share/sllidar_ros2/launch/sllidar_a3_launch.py
[4.912s] -- Up-to-date: /home/hello-robot/ament_ws/install/sllidar_ros2/share/sllidar_ros2/launch/view_sllidar_s2e_launch.py
[4.913s] -- Up-to-date: /home/hello-robot/ament_ws/install/sllidar_ros2/share/sllidar_ros2/launch/view_sllidar_a2m8_launch.py
[4.913s] -- Up-to-date: /home/hello-robot/ament_ws/install/sllidar_ros2/share/sllidar_ros2/launch/view_sllidar_s2_launch.py
[4.913s] -- Up-to-date: /home/hello-robot/ament_ws/install/sllidar_ros2/share/sllidar_ros2/launch/view_sllidar_a2m12_launch.py
[4.913s] -- Up-to-date: /home/hello-robot/ament_ws/install/sllidar_ros2/share/sllidar_ros2/launch/view_sllidar_a2m7_launch.py
[4.913s] -- Up-to-date: /home/hello-robot/ament_ws/install/sllidar_ros2/share/sllidar_ros2/launch/sllidar_s1_tcp_launch.py
[4.913s] -- Up-to-date: /home/hello-robot/ament_ws/install/sllidar_ros2/share/sllidar_ros2/launch/view_sllidar_a1_launch.py
[4.914s] -- Up-to-date: /home/hello-robot/ament_ws/install/sllidar_ros2/share/sllidar_ros2/launch/sllidar_c1_launch.py
[4.914s] -- Up-to-date: /home/hello-robot/ament_ws/install/sllidar_ros2/share/sllidar_ros2/launch/view_sllidar_s1_tcp_launch.py
[4.914s] -- Up-to-date: /home/hello-robot/ament_ws/install/sllidar_ros2/share/sllidar_ros2/launch/sllidar_s2e_launch.py
[4.914s] -- Up-to-date: /home/hello-robot/ament_ws/install/sllidar_ros2/share/sllidar_ros2/launch/view_sllidar_c1_launch.py
[4.914s] -- Up-to-date: /home/hello-robot/ament_ws/install/sllidar_ros2/share/sllidar_ros2/launch/view_sllidar_t1_launch.py
[4.914s] -- Up-to-date: /home/hello-robot/ament_ws/install/sllidar_ros2/share/sllidar_ros2/launch/sllidar_s3_launch.py
[4.914s] -- Up-to-date: /home/hello-robot/ament_ws/install/sllidar_ros2/share/sllidar_ros2/launch/view_sllidar_s1_launch.py
[4.915s] -- Up-to-date: /home/hello-robot/ament_ws/install/sllidar_ros2/share/sllidar_ros2/launch/view_sllidar_s3_launch.py
[4.915s] -- Up-to-date: /home/hello-robot/ament_ws/install/sllidar_ros2/share/sllidar_ros2/launch/sllidar_s1_launch.py
[4.915s] -- Up-to-date: /home/hello-robot/ament_ws/install/sllidar_ros2/share/sllidar_ros2/launch/sllidar_a2m7_launch.py
[4.915s] -- Up-to-date: /home/hello-robot/ament_ws/install/sllidar_ros2/share/sllidar_ros2/launch/sllidar_a1_launch.py
[4.915s] -- Up-to-date: /home/hello-robot/ament_ws/install/sllidar_ros2/share/sllidar_ros2/launch/view_sllidar_a3_launch.py
[4.915s] -- Up-to-date: /home/hello-robot/ament_ws/install/sllidar_ros2/share/sllidar_ros2/launch/sllidar_a2m12_launch .py
[4.915s] -- Up-to-date: /home/hello-robot/ament_ws/install/sllidar_ros2/share/sllidar_ros2/launch/sllidar_t1_launch.py
[4.915s] -- Up-to-date: /home/hello-robot/ament_ws/install/sllidar_ros2/share/sllidar_ros2/rviz
[4.915s] -- Up-to-date: /home/hello-robot/ament_ws/install/sllidar_ros2/share/sllidar_ros2/rviz/sllidar_ros2.rviz
[4.915s] -- Up-to-date: /home/hello-robot/ament_ws/install/sllidar_ros2/lib/sllidar_ros2/sllidar_node
[4.915s] -- Up-to-date: /home/hello-robot/ament_ws/install/sllidar_ros2/lib/sllidar_ros2/sllidar_client
[4.916s] -- Up-to-date: /home/hello-robot/ament_ws/install/sllidar_ros2/share/ament_index/resource_index/package_run_dependencies/sllidar_ros2
[4.916s] -- Up-to-date: /home/hello-robot/ament_ws/install/sllidar_ros2/share/ament_index/resource_index/parent_prefix_path/sllidar_ros2
[4.916s] -- Up-to-date: /home/hello-robot/ament_ws/install/sllidar_ros2/share/sllidar_ros2/environment/ament_prefix_path.sh
[4.916s] -- Installing: /home/hello-robot/ament_ws/install/sllidar_ros2/share/sllidar_ros2/environment/ament_prefix_path.dsv
[4.916s] -- Up-to-date: /home/hello-robot/ament_ws/install/sllidar_ros2/share/sllidar_ros2/environment/path.sh
[4.916s] -- Installing: /home/hello-robot/ament_ws/install/sllidar_ros2/share/sllidar_ros2/environment/path.dsv
[4.916s] -- Up-to-date: /home/hello-robot/ament_ws/install/sllidar_ros2/share/sllidar_ros2/local_setup.bash
[4.916s] -- Up-to-date: /home/hello-robot/ament_ws/install/sllidar_ros2/share/sllidar_ros2/local_setup.sh
[4.916s] -- Up-to-date: /home/hello-robot/ament_ws/install/sllidar_ros2/share/sllidar_ros2/local_setup.zsh
[4.917s] -- Installing: /home/hello-robot/ament_ws/install/sllidar_ros2/share/sllidar_ros2/local_setup.dsv
[4.919s] -- Installing: /home/hello-robot/ament_ws/install/sllidar_ros2/share/sllidar_ros2/package.dsv
[4.919s] -- Up-to-date: /home/hello-robot/ament_ws/install/sllidar_ros2/share/ament_index/resource_index/packages/sllidar_ros2
[4.920s] -- Up-to-date: /home/hello-robot/ament_ws/install/sllidar_ros2/share/sllidar_ros2/cmake/ament_cmake_export_dependencies-extras.cmake
[4.921s] -- Up-to-date: /home/hello-robot/ament_ws/install/sllidar_ros2/share/sllidar_ros2/cmake/ament_cmake_export_include_directories-extras.cmake
[4.921s] -- Up-to-date: /home/hello-robot/ament_ws/install/sllidar_ros2/share/sllidar_ros2/cmake/sllidar_ros2Config.cmake
[4.922s] -- Up-to-date: /home/hello-robot/ament_ws/install/sllidar_ros2/share/sllidar_ros2/cmake/sllidar_ros2Config-version.cmake
[4.922s] -- Up-to-date: /home/hello-robot/ament_ws/install/sllidar_ros2/share/sllidar_ros2/package.xml
[4.923s] Invoked command in '/home/hello-robot/ament_ws/build/sllidar_ros2' returned '0': CMAKE_PREFIX_PATH=${CMAKE_PREFIX_PATH}:/home/hello-robot/ament_ws/install/tf2_web_republisher_py:/home/hello-robot/ament_ws/install/stretch_ros_tutorials:/home/hello-robot/ament_ws/install/stretch_funmap:/home/hello-robot/ament_ws/install/stretch_calibration:/home/hello-robot/ament_ws/install/stretch_demos:/home/hello-robot/ament_ws/install/stretch_deep_perception:/home/hello-robot/ament_ws/install/stretch_core:/home/hello-robot/ament_ws/install/respeaker_ros2:/home/hello-robot/ament_ws/install/hello_helpers:/opt/ros/humble /usr/bin/cmake --install /home/hello-robot/ament_ws/build/sllidar_ros2
