-- The C compiler identification is GNU 11.4.0
-- The CXX compiler identification is GNU 11.4.0
-- Detecting C compiler ABI info
-- Detecting C compiler ABI info - done
-- Check for working C compiler: /usr/bin/cc - skipped
-- Detecting C compile features
-- Detecting C compile features - done
-- Detecting CXX compiler ABI info
-- Detecting CXX compiler ABI info - done
-- Check for working CXX compiler: /usr/bin/c++ - skipped
-- Detecting CXX compile features
-- Detecting CXX compile features - done
-- Found ament_cmake: 1.3.8 (/opt/ros/humble/share/ament_cmake/cmake)
-- Found Python3: /usr/bin/python3 (found version "3.10.12") found components: Interpreter 
-- Found audio_common_msgs: 0.3.12 (/home/hello-robot/ament_ws/install/audio_common_msgs/share/audio_common_msgs/cmake)
-- Found rosidl_generator_c: 3.1.5 (/opt/ros/humble/share/rosidl_generator_c/cmake)
-- Found rosidl_adapter: 3.1.5 (/opt/ros/humble/share/rosidl_adapter/cmake)
-- Found rosidl_generator_cpp: 3.1.5 (/opt/ros/humble/share/rosidl_generator_cpp/cmake)
-- Using all available rosidl_typesupport_c: rosidl_typesupport_fastrtps_c;rosidl_typesupport_introspection_c
-- Using all available rosidl_typesupport_cpp: rosidl_typesupport_fastrtps_cpp;rosidl_typesupport_introspection_cpp
-- Found action_msgs: 1.2.1 (/opt/ros/humble/share/action_msgs/cmake)
-- Configuring done
-- Generating done
-- Build files have been written to: /home/hello-robot/ament_ws/build/sound_play
Built target ament_cmake_python_copy_sound_play
running egg_info
creating sound_play.egg-info
writing sound_play.egg-info/PKG-INFO
writing dependency_links to sound_play.egg-info/dependency_links.txt
writing top-level names to sound_play.egg-info/top_level.txt
writing manifest file 'sound_play.egg-info/SOURCES.txt'
reading manifest file 'sound_play.egg-info/SOURCES.txt'
writing manifest file 'sound_play.egg-info/SOURCES.txt'
Built target ament_cmake_python_build_sound_play_egg
-- Install configuration: "Release"
-- Installing: /home/hello-robot/ament_ws/install/sound_play/share/sound_play/environment/pythonpath.sh
-- Installing: /home/hello-robot/ament_ws/install/sound_play/share/sound_play/environment/pythonpath.dsv
-- Installing: /home/hello-robot/ament_ws/install/sound_play/local/lib/python3.10/dist-packages/sound_play-0.3.12-py3.10.egg-info
-- Installing: /home/hello-robot/ament_ws/install/sound_play/local/lib/python3.10/dist-packages/sound_play-0.3.12-py3.10.egg-info/PKG-INFO
-- Installing: /home/hello-robot/ament_ws/install/sound_play/local/lib/python3.10/dist-packages/sound_play-0.3.12-py3.10.egg-info/dependency_links.txt
-- Installing: /home/hello-robot/ament_ws/install/sound_play/local/lib/python3.10/dist-packages/sound_play-0.3.12-py3.10.egg-info/SOURCES.txt
-- Installing: /home/hello-robot/ament_ws/install/sound_play/local/lib/python3.10/dist-packages/sound_play-0.3.12-py3.10.egg-info/top_level.txt
-- Installing: /home/hello-robot/ament_ws/install/sound_play/local/lib/python3.10/dist-packages/sound_play
-- Installing: /home/hello-robot/ament_ws/install/sound_play/local/lib/python3.10/dist-packages/sound_play/__init__.py
-- Installing: /home/hello-robot/ament_ws/install/sound_play/local/lib/python3.10/dist-packages/sound_play/libsoundplay.py
Listing '/home/hello-robot/ament_ws/install/sound_play/local/lib/python3.10/dist-packages/sound_play'...
Compiling '/home/hello-robot/ament_ws/install/sound_play/local/lib/python3.10/dist-packages/sound_play/__init__.py'...
Compiling '/home/hello-robot/ament_ws/install/sound_play/local/lib/python3.10/dist-packages/sound_play/libsoundplay.py'...
-- Installing: /home/hello-robot/ament_ws/install/sound_play/lib/sound_play/is_speaking.py
-- Installing: /home/hello-robot/ament_ws/install/sound_play/lib/sound_play/playbuiltin.py
-- Installing: /home/hello-robot/ament_ws/install/sound_play/lib/sound_play/play.py
-- Installing: /home/hello-robot/ament_ws/install/sound_play/lib/sound_play/say.py
-- Installing: /home/hello-robot/ament_ws/install/sound_play/lib/sound_play/shutup.py
-- Installing: /home/hello-robot/ament_ws/install/sound_play/lib/sound_play/soundplay_node.py
-- Installing: /home/hello-robot/ament_ws/install/sound_play/include/sound_play
-- Installing: /home/hello-robot/ament_ws/install/sound_play/include/sound_play/sound_play.h
-- Installing: /home/hello-robot/ament_ws/install/sound_play/share/sound_play/launch
-- Installing: /home/hello-robot/ament_ws/install/sound_play/share/sound_play/launch/soundplay_node.launch.xml
-- Installing: /home/hello-robot/ament_ws/install/sound_play/share/sound_play/sounds
-- Installing: /home/hello-robot/ament_ws/install/sound_play/share/sound_play/sounds/BACKINGUP.ogg
-- Installing: /home/hello-robot/ament_ws/install/sound_play/share/sound_play/sounds/NEEDS_UNPLUGGING.ogg
-- Installing: /home/hello-robot/ament_ws/install/sound_play/share/sound_play/sounds/NEEDS_PLUGGING_BADLY.ogg
-- Installing: /home/hello-robot/ament_ws/install/sound_play/share/sound_play/sounds/NEEDS_UNPLUGGING_BADLY.ogg
-- Installing: /home/hello-robot/ament_ws/install/sound_play/share/sound_play/sounds/NEEDS_PLUGGING.ogg
-- Installing: /home/hello-robot/ament_ws/install/sound_play/share/sound_play/sounds/say-beep.wav
-- Installing: /home/hello-robot/ament_ws/install/sound_play/share/ament_index/resource_index/package_run_dependencies/sound_play
-- Installing: /home/hello-robot/ament_ws/install/sound_play/share/ament_index/resource_index/parent_prefix_path/sound_play
-- Installing: /home/hello-robot/ament_ws/install/sound_play/share/sound_play/environment/ament_prefix_path.sh
-- Installing: /home/hello-robot/ament_ws/install/sound_play/share/sound_play/environment/ament_prefix_path.dsv
-- Installing: /home/hello-robot/ament_ws/install/sound_play/share/sound_play/environment/path.sh
-- Installing: /home/hello-robot/ament_ws/install/sound_play/share/sound_play/environment/path.dsv
-- Installing: /home/hello-robot/ament_ws/install/sound_play/share/sound_play/local_setup.bash
-- Installing: /home/hello-robot/ament_ws/install/sound_play/share/sound_play/local_setup.sh
-- Installing: /home/hello-robot/ament_ws/install/sound_play/share/sound_play/local_setup.zsh
-- Installing: /home/hello-robot/ament_ws/install/sound_play/share/sound_play/local_setup.dsv
-- Installing: /home/hello-robot/ament_ws/install/sound_play/share/sound_play/package.dsv
-- Installing: /home/hello-robot/ament_ws/install/sound_play/share/ament_index/resource_index/packages/sound_play
-- Installing: /home/hello-robot/ament_ws/install/sound_play/share/sound_play/cmake/sound_playConfig.cmake
-- Installing: /home/hello-robot/ament_ws/install/sound_play/share/sound_play/cmake/sound_playConfig-version.cmake
-- Installing: /home/hello-robot/ament_ws/install/sound_play/share/sound_play/package.xml
