[1.268s] Invoking command in '/home/hello-robot/ament_ws/build/sound_play': CMAKE_PREFIX_PATH=/home/hello-robot/ament_ws/install/audio_common_msgs:/home/hello-robot/ament_ws/install/tf2_web_republisher:/home/hello-robot/ament_ws/install/stretch_web_teleop:/home/hello-robot/ament_ws/install/stretch_teleop_interface_msgs:/home/hello-robot/ament_ws/install/stretch_rtabmap:/home/hello-robot/ament_ws/install/stretch_nav2:/home/hello-robot/ament_ws/install/stretch_description:/home/hello-robot/ament_ws/install/speech_recognition_msgs:/home/hello-robot/ament_ws/install/sound_play_msgs:/home/hello-robot/ament_ws/install/audio_common:/home/hello-robot/ament_ws/install/sound_play:/home/hello-robot/ament_ws/install/sllidar_ros2:/home/hello-robot/ament_ws/install/rosbridge_test_msgs:/home/hello-robot/ament_ws/install/rosbridge_suite:/home/hello-robot/ament_ws/install/rosbridge_server:/home/hello-robot/ament_ws/install/rosbridge_msgs:/home/hello-robot/ament_ws/install/rosapi:/home/hello-robot/ament_ws/install/rosbridge_library:/home/hello-robot/ament_ws/install/rosapi_msgs:/home/hello-robot/ament_ws/install/ros2_numpy:/home/hello-robot/ament_ws/install/realsense2_description:/home/hello-robot/ament_ws/install/realsense2_camera:/home/hello-robot/ament_ws/install/realsense2_camera_msgs:/home/hello-robot/ament_ws/install/audio_play:/home/hello-robot/ament_ws/install/audio_capture:/home/hello-robot/ament_ws/install/tf2_web_republisher_py:/home/hello-robot/ament_ws/install/stretch_ros_tutorials:/home/hello-robot/ament_ws/install/stretch_funmap:/home/hello-robot/ament_ws/install/stretch_calibration:/home/hello-robot/ament_ws/install/stretch_demos:/home/hello-robot/ament_ws/install/stretch_deep_perception:/home/hello-robot/ament_ws/install/stretch_core:/home/hello-robot/ament_ws/install/respeaker_ros2:/home/hello-robot/ament_ws/install/hello_helpers:/opt/ros/humble LD_LIBRARY_PATH=/home/hello-robot/ament_ws/install/audio_common_msgs/lib:/home/hello-robot/ament_ws/install/tf2_web_republisher/lib:/home/hello-robot/ament_ws/install/stretch_teleop_interface_msgs/lib:/home/hello-robot/ament_ws/install/speech_recognition_msgs/lib:/home/hello-robot/ament_ws/install/sound_play_msgs/lib:/home/hello-robot/ament_ws/install/rosbridge_test_msgs/lib:/home/hello-robot/ament_ws/install/rosbridge_msgs/lib:/home/hello-robot/ament_ws/install/rosapi_msgs/lib:/home/hello-robot/ament_ws/install/realsense2_camera/lib:/home/hello-robot/ament_ws/install/realsense2_camera_msgs/lib:/home/hello-robot/ament_ws/install/audio_play/lib:/home/hello-robot/ament_ws/install/audio_capture/lib:/usr/lib/x86_64-linux-gnu/gazebo-11/plugins:/opt/ros/humble/opt/rviz_ogre_vendor/lib:/opt/ros/humble/lib/x86_64-linux-gnu:/opt/ros/humble/lib /usr/bin/cmake /home/hello-robot/ament_ws/src/audio_common/sound_play -DCMAKE_BUILD_TYPE=Release -DCMAKE_INSTALL_PREFIX=/home/hello-robot/ament_ws/install/sound_play
[1.772s] -- The C compiler identification is GNU 11.4.0
[2.017s] -- The CXX compiler identification is GNU 11.4.0
[2.017s] -- Detecting C compiler ABI info
[2.219s] -- Detecting C compiler ABI info - done
[2.225s] -- Check for working C compiler: /usr/bin/cc - skipped
[2.230s] -- Detecting C compile features
[2.231s] -- Detecting C compile features - done
[2.238s] -- Detecting CXX compiler ABI info
[2.542s] -- Detecting CXX compiler ABI info - done
[2.554s] -- Check for working CXX compiler: /usr/bin/c++ - skipped
[2.554s] -- Detecting CXX compile features
[2.568s] -- Detecting CXX compile features - done
[2.574s] -- Found ament_cmake: 1.3.8 (/opt/ros/humble/share/ament_cmake/cmake)
[3.201s] -- Found Python3: /usr/bin/python3 (found version "3.10.12") found components: Interpreter 
[3.571s] -- Found audio_common_msgs: 0.3.12 (/home/hello-robot/ament_ws/install/audio_common_msgs/share/audio_common_msgs/cmake)
[3.659s] -- Found rosidl_generator_c: 3.1.5 (/opt/ros/humble/share/rosidl_generator_c/cmake)
[3.672s] -- Found rosidl_adapter: 3.1.5 (/opt/ros/humble/share/rosidl_adapter/cmake)
[3.690s] -- Found rosidl_generator_cpp: 3.1.5 (/opt/ros/humble/share/rosidl_generator_cpp/cmake)
[3.719s] -- Using all available rosidl_typesupport_c: rosidl_typesupport_fastrtps_c;rosidl_typesupport_introspection_c
[3.774s] -- Using all available rosidl_typesupport_cpp: rosidl_typesupport_fastrtps_cpp;rosidl_typesupport_introspection_cpp
[4.000s] -- Found action_msgs: 1.2.1 (/opt/ros/humble/share/action_msgs/cmake)
[4.793s] -- Configuring done
[4.793s] -- Generating done
[4.793s] -- Build files have been written to: /home/hello-robot/ament_ws/build/sound_play
[5.098s] Invoked command in '/home/hello-robot/ament_ws/build/sound_play' returned '0': CMAKE_PREFIX_PATH=/home/hello-robot/ament_ws/install/audio_common_msgs:/home/hello-robot/ament_ws/install/tf2_web_republisher:/home/hello-robot/ament_ws/install/stretch_web_teleop:/home/hello-robot/ament_ws/install/stretch_teleop_interface_msgs:/home/hello-robot/ament_ws/install/stretch_rtabmap:/home/hello-robot/ament_ws/install/stretch_nav2:/home/hello-robot/ament_ws/install/stretch_description:/home/hello-robot/ament_ws/install/speech_recognition_msgs:/home/hello-robot/ament_ws/install/sound_play_msgs:/home/hello-robot/ament_ws/install/audio_common:/home/hello-robot/ament_ws/install/sound_play:/home/hello-robot/ament_ws/install/sllidar_ros2:/home/hello-robot/ament_ws/install/rosbridge_test_msgs:/home/hello-robot/ament_ws/install/rosbridge_suite:/home/hello-robot/ament_ws/install/rosbridge_server:/home/hello-robot/ament_ws/install/rosbridge_msgs:/home/hello-robot/ament_ws/install/rosapi:/home/hello-robot/ament_ws/install/rosbridge_library:/home/hello-robot/ament_ws/install/rosapi_msgs:/home/hello-robot/ament_ws/install/ros2_numpy:/home/hello-robot/ament_ws/install/realsense2_description:/home/hello-robot/ament_ws/install/realsense2_camera:/home/hello-robot/ament_ws/install/realsense2_camera_msgs:/home/hello-robot/ament_ws/install/audio_play:/home/hello-robot/ament_ws/install/audio_capture:/home/hello-robot/ament_ws/install/tf2_web_republisher_py:/home/hello-robot/ament_ws/install/stretch_ros_tutorials:/home/hello-robot/ament_ws/install/stretch_funmap:/home/hello-robot/ament_ws/install/stretch_calibration:/home/hello-robot/ament_ws/install/stretch_demos:/home/hello-robot/ament_ws/install/stretch_deep_perception:/home/hello-robot/ament_ws/install/stretch_core:/home/hello-robot/ament_ws/install/respeaker_ros2:/home/hello-robot/ament_ws/install/hello_helpers:/opt/ros/humble LD_LIBRARY_PATH=/home/hello-robot/ament_ws/install/audio_common_msgs/lib:/home/hello-robot/ament_ws/install/tf2_web_republisher/lib:/home/hello-robot/ament_ws/install/stretch_teleop_interface_msgs/lib:/home/hello-robot/ament_ws/install/speech_recognition_msgs/lib:/home/hello-robot/ament_ws/install/sound_play_msgs/lib:/home/hello-robot/ament_ws/install/rosbridge_test_msgs/lib:/home/hello-robot/ament_ws/install/rosbridge_msgs/lib:/home/hello-robot/ament_ws/install/rosapi_msgs/lib:/home/hello-robot/ament_ws/install/realsense2_camera/lib:/home/hello-robot/ament_ws/install/realsense2_camera_msgs/lib:/home/hello-robot/ament_ws/install/audio_play/lib:/home/hello-robot/ament_ws/install/audio_capture/lib:/usr/lib/x86_64-linux-gnu/gazebo-11/plugins:/opt/ros/humble/opt/rviz_ogre_vendor/lib:/opt/ros/humble/lib/x86_64-linux-gnu:/opt/ros/humble/lib /usr/bin/cmake /home/hello-robot/ament_ws/src/audio_common/sound_play -DCMAKE_BUILD_TYPE=Release -DCMAKE_INSTALL_PREFIX=/home/hello-robot/ament_ws/install/sound_play
[5.099s] Invoking command in '/home/hello-robot/ament_ws/build/sound_play': CMAKE_PREFIX_PATH=/home/hello-robot/ament_ws/install/audio_common_msgs:/home/hello-robot/ament_ws/install/tf2_web_republisher:/home/hello-robot/ament_ws/install/stretch_web_teleop:/home/hello-robot/ament_ws/install/stretch_teleop_interface_msgs:/home/hello-robot/ament_ws/install/stretch_rtabmap:/home/hello-robot/ament_ws/install/stretch_nav2:/home/hello-robot/ament_ws/install/stretch_description:/home/hello-robot/ament_ws/install/speech_recognition_msgs:/home/hello-robot/ament_ws/install/sound_play_msgs:/home/hello-robot/ament_ws/install/audio_common:/home/hello-robot/ament_ws/install/sound_play:/home/hello-robot/ament_ws/install/sllidar_ros2:/home/hello-robot/ament_ws/install/rosbridge_test_msgs:/home/hello-robot/ament_ws/install/rosbridge_suite:/home/hello-robot/ament_ws/install/rosbridge_server:/home/hello-robot/ament_ws/install/rosbridge_msgs:/home/hello-robot/ament_ws/install/rosapi:/home/hello-robot/ament_ws/install/rosbridge_library:/home/hello-robot/ament_ws/install/rosapi_msgs:/home/hello-robot/ament_ws/install/ros2_numpy:/home/hello-robot/ament_ws/install/realsense2_description:/home/hello-robot/ament_ws/install/realsense2_camera:/home/hello-robot/ament_ws/install/realsense2_camera_msgs:/home/hello-robot/ament_ws/install/audio_play:/home/hello-robot/ament_ws/install/audio_capture:/home/hello-robot/ament_ws/install/tf2_web_republisher_py:/home/hello-robot/ament_ws/install/stretch_ros_tutorials:/home/hello-robot/ament_ws/install/stretch_funmap:/home/hello-robot/ament_ws/install/stretch_calibration:/home/hello-robot/ament_ws/install/stretch_demos:/home/hello-robot/ament_ws/install/stretch_deep_perception:/home/hello-robot/ament_ws/install/stretch_core:/home/hello-robot/ament_ws/install/respeaker_ros2:/home/hello-robot/ament_ws/install/hello_helpers:/opt/ros/humble LD_LIBRARY_PATH=/home/hello-robot/ament_ws/install/audio_common_msgs/lib:/home/hello-robot/ament_ws/install/tf2_web_republisher/lib:/home/hello-robot/ament_ws/install/stretch_teleop_interface_msgs/lib:/home/hello-robot/ament_ws/install/speech_recognition_msgs/lib:/home/hello-robot/ament_ws/install/sound_play_msgs/lib:/home/hello-robot/ament_ws/install/rosbridge_test_msgs/lib:/home/hello-robot/ament_ws/install/rosbridge_msgs/lib:/home/hello-robot/ament_ws/install/rosapi_msgs/lib:/home/hello-robot/ament_ws/install/realsense2_camera/lib:/home/hello-robot/ament_ws/install/realsense2_camera_msgs/lib:/home/hello-robot/ament_ws/install/audio_play/lib:/home/hello-robot/ament_ws/install/audio_capture/lib:/usr/lib/x86_64-linux-gnu/gazebo-11/plugins:/opt/ros/humble/opt/rviz_ogre_vendor/lib:/opt/ros/humble/lib/x86_64-linux-gnu:/opt/ros/humble/lib /usr/bin/cmake --build /home/hello-robot/ament_ws/build/sound_play -- -j16 -l16
[5.424s] Built target ament_cmake_python_copy_sound_play
[6.407s] /home/hello-robot/.local/lib/python3.10/site-packages/setuptools_scm/_integration/setuptools.py:30: RuntimeWarning: 
[6.407s] ERROR: setuptools==59.6.0 is used in combination with setuptools_scm>=8.x
[6.407s] 
[6.407s] Your build configuration is incomplete and previously worked by accident!
[6.407s] setuptools_scm requires setuptools>=61
[6.407s] 
[6.408s] Suggested workaround if applicable:
[6.408s]  - migrating from the deprecated setup_requires mechanism to pep517/518
[6.408s]    and using a pyproject.toml to declare build dependencies
[6.408s]    which are reliably pre-installed before running the build tools
[6.408s] 
[6.408s]   warnings.warn(
[6.427s] running egg_info
[6.428s] creating sound_play.egg-info
[6.428s] writing sound_play.egg-info/PKG-INFO
[6.429s] writing dependency_links to sound_play.egg-info/dependency_links.txt
[6.429s] writing top-level names to sound_play.egg-info/top_level.txt
[6.429s] writing manifest file 'sound_play.egg-info/SOURCES.txt'
[6.546s] [03/04/24 08:23:51] ERROR    listing git files failed - pretending     git.py:24
[6.547s]                              there aren't any                                   
[6.785s] reading manifest file 'sound_play.egg-info/SOURCES.txt'
[6.786s] writing manifest file 'sound_play.egg-info/SOURCES.txt'
[6.883s] Built target ament_cmake_python_build_sound_play_egg
[6.897s] Invoked command in '/home/hello-robot/ament_ws/build/sound_play' returned '0': CMAKE_PREFIX_PATH=/home/hello-robot/ament_ws/install/audio_common_msgs:/home/hello-robot/ament_ws/install/tf2_web_republisher:/home/hello-robot/ament_ws/install/stretch_web_teleop:/home/hello-robot/ament_ws/install/stretch_teleop_interface_msgs:/home/hello-robot/ament_ws/install/stretch_rtabmap:/home/hello-robot/ament_ws/install/stretch_nav2:/home/hello-robot/ament_ws/install/stretch_description:/home/hello-robot/ament_ws/install/speech_recognition_msgs:/home/hello-robot/ament_ws/install/sound_play_msgs:/home/hello-robot/ament_ws/install/audio_common:/home/hello-robot/ament_ws/install/sound_play:/home/hello-robot/ament_ws/install/sllidar_ros2:/home/hello-robot/ament_ws/install/rosbridge_test_msgs:/home/hello-robot/ament_ws/install/rosbridge_suite:/home/hello-robot/ament_ws/install/rosbridge_server:/home/hello-robot/ament_ws/install/rosbridge_msgs:/home/hello-robot/ament_ws/install/rosapi:/home/hello-robot/ament_ws/install/rosbridge_library:/home/hello-robot/ament_ws/install/rosapi_msgs:/home/hello-robot/ament_ws/install/ros2_numpy:/home/hello-robot/ament_ws/install/realsense2_description:/home/hello-robot/ament_ws/install/realsense2_camera:/home/hello-robot/ament_ws/install/realsense2_camera_msgs:/home/hello-robot/ament_ws/install/audio_play:/home/hello-robot/ament_ws/install/audio_capture:/home/hello-robot/ament_ws/install/tf2_web_republisher_py:/home/hello-robot/ament_ws/install/stretch_ros_tutorials:/home/hello-robot/ament_ws/install/stretch_funmap:/home/hello-robot/ament_ws/install/stretch_calibration:/home/hello-robot/ament_ws/install/stretch_demos:/home/hello-robot/ament_ws/install/stretch_deep_perception:/home/hello-robot/ament_ws/install/stretch_core:/home/hello-robot/ament_ws/install/respeaker_ros2:/home/hello-robot/ament_ws/install/hello_helpers:/opt/ros/humble LD_LIBRARY_PATH=/home/hello-robot/ament_ws/install/audio_common_msgs/lib:/home/hello-robot/ament_ws/install/tf2_web_republisher/lib:/home/hello-robot/ament_ws/install/stretch_teleop_interface_msgs/lib:/home/hello-robot/ament_ws/install/speech_recognition_msgs/lib:/home/hello-robot/ament_ws/install/sound_play_msgs/lib:/home/hello-robot/ament_ws/install/rosbridge_test_msgs/lib:/home/hello-robot/ament_ws/install/rosbridge_msgs/lib:/home/hello-robot/ament_ws/install/rosapi_msgs/lib:/home/hello-robot/ament_ws/install/realsense2_camera/lib:/home/hello-robot/ament_ws/install/realsense2_camera_msgs/lib:/home/hello-robot/ament_ws/install/audio_play/lib:/home/hello-robot/ament_ws/install/audio_capture/lib:/usr/lib/x86_64-linux-gnu/gazebo-11/plugins:/opt/ros/humble/opt/rviz_ogre_vendor/lib:/opt/ros/humble/lib/x86_64-linux-gnu:/opt/ros/humble/lib /usr/bin/cmake --build /home/hello-robot/ament_ws/build/sound_play -- -j16 -l16
[6.939s] Invoking command in '/home/hello-robot/ament_ws/build/sound_play': CMAKE_PREFIX_PATH=/home/hello-robot/ament_ws/install/audio_common_msgs:/home/hello-robot/ament_ws/install/tf2_web_republisher:/home/hello-robot/ament_ws/install/stretch_web_teleop:/home/hello-robot/ament_ws/install/stretch_teleop_interface_msgs:/home/hello-robot/ament_ws/install/stretch_rtabmap:/home/hello-robot/ament_ws/install/stretch_nav2:/home/hello-robot/ament_ws/install/stretch_description:/home/hello-robot/ament_ws/install/speech_recognition_msgs:/home/hello-robot/ament_ws/install/sound_play_msgs:/home/hello-robot/ament_ws/install/audio_common:/home/hello-robot/ament_ws/install/sound_play:/home/hello-robot/ament_ws/install/sllidar_ros2:/home/hello-robot/ament_ws/install/rosbridge_test_msgs:/home/hello-robot/ament_ws/install/rosbridge_suite:/home/hello-robot/ament_ws/install/rosbridge_server:/home/hello-robot/ament_ws/install/rosbridge_msgs:/home/hello-robot/ament_ws/install/rosapi:/home/hello-robot/ament_ws/install/rosbridge_library:/home/hello-robot/ament_ws/install/rosapi_msgs:/home/hello-robot/ament_ws/install/ros2_numpy:/home/hello-robot/ament_ws/install/realsense2_description:/home/hello-robot/ament_ws/install/realsense2_camera:/home/hello-robot/ament_ws/install/realsense2_camera_msgs:/home/hello-robot/ament_ws/install/audio_play:/home/hello-robot/ament_ws/install/audio_capture:/home/hello-robot/ament_ws/install/tf2_web_republisher_py:/home/hello-robot/ament_ws/install/stretch_ros_tutorials:/home/hello-robot/ament_ws/install/stretch_funmap:/home/hello-robot/ament_ws/install/stretch_calibration:/home/hello-robot/ament_ws/install/stretch_demos:/home/hello-robot/ament_ws/install/stretch_deep_perception:/home/hello-robot/ament_ws/install/stretch_core:/home/hello-robot/ament_ws/install/respeaker_ros2:/home/hello-robot/ament_ws/install/hello_helpers:/opt/ros/humble LD_LIBRARY_PATH=/home/hello-robot/ament_ws/install/audio_common_msgs/lib:/home/hello-robot/ament_ws/install/tf2_web_republisher/lib:/home/hello-robot/ament_ws/install/stretch_teleop_interface_msgs/lib:/home/hello-robot/ament_ws/install/speech_recognition_msgs/lib:/home/hello-robot/ament_ws/install/sound_play_msgs/lib:/home/hello-robot/ament_ws/install/rosbridge_test_msgs/lib:/home/hello-robot/ament_ws/install/rosbridge_msgs/lib:/home/hello-robot/ament_ws/install/rosapi_msgs/lib:/home/hello-robot/ament_ws/install/realsense2_camera/lib:/home/hello-robot/ament_ws/install/realsense2_camera_msgs/lib:/home/hello-robot/ament_ws/install/audio_play/lib:/home/hello-robot/ament_ws/install/audio_capture/lib:/usr/lib/x86_64-linux-gnu/gazebo-11/plugins:/opt/ros/humble/opt/rviz_ogre_vendor/lib:/opt/ros/humble/lib/x86_64-linux-gnu:/opt/ros/humble/lib /usr/bin/cmake --install /home/hello-robot/ament_ws/build/sound_play
[6.951s] -- Install configuration: "Release"
[6.952s] -- Installing: /home/hello-robot/ament_ws/install/sound_play/share/sound_play/environment/pythonpath.sh
[6.952s] -- Installing: /home/hello-robot/ament_ws/install/sound_play/share/sound_play/environment/pythonpath.dsv
[6.952s] -- Installing: /home/hello-robot/ament_ws/install/sound_play/local/lib/python3.10/dist-packages/sound_play-0.3.12-py3.10.egg-info
[6.952s] -- Installing: /home/hello-robot/ament_ws/install/sound_play/local/lib/python3.10/dist-packages/sound_play-0.3.12-py3.10.egg-info/PKG-INFO
[6.952s] -- Installing: /home/hello-robot/ament_ws/install/sound_play/local/lib/python3.10/dist-packages/sound_play-0.3.12-py3.10.egg-info/dependency_links.txt
[6.952s] -- Installing: /home/hello-robot/ament_ws/install/sound_play/local/lib/python3.10/dist-packages/sound_play-0.3.12-py3.10.egg-info/SOURCES.txt
[6.952s] -- Installing: /home/hello-robot/ament_ws/install/sound_play/local/lib/python3.10/dist-packages/sound_play-0.3.12-py3.10.egg-info/top_level.txt
[6.953s] -- Installing: /home/hello-robot/ament_ws/install/sound_play/local/lib/python3.10/dist-packages/sound_play
[6.953s] -- Installing: /home/hello-robot/ament_ws/install/sound_play/local/lib/python3.10/dist-packages/sound_play/__init__.py
[6.953s] -- Installing: /home/hello-robot/ament_ws/install/sound_play/local/lib/python3.10/dist-packages/sound_play/libsoundplay.py
[7.079s] Listing '/home/hello-robot/ament_ws/install/sound_play/local/lib/python3.10/dist-packages/sound_play'...
[7.080s] Compiling '/home/hello-robot/ament_ws/install/sound_play/local/lib/python3.10/dist-packages/sound_play/__init__.py'...
[7.080s] Compiling '/home/hello-robot/ament_ws/install/sound_play/local/lib/python3.10/dist-packages/sound_play/libsoundplay.py'...
[7.080s] -- Installing: /home/hello-robot/ament_ws/install/sound_play/lib/sound_play/is_speaking.py
[7.080s] -- Installing: /home/hello-robot/ament_ws/install/sound_play/lib/sound_play/playbuiltin.py
[7.080s] -- Installing: /home/hello-robot/ament_ws/install/sound_play/lib/sound_play/play.py
[7.080s] -- Installing: /home/hello-robot/ament_ws/install/sound_play/lib/sound_play/say.py
[7.080s] -- Installing: /home/hello-robot/ament_ws/install/sound_play/lib/sound_play/shutup.py
[7.080s] -- Installing: /home/hello-robot/ament_ws/install/sound_play/lib/sound_play/soundplay_node.py
[7.080s] -- Installing: /home/hello-robot/ament_ws/install/sound_play/include/sound_play
[7.080s] -- Installing: /home/hello-robot/ament_ws/install/sound_play/include/sound_play/sound_play.h
[7.080s] -- Installing: /home/hello-robot/ament_ws/install/sound_play/share/sound_play/launch
[7.080s] -- Installing: /home/hello-robot/ament_ws/install/sound_play/share/sound_play/launch/soundplay_node.launch.xml
[7.080s] -- Installing: /home/hello-robot/ament_ws/install/sound_play/share/sound_play/sounds
[7.081s] -- Installing: /home/hello-robot/ament_ws/install/sound_play/share/sound_play/sounds/BACKINGUP.ogg
[7.081s] -- Installing: /home/hello-robot/ament_ws/install/sound_play/share/sound_play/sounds/NEEDS_UNPLUGGING.ogg
[7.081s] -- Installing: /home/hello-robot/ament_ws/install/sound_play/share/sound_play/sounds/NEEDS_PLUGGING_BADLY.ogg
[7.081s] -- Installing: /home/hello-robot/ament_ws/install/sound_play/share/sound_play/sounds/NEEDS_UNPLUGGING_BADLY.ogg
[7.081s] -- Installing: /home/hello-robot/ament_ws/install/sound_play/share/sound_play/sounds/NEEDS_PLUGGING.ogg
[7.082s] -- Installing: /home/hello-robot/ament_ws/install/sound_play/share/sound_play/sounds/say-beep.wav
[7.082s] -- Installing: /home/hello-robot/ament_ws/install/sound_play/share/ament_index/resource_index/package_run_dependencies/sound_play
[7.082s] -- Installing: /home/hello-robot/ament_ws/install/sound_play/share/ament_index/resource_index/parent_prefix_path/sound_play
[7.082s] -- Installing: /home/hello-robot/ament_ws/install/sound_play/share/sound_play/environment/ament_prefix_path.sh
[7.082s] -- Installing: /home/hello-robot/ament_ws/install/sound_play/share/sound_play/environment/ament_prefix_path.dsv
[7.082s] -- Installing: /home/hello-robot/ament_ws/install/sound_play/share/sound_play/environment/path.sh
[7.082s] -- Installing: /home/hello-robot/ament_ws/install/sound_play/share/sound_play/environment/path.dsv
[7.082s] -- Installing: /home/hello-robot/ament_ws/install/sound_play/share/sound_play/local_setup.bash
[7.082s] -- Installing: /home/hello-robot/ament_ws/install/sound_play/share/sound_play/local_setup.sh
[7.082s] -- Installing: /home/hello-robot/ament_ws/install/sound_play/share/sound_play/local_setup.zsh
[7.082s] -- Installing: /home/hello-robot/ament_ws/install/sound_play/share/sound_play/local_setup.dsv
[7.082s] -- Installing: /home/hello-robot/ament_ws/install/sound_play/share/sound_play/package.dsv
[7.082s] -- Installing: /home/hello-robot/ament_ws/install/sound_play/share/ament_index/resource_index/packages/sound_play
[7.082s] -- Installing: /home/hello-robot/ament_ws/install/sound_play/share/sound_play/cmake/sound_playConfig.cmake
[7.082s] -- Installing: /home/hello-robot/ament_ws/install/sound_play/share/sound_play/cmake/sound_playConfig-version.cmake
[7.083s] -- Installing: /home/hello-robot/ament_ws/install/sound_play/share/sound_play/package.xml
[7.083s] Invoked command in '/home/hello-robot/ament_ws/build/sound_play' returned '0': CMAKE_PREFIX_PATH=/home/hello-robot/ament_ws/install/audio_common_msgs:/home/hello-robot/ament_ws/install/tf2_web_republisher:/home/hello-robot/ament_ws/install/stretch_web_teleop:/home/hello-robot/ament_ws/install/stretch_teleop_interface_msgs:/home/hello-robot/ament_ws/install/stretch_rtabmap:/home/hello-robot/ament_ws/install/stretch_nav2:/home/hello-robot/ament_ws/install/stretch_description:/home/hello-robot/ament_ws/install/speech_recognition_msgs:/home/hello-robot/ament_ws/install/sound_play_msgs:/home/hello-robot/ament_ws/install/audio_common:/home/hello-robot/ament_ws/install/sound_play:/home/hello-robot/ament_ws/install/sllidar_ros2:/home/hello-robot/ament_ws/install/rosbridge_test_msgs:/home/hello-robot/ament_ws/install/rosbridge_suite:/home/hello-robot/ament_ws/install/rosbridge_server:/home/hello-robot/ament_ws/install/rosbridge_msgs:/home/hello-robot/ament_ws/install/rosapi:/home/hello-robot/ament_ws/install/rosbridge_library:/home/hello-robot/ament_ws/install/rosapi_msgs:/home/hello-robot/ament_ws/install/ros2_numpy:/home/hello-robot/ament_ws/install/realsense2_description:/home/hello-robot/ament_ws/install/realsense2_camera:/home/hello-robot/ament_ws/install/realsense2_camera_msgs:/home/hello-robot/ament_ws/install/audio_play:/home/hello-robot/ament_ws/install/audio_capture:/home/hello-robot/ament_ws/install/tf2_web_republisher_py:/home/hello-robot/ament_ws/install/stretch_ros_tutorials:/home/hello-robot/ament_ws/install/stretch_funmap:/home/hello-robot/ament_ws/install/stretch_calibration:/home/hello-robot/ament_ws/install/stretch_demos:/home/hello-robot/ament_ws/install/stretch_deep_perception:/home/hello-robot/ament_ws/install/stretch_core:/home/hello-robot/ament_ws/install/respeaker_ros2:/home/hello-robot/ament_ws/install/hello_helpers:/opt/ros/humble LD_LIBRARY_PATH=/home/hello-robot/ament_ws/install/audio_common_msgs/lib:/home/hello-robot/ament_ws/install/tf2_web_republisher/lib:/home/hello-robot/ament_ws/install/stretch_teleop_interface_msgs/lib:/home/hello-robot/ament_ws/install/speech_recognition_msgs/lib:/home/hello-robot/ament_ws/install/sound_play_msgs/lib:/home/hello-robot/ament_ws/install/rosbridge_test_msgs/lib:/home/hello-robot/ament_ws/install/rosbridge_msgs/lib:/home/hello-robot/ament_ws/install/rosapi_msgs/lib:/home/hello-robot/ament_ws/install/realsense2_camera/lib:/home/hello-robot/ament_ws/install/realsense2_camera_msgs/lib:/home/hello-robot/ament_ws/install/audio_play/lib:/home/hello-robot/ament_ws/install/audio_capture/lib:/usr/lib/x86_64-linux-gnu/gazebo-11/plugins:/opt/ros/humble/opt/rviz_ogre_vendor/lib:/opt/ros/humble/lib/x86_64-linux-gnu:/opt/ros/humble/lib /usr/bin/cmake --install /home/hello-robot/ament_ws/build/sound_play
