-- Found ament_cmake: 1.3.8 (/opt/ros/humble/share/ament_cmake/cmake)
-- Found rosidl_default_generators: 1.2.0 (/opt/ros/humble/share/rosidl_default_generators/cmake)
-- Using all available rosidl_typesupport_c: rosidl_typesupport_fastrtps_c;rosidl_typesupport_introspection_c
-- Found rosidl_adapter: 3.1.5 (/opt/ros/humble/share/rosidl_adapter/cmake)
-- Using all available rosidl_typesupport_cpp: rosidl_typesupport_fastrtps_cpp;rosidl_typesupport_introspection_cpp
-- Found std_msgs: 4.2.3 (/opt/ros/humble/share/std_msgs/cmake)
-- Found ament_cmake_ros: 0.10.0 (/opt/ros/humble/share/ament_cmake_ros/cmake)
-- Using all available rosidl_typesupport_c: rosidl_typesupport_fastrtps_c;rosidl_typesupport_introspection_c
-- Using all available rosidl_typesupport_cpp: rosidl_typesupport_fastrtps_cpp;rosidl_typesupport_introspection_cpp
-- Found python_cmake_module: 0.10.0 (/opt/ros/humble/share/python_cmake_module/cmake)
-- Using PYTHON_EXECUTABLE: /usr/bin/python3
-- Using PYTHON_INCLUDE_DIRS: /usr/include/python3.10
-- Using PYTHON_LIBRARIES: /usr/lib/x86_64-linux-gnu/libpython3.10.so
-- Configuring done
-- Generating done
-- Build files have been written to: /home/hello-robot/ament_ws/build/audio_common_msgs
Consolidate compiler generated dependencies of target audio_common_msgs__rosidl_generator_c
[  2%] Built target audio_common_msgs__cpp
[  2%] Built target ament_cmake_python_copy_audio_common_msgs
[ 12%] Built target audio_common_msgs__rosidl_generator_c
Consolidate compiler generated dependencies of target audio_common_msgs__rosidl_typesupport_fastrtps_cpp
Consolidate compiler generated dependencies of target audio_common_msgs__rosidl_typesupport_cpp
Consolidate compiler generated dependencies of target audio_common_msgs__rosidl_typesupport_introspection_cpp
Consolidate compiler generated dependencies of target audio_common_msgs__rosidl_typesupport_fastrtps_c
Consolidate compiler generated dependencies of target audio_common_msgs__rosidl_typesupport_introspection_c
Consolidate compiler generated dependencies of target audio_common_msgs__rosidl_typesupport_c
[ 23%] Built target audio_common_msgs__rosidl_typesupport_cpp
[ 38%] Built target audio_common_msgs__rosidl_typesupport_fastrtps_cpp
[ 44%] Built target audio_common_msgs__rosidl_typesupport_introspection_c
[ 55%] Built target audio_common_msgs__rosidl_typesupport_introspection_cpp
[ 65%] Built target audio_common_msgs__rosidl_typesupport_fastrtps_c
[ 76%] Built target audio_common_msgs__rosidl_typesupport_c
[ 76%] Built target audio_common_msgs
[ 78%] Built target audio_common_msgs__py
Consolidate compiler generated dependencies of target audio_common_msgs__rosidl_generator_py
[ 87%] Built target audio_common_msgs__rosidl_generator_py
Consolidate compiler generated dependencies of target audio_common_msgs__rosidl_typesupport_c__pyext
Consolidate compiler generated dependencies of target audio_common_msgs__rosidl_typesupport_fastrtps_c__pyext
Consolidate compiler generated dependencies of target audio_common_msgs__rosidl_typesupport_introspection_c__pyext
[ 91%] Built target audio_common_msgs__rosidl_typesupport_c__pyext
[ 95%] Built target audio_common_msgs__rosidl_typesupport_introspection_c__pyext
[100%] Built target audio_common_msgs__rosidl_typesupport_fastrtps_c__pyext
/home/hello-robot/.local/lib/python3.10/site-packages/setuptools_scm/_integration/setuptools.py:30: RuntimeWarning: 
ERROR: setuptools==59.6.0 is used in combination with setuptools_scm>=8.x

Your build configuration is incomplete and previously worked by accident!
setuptools_scm requires setuptools>=61

Suggested workaround if applicable:
 - migrating from the deprecated setup_requires mechanism to pep517/518
   and using a pyproject.toml to declare build dependencies
   which are reliably pre-installed before running the build tools

  warnings.warn(
running egg_info
writing audio_common_msgs.egg-info/PKG-INFO
writing dependency_links to audio_common_msgs.egg-info/dependency_links.txt
writing top-level names to audio_common_msgs.egg-info/top_level.txt
[03/04/24 08:24:37] ERROR    listing git files failed - pretending     git.py:24
                             there aren't any                                   
reading manifest file 'audio_common_msgs.egg-info/SOURCES.txt'
writing manifest file 'audio_common_msgs.egg-info/SOURCES.txt'
[100%] Built target ament_cmake_python_build_audio_common_msgs_egg
-- Install configuration: "Release"
-- Up-to-date: /home/hello-robot/ament_ws/install/audio_common_msgs/share/ament_index/resource_index/rosidl_interfaces/audio_common_msgs
-- Up-to-date: /home/hello-robot/ament_ws/install/audio_common_msgs/include/audio_common_msgs/audio_common_msgs
-- Up-to-date: /home/hello-robot/ament_ws/install/audio_common_msgs/include/audio_common_msgs/audio_common_msgs/msg
-- Up-to-date: /home/hello-robot/ament_ws/install/audio_common_msgs/include/audio_common_msgs/audio_common_msgs/msg/rosidl_generator_c__visibility_control.h
-- Up-to-date: /home/hello-robot/ament_ws/install/audio_common_msgs/include/audio_common_msgs/audio_common_msgs/msg/audio_data.h
-- Up-to-date: /home/hello-robot/ament_ws/install/audio_common_msgs/include/audio_common_msgs/audio_common_msgs/msg/audio_data_stamped.h
-- Up-to-date: /home/hello-robot/ament_ws/install/audio_common_msgs/include/audio_common_msgs/audio_common_msgs/msg/audio_info.h
-- Up-to-date: /home/hello-robot/ament_ws/install/audio_common_msgs/include/audio_common_msgs/audio_common_msgs/msg/detail
-- Up-to-date: /home/hello-robot/ament_ws/install/audio_common_msgs/include/audio_common_msgs/audio_common_msgs/msg/detail/audio_data__type_support.h
-- Up-to-date: /home/hello-robot/ament_ws/install/audio_common_msgs/include/audio_common_msgs/audio_common_msgs/msg/detail/audio_info__struct.h
-- Up-to-date: /home/hello-robot/ament_ws/install/audio_common_msgs/include/audio_common_msgs/audio_common_msgs/msg/detail/audio_info__type_support.h
-- Up-to-date: /home/hello-robot/ament_ws/install/audio_common_msgs/include/audio_common_msgs/audio_common_msgs/msg/detail/audio_info__functions.h
-- Up-to-date: /home/hello-robot/ament_ws/install/audio_common_msgs/include/audio_common_msgs/audio_common_msgs/msg/detail/audio_data_stamped__functions.h
-- Up-to-date: /home/hello-robot/ament_ws/install/audio_common_msgs/include/audio_common_msgs/audio_common_msgs/msg/detail/audio_data_stamped__functions.c
-- Up-to-date: /home/hello-robot/ament_ws/install/audio_common_msgs/include/audio_common_msgs/audio_common_msgs/msg/detail/audio_data_stamped__type_support.h
-- Up-to-date: /home/hello-robot/ament_ws/install/audio_common_msgs/include/audio_common_msgs/audio_common_msgs/msg/detail/audio_data__functions.h
-- Up-to-date: /home/hello-robot/ament_ws/install/audio_common_msgs/include/audio_common_msgs/audio_common_msgs/msg/detail/audio_data_stamped__struct.h
-- Up-to-date: /home/hello-robot/ament_ws/install/audio_common_msgs/include/audio_common_msgs/audio_common_msgs/msg/detail/audio_data__struct.h
-- Up-to-date: /home/hello-robot/ament_ws/install/audio_common_msgs/include/audio_common_msgs/audio_common_msgs/msg/detail/audio_data__functions.c
-- Up-to-date: /home/hello-robot/ament_ws/install/audio_common_msgs/include/audio_common_msgs/audio_common_msgs/msg/detail/audio_info__functions.c
-- Up-to-date: /home/hello-robot/ament_ws/install/audio_common_msgs/share/audio_common_msgs/environment/library_path.sh
-- Installing: /home/hello-robot/ament_ws/install/audio_common_msgs/share/audio_common_msgs/environment/library_path.dsv
-- Up-to-date: /home/hello-robot/ament_ws/install/audio_common_msgs/lib/libaudio_common_msgs__rosidl_generator_c.so
-- Up-to-date: /home/hello-robot/ament_ws/install/audio_common_msgs/include/audio_common_msgs/audio_common_msgs
-- Up-to-date: /home/hello-robot/ament_ws/install/audio_common_msgs/include/audio_common_msgs/audio_common_msgs/msg
-- Up-to-date: /home/hello-robot/ament_ws/install/audio_common_msgs/include/audio_common_msgs/audio_common_msgs/msg/rosidl_typesupport_fastrtps_c__visibility_control.h
-- Up-to-date: /home/hello-robot/ament_ws/install/audio_common_msgs/include/audio_common_msgs/audio_common_msgs/msg/detail
-- Up-to-date: /home/hello-robot/ament_ws/install/audio_common_msgs/include/audio_common_msgs/audio_common_msgs/msg/detail/audio_info__rosidl_typesupport_fastrtps_c.h
-- Up-to-date: /home/hello-robot/ament_ws/install/audio_common_msgs/include/audio_common_msgs/audio_common_msgs/msg/detail/audio_data_stamped__rosidl_typesupport_fastrtps_c.h
-- Up-to-date: /home/hello-robot/ament_ws/install/audio_common_msgs/include/audio_common_msgs/audio_common_msgs/msg/detail/audio_data__rosidl_typesupport_fastrtps_c.h
-- Up-to-date: /home/hello-robot/ament_ws/install/audio_common_msgs/lib/libaudio_common_msgs__rosidl_typesupport_fastrtps_c.so
-- Up-to-date: /home/hello-robot/ament_ws/install/audio_common_msgs/include/audio_common_msgs/audio_common_msgs
-- Up-to-date: /home/hello-robot/ament_ws/install/audio_common_msgs/include/audio_common_msgs/audio_common_msgs/msg
-- Up-to-date: /home/hello-robot/ament_ws/install/audio_common_msgs/include/audio_common_msgs/audio_common_msgs/msg/rosidl_typesupport_introspection_c__visibility_control.h
-- Up-to-date: /home/hello-robot/ament_ws/install/audio_common_msgs/include/audio_common_msgs/audio_common_msgs/msg/detail
-- Up-to-date: /home/hello-robot/ament_ws/install/audio_common_msgs/include/audio_common_msgs/audio_common_msgs/msg/detail/audio_data_stamped__rosidl_typesupport_introspection_c.h
-- Up-to-date: /home/hello-robot/ament_ws/install/audio_common_msgs/include/audio_common_msgs/audio_common_msgs/msg/detail/audio_data__type_support.c
-- Up-to-date: /home/hello-robot/ament_ws/install/audio_common_msgs/include/audio_common_msgs/audio_common_msgs/msg/detail/audio_data_stamped__type_support.c
-- Up-to-date: /home/hello-robot/ament_ws/install/audio_common_msgs/include/audio_common_msgs/audio_common_msgs/msg/detail/audio_info__rosidl_typesupport_introspection_c.h
-- Up-to-date: /home/hello-robot/ament_ws/install/audio_common_msgs/include/audio_common_msgs/audio_common_msgs/msg/detail/audio_data__rosidl_typesupport_introspection_c.h
-- Up-to-date: /home/hello-robot/ament_ws/install/audio_common_msgs/include/audio_common_msgs/audio_common_msgs/msg/detail/audio_info__type_support.c
-- Up-to-date: /home/hello-robot/ament_ws/install/audio_common_msgs/lib/libaudio_common_msgs__rosidl_typesupport_introspection_c.so
-- Up-to-date: /home/hello-robot/ament_ws/install/audio_common_msgs/lib/libaudio_common_msgs__rosidl_typesupport_c.so
-- Up-to-date: /home/hello-robot/ament_ws/install/audio_common_msgs/include/audio_common_msgs/audio_common_msgs
-- Up-to-date: /home/hello-robot/ament_ws/install/audio_common_msgs/include/audio_common_msgs/audio_common_msgs/msg
-- Up-to-date: /home/hello-robot/ament_ws/install/audio_common_msgs/include/audio_common_msgs/audio_common_msgs/msg/audio_info.hpp
-- Up-to-date: /home/hello-robot/ament_ws/install/audio_common_msgs/include/audio_common_msgs/audio_common_msgs/msg/audio_data_stamped.hpp
-- Up-to-date: /home/hello-robot/ament_ws/install/audio_common_msgs/include/audio_common_msgs/audio_common_msgs/msg/audio_data.hpp
-- Up-to-date: /home/hello-robot/ament_ws/install/audio_common_msgs/include/audio_common_msgs/audio_common_msgs/msg/detail
-- Up-to-date: /home/hello-robot/ament_ws/install/audio_common_msgs/include/audio_common_msgs/audio_common_msgs/msg/detail/audio_data_stamped__traits.hpp
-- Up-to-date: /home/hello-robot/ament_ws/install/audio_common_msgs/include/audio_common_msgs/audio_common_msgs/msg/detail/audio_data_stamped__struct.hpp
-- Up-to-date: /home/hello-robot/ament_ws/install/audio_common_msgs/include/audio_common_msgs/audio_common_msgs/msg/detail/audio_data__struct.hpp
-- Up-to-date: /home/hello-robot/ament_ws/install/audio_common_msgs/include/audio_common_msgs/audio_common_msgs/msg/detail/audio_data_stamped__builder.hpp
-- Up-to-date: /home/hello-robot/ament_ws/install/audio_common_msgs/include/audio_common_msgs/audio_common_msgs/msg/detail/audio_info__struct.hpp
-- Up-to-date: /home/hello-robot/ament_ws/install/audio_common_msgs/include/audio_common_msgs/audio_common_msgs/msg/detail/audio_data__builder.hpp
-- Up-to-date: /home/hello-robot/ament_ws/install/audio_common_msgs/include/audio_common_msgs/audio_common_msgs/msg/detail/audio_info__traits.hpp
-- Up-to-date: /home/hello-robot/ament_ws/install/audio_common_msgs/include/audio_common_msgs/audio_common_msgs/msg/detail/audio_info__builder.hpp
-- Up-to-date: /home/hello-robot/ament_ws/install/audio_common_msgs/include/audio_common_msgs/audio_common_msgs/msg/detail/audio_data__traits.hpp
-- Up-to-date: /home/hello-robot/ament_ws/install/audio_common_msgs/include/audio_common_msgs/audio_common_msgs
-- Up-to-date: /home/hello-robot/ament_ws/install/audio_common_msgs/include/audio_common_msgs/audio_common_msgs/msg
-- Up-to-date: /home/hello-robot/ament_ws/install/audio_common_msgs/include/audio_common_msgs/audio_common_msgs/msg/detail
-- Up-to-date: /home/hello-robot/ament_ws/install/audio_common_msgs/include/audio_common_msgs/audio_common_msgs/msg/detail/audio_data__rosidl_typesupport_fastrtps_cpp.hpp
-- Up-to-date: /home/hello-robot/ament_ws/install/audio_common_msgs/include/audio_common_msgs/audio_common_msgs/msg/detail/audio_info__rosidl_typesupport_fastrtps_cpp.hpp
-- Up-to-date: /home/hello-robot/ament_ws/install/audio_common_msgs/include/audio_common_msgs/audio_common_msgs/msg/detail/dds_fastrtps
-- Up-to-date: /home/hello-robot/ament_ws/install/audio_common_msgs/include/audio_common_msgs/audio_common_msgs/msg/detail/audio_data_stamped__rosidl_typesupport_fastrtps_cpp.hpp
-- Up-to-date: /home/hello-robot/ament_ws/install/audio_common_msgs/include/audio_common_msgs/audio_common_msgs/msg/rosidl_typesupport_fastrtps_cpp__visibility_control.h
-- Up-to-date: /home/hello-robot/ament_ws/install/audio_common_msgs/lib/libaudio_common_msgs__rosidl_typesupport_fastrtps_cpp.so
-- Up-to-date: /home/hello-robot/ament_ws/install/audio_common_msgs/include/audio_common_msgs/audio_common_msgs
-- Up-to-date: /home/hello-robot/ament_ws/install/audio_common_msgs/include/audio_common_msgs/audio_common_msgs/msg
-- Up-to-date: /home/hello-robot/ament_ws/install/audio_common_msgs/include/audio_common_msgs/audio_common_msgs/msg/detail
-- Up-to-date: /home/hello-robot/ament_ws/install/audio_common_msgs/include/audio_common_msgs/audio_common_msgs/msg/detail/audio_info__rosidl_typesupport_introspection_cpp.hpp
-- Up-to-date: /home/hello-robot/ament_ws/install/audio_common_msgs/include/audio_common_msgs/audio_common_msgs/msg/detail/audio_data_stamped__rosidl_typesupport_introspection_cpp.hpp
-- Up-to-date: /home/hello-robot/ament_ws/install/audio_common_msgs/include/audio_common_msgs/audio_common_msgs/msg/detail/audio_data__type_support.cpp
-- Up-to-date: /home/hello-robot/ament_ws/install/audio_common_msgs/include/audio_common_msgs/audio_common_msgs/msg/detail/audio_info__type_support.cpp
-- Up-to-date: /home/hello-robot/ament_ws/install/audio_common_msgs/include/audio_common_msgs/audio_common_msgs/msg/detail/audio_data__rosidl_typesupport_introspection_cpp.hpp
-- Up-to-date: /home/hello-robot/ament_ws/install/audio_common_msgs/include/audio_common_msgs/audio_common_msgs/msg/detail/audio_data_stamped__type_support.cpp
-- Up-to-date: /home/hello-robot/ament_ws/install/audio_common_msgs/lib/libaudio_common_msgs__rosidl_typesupport_introspection_cpp.so
-- Up-to-date: /home/hello-robot/ament_ws/install/audio_common_msgs/lib/libaudio_common_msgs__rosidl_typesupport_cpp.so
-- Up-to-date: /home/hello-robot/ament_ws/install/audio_common_msgs/share/audio_common_msgs/environment/pythonpath.sh
-- Installing: /home/hello-robot/ament_ws/install/audio_common_msgs/share/audio_common_msgs/environment/pythonpath.dsv
-- Up-to-date: /home/hello-robot/ament_ws/install/audio_common_msgs/local/lib/python3.10/dist-packages/audio_common_msgs-0.3.12-py3.10.egg-info
-- Installing: /home/hello-robot/ament_ws/install/audio_common_msgs/local/lib/python3.10/dist-packages/audio_common_msgs-0.3.12-py3.10.egg-info/PKG-INFO
-- Installing: /home/hello-robot/ament_ws/install/audio_common_msgs/local/lib/python3.10/dist-packages/audio_common_msgs-0.3.12-py3.10.egg-info/dependency_links.txt
-- Installing: /home/hello-robot/ament_ws/install/audio_common_msgs/local/lib/python3.10/dist-packages/audio_common_msgs-0.3.12-py3.10.egg-info/SOURCES.txt
-- Installing: /home/hello-robot/ament_ws/install/audio_common_msgs/local/lib/python3.10/dist-packages/audio_common_msgs-0.3.12-py3.10.egg-info/top_level.txt
-- Up-to-date: /home/hello-robot/ament_ws/install/audio_common_msgs/local/lib/python3.10/dist-packages/audio_common_msgs
-- Up-to-date: /home/hello-robot/ament_ws/install/audio_common_msgs/local/lib/python3.10/dist-packages/audio_common_msgs/audio_common_msgs_s__rosidl_typesupport_fastrtps_c.cpython-310-x86_64-linux-gnu.so
-- Up-to-date: /home/hello-robot/ament_ws/install/audio_common_msgs/local/lib/python3.10/dist-packages/audio_common_msgs/_audio_common_msgs_s.ep.rosidl_typesupport_introspection_c.c
-- Up-to-date: /home/hello-robot/ament_ws/install/audio_common_msgs/local/lib/python3.10/dist-packages/audio_common_msgs/libaudio_common_msgs__rosidl_generator_py.so
-- Up-to-date: /home/hello-robot/ament_ws/install/audio_common_msgs/local/lib/python3.10/dist-packages/audio_common_msgs/audio_common_msgs_s__rosidl_typesupport_introspection_c.cpython-310-x86_64-linux-gnu.so
-- Up-to-date: /home/hello-robot/ament_ws/install/audio_common_msgs/local/lib/python3.10/dist-packages/audio_common_msgs/msg
-- Up-to-date: /home/hello-robot/ament_ws/install/audio_common_msgs/local/lib/python3.10/dist-packages/audio_common_msgs/msg/_audio_data_stamped_s.c
-- Up-to-date: /home/hello-robot/ament_ws/install/audio_common_msgs/local/lib/python3.10/dist-packages/audio_common_msgs/msg/_audio_info.py
-- Up-to-date: /home/hello-robot/ament_ws/install/audio_common_msgs/local/lib/python3.10/dist-packages/audio_common_msgs/msg/__init__.py
-- Up-to-date: /home/hello-robot/ament_ws/install/audio_common_msgs/local/lib/python3.10/dist-packages/audio_common_msgs/msg/_audio_data_s.c
-- Up-to-date: /home/hello-robot/ament_ws/install/audio_common_msgs/local/lib/python3.10/dist-packages/audio_common_msgs/msg/_audio_data_stamped.py
-- Up-to-date: /home/hello-robot/ament_ws/install/audio_common_msgs/local/lib/python3.10/dist-packages/audio_common_msgs/msg/_audio_info_s.c
-- Up-to-date: /home/hello-robot/ament_ws/install/audio_common_msgs/local/lib/python3.10/dist-packages/audio_common_msgs/msg/_audio_data.py
-- Up-to-date: /home/hello-robot/ament_ws/install/audio_common_msgs/local/lib/python3.10/dist-packages/audio_common_msgs/_audio_common_msgs_s.ep.rosidl_typesupport_fastrtps_c.c
-- Installing: /home/hello-robot/ament_ws/install/audio_common_msgs/local/lib/python3.10/dist-packages/audio_common_msgs/__init__.py
-- Up-to-date: /home/hello-robot/ament_ws/install/audio_common_msgs/local/lib/python3.10/dist-packages/audio_common_msgs/_audio_common_msgs_s.ep.rosidl_typesupport_c.c
-- Up-to-date: /home/hello-robot/ament_ws/install/audio_common_msgs/local/lib/python3.10/dist-packages/audio_common_msgs/audio_common_msgs_s__rosidl_typesupport_c.cpython-310-x86_64-linux-gnu.so
Listing '/home/hello-robot/ament_ws/install/audio_common_msgs/local/lib/python3.10/dist-packages/audio_common_msgs'...
Compiling '/home/hello-robot/ament_ws/install/audio_common_msgs/local/lib/python3.10/dist-packages/audio_common_msgs/__init__.py'...
Listing '/home/hello-robot/ament_ws/install/audio_common_msgs/local/lib/python3.10/dist-packages/audio_common_msgs/msg'...
-- Up-to-date: /home/hello-robot/ament_ws/install/audio_common_msgs/local/lib/python3.10/dist-packages/audio_common_msgs/audio_common_msgs_s__rosidl_typesupport_fastrtps_c.cpython-310-x86_64-linux-gnu.so
-- Up-to-date: /home/hello-robot/ament_ws/install/audio_common_msgs/local/lib/python3.10/dist-packages/audio_common_msgs/audio_common_msgs_s__rosidl_typesupport_introspection_c.cpython-310-x86_64-linux-gnu.so
-- Up-to-date: /home/hello-robot/ament_ws/install/audio_common_msgs/local/lib/python3.10/dist-packages/audio_common_msgs/audio_common_msgs_s__rosidl_typesupport_c.cpython-310-x86_64-linux-gnu.so
-- Up-to-date: /home/hello-robot/ament_ws/install/audio_common_msgs/lib/libaudio_common_msgs__rosidl_generator_py.so
-- Up-to-date: /home/hello-robot/ament_ws/install/audio_common_msgs/share/audio_common_msgs/msg/AudioData.idl
-- Up-to-date: /home/hello-robot/ament_ws/install/audio_common_msgs/share/audio_common_msgs/msg/AudioDataStamped.idl
-- Up-to-date: /home/hello-robot/ament_ws/install/audio_common_msgs/share/audio_common_msgs/msg/AudioInfo.idl
-- Up-to-date: /home/hello-robot/ament_ws/install/audio_common_msgs/share/audio_common_msgs/msg/AudioData.msg
-- Up-to-date: /home/hello-robot/ament_ws/install/audio_common_msgs/share/audio_common_msgs/msg/AudioDataStamped.msg
-- Up-to-date: /home/hello-robot/ament_ws/install/audio_common_msgs/share/audio_common_msgs/msg/AudioInfo.msg
-- Up-to-date: /home/hello-robot/ament_ws/install/audio_common_msgs/share/ament_index/resource_index/package_run_dependencies/audio_common_msgs
-- Up-to-date: /home/hello-robot/ament_ws/install/audio_common_msgs/share/ament_index/resource_index/parent_prefix_path/audio_common_msgs
-- Up-to-date: /home/hello-robot/ament_ws/install/audio_common_msgs/share/audio_common_msgs/environment/ament_prefix_path.sh
-- Installing: /home/hello-robot/ament_ws/install/audio_common_msgs/share/audio_common_msgs/environment/ament_prefix_path.dsv
-- Up-to-date: /home/hello-robot/ament_ws/install/audio_common_msgs/share/audio_common_msgs/environment/path.sh
-- Installing: /home/hello-robot/ament_ws/install/audio_common_msgs/share/audio_common_msgs/environment/path.dsv
-- Up-to-date: /home/hello-robot/ament_ws/install/audio_common_msgs/share/audio_common_msgs/local_setup.bash
-- Up-to-date: /home/hello-robot/ament_ws/install/audio_common_msgs/share/audio_common_msgs/local_setup.sh
-- Up-to-date: /home/hello-robot/ament_ws/install/audio_common_msgs/share/audio_common_msgs/local_setup.zsh
-- Installing: /home/hello-robot/ament_ws/install/audio_common_msgs/share/audio_common_msgs/local_setup.dsv
-- Installing: /home/hello-robot/ament_ws/install/audio_common_msgs/share/audio_common_msgs/package.dsv
-- Up-to-date: /home/hello-robot/ament_ws/install/audio_common_msgs/share/ament_index/resource_index/packages/audio_common_msgs
-- Up-to-date: /home/hello-robot/ament_ws/install/audio_common_msgs/share/audio_common_msgs/cmake/export_audio_common_msgs__rosidl_generator_cExport.cmake
-- Up-to-date: /home/hello-robot/ament_ws/install/audio_common_msgs/share/audio_common_msgs/cmake/export_audio_common_msgs__rosidl_generator_cExport-release.cmake
-- Up-to-date: /home/hello-robot/ament_ws/install/audio_common_msgs/share/audio_common_msgs/cmake/export_audio_common_msgs__rosidl_typesupport_fastrtps_cExport.cmake
-- Up-to-date: /home/hello-robot/ament_ws/install/audio_common_msgs/share/audio_common_msgs/cmake/export_audio_common_msgs__rosidl_typesupport_fastrtps_cExport-release.cmake
-- Up-to-date: /home/hello-robot/ament_ws/install/audio_common_msgs/share/audio_common_msgs/cmake/audio_common_msgs__rosidl_typesupport_introspection_cExport.cmake
-- Up-to-date: /home/hello-robot/ament_ws/install/audio_common_msgs/share/audio_common_msgs/cmake/audio_common_msgs__rosidl_typesupport_introspection_cExport-release.cmake
-- Up-to-date: /home/hello-robot/ament_ws/install/audio_common_msgs/share/audio_common_msgs/cmake/audio_common_msgs__rosidl_typesupport_cExport.cmake
-- Up-to-date: /home/hello-robot/ament_ws/install/audio_common_msgs/share/audio_common_msgs/cmake/audio_common_msgs__rosidl_typesupport_cExport-release.cmake
-- Up-to-date: /home/hello-robot/ament_ws/install/audio_common_msgs/share/audio_common_msgs/cmake/export_audio_common_msgs__rosidl_generator_cppExport.cmake
-- Up-to-date: /home/hello-robot/ament_ws/install/audio_common_msgs/share/audio_common_msgs/cmake/export_audio_common_msgs__rosidl_typesupport_fastrtps_cppExport.cmake
-- Up-to-date: /home/hello-robot/ament_ws/install/audio_common_msgs/share/audio_common_msgs/cmake/export_audio_common_msgs__rosidl_typesupport_fastrtps_cppExport-release.cmake
-- Up-to-date: /home/hello-robot/ament_ws/install/audio_common_msgs/share/audio_common_msgs/cmake/audio_common_msgs__rosidl_typesupport_introspection_cppExport.cmake
-- Up-to-date: /home/hello-robot/ament_ws/install/audio_common_msgs/share/audio_common_msgs/cmake/audio_common_msgs__rosidl_typesupport_introspection_cppExport-release.cmake
-- Up-to-date: /home/hello-robot/ament_ws/install/audio_common_msgs/share/audio_common_msgs/cmake/audio_common_msgs__rosidl_typesupport_cppExport.cmake
-- Up-to-date: /home/hello-robot/ament_ws/install/audio_common_msgs/share/audio_common_msgs/cmake/audio_common_msgs__rosidl_typesupport_cppExport-release.cmake
-- Up-to-date: /home/hello-robot/ament_ws/install/audio_common_msgs/share/audio_common_msgs/cmake/export_audio_common_msgs__rosidl_generator_pyExport.cmake
-- Up-to-date: /home/hello-robot/ament_ws/install/audio_common_msgs/share/audio_common_msgs/cmake/export_audio_common_msgs__rosidl_generator_pyExport-release.cmake
-- Up-to-date: /home/hello-robot/ament_ws/install/audio_common_msgs/share/audio_common_msgs/cmake/rosidl_cmake-extras.cmake
-- Up-to-date: /home/hello-robot/ament_ws/install/audio_common_msgs/share/audio_common_msgs/cmake/ament_cmake_export_dependencies-extras.cmake
-- Up-to-date: /home/hello-robot/ament_ws/install/audio_common_msgs/share/audio_common_msgs/cmake/ament_cmake_export_include_directories-extras.cmake
-- Up-to-date: /home/hello-robot/ament_ws/install/audio_common_msgs/share/audio_common_msgs/cmake/ament_cmake_export_libraries-extras.cmake
-- Up-to-date: /home/hello-robot/ament_ws/install/audio_common_msgs/share/audio_common_msgs/cmake/ament_cmake_export_targets-extras.cmake
-- Up-to-date: /home/hello-robot/ament_ws/install/audio_common_msgs/share/audio_common_msgs/cmake/rosidl_cmake_export_typesupport_targets-extras.cmake
-- Up-to-date: /home/hello-robot/ament_ws/install/audio_common_msgs/share/audio_common_msgs/cmake/rosidl_cmake_export_typesupport_libraries-extras.cmake
-- Up-to-date: /home/hello-robot/ament_ws/install/audio_common_msgs/share/audio_common_msgs/cmake/audio_common_msgsConfig.cmake
-- Up-to-date: /home/hello-robot/ament_ws/install/audio_common_msgs/share/audio_common_msgs/cmake/audio_common_msgsConfig-version.cmake
-- Up-to-date: /home/hello-robot/ament_ws/install/audio_common_msgs/share/audio_common_msgs/package.xml
