/home/hello-robot/.local/lib/python3.10/site-packages/setuptools_scm/_integration/setuptools.py:30: RuntimeWarning: 
ERROR: setuptools==59.6.0 is used in combination with setuptools_scm>=8.x

Your build configuration is incomplete and previously worked by accident!
setuptools_scm requires setuptools>=61

Suggested workaround if applicable:
 - migrating from the deprecated setup_requires mechanism to pep517/518
   and using a pyproject.toml to declare build dependencies
   which are reliably pre-installed before running the build tools

  warnings.warn(
running egg_info
creating ../../../build/stretch_funmap/stretch_funmap.egg-info
writing ../../../build/stretch_funmap/stretch_funmap.egg-info/PKG-INFO
writing dependency_links to ../../../build/stretch_funmap/stretch_funmap.egg-info/dependency_links.txt
writing entry points to ../../../build/stretch_funmap/stretch_funmap.egg-info/entry_points.txt
writing requirements to ../../../build/stretch_funmap/stretch_funmap.egg-info/requires.txt
writing top-level names to ../../../build/stretch_funmap/stretch_funmap.egg-info/top_level.txt
writing manifest file '../../../build/stretch_funmap/stretch_funmap.egg-info/SOURCES.txt'
adding license file 'LICENSE.md'
writing manifest file '../../../build/stretch_funmap/stretch_funmap.egg-info/SOURCES.txt'
running build
running build_py
creating /home/hello-robot/ament_ws/build/stretch_funmap/build
creating /home/hello-robot/ament_ws/build/stretch_funmap/build/lib.linux-x86_64-3.10
creating /home/hello-robot/ament_ws/build/stretch_funmap/build/lib.linux-x86_64-3.10/stretch_funmap
copying stretch_funmap/__init__.py -> /home/hello-robot/ament_ws/build/stretch_funmap/build/lib.linux-x86_64-3.10/stretch_funmap
copying stretch_funmap/numba_height_image.py -> /home/hello-robot/ament_ws/build/stretch_funmap/build/lib.linux-x86_64-3.10/stretch_funmap
copying stretch_funmap/numba_create_plane_image.py -> /home/hello-robot/ament_ws/build/stretch_funmap/build/lib.linux-x86_64-3.10/stretch_funmap
copying stretch_funmap/mapping.py -> /home/hello-robot/ament_ws/build/stretch_funmap/build/lib.linux-x86_64-3.10/stretch_funmap
copying stretch_funmap/merge_maps.py -> /home/hello-robot/ament_ws/build/stretch_funmap/build/lib.linux-x86_64-3.10/stretch_funmap
copying stretch_funmap/max_height_image.py -> /home/hello-robot/ament_ws/build/stretch_funmap/build/lib.linux-x86_64-3.10/stretch_funmap
copying stretch_funmap/navigation_planning.py -> /home/hello-robot/ament_ws/build/stretch_funmap/build/lib.linux-x86_64-3.10/stretch_funmap
copying stretch_funmap/ros_max_height_image.py -> /home/hello-robot/ament_ws/build/stretch_funmap/build/lib.linux-x86_64-3.10/stretch_funmap
copying stretch_funmap/segment_max_height_image.py -> /home/hello-robot/ament_ws/build/stretch_funmap/build/lib.linux-x86_64-3.10/stretch_funmap
copying stretch_funmap/numba_manipulation_planning.py -> /home/hello-robot/ament_ws/build/stretch_funmap/build/lib.linux-x86_64-3.10/stretch_funmap
copying stretch_funmap/manipulation_planning.py -> /home/hello-robot/ament_ws/build/stretch_funmap/build/lib.linux-x86_64-3.10/stretch_funmap
copying stretch_funmap/navigate.py -> /home/hello-robot/ament_ws/build/stretch_funmap/build/lib.linux-x86_64-3.10/stretch_funmap
copying stretch_funmap/numba_compare_images.py -> /home/hello-robot/ament_ws/build/stretch_funmap/build/lib.linux-x86_64-3.10/stretch_funmap
copying stretch_funmap/numba_sample_ridge.py -> /home/hello-robot/ament_ws/build/stretch_funmap/build/lib.linux-x86_64-3.10/stretch_funmap
copying stretch_funmap/numba_check_line_path.py -> /home/hello-robot/ament_ws/build/stretch_funmap/build/lib.linux-x86_64-3.10/stretch_funmap
copying stretch_funmap/funmap.py -> /home/hello-robot/ament_ws/build/stretch_funmap/build/lib.linux-x86_64-3.10/stretch_funmap
running build_ext
building 'stretch_funmap.cython_min_cost_path' extension
INFO: C compiler: x86_64-linux-gnu-gcc -Wno-unused-result -Wsign-compare -DNDEBUG -g -fwrapv -O2 -Wall -g -fstack-protector-strong -Wformat -Werror=format-security -g -fwrapv -O2 -g -fstack-protector-strong -Wformat -Werror=format-security -Wdate-time -D_FORTIFY_SOURCE=2 -fPIC

creating /home/hello-robot/ament_ws/build/stretch_funmap/build/temp.linux-x86_64-3.10
creating /home/hello-robot/ament_ws/build/stretch_funmap/build/temp.linux-x86_64-3.10/stretch_funmap
INFO: compile options: '-I/home/hello-robot/ament_ws/install/stretch_funmap/include -I/usr/include/python3.10 -c'
INFO: x86_64-linux-gnu-gcc: stretch_funmap/cython_min_cost_path.c
In file included from /usr/include/python3.10/numpy/ndarraytypes.h:1969,
                 from /usr/include/python3.10/numpy/ndarrayobject.h:12,
                 from /usr/include/python3.10/numpy/arrayobject.h:4,
                 from stretch_funmap/cython_min_cost_path.c:700:
/usr/include/python3.10/numpy/npy_1_7_deprecated_api.h:17:2: warning: #warning "Using deprecated NumPy API, disable it with " "#define NPY_NO_DEPRECATED_API NPY_1_7_API_VERSION" [-Wcpp]
   17 | #warning "Using deprecated NumPy API, disable it with " \
      |  ^~~~~~~
INFO: x86_64-linux-gnu-gcc -shared -Wl,-O1 -Wl,-Bsymbolic-functions -Wl,-Bsymbolic-functions -g -fwrapv -O2 -Wl,-Bsymbolic-functions -g -fwrapv -O2 -g -fstack-protector-strong -Wformat -Werror=format-security -Wdate-time -D_FORTIFY_SOURCE=2 /home/hello-robot/ament_ws/build/stretch_funmap/build/temp.linux-x86_64-3.10/stretch_funmap/cython_min_cost_path.o -o /home/hello-robot/ament_ws/build/stretch_funmap/build/lib.linux-x86_64-3.10/stretch_funmap/cython_min_cost_path.cpython-310-x86_64-linux-gnu.so
running install
running install_lib
creating /home/hello-robot/ament_ws/install/stretch_funmap/lib/python3.10/site-packages/stretch_funmap
copying /home/hello-robot/ament_ws/build/stretch_funmap/build/lib.linux-x86_64-3.10/stretch_funmap/__init__.py -> /home/hello-robot/ament_ws/install/stretch_funmap/lib/python3.10/site-packages/stretch_funmap
copying /home/hello-robot/ament_ws/build/stretch_funmap/build/lib.linux-x86_64-3.10/stretch_funmap/numba_height_image.py -> /home/hello-robot/ament_ws/install/stretch_funmap/lib/python3.10/site-packages/stretch_funmap
copying /home/hello-robot/ament_ws/build/stretch_funmap/build/lib.linux-x86_64-3.10/stretch_funmap/numba_create_plane_image.py -> /home/hello-robot/ament_ws/install/stretch_funmap/lib/python3.10/site-packages/stretch_funmap
copying /home/hello-robot/ament_ws/build/stretch_funmap/build/lib.linux-x86_64-3.10/stretch_funmap/mapping.py -> /home/hello-robot/ament_ws/install/stretch_funmap/lib/python3.10/site-packages/stretch_funmap
copying /home/hello-robot/ament_ws/build/stretch_funmap/build/lib.linux-x86_64-3.10/stretch_funmap/cython_min_cost_path.cpython-310-x86_64-linux-gnu.so -> /home/hello-robot/ament_ws/install/stretch_funmap/lib/python3.10/site-packages/stretch_funmap
copying /home/hello-robot/ament_ws/build/stretch_funmap/build/lib.linux-x86_64-3.10/stretch_funmap/merge_maps.py -> /home/hello-robot/ament_ws/install/stretch_funmap/lib/python3.10/site-packages/stretch_funmap
copying /home/hello-robot/ament_ws/build/stretch_funmap/build/lib.linux-x86_64-3.10/stretch_funmap/max_height_image.py -> /home/hello-robot/ament_ws/install/stretch_funmap/lib/python3.10/site-packages/stretch_funmap
copying /home/hello-robot/ament_ws/build/stretch_funmap/build/lib.linux-x86_64-3.10/stretch_funmap/navigation_planning.py -> /home/hello-robot/ament_ws/install/stretch_funmap/lib/python3.10/site-packages/stretch_funmap
copying /home/hello-robot/ament_ws/build/stretch_funmap/build/lib.linux-x86_64-3.10/stretch_funmap/ros_max_height_image.py -> /home/hello-robot/ament_ws/install/stretch_funmap/lib/python3.10/site-packages/stretch_funmap
copying /home/hello-robot/ament_ws/build/stretch_funmap/build/lib.linux-x86_64-3.10/stretch_funmap/segment_max_height_image.py -> /home/hello-robot/ament_ws/install/stretch_funmap/lib/python3.10/site-packages/stretch_funmap
copying /home/hello-robot/ament_ws/build/stretch_funmap/build/lib.linux-x86_64-3.10/stretch_funmap/numba_manipulation_planning.py -> /home/hello-robot/ament_ws/install/stretch_funmap/lib/python3.10/site-packages/stretch_funmap
copying /home/hello-robot/ament_ws/build/stretch_funmap/build/lib.linux-x86_64-3.10/stretch_funmap/manipulation_planning.py -> /home/hello-robot/ament_ws/install/stretch_funmap/lib/python3.10/site-packages/stretch_funmap
copying /home/hello-robot/ament_ws/build/stretch_funmap/build/lib.linux-x86_64-3.10/stretch_funmap/navigate.py -> /home/hello-robot/ament_ws/install/stretch_funmap/lib/python3.10/site-packages/stretch_funmap
copying /home/hello-robot/ament_ws/build/stretch_funmap/build/lib.linux-x86_64-3.10/stretch_funmap/numba_compare_images.py -> /home/hello-robot/ament_ws/install/stretch_funmap/lib/python3.10/site-packages/stretch_funmap
copying /home/hello-robot/ament_ws/build/stretch_funmap/build/lib.linux-x86_64-3.10/stretch_funmap/numba_sample_ridge.py -> /home/hello-robot/ament_ws/install/stretch_funmap/lib/python3.10/site-packages/stretch_funmap
copying /home/hello-robot/ament_ws/build/stretch_funmap/build/lib.linux-x86_64-3.10/stretch_funmap/numba_check_line_path.py -> /home/hello-robot/ament_ws/install/stretch_funmap/lib/python3.10/site-packages/stretch_funmap
copying /home/hello-robot/ament_ws/build/stretch_funmap/build/lib.linux-x86_64-3.10/stretch_funmap/funmap.py -> /home/hello-robot/ament_ws/install/stretch_funmap/lib/python3.10/site-packages/stretch_funmap
byte-compiling /home/hello-robot/ament_ws/install/stretch_funmap/lib/python3.10/site-packages/stretch_funmap/__init__.py to __init__.cpython-310.pyc
byte-compiling /home/hello-robot/ament_ws/install/stretch_funmap/lib/python3.10/site-packages/stretch_funmap/numba_height_image.py to numba_height_image.cpython-310.pyc
byte-compiling /home/hello-robot/ament_ws/install/stretch_funmap/lib/python3.10/site-packages/stretch_funmap/numba_create_plane_image.py to numba_create_plane_image.cpython-310.pyc
byte-compiling /home/hello-robot/ament_ws/install/stretch_funmap/lib/python3.10/site-packages/stretch_funmap/mapping.py to mapping.cpython-310.pyc
byte-compiling /home/hello-robot/ament_ws/install/stretch_funmap/lib/python3.10/site-packages/stretch_funmap/merge_maps.py to merge_maps.cpython-310.pyc
byte-compiling /home/hello-robot/ament_ws/install/stretch_funmap/lib/python3.10/site-packages/stretch_funmap/max_height_image.py to max_height_image.cpython-310.pyc
byte-compiling /home/hello-robot/ament_ws/install/stretch_funmap/lib/python3.10/site-packages/stretch_funmap/navigation_planning.py to navigation_planning.cpython-310.pyc
byte-compiling /home/hello-robot/ament_ws/install/stretch_funmap/lib/python3.10/site-packages/stretch_funmap/ros_max_height_image.py to ros_max_height_image.cpython-310.pyc
byte-compiling /home/hello-robot/ament_ws/install/stretch_funmap/lib/python3.10/site-packages/stretch_funmap/segment_max_height_image.py to segment_max_height_image.cpython-310.pyc
byte-compiling /home/hello-robot/ament_ws/install/stretch_funmap/lib/python3.10/site-packages/stretch_funmap/numba_manipulation_planning.py to numba_manipulation_planning.cpython-310.pyc
byte-compiling /home/hello-robot/ament_ws/install/stretch_funmap/lib/python3.10/site-packages/stretch_funmap/manipulation_planning.py to manipulation_planning.cpython-310.pyc
byte-compiling /home/hello-robot/ament_ws/install/stretch_funmap/lib/python3.10/site-packages/stretch_funmap/navigate.py to navigate.cpython-310.pyc
byte-compiling /home/hello-robot/ament_ws/install/stretch_funmap/lib/python3.10/site-packages/stretch_funmap/numba_compare_images.py to numba_compare_images.cpython-310.pyc
byte-compiling /home/hello-robot/ament_ws/install/stretch_funmap/lib/python3.10/site-packages/stretch_funmap/numba_sample_ridge.py to numba_sample_ridge.cpython-310.pyc
byte-compiling /home/hello-robot/ament_ws/install/stretch_funmap/lib/python3.10/site-packages/stretch_funmap/numba_check_line_path.py to numba_check_line_path.cpython-310.pyc
byte-compiling /home/hello-robot/ament_ws/install/stretch_funmap/lib/python3.10/site-packages/stretch_funmap/funmap.py to funmap.cpython-310.pyc
running install_data
creating /home/hello-robot/ament_ws/install/stretch_funmap/share/ament_index
creating /home/hello-robot/ament_ws/install/stretch_funmap/share/ament_index/resource_index
creating /home/hello-robot/ament_ws/install/stretch_funmap/share/ament_index/resource_index/packages
copying resource/stretch_funmap -> /home/hello-robot/ament_ws/install/stretch_funmap/share/ament_index/resource_index/packages
copying package.xml -> /home/hello-robot/ament_ws/install/stretch_funmap/share/stretch_funmap
creating /home/hello-robot/ament_ws/install/stretch_funmap/share/stretch_funmap/launch
copying launch/funmap.launch.py -> /home/hello-robot/ament_ws/install/stretch_funmap/share/stretch_funmap/launch
copying launch/mapping.launch.py -> /home/hello-robot/ament_ws/install/stretch_funmap/share/stretch_funmap/launch
creating /home/hello-robot/ament_ws/install/stretch_funmap/share/stretch_funmap/rviz
copying rviz/stretch_mapping.rviz -> /home/hello-robot/ament_ws/install/stretch_funmap/share/stretch_funmap/rviz
running install_egg_info
Copying ../../../build/stretch_funmap/stretch_funmap.egg-info to /home/hello-robot/ament_ws/install/stretch_funmap/lib/python3.10/site-packages/stretch_funmap-0.0.0-py3.10.egg-info
running install_scripts
Installing funmap script to /home/hello-robot/ament_ws/install/stretch_funmap/lib/stretch_funmap
writing list of installed files to '/home/hello-robot/ament_ws/build/stretch_funmap/install.log'
