[0.842s] Invoking command in '/home/hello-robot/ament_ws/build/speech_recognition_msgs': CMAKE_PREFIX_PATH=${CMAKE_PREFIX_PATH}:/home/hello-robot/ament_ws/install/tf2_web_republisher_py:/home/hello-robot/ament_ws/install/stretch_ros_tutorials:/home/hello-robot/ament_ws/install/stretch_funmap:/home/hello-robot/ament_ws/install/stretch_calibration:/home/hello-robot/ament_ws/install/stretch_demos:/home/hello-robot/ament_ws/install/stretch_deep_perception:/home/hello-robot/ament_ws/install/stretch_core:/home/hello-robot/ament_ws/install/respeaker_ros2:/home/hello-robot/ament_ws/install/hello_helpers:/opt/ros/humble /usr/bin/cmake /home/hello-robot/ament_ws/src/audio_common/speech_recognition_msgs -DCMAKE_BUILD_TYPE=Release -DCMAKE_INSTALL_PREFIX=/home/hello-robot/ament_ws/install/speech_recognition_msgs
[4.135s] -- The C compiler identification is GNU 11.4.0
[4.135s] -- The CXX compiler identification is GNU 11.4.0
[4.135s] -- Detecting C compiler ABI info
[4.135s] -- Detecting C compiler ABI info - done
[4.135s] -- Check for working C compiler: /usr/bin/cc - skipped
[4.135s] -- Detecting C compile features
[4.135s] -- Detecting C compile features - done
[4.135s] -- Detecting CXX compiler ABI info
[4.135s] -- Detecting CXX compiler ABI info - done
[4.135s] -- Check for working CXX compiler: /usr/bin/c++ - skipped
[4.135s] -- Detecting CXX compile features
[4.135s] -- Detecting CXX compile features - done
[4.136s] -- Found ament_cmake: 1.3.8 (/opt/ros/humble/share/ament_cmake/cmake)
[4.136s] -- Found Python3: /usr/bin/python3 (found version "3.10.12") found components: Interpreter 
[4.136s] -- Found rosidl_default_generators: 1.2.0 (/opt/ros/humble/share/rosidl_default_generators/cmake)
[4.136s] -- Using all available rosidl_typesupport_c: rosidl_typesupport_fastrtps_c;rosidl_typesupport_introspection_c
[4.136s] -- Found rosidl_adapter: 3.1.5 (/opt/ros/humble/share/rosidl_adapter/cmake)
[4.136s] -- Using all available rosidl_typesupport_cpp: rosidl_typesupport_fastrtps_cpp;rosidl_typesupport_introspection_cpp
[4.136s] -- Found std_msgs: 4.2.3 (/opt/ros/humble/share/std_msgs/cmake)
[4.136s] -- Found ament_cmake_cppcheck: 0.12.10 (/opt/ros/humble/share/ament_cmake_cppcheck/cmake)
[4.136s] -- Found ament_cmake_cpplint: 0.12.10 (/opt/ros/humble/share/ament_cmake_cpplint/cmake)
[4.136s] -- Found ament_cmake_uncrustify: 0.12.10 (/opt/ros/humble/share/ament_cmake_uncrustify/cmake)
[4.136s] -- Found ament_cmake_ros: 0.10.0 (/opt/ros/humble/share/ament_cmake_ros/cmake)
[4.136s] -- Using all available rosidl_typesupport_c: rosidl_typesupport_fastrtps_c;rosidl_typesupport_introspection_c
[4.136s] -- Using all available rosidl_typesupport_cpp: rosidl_typesupport_fastrtps_cpp;rosidl_typesupport_introspection_cpp
[4.136s] -- Found PythonInterp: /usr/bin/python3 (found suitable version "3.10.12", minimum required is "3.6") 
[4.136s] -- Found python_cmake_module: 0.10.0 (/opt/ros/humble/share/python_cmake_module/cmake)
[4.137s] -- Found PythonLibs: /usr/lib/x86_64-linux-gnu/libpython3.10.so (found suitable version "3.10.12", minimum required is "3.5") 
[4.137s] -- Using PYTHON_EXECUTABLE: /usr/bin/python3
[4.137s] -- Using PYTHON_INCLUDE_DIRS: /usr/include/python3.10
[4.137s] -- Using PYTHON_LIBRARIES: /usr/lib/x86_64-linux-gnu/libpython3.10.so
[4.138s] -- Found PythonExtra: .so  
[4.139s] -- Found ament_cmake_flake8: 0.12.10 (/opt/ros/humble/share/ament_cmake_flake8/cmake)
[4.139s] -- Found ament_cmake_pep257: 0.12.10 (/opt/ros/humble/share/ament_cmake_pep257/cmake)
[4.139s] -- Found ament_lint_auto: 0.12.10 (/opt/ros/humble/share/ament_lint_auto/cmake)
[4.139s] -- Added test 'copyright' to check source files copyright and LICENSE
[4.139s] -- Added test 'lint_cmake' to check CMake code style
[4.139s] -- Added test 'xmllint' to check XML markup files
[4.139s] -- Configuring done
[4.139s] -- Generating done
[4.139s] -- Build files have been written to: /home/hello-robot/ament_ws/build/speech_recognition_msgs
[4.153s] Invoked command in '/home/hello-robot/ament_ws/build/speech_recognition_msgs' returned '0': CMAKE_PREFIX_PATH=${CMAKE_PREFIX_PATH}:/home/hello-robot/ament_ws/install/tf2_web_republisher_py:/home/hello-robot/ament_ws/install/stretch_ros_tutorials:/home/hello-robot/ament_ws/install/stretch_funmap:/home/hello-robot/ament_ws/install/stretch_calibration:/home/hello-robot/ament_ws/install/stretch_demos:/home/hello-robot/ament_ws/install/stretch_deep_perception:/home/hello-robot/ament_ws/install/stretch_core:/home/hello-robot/ament_ws/install/respeaker_ros2:/home/hello-robot/ament_ws/install/hello_helpers:/opt/ros/humble /usr/bin/cmake /home/hello-robot/ament_ws/src/audio_common/speech_recognition_msgs -DCMAKE_BUILD_TYPE=Release -DCMAKE_INSTALL_PREFIX=/home/hello-robot/ament_ws/install/speech_recognition_msgs
[4.154s] Invoking command in '/home/hello-robot/ament_ws/build/speech_recognition_msgs': CMAKE_PREFIX_PATH=${CMAKE_PREFIX_PATH}:/home/hello-robot/ament_ws/install/tf2_web_republisher_py:/home/hello-robot/ament_ws/install/stretch_ros_tutorials:/home/hello-robot/ament_ws/install/stretch_funmap:/home/hello-robot/ament_ws/install/stretch_calibration:/home/hello-robot/ament_ws/install/stretch_demos:/home/hello-robot/ament_ws/install/stretch_deep_perception:/home/hello-robot/ament_ws/install/stretch_core:/home/hello-robot/ament_ws/install/respeaker_ros2:/home/hello-robot/ament_ws/install/hello_helpers:/opt/ros/humble /usr/bin/cmake --build /home/hello-robot/ament_ws/build/speech_recognition_msgs -- -j16 -l16
[4.213s] [  1%] Generating C code for ROS interfaces
[4.221s] [  3%] Generating C++ code for ROS interfaces
[4.255s] [  3%] Built target ament_cmake_python_copy_speech_recognition_msgs
[6.066s] /home/hello-robot/.local/lib/python3.10/site-packages/setuptools_scm/_integration/setuptools.py:30: RuntimeWarning: 
[6.066s] ERROR: setuptools==59.6.0 is used in combination with setuptools_scm>=8.x
[6.066s] 
[6.066s] Your build configuration is incomplete and previously worked by accident!
[6.066s] setuptools_scm requires setuptools>=61
[6.066s] 
[6.066s] Suggested workaround if applicable:
[6.066s]  - migrating from the deprecated setup_requires mechanism to pep517/518
[6.066s]    and using a pyproject.toml to declare build dependencies
[6.067s]    which are reliably pre-installed before running the build tools
[6.067s] 
[6.067s]   warnings.warn(
[6.161s] running egg_info
[6.162s] creating speech_recognition_msgs.egg-info
[6.162s] writing speech_recognition_msgs.egg-info/PKG-INFO
[6.162s] writing dependency_links to speech_recognition_msgs.egg-info/dependency_links.txt
[6.162s] writing top-level names to speech_recognition_msgs.egg-info/top_level.txt
[6.168s] writing manifest file 'speech_recognition_msgs.egg-info/SOURCES.txt'
[6.565s] [03/04/24 08:23:28] ERROR    listing git files failed - pretending     git.py:24
[6.565s]                              there aren't any                                   
[6.920s] [  3%] Built target speech_recognition_msgs__cpp
[7.048s] [  4%] Generating C++ type support dispatch for ROS interfaces
[7.062s] [  6%] Generating C++ introspection for ROS interfaces
[7.063s] [  7%] Generating C++ type support for eProsima Fast-RTPS
[7.276s] [ 11%] Building C object CMakeFiles/speech_recognition_msgs__rosidl_generator_c.dir/rosidl_generator_c/speech_recognition_msgs/msg/detail/speech_recognition_candidates__functions.c.o
[7.276s] [ 11%] Building C object CMakeFiles/speech_recognition_msgs__rosidl_generator_c.dir/rosidl_generator_c/speech_recognition_msgs/msg/detail/grammar__functions.c.o
[7.299s] [ 12%] Building C object CMakeFiles/speech_recognition_msgs__rosidl_generator_c.dir/rosidl_generator_c/speech_recognition_msgs/msg/detail/phrase_rule__functions.c.o
[7.332s] [ 14%] Building C object CMakeFiles/speech_recognition_msgs__rosidl_generator_c.dir/rosidl_generator_c/speech_recognition_msgs/msg/detail/vocabulary__functions.c.o
[7.363s] reading manifest file 'speech_recognition_msgs.egg-info/SOURCES.txt'
[7.363s] writing manifest file 'speech_recognition_msgs.egg-info/SOURCES.txt'
[7.393s] [ 15%] Building C object CMakeFiles/speech_recognition_msgs__rosidl_generator_c.dir/rosidl_generator_c/speech_recognition_msgs/srv/detail/speech_recognition__functions.c.o
[7.795s] [ 15%] Built target ament_cmake_python_build_speech_recognition_msgs_egg
[8.276s] [ 17%] Linking C shared library libspeech_recognition_msgs__rosidl_generator_c.so
[8.532s] [ 17%] Built target speech_recognition_msgs__rosidl_generator_c
[8.598s] [ 19%] Generating C type support for eProsima Fast-RTPS
[8.654s] [ 22%] Generating C type support dispatch for ROS interfaces
[8.654s] [ 22%] Generating C introspection for ROS interfaces
[9.414s] [ 23%] Building CXX object CMakeFiles/speech_recognition_msgs__rosidl_typesupport_cpp.dir/rosidl_typesupport_cpp/speech_recognition_msgs/msg/grammar__type_support.cpp.o
[9.416s] [ 25%] Building CXX object CMakeFiles/speech_recognition_msgs__rosidl_typesupport_cpp.dir/rosidl_typesupport_cpp/speech_recognition_msgs/msg/phrase_rule__type_support.cpp.o
[9.420s] [ 26%] Building CXX object CMakeFiles/speech_recognition_msgs__rosidl_typesupport_introspection_cpp.dir/rosidl_typesupport_introspection_cpp/speech_recognition_msgs/msg/detail/grammar__type_support.cpp.o
[9.433s] [ 28%] Building CXX object CMakeFiles/speech_recognition_msgs__rosidl_typesupport_introspection_cpp.dir/rosidl_typesupport_introspection_cpp/speech_recognition_msgs/msg/detail/speech_recognition_candidates__type_support.cpp.o
[9.435s] [ 30%] Building CXX object CMakeFiles/speech_recognition_msgs__rosidl_typesupport_cpp.dir/rosidl_typesupport_cpp/speech_recognition_msgs/msg/speech_recognition_candidates__type_support.cpp.o
[9.435s] [ 31%] Building CXX object CMakeFiles/speech_recognition_msgs__rosidl_typesupport_introspection_cpp.dir/rosidl_typesupport_introspection_cpp/speech_recognition_msgs/msg/detail/phrase_rule__type_support.cpp.o
[9.457s] [ 33%] Building CXX object CMakeFiles/speech_recognition_msgs__rosidl_typesupport_introspection_cpp.dir/rosidl_typesupport_introspection_cpp/speech_recognition_msgs/msg/detail/vocabulary__type_support.cpp.o
[9.461s] [ 34%] Building CXX object CMakeFiles/speech_recognition_msgs__rosidl_typesupport_cpp.dir/rosidl_typesupport_cpp/speech_recognition_msgs/msg/vocabulary__type_support.cpp.o
[9.494s] [ 36%] Building CXX object CMakeFiles/speech_recognition_msgs__rosidl_typesupport_introspection_cpp.dir/rosidl_typesupport_introspection_cpp/speech_recognition_msgs/srv/detail/speech_recognition__type_support.cpp.o
[9.574s] [ 38%] Building CXX object CMakeFiles/speech_recognition_msgs__rosidl_typesupport_cpp.dir/rosidl_typesupport_cpp/speech_recognition_msgs/srv/speech_recognition__type_support.cpp.o
[10.151s] [ 39%] Building CXX object CMakeFiles/speech_recognition_msgs__rosidl_typesupport_fastrtps_cpp.dir/rosidl_typesupport_fastrtps_cpp/speech_recognition_msgs/msg/detail/dds_fastrtps/grammar__type_support.cpp.o
[10.187s] [ 41%] Building CXX object CMakeFiles/speech_recognition_msgs__rosidl_typesupport_fastrtps_cpp.dir/rosidl_typesupport_fastrtps_cpp/speech_recognition_msgs/msg/detail/dds_fastrtps/phrase_rule__type_support.cpp.o
[10.214s] [ 42%] Building CXX object CMakeFiles/speech_recognition_msgs__rosidl_typesupport_fastrtps_cpp.dir/rosidl_typesupport_fastrtps_cpp/speech_recognition_msgs/msg/detail/dds_fastrtps/speech_recognition_candidates__type_support.cpp.o
[10.245s] [ 44%] Building CXX object CMakeFiles/speech_recognition_msgs__rosidl_typesupport_c.dir/rosidl_typesupport_c/speech_recognition_msgs/msg/grammar__type_support.cpp.o
[10.491s] [ 46%] Building CXX object CMakeFiles/speech_recognition_msgs__rosidl_typesupport_c.dir/rosidl_typesupport_c/speech_recognition_msgs/msg/phrase_rule__type_support.cpp.o
[10.698s] [ 47%] Building CXX object CMakeFiles/speech_recognition_msgs__rosidl_typesupport_c.dir/rosidl_typesupport_c/speech_recognition_msgs/msg/speech_recognition_candidates__type_support.cpp.o
[10.777s] [ 49%] Building CXX object CMakeFiles/speech_recognition_msgs__rosidl_typesupport_fastrtps_cpp.dir/rosidl_typesupport_fastrtps_cpp/speech_recognition_msgs/msg/detail/dds_fastrtps/vocabulary__type_support.cpp.o
[10.866s] [ 50%] Building CXX object CMakeFiles/speech_recognition_msgs__rosidl_typesupport_c.dir/rosidl_typesupport_c/speech_recognition_msgs/msg/vocabulary__type_support.cpp.o
[12.077s] [ 52%] Building CXX object CMakeFiles/speech_recognition_msgs__rosidl_typesupport_fastrtps_cpp.dir/rosidl_typesupport_fastrtps_cpp/speech_recognition_msgs/srv/detail/dds_fastrtps/speech_recognition__type_support.cpp.o
[12.077s] [ 53%] Building CXX object CMakeFiles/speech_recognition_msgs__rosidl_typesupport_c.dir/rosidl_typesupport_c/speech_recognition_msgs/srv/speech_recognition__type_support.cpp.o
[12.077s] [ 55%] Building CXX object CMakeFiles/speech_recognition_msgs__rosidl_typesupport_fastrtps_c.dir/rosidl_typesupport_fastrtps_c/speech_recognition_msgs/msg/detail/speech_recognition_candidates__type_support_c.cpp.o
[12.077s] [ 57%] Building CXX object CMakeFiles/speech_recognition_msgs__rosidl_typesupport_fastrtps_c.dir/rosidl_typesupport_fastrtps_c/speech_recognition_msgs/msg/detail/grammar__type_support_c.cpp.o
[12.077s] [ 58%] Building CXX object CMakeFiles/speech_recognition_msgs__rosidl_typesupport_fastrtps_c.dir/rosidl_typesupport_fastrtps_c/speech_recognition_msgs/msg/detail/phrase_rule__type_support_c.cpp.o
[12.078s] [ 60%] Linking CXX shared library libspeech_recognition_msgs__rosidl_typesupport_cpp.so
[12.078s] [ 61%] Linking CXX shared library libspeech_recognition_msgs__rosidl_typesupport_c.so
[12.080s] [ 61%] Built target speech_recognition_msgs__rosidl_typesupport_cpp
[12.080s] [ 61%] Built target speech_recognition_msgs__rosidl_typesupport_c
[12.080s] [ 63%] Building CXX object CMakeFiles/speech_recognition_msgs__rosidl_typesupport_fastrtps_c.dir/rosidl_typesupport_fastrtps_c/speech_recognition_msgs/msg/detail/vocabulary__type_support_c.cpp.o
[12.080s] [ 65%] Building CXX object CMakeFiles/speech_recognition_msgs__rosidl_typesupport_fastrtps_c.dir/rosidl_typesupport_fastrtps_c/speech_recognition_msgs/srv/detail/speech_recognition__type_support_c.cpp.o
[12.080s] [ 66%] Building C object CMakeFiles/speech_recognition_msgs__rosidl_typesupport_introspection_c.dir/rosidl_typesupport_introspection_c/speech_recognition_msgs/msg/detail/phrase_rule__type_support.c.o
[12.080s] [ 68%] Building C object CMakeFiles/speech_recognition_msgs__rosidl_typesupport_introspection_c.dir/rosidl_typesupport_introspection_c/speech_recognition_msgs/msg/detail/grammar__type_support.c.o
[14.093s] [ 69%] Building C object CMakeFiles/speech_recognition_msgs__rosidl_typesupport_introspection_c.dir/rosidl_typesupport_introspection_c/speech_recognition_msgs/msg/detail/speech_recognition_candidates__type_support.c.o
[14.093s] [ 71%] Building C object CMakeFiles/speech_recognition_msgs__rosidl_typesupport_introspection_c.dir/rosidl_typesupport_introspection_c/speech_recognition_msgs/msg/detail/vocabulary__type_support.c.o
[14.093s] [ 73%] Building C object CMakeFiles/speech_recognition_msgs__rosidl_typesupport_introspection_c.dir/rosidl_typesupport_introspection_c/speech_recognition_msgs/srv/detail/speech_recognition__type_support.c.o
[14.093s] [ 74%] Linking C shared library libspeech_recognition_msgs__rosidl_typesupport_introspection_c.so
[14.093s] [ 74%] Built target speech_recognition_msgs__rosidl_typesupport_introspection_c
[14.093s] [ 76%] Linking CXX shared library libspeech_recognition_msgs__rosidl_typesupport_fastrtps_cpp.so
[14.093s] [ 77%] Linking CXX shared library libspeech_recognition_msgs__rosidl_typesupport_introspection_cpp.so
[14.093s] [ 79%] Linking CXX shared library libspeech_recognition_msgs__rosidl_typesupport_fastrtps_c.so
[14.093s] [ 79%] Built target speech_recognition_msgs__rosidl_typesupport_fastrtps_cpp
[14.093s] [ 79%] Built target speech_recognition_msgs__rosidl_typesupport_fastrtps_c
[14.093s] [ 79%] Built target speech_recognition_msgs__rosidl_typesupport_introspection_cpp
[14.093s] [ 79%] Built target speech_recognition_msgs
[14.094s] [ 80%] Generating Python code for ROS interfaces
[16.599s] [ 80%] Built target speech_recognition_msgs__py
[16.667s] [ 82%] Building C object CMakeFiles/speech_recognition_msgs__rosidl_generator_py.dir/rosidl_generator_py/speech_recognition_msgs/srv/_speech_recognition_s.c.o
[16.712s] [ 84%] Building C object CMakeFiles/speech_recognition_msgs__rosidl_generator_py.dir/rosidl_generator_py/speech_recognition_msgs/msg/_speech_recognition_candidates_s.c.o
[16.714s] [ 87%] Building C object CMakeFiles/speech_recognition_msgs__rosidl_generator_py.dir/rosidl_generator_py/speech_recognition_msgs/msg/_grammar_s.c.o
[16.720s] [ 85%] Building C object CMakeFiles/speech_recognition_msgs__rosidl_generator_py.dir/rosidl_generator_py/speech_recognition_msgs/msg/_vocabulary_s.c.o
[16.720s] [ 88%] Building C object CMakeFiles/speech_recognition_msgs__rosidl_generator_py.dir/rosidl_generator_py/speech_recognition_msgs/msg/_phrase_rule_s.c.o
[17.601s] [ 90%] Linking C shared library rosidl_generator_py/speech_recognition_msgs/libspeech_recognition_msgs__rosidl_generator_py.so
[17.917s] [ 90%] Built target speech_recognition_msgs__rosidl_generator_py
[17.943s] [ 92%] Building C object CMakeFiles/speech_recognition_msgs__rosidl_typesupport_fastrtps_c__pyext.dir/rosidl_generator_py/speech_recognition_msgs/_speech_recognition_msgs_s.ep.rosidl_typesupport_fastrtps_c.c.o
[17.989s] [ 93%] Building C object CMakeFiles/speech_recognition_msgs__rosidl_typesupport_introspection_c__pyext.dir/rosidl_generator_py/speech_recognition_msgs/_speech_recognition_msgs_s.ep.rosidl_typesupport_introspection_c.c.o
[18.032s] [ 95%] Building C object CMakeFiles/speech_recognition_msgs__rosidl_typesupport_c__pyext.dir/rosidl_generator_py/speech_recognition_msgs/_speech_recognition_msgs_s.ep.rosidl_typesupport_c.c.o
[18.654s] [ 96%] Linking C shared library rosidl_generator_py/speech_recognition_msgs/speech_recognition_msgs_s__rosidl_typesupport_fastrtps_c.cpython-310-x86_64-linux-gnu.so
[18.848s] [ 98%] Linking C shared library rosidl_generator_py/speech_recognition_msgs/speech_recognition_msgs_s__rosidl_typesupport_introspection_c.cpython-310-x86_64-linux-gnu.so
[18.933s] [ 98%] Built target speech_recognition_msgs__rosidl_typesupport_fastrtps_c__pyext
[18.933s] [100%] Linking C shared library rosidl_generator_py/speech_recognition_msgs/speech_recognition_msgs_s__rosidl_typesupport_c.cpython-310-x86_64-linux-gnu.so
[19.152s] [100%] Built target speech_recognition_msgs__rosidl_typesupport_introspection_c__pyext
[19.204s] [100%] Built target speech_recognition_msgs__rosidl_typesupport_c__pyext
[19.263s] Invoked command in '/home/hello-robot/ament_ws/build/speech_recognition_msgs' returned '0': CMAKE_PREFIX_PATH=${CMAKE_PREFIX_PATH}:/home/hello-robot/ament_ws/install/tf2_web_republisher_py:/home/hello-robot/ament_ws/install/stretch_ros_tutorials:/home/hello-robot/ament_ws/install/stretch_funmap:/home/hello-robot/ament_ws/install/stretch_calibration:/home/hello-robot/ament_ws/install/stretch_demos:/home/hello-robot/ament_ws/install/stretch_deep_perception:/home/hello-robot/ament_ws/install/stretch_core:/home/hello-robot/ament_ws/install/respeaker_ros2:/home/hello-robot/ament_ws/install/hello_helpers:/opt/ros/humble /usr/bin/cmake --build /home/hello-robot/ament_ws/build/speech_recognition_msgs -- -j16 -l16
[24.440s] Invoking command in '/home/hello-robot/ament_ws/build/speech_recognition_msgs': CMAKE_PREFIX_PATH=${CMAKE_PREFIX_PATH}:/home/hello-robot/ament_ws/install/tf2_web_republisher_py:/home/hello-robot/ament_ws/install/stretch_ros_tutorials:/home/hello-robot/ament_ws/install/stretch_funmap:/home/hello-robot/ament_ws/install/stretch_calibration:/home/hello-robot/ament_ws/install/stretch_demos:/home/hello-robot/ament_ws/install/stretch_deep_perception:/home/hello-robot/ament_ws/install/stretch_core:/home/hello-robot/ament_ws/install/respeaker_ros2:/home/hello-robot/ament_ws/install/hello_helpers:/opt/ros/humble /usr/bin/cmake --install /home/hello-robot/ament_ws/build/speech_recognition_msgs
[24.604s] -- Install configuration: "Release"
[24.604s] -- Installing: /home/hello-robot/ament_ws/install/speech_recognition_msgs/share/ament_index/resource_index/rosidl_interfaces/speech_recognition_msgs
[24.604s] -- Installing: /home/hello-robot/ament_ws/install/speech_recognition_msgs/include/speech_recognition_msgs/speech_recognition_msgs
[24.604s] -- Installing: /home/hello-robot/ament_ws/install/speech_recognition_msgs/include/speech_recognition_msgs/speech_recognition_msgs/msg
[24.604s] -- Installing: /home/hello-robot/ament_ws/install/speech_recognition_msgs/include/speech_recognition_msgs/speech_recognition_msgs/msg/rosidl_generator_c__visibility_control.h
[24.604s] -- Installing: /home/hello-robot/ament_ws/install/speech_recognition_msgs/include/speech_recognition_msgs/speech_recognition_msgs/msg/phrase_rule.h
[24.604s] -- Installing: /home/hello-robot/ament_ws/install/speech_recognition_msgs/include/speech_recognition_msgs/speech_recognition_msgs/msg/vocabulary.h
[24.604s] -- Installing: /home/hello-robot/ament_ws/install/speech_recognition_msgs/include/speech_recognition_msgs/speech_recognition_msgs/msg/grammar.h
[24.604s] -- Installing: /home/hello-robot/ament_ws/install/speech_recognition_msgs/include/speech_recognition_msgs/speech_recognition_msgs/msg/detail
[24.604s] -- Installing: /home/hello-robot/ament_ws/install/speech_recognition_msgs/include/speech_recognition_msgs/speech_recognition_msgs/msg/detail/vocabulary__functions.c
[24.604s] -- Installing: /home/hello-robot/ament_ws/install/speech_recognition_msgs/include/speech_recognition_msgs/speech_recognition_msgs/msg/detail/phrase_rule__struct.h
[24.605s] -- Installing: /home/hello-robot/ament_ws/install/speech_recognition_msgs/include/speech_recognition_msgs/speech_recognition_msgs/msg/detail/phrase_rule__functions.h
[24.605s] -- Installing: /home/hello-robot/ament_ws/install/speech_recognition_msgs/include/speech_recognition_msgs/speech_recognition_msgs/msg/detail/grammar__struct.h
[24.605s] -- Installing: /home/hello-robot/ament_ws/install/speech_recognition_msgs/include/speech_recognition_msgs/speech_recognition_msgs/msg/detail/vocabulary__type_support.h
[24.605s] -- Installing: /home/hello-robot/ament_ws/install/speech_recognition_msgs/include/speech_recognition_msgs/speech_recognition_msgs/msg/detail/phrase_rule__functions.c
[24.605s] -- Installing: /home/hello-robot/ament_ws/install/speech_recognition_msgs/include/speech_recognition_msgs/speech_recognition_msgs/msg/detail/grammar__functions.c
[24.605s] -- Installing: /home/hello-robot/ament_ws/install/speech_recognition_msgs/include/speech_recognition_msgs/speech_recognition_msgs/msg/detail/phrase_rule__type_support.h
[24.605s] -- Installing: /home/hello-robot/ament_ws/install/speech_recognition_msgs/include/speech_recognition_msgs/speech_recognition_msgs/msg/detail/speech_recognition_candidates__functions.h
[24.605s] -- Installing: /home/hello-robot/ament_ws/install/speech_recognition_msgs/include/speech_recognition_msgs/speech_recognition_msgs/msg/detail/grammar__functions.h
[24.605s] -- Installing: /home/hello-robot/ament_ws/install/speech_recognition_msgs/include/speech_recognition_msgs/speech_recognition_msgs/msg/detail/speech_recognition_candidates__functions.c
[24.605s] -- Installing: /home/hello-robot/ament_ws/install/speech_recognition_msgs/include/speech_recognition_msgs/speech_recognition_msgs/msg/detail/grammar__type_support.h
[24.605s] -- Installing: /home/hello-robot/ament_ws/install/speech_recognition_msgs/include/speech_recognition_msgs/speech_recognition_msgs/msg/detail/vocabulary__struct.h
[24.605s] -- Installing: /home/hello-robot/ament_ws/install/speech_recognition_msgs/include/speech_recognition_msgs/speech_recognition_msgs/msg/detail/vocabulary__functions.h
[24.605s] -- Installing: /home/hello-robot/ament_ws/install/speech_recognition_msgs/include/speech_recognition_msgs/speech_recognition_msgs/msg/detail/speech_recognition_candidates__type_support.h
[24.605s] -- Installing: /home/hello-robot/ament_ws/install/speech_recognition_msgs/include/speech_recognition_msgs/speech_recognition_msgs/msg/detail/speech_recognition_candidates__struct.h
[24.605s] -- Installing: /home/hello-robot/ament_ws/install/speech_recognition_msgs/include/speech_recognition_msgs/speech_recognition_msgs/msg/speech_recognition_candidates.h
[24.605s] -- Installing: /home/hello-robot/ament_ws/install/speech_recognition_msgs/include/speech_recognition_msgs/speech_recognition_msgs/srv
[24.605s] -- Installing: /home/hello-robot/ament_ws/install/speech_recognition_msgs/include/speech_recognition_msgs/speech_recognition_msgs/srv/speech_recognition.h
[24.606s] -- Installing: /home/hello-robot/ament_ws/install/speech_recognition_msgs/include/speech_recognition_msgs/speech_recognition_msgs/srv/detail
[24.606s] -- Installing: /home/hello-robot/ament_ws/install/speech_recognition_msgs/include/speech_recognition_msgs/speech_recognition_msgs/srv/detail/speech_recognition__type_support.h
[24.606s] -- Installing: /home/hello-robot/ament_ws/install/speech_recognition_msgs/include/speech_recognition_msgs/speech_recognition_msgs/srv/detail/speech_recognition__functions.c
[24.606s] -- Installing: /home/hello-robot/ament_ws/install/speech_recognition_msgs/include/speech_recognition_msgs/speech_recognition_msgs/srv/detail/speech_recognition__functions.h
[24.606s] -- Installing: /home/hello-robot/ament_ws/install/speech_recognition_msgs/include/speech_recognition_msgs/speech_recognition_msgs/srv/detail/speech_recognition__struct.h
[24.606s] -- Installing: /home/hello-robot/ament_ws/install/speech_recognition_msgs/share/speech_recognition_msgs/environment/library_path.sh
[24.606s] -- Installing: /home/hello-robot/ament_ws/install/speech_recognition_msgs/share/speech_recognition_msgs/environment/library_path.dsv
[24.606s] -- Installing: /home/hello-robot/ament_ws/install/speech_recognition_msgs/lib/libspeech_recognition_msgs__rosidl_generator_c.so
[24.606s] -- Set runtime path of "/home/hello-robot/ament_ws/install/speech_recognition_msgs/lib/libspeech_recognition_msgs__rosidl_generator_c.so" to ""
[24.606s] -- Up-to-date: /home/hello-robot/ament_ws/install/speech_recognition_msgs/include/speech_recognition_msgs/speech_recognition_msgs
[24.606s] -- Up-to-date: /home/hello-robot/ament_ws/install/speech_recognition_msgs/include/speech_recognition_msgs/speech_recognition_msgs/msg
[24.606s] -- Installing: /home/hello-robot/ament_ws/install/speech_recognition_msgs/include/speech_recognition_msgs/speech_recognition_msgs/msg/rosidl_typesupport_fastrtps_c__visibility_control.h
[24.606s] -- Up-to-date: /home/hello-robot/ament_ws/install/speech_recognition_msgs/include/speech_recognition_msgs/speech_recognition_msgs/msg/detail
[24.606s] -- Installing: /home/hello-robot/ament_ws/install/speech_recognition_msgs/include/speech_recognition_msgs/speech_recognition_msgs/msg/detail/grammar__rosidl_typesupport_fastrtps_c.h
[24.606s] -- Installing: /home/hello-robot/ament_ws/install/speech_recognition_msgs/include/speech_recognition_msgs/speech_recognition_msgs/msg/detail/speech_recognition_candidates__rosidl_typesupport_fastrtps_c.h
[24.606s] -- Installing: /home/hello-robot/ament_ws/install/speech_recognition_msgs/include/speech_recognition_msgs/speech_recognition_msgs/msg/detail/vocabulary__rosidl_typesupport_fastrtps_c.h
[24.606s] -- Installing: /home/hello-robot/ament_ws/install/speech_recognition_msgs/include/speech_recognition_msgs/speech_recognition_msgs/msg/detail/phrase_rule__rosidl_typesupport_fastrtps_c.h
[24.606s] -- Up-to-date: /home/hello-robot/ament_ws/install/speech_recognition_msgs/include/speech_recognition_msgs/speech_recognition_msgs/srv
[24.607s] -- Up-to-date: /home/hello-robot/ament_ws/install/speech_recognition_msgs/include/speech_recognition_msgs/speech_recognition_msgs/srv/detail
[24.607s] -- Installing: /home/hello-robot/ament_ws/install/speech_recognition_msgs/include/speech_recognition_msgs/speech_recognition_msgs/srv/detail/speech_recognition__rosidl_typesupport_fastrtps_c.h
[24.607s] -- Installing: /home/hello-robot/ament_ws/install/speech_recognition_msgs/lib/libspeech_recognition_msgs__rosidl_typesupport_fastrtps_c.so
[24.607s] -- Set runtime path of "/home/hello-robot/ament_ws/install/speech_recognition_msgs/lib/libspeech_recognition_msgs__rosidl_typesupport_fastrtps_c.so" to ""
[24.607s] -- Up-to-date: /home/hello-robot/ament_ws/install/speech_recognition_msgs/include/speech_recognition_msgs/speech_recognition_msgs
[24.607s] -- Up-to-date: /home/hello-robot/ament_ws/install/speech_recognition_msgs/include/speech_recognition_msgs/speech_recognition_msgs/msg
[24.607s] -- Installing: /home/hello-robot/ament_ws/install/speech_recognition_msgs/include/speech_recognition_msgs/speech_recognition_msgs/msg/rosidl_typesupport_introspection_c__visibility_control.h
[24.607s] -- Up-to-date: /home/hello-robot/ament_ws/install/speech_recognition_msgs/include/speech_recognition_msgs/speech_recognition_msgs/msg/detail
[24.607s] -- Installing: /home/hello-robot/ament_ws/install/speech_recognition_msgs/include/speech_recognition_msgs/speech_recognition_msgs/msg/detail/phrase_rule__type_support.c
[24.607s] -- Installing: /home/hello-robot/ament_ws/install/speech_recognition_msgs/include/speech_recognition_msgs/speech_recognition_msgs/msg/detail/vocabulary__rosidl_typesupport_introspection_c.h
[24.607s] -- Installing: /home/hello-robot/ament_ws/install/speech_recognition_msgs/include/speech_recognition_msgs/speech_recognition_msgs/msg/detail/grammar__type_support.c
[24.608s] -- Installing: /home/hello-robot/ament_ws/install/speech_recognition_msgs/include/speech_recognition_msgs/speech_recognition_msgs/msg/detail/vocabulary__type_support.c
[24.608s] -- Installing: /home/hello-robot/ament_ws/install/speech_recognition_msgs/include/speech_recognition_msgs/speech_recognition_msgs/msg/detail/speech_recognition_candidates__type_support.c
[24.608s] -- Installing: /home/hello-robot/ament_ws/install/speech_recognition_msgs/include/speech_recognition_msgs/speech_recognition_msgs/msg/detail/phrase_rule__rosidl_typesupport_introspection_c.h
[24.608s] -- Installing: /home/hello-robot/ament_ws/install/speech_recognition_msgs/include/speech_recognition_msgs/speech_recognition_msgs/msg/detail/speech_recognition_candidates__rosidl_typesupport_introspection_c.h
[24.608s] -- Installing: /home/hello-robot/ament_ws/install/speech_recognition_msgs/include/speech_recognition_msgs/speech_recognition_msgs/msg/detail/grammar__rosidl_typesupport_introspection_c.h
[24.608s] -- Up-to-date: /home/hello-robot/ament_ws/install/speech_recognition_msgs/include/speech_recognition_msgs/speech_recognition_msgs/srv
[24.608s] -- Up-to-date: /home/hello-robot/ament_ws/install/speech_recognition_msgs/include/speech_recognition_msgs/speech_recognition_msgs/srv/detail
[24.608s] -- Installing: /home/hello-robot/ament_ws/install/speech_recognition_msgs/include/speech_recognition_msgs/speech_recognition_msgs/srv/detail/speech_recognition__rosidl_typesupport_introspection_c.h
[24.608s] -- Installing: /home/hello-robot/ament_ws/install/speech_recognition_msgs/include/speech_recognition_msgs/speech_recognition_msgs/srv/detail/speech_recognition__type_support.c
[24.608s] -- Installing: /home/hello-robot/ament_ws/install/speech_recognition_msgs/lib/libspeech_recognition_msgs__rosidl_typesupport_introspection_c.so
[24.608s] -- Set runtime path of "/home/hello-robot/ament_ws/install/speech_recognition_msgs/lib/libspeech_recognition_msgs__rosidl_typesupport_introspection_c.so" to ""
[24.609s] -- Installing: /home/hello-robot/ament_ws/install/speech_recognition_msgs/lib/libspeech_recognition_msgs__rosidl_typesupport_c.so
[24.609s] -- Set runtime path of "/home/hello-robot/ament_ws/install/speech_recognition_msgs/lib/libspeech_recognition_msgs__rosidl_typesupport_c.so" to ""
[24.609s] -- Up-to-date: /home/hello-robot/ament_ws/install/speech_recognition_msgs/include/speech_recognition_msgs/speech_recognition_msgs
[24.609s] -- Up-to-date: /home/hello-robot/ament_ws/install/speech_recognition_msgs/include/speech_recognition_msgs/speech_recognition_msgs/msg
[24.609s] -- Installing: /home/hello-robot/ament_ws/install/speech_recognition_msgs/include/speech_recognition_msgs/speech_recognition_msgs/msg/vocabulary.hpp
[24.609s] -- Installing: /home/hello-robot/ament_ws/install/speech_recognition_msgs/include/speech_recognition_msgs/speech_recognition_msgs/msg/speech_recognition_candidates.hpp
[24.609s] -- Installing: /home/hello-robot/ament_ws/install/speech_recognition_msgs/include/speech_recognition_msgs/speech_recognition_msgs/msg/grammar.hpp
[24.609s] -- Up-to-date: /home/hello-robot/ament_ws/install/speech_recognition_msgs/include/speech_recognition_msgs/speech_recognition_msgs/msg/detail
[24.609s] -- Installing: /home/hello-robot/ament_ws/install/speech_recognition_msgs/include/speech_recognition_msgs/speech_recognition_msgs/msg/detail/phrase_rule__struct.hpp
[24.609s] -- Installing: /home/hello-robot/ament_ws/install/speech_recognition_msgs/include/speech_recognition_msgs/speech_recognition_msgs/msg/detail/phrase_rule__traits.hpp
[24.609s] -- Installing: /home/hello-robot/ament_ws/install/speech_recognition_msgs/include/speech_recognition_msgs/speech_recognition_msgs/msg/detail/speech_recognition_candidates__builder.hpp
[24.609s] -- Installing: /home/hello-robot/ament_ws/install/speech_recognition_msgs/include/speech_recognition_msgs/speech_recognition_msgs/msg/detail/speech_recognition_candidates__traits.hpp
[24.609s] -- Installing: /home/hello-robot/ament_ws/install/speech_recognition_msgs/include/speech_recognition_msgs/speech_recognition_msgs/msg/detail/grammar__struct.hpp
[24.609s] -- Installing: /home/hello-robot/ament_ws/install/speech_recognition_msgs/include/speech_recognition_msgs/speech_recognition_msgs/msg/detail/speech_recognition_candidates__struct.hpp
[24.609s] -- Installing: /home/hello-robot/ament_ws/install/speech_recognition_msgs/include/speech_recognition_msgs/speech_recognition_msgs/msg/detail/grammar__builder.hpp
[24.609s] -- Installing: /home/hello-robot/ament_ws/install/speech_recognition_msgs/include/speech_recognition_msgs/speech_recognition_msgs/msg/detail/grammar__traits.hpp
[24.609s] -- Installing: /home/hello-robot/ament_ws/install/speech_recognition_msgs/include/speech_recognition_msgs/speech_recognition_msgs/msg/detail/vocabulary__builder.hpp
[24.610s] -- Installing: /home/hello-robot/ament_ws/install/speech_recognition_msgs/include/speech_recognition_msgs/speech_recognition_msgs/msg/detail/vocabulary__struct.hpp
[24.610s] -- Installing: /home/hello-robot/ament_ws/install/speech_recognition_msgs/include/speech_recognition_msgs/speech_recognition_msgs/msg/detail/phrase_rule__builder.hpp
[24.610s] -- Installing: /home/hello-robot/ament_ws/install/speech_recognition_msgs/include/speech_recognition_msgs/speech_recognition_msgs/msg/detail/vocabulary__traits.hpp
[24.610s] -- Installing: /home/hello-robot/ament_ws/install/speech_recognition_msgs/include/speech_recognition_msgs/speech_recognition_msgs/msg/phrase_rule.hpp
[24.610s] -- Up-to-date: /home/hello-robot/ament_ws/install/speech_recognition_msgs/include/speech_recognition_msgs/speech_recognition_msgs/srv
[24.610s] -- Installing: /home/hello-robot/ament_ws/install/speech_recognition_msgs/include/speech_recognition_msgs/speech_recognition_msgs/srv/speech_recognition.hpp
[24.610s] -- Up-to-date: /home/hello-robot/ament_ws/install/speech_recognition_msgs/include/speech_recognition_msgs/speech_recognition_msgs/srv/detail
[24.610s] -- Installing: /home/hello-robot/ament_ws/install/speech_recognition_msgs/include/speech_recognition_msgs/speech_recognition_msgs/srv/detail/speech_recognition__traits.hpp
[24.610s] -- Installing: /home/hello-robot/ament_ws/install/speech_recognition_msgs/include/speech_recognition_msgs/speech_recognition_msgs/srv/detail/speech_recognition__struct.hpp
[24.610s] -- Installing: /home/hello-robot/ament_ws/install/speech_recognition_msgs/include/speech_recognition_msgs/speech_recognition_msgs/srv/detail/speech_recognition__builder.hpp
[24.610s] -- Up-to-date: /home/hello-robot/ament_ws/install/speech_recognition_msgs/include/speech_recognition_msgs/speech_recognition_msgs
[24.610s] -- Up-to-date: /home/hello-robot/ament_ws/install/speech_recognition_msgs/include/speech_recognition_msgs/speech_recognition_msgs/msg
[24.610s] -- Up-to-date: /home/hello-robot/ament_ws/install/speech_recognition_msgs/include/speech_recognition_msgs/speech_recognition_msgs/msg/detail
[24.610s] -- Installing: /home/hello-robot/ament_ws/install/speech_recognition_msgs/include/speech_recognition_msgs/speech_recognition_msgs/msg/detail/dds_fastrtps
[24.610s] -- Installing: /home/hello-robot/ament_ws/install/speech_recognition_msgs/include/speech_recognition_msgs/speech_recognition_msgs/msg/detail/vocabulary__rosidl_typesupport_fastrtps_cpp.hpp
[24.610s] -- Installing: /home/hello-robot/ament_ws/install/speech_recognition_msgs/include/speech_recognition_msgs/speech_recognition_msgs/msg/detail/grammar__rosidl_typesupport_fastrtps_cpp.hpp
[24.610s] -- Installing: /home/hello-robot/ament_ws/install/speech_recognition_msgs/include/speech_recognition_msgs/speech_recognition_msgs/msg/detail/speech_recognition_candidates__rosidl_typesupport_fastrtps_cpp.hpp
[24.611s] -- Installing: /home/hello-robot/ament_ws/install/speech_recognition_msgs/include/speech_recognition_msgs/speech_recognition_msgs/msg/detail/phrase_rule__rosidl_typesupport_fastrtps_cpp.hpp
[24.611s] -- Installing: /home/hello-robot/ament_ws/install/speech_recognition_msgs/include/speech_recognition_msgs/speech_recognition_msgs/msg/rosidl_typesupport_fastrtps_cpp__visibility_control.h
[24.611s] -- Up-to-date: /home/hello-robot/ament_ws/install/speech_recognition_msgs/include/speech_recognition_msgs/speech_recognition_msgs/srv
[24.611s] -- Up-to-date: /home/hello-robot/ament_ws/install/speech_recognition_msgs/include/speech_recognition_msgs/speech_recognition_msgs/srv/detail
[24.611s] -- Installing: /home/hello-robot/ament_ws/install/speech_recognition_msgs/include/speech_recognition_msgs/speech_recognition_msgs/srv/detail/dds_fastrtps
[24.611s] -- Installing: /home/hello-robot/ament_ws/install/speech_recognition_msgs/include/speech_recognition_msgs/speech_recognition_msgs/srv/detail/speech_recognition__rosidl_typesupport_fastrtps_cpp.hpp
[24.611s] -- Installing: /home/hello-robot/ament_ws/install/speech_recognition_msgs/lib/libspeech_recognition_msgs__rosidl_typesupport_fastrtps_cpp.so
[24.611s] -- Set runtime path of "/home/hello-robot/ament_ws/install/speech_recognition_msgs/lib/libspeech_recognition_msgs__rosidl_typesupport_fastrtps_cpp.so" to ""
[24.611s] -- Up-to-date: /home/hello-robot/ament_ws/install/speech_recognition_msgs/include/speech_recognition_msgs/speech_recognition_msgs
[24.611s] -- Up-to-date: /home/hello-robot/ament_ws/install/speech_recognition_msgs/include/speech_recognition_msgs/speech_recognition_msgs/msg
[24.611s] -- Up-to-date: /home/hello-robot/ament_ws/install/speech_recognition_msgs/include/speech_recognition_msgs/speech_recognition_msgs/msg/detail
[24.611s] -- Installing: /home/hello-robot/ament_ws/install/speech_recognition_msgs/include/speech_recognition_msgs/speech_recognition_msgs/msg/detail/grammar__rosidl_typesupport_introspection_cpp.hpp
[24.611s] -- Installing: /home/hello-robot/ament_ws/install/speech_recognition_msgs/include/speech_recognition_msgs/speech_recognition_msgs/msg/detail/speech_recognition_candidates__rosidl_typesupport_introspection_cpp.hpp
[24.611s] -- Installing: /home/hello-robot/ament_ws/install/speech_recognition_msgs/include/speech_recognition_msgs/speech_recognition_msgs/msg/detail/phrase_rule__rosidl_typesupport_introspection_cpp.hpp
[24.611s] -- Installing: /home/hello-robot/ament_ws/install/speech_recognition_msgs/include/speech_recognition_msgs/speech_recognition_msgs/msg/detail/vocabulary__type_support.cpp
[24.611s] -- Installing: /home/hello-robot/ament_ws/install/speech_recognition_msgs/include/speech_recognition_msgs/speech_recognition_msgs/msg/detail/grammar__type_support.cpp
[24.611s] -- Installing: /home/hello-robot/ament_ws/install/speech_recognition_msgs/include/speech_recognition_msgs/speech_recognition_msgs/msg/detail/vocabulary__rosidl_typesupport_introspection_cpp.hpp
[24.612s] -- Installing: /home/hello-robot/ament_ws/install/speech_recognition_msgs/include/speech_recognition_msgs/speech_recognition_msgs/msg/detail/speech_recognition_candidates__type_support.cpp
[24.612s] -- Installing: /home/hello-robot/ament_ws/install/speech_recognition_msgs/include/speech_recognition_msgs/speech_recognition_msgs/msg/detail/phrase_rule__type_support.cpp
[24.612s] -- Up-to-date: /home/hello-robot/ament_ws/install/speech_recognition_msgs/include/speech_recognition_msgs/speech_recognition_msgs/srv
[24.612s] -- Up-to-date: /home/hello-robot/ament_ws/install/speech_recognition_msgs/include/speech_recognition_msgs/speech_recognition_msgs/srv/detail
[24.612s] -- Installing: /home/hello-robot/ament_ws/install/speech_recognition_msgs/include/speech_recognition_msgs/speech_recognition_msgs/srv/detail/speech_recognition__rosidl_typesupport_introspection_cpp.hpp
[24.612s] -- Installing: /home/hello-robot/ament_ws/install/speech_recognition_msgs/include/speech_recognition_msgs/speech_recognition_msgs/srv/detail/speech_recognition__type_support.cpp
[24.612s] -- Installing: /home/hello-robot/ament_ws/install/speech_recognition_msgs/lib/libspeech_recognition_msgs__rosidl_typesupport_introspection_cpp.so
[24.612s] -- Set runtime path of "/home/hello-robot/ament_ws/install/speech_recognition_msgs/lib/libspeech_recognition_msgs__rosidl_typesupport_introspection_cpp.so" to ""
[24.612s] -- Installing: /home/hello-robot/ament_ws/install/speech_recognition_msgs/lib/libspeech_recognition_msgs__rosidl_typesupport_cpp.so
[24.612s] -- Set runtime path of "/home/hello-robot/ament_ws/install/speech_recognition_msgs/lib/libspeech_recognition_msgs__rosidl_typesupport_cpp.so" to ""
[24.612s] -- Installing: /home/hello-robot/ament_ws/install/speech_recognition_msgs/share/speech_recognition_msgs/environment/pythonpath.sh
[24.612s] -- Installing: /home/hello-robot/ament_ws/install/speech_recognition_msgs/share/speech_recognition_msgs/environment/pythonpath.dsv
[24.612s] -- Installing: /home/hello-robot/ament_ws/install/speech_recognition_msgs/local/lib/python3.10/dist-packages/speech_recognition_msgs-4.3.2-py3.10.egg-info
[24.612s] -- Installing: /home/hello-robot/ament_ws/install/speech_recognition_msgs/local/lib/python3.10/dist-packages/speech_recognition_msgs-4.3.2-py3.10.egg-info/PKG-INFO
[24.612s] -- Installing: /home/hello-robot/ament_ws/install/speech_recognition_msgs/local/lib/python3.10/dist-packages/speech_recognition_msgs-4.3.2-py3.10.egg-info/dependency_links.txt
[24.612s] -- Installing: /home/hello-robot/ament_ws/install/speech_recognition_msgs/local/lib/python3.10/dist-packages/speech_recognition_msgs-4.3.2-py3.10.egg-info/SOURCES.txt
[24.612s] -- Installing: /home/hello-robot/ament_ws/install/speech_recognition_msgs/local/lib/python3.10/dist-packages/speech_recognition_msgs-4.3.2-py3.10.egg-info/top_level.txt
[24.613s] -- Installing: /home/hello-robot/ament_ws/install/speech_recognition_msgs/local/lib/python3.10/dist-packages/speech_recognition_msgs
[24.613s] -- Installing: /home/hello-robot/ament_ws/install/speech_recognition_msgs/local/lib/python3.10/dist-packages/speech_recognition_msgs/speech_recognition_msgs_s__rosidl_typesupport_c.cpython-310-x86_64-linux-gnu.so
[24.613s] -- Installing: /home/hello-robot/ament_ws/install/speech_recognition_msgs/local/lib/python3.10/dist-packages/speech_recognition_msgs/msg
[24.613s] -- Installing: /home/hello-robot/ament_ws/install/speech_recognition_msgs/local/lib/python3.10/dist-packages/speech_recognition_msgs/msg/_speech_recognition_candidates_s.c
[24.613s] -- Installing: /home/hello-robot/ament_ws/install/speech_recognition_msgs/local/lib/python3.10/dist-packages/speech_recognition_msgs/msg/_vocabulary_s.c
[24.613s] -- Installing: /home/hello-robot/ament_ws/install/speech_recognition_msgs/local/lib/python3.10/dist-packages/speech_recognition_msgs/msg/__init__.py
[24.613s] -- Installing: /home/hello-robot/ament_ws/install/speech_recognition_msgs/local/lib/python3.10/dist-packages/speech_recognition_msgs/msg/_phrase_rule.py
[24.613s] -- Installing: /home/hello-robot/ament_ws/install/speech_recognition_msgs/local/lib/python3.10/dist-packages/speech_recognition_msgs/msg/_speech_recognition_candidates.py
[24.613s] -- Installing: /home/hello-robot/ament_ws/install/speech_recognition_msgs/local/lib/python3.10/dist-packages/speech_recognition_msgs/msg/_grammar.py
[24.613s] -- Installing: /home/hello-robot/ament_ws/install/speech_recognition_msgs/local/lib/python3.10/dist-packages/speech_recognition_msgs/msg/_phrase_rule_s.c
[24.613s] -- Installing: /home/hello-robot/ament_ws/install/speech_recognition_msgs/local/lib/python3.10/dist-packages/speech_recognition_msgs/msg/_vocabulary.py
[24.613s] -- Installing: /home/hello-robot/ament_ws/install/speech_recognition_msgs/local/lib/python3.10/dist-packages/speech_recognition_msgs/msg/_grammar_s.c
[24.613s] -- Installing: /home/hello-robot/ament_ws/install/speech_recognition_msgs/local/lib/python3.10/dist-packages/speech_recognition_msgs/__init__.py
[24.613s] -- Installing: /home/hello-robot/ament_ws/install/speech_recognition_msgs/local/lib/python3.10/dist-packages/speech_recognition_msgs/_speech_recognition_msgs_s.ep.rosidl_typesupport_c.c
[24.613s] -- Installing: /home/hello-robot/ament_ws/install/speech_recognition_msgs/local/lib/python3.10/dist-packages/speech_recognition_msgs/_speech_recognition_msgs_s.ep.rosidl_typesupport_introspection_c.c
[24.613s] -- Installing: /home/hello-robot/ament_ws/install/speech_recognition_msgs/local/lib/python3.10/dist-packages/speech_recognition_msgs/libspeech_recognition_msgs__rosidl_generator_py.so
[24.613s] -- Installing: /home/hello-robot/ament_ws/install/speech_recognition_msgs/local/lib/python3.10/dist-packages/speech_recognition_msgs/speech_recognition_msgs_s__rosidl_typesupport_fastrtps_c.cpython-310-x86_64-linux-gnu.so
[24.613s] -- Installing: /home/hello-robot/ament_ws/install/speech_recognition_msgs/local/lib/python3.10/dist-packages/speech_recognition_msgs/speech_recognition_msgs_s__rosidl_typesupport_introspection_c.cpython-310-x86_64-linux-gnu.so
[24.614s] -- Installing: /home/hello-robot/ament_ws/install/speech_recognition_msgs/local/lib/python3.10/dist-packages/speech_recognition_msgs/_speech_recognition_msgs_s.ep.rosidl_typesupport_fastrtps_c.c
[24.614s] -- Installing: /home/hello-robot/ament_ws/install/speech_recognition_msgs/local/lib/python3.10/dist-packages/speech_recognition_msgs/srv
[24.614s] -- Installing: /home/hello-robot/ament_ws/install/speech_recognition_msgs/local/lib/python3.10/dist-packages/speech_recognition_msgs/srv/__init__.py
[24.614s] -- Installing: /home/hello-robot/ament_ws/install/speech_recognition_msgs/local/lib/python3.10/dist-packages/speech_recognition_msgs/srv/_speech_recognition.py
[24.614s] -- Installing: /home/hello-robot/ament_ws/install/speech_recognition_msgs/local/lib/python3.10/dist-packages/speech_recognition_msgs/srv/_speech_recognition_s.c
[25.004s] Listing '/home/hello-robot/ament_ws/install/speech_recognition_msgs/local/lib/python3.10/dist-packages/speech_recognition_msgs'...
[25.004s] Compiling '/home/hello-robot/ament_ws/install/speech_recognition_msgs/local/lib/python3.10/dist-packages/speech_recognition_msgs/__init__.py'...
[25.004s] Listing '/home/hello-robot/ament_ws/install/speech_recognition_msgs/local/lib/python3.10/dist-packages/speech_recognition_msgs/msg'...
[25.004s] Compiling '/home/hello-robot/ament_ws/install/speech_recognition_msgs/local/lib/python3.10/dist-packages/speech_recognition_msgs/msg/__init__.py'...
[25.004s] Compiling '/home/hello-robot/ament_ws/install/speech_recognition_msgs/local/lib/python3.10/dist-packages/speech_recognition_msgs/msg/_grammar.py'...
[25.004s] Compiling '/home/hello-robot/ament_ws/install/speech_recognition_msgs/local/lib/python3.10/dist-packages/speech_recognition_msgs/msg/_phrase_rule.py'...
[25.005s] Compiling '/home/hello-robot/ament_ws/install/speech_recognition_msgs/local/lib/python3.10/dist-packages/speech_recognition_msgs/msg/_speech_recognition_candidates.py'...
[25.005s] Compiling '/home/hello-robot/ament_ws/install/speech_recognition_msgs/local/lib/python3.10/dist-packages/speech_recognition_msgs/msg/_vocabulary.py'...
[25.005s] Listing '/home/hello-robot/ament_ws/install/speech_recognition_msgs/local/lib/python3.10/dist-packages/speech_recognition_msgs/srv'...
[25.005s] Compiling '/home/hello-robot/ament_ws/install/speech_recognition_msgs/local/lib/python3.10/dist-packages/speech_recognition_msgs/srv/__init__.py'...
[25.005s] Compiling '/home/hello-robot/ament_ws/install/speech_recognition_msgs/local/lib/python3.10/dist-packages/speech_recognition_msgs/srv/_speech_recognition.py'...
[25.005s] -- Installing: /home/hello-robot/ament_ws/install/speech_recognition_msgs/local/lib/python3.10/dist-packages/speech_recognition_msgs/speech_recognition_msgs_s__rosidl_typesupport_fastrtps_c.cpython-310-x86_64-linux-gnu.so
[25.005s] -- Set runtime path of "/home/hello-robot/ament_ws/install/speech_recognition_msgs/local/lib/python3.10/dist-packages/speech_recognition_msgs/speech_recognition_msgs_s__rosidl_typesupport_fastrtps_c.cpython-310-x86_64-linux-gnu.so" to ""
[25.005s] -- Installing: /home/hello-robot/ament_ws/install/speech_recognition_msgs/local/lib/python3.10/dist-packages/speech_recognition_msgs/speech_recognition_msgs_s__rosidl_typesupport_introspection_c.cpython-310-x86_64-linux-gnu.so
[25.005s] -- Set runtime path of "/home/hello-robot/ament_ws/install/speech_recognition_msgs/local/lib/python3.10/dist-packages/speech_recognition_msgs/speech_recognition_msgs_s__rosidl_typesupport_introspection_c.cpython-310-x86_64-linux-gnu.so" to ""
[25.005s] -- Installing: /home/hello-robot/ament_ws/install/speech_recognition_msgs/local/lib/python3.10/dist-packages/speech_recognition_msgs/speech_recognition_msgs_s__rosidl_typesupport_c.cpython-310-x86_64-linux-gnu.so
[25.005s] -- Set runtime path of "/home/hello-robot/ament_ws/install/speech_recognition_msgs/local/lib/python3.10/dist-packages/speech_recognition_msgs/speech_recognition_msgs_s__rosidl_typesupport_c.cpython-310-x86_64-linux-gnu.so" to ""
[25.005s] -- Installing: /home/hello-robot/ament_ws/install/speech_recognition_msgs/lib/libspeech_recognition_msgs__rosidl_generator_py.so
[25.005s] -- Set runtime path of "/home/hello-robot/ament_ws/install/speech_recognition_msgs/lib/libspeech_recognition_msgs__rosidl_generator_py.so" to ""
[25.005s] -- Installing: /home/hello-robot/ament_ws/install/speech_recognition_msgs/share/speech_recognition_msgs/msg/Grammar.idl
[25.005s] -- Installing: /home/hello-robot/ament_ws/install/speech_recognition_msgs/share/speech_recognition_msgs/msg/PhraseRule.idl
[25.006s] -- Installing: /home/hello-robot/ament_ws/install/speech_recognition_msgs/share/speech_recognition_msgs/msg/SpeechRecognitionCandidates.idl
[25.006s] -- Installing: /home/hello-robot/ament_ws/install/speech_recognition_msgs/share/speech_recognition_msgs/msg/Vocabulary.idl
[25.006s] -- Installing: /home/hello-robot/ament_ws/install/speech_recognition_msgs/share/speech_recognition_msgs/srv/SpeechRecognition.idl
[25.006s] -- Installing: /home/hello-robot/ament_ws/install/speech_recognition_msgs/share/speech_recognition_msgs/msg/Grammar.msg
[25.006s] -- Installing: /home/hello-robot/ament_ws/install/speech_recognition_msgs/share/speech_recognition_msgs/msg/PhraseRule.msg
[25.006s] -- Installing: /home/hello-robot/ament_ws/install/speech_recognition_msgs/share/speech_recognition_msgs/msg/SpeechRecognitionCandidates.msg
[25.006s] -- Installing: /home/hello-robot/ament_ws/install/speech_recognition_msgs/share/speech_recognition_msgs/msg/Vocabulary.msg
[25.006s] -- Installing: /home/hello-robot/ament_ws/install/speech_recognition_msgs/share/speech_recognition_msgs/srv/SpeechRecognition.srv
[25.006s] -- Installing: /home/hello-robot/ament_ws/install/speech_recognition_msgs/share/speech_recognition_msgs/srv/SpeechRecognition_Request.msg
[25.006s] -- Installing: /home/hello-robot/ament_ws/install/speech_recognition_msgs/share/speech_recognition_msgs/srv/SpeechRecognition_Response.msg
[25.006s] -- Installing: /home/hello-robot/ament_ws/install/speech_recognition_msgs/share/ament_index/resource_index/package_run_dependencies/speech_recognition_msgs
[25.006s] -- Installing: /home/hello-robot/ament_ws/install/speech_recognition_msgs/share/ament_index/resource_index/parent_prefix_path/speech_recognition_msgs
[25.006s] -- Installing: /home/hello-robot/ament_ws/install/speech_recognition_msgs/share/speech_recognition_msgs/environment/ament_prefix_path.sh
[25.006s] -- Installing: /home/hello-robot/ament_ws/install/speech_recognition_msgs/share/speech_recognition_msgs/environment/ament_prefix_path.dsv
[25.006s] -- Installing: /home/hello-robot/ament_ws/install/speech_recognition_msgs/share/speech_recognition_msgs/environment/path.sh
[25.006s] -- Installing: /home/hello-robot/ament_ws/install/speech_recognition_msgs/share/speech_recognition_msgs/environment/path.dsv
[25.006s] -- Installing: /home/hello-robot/ament_ws/install/speech_recognition_msgs/share/speech_recognition_msgs/local_setup.bash
[25.007s] -- Installing: /home/hello-robot/ament_ws/install/speech_recognition_msgs/share/speech_recognition_msgs/local_setup.sh
[25.007s] -- Installing: /home/hello-robot/ament_ws/install/speech_recognition_msgs/share/speech_recognition_msgs/local_setup.zsh
[25.007s] -- Installing: /home/hello-robot/ament_ws/install/speech_recognition_msgs/share/speech_recognition_msgs/local_setup.dsv
[25.007s] -- Installing: /home/hello-robot/ament_ws/install/speech_recognition_msgs/share/speech_recognition_msgs/package.dsv
[25.007s] -- Installing: /home/hello-robot/ament_ws/install/speech_recognition_msgs/share/ament_index/resource_index/packages/speech_recognition_msgs
[25.007s] -- Installing: /home/hello-robot/ament_ws/install/speech_recognition_msgs/share/speech_recognition_msgs/cmake/export_speech_recognition_msgs__rosidl_generator_cExport.cmake
[25.007s] -- Installing: /home/hello-robot/ament_ws/install/speech_recognition_msgs/share/speech_recognition_msgs/cmake/export_speech_recognition_msgs__rosidl_generator_cExport-release.cmake
[25.007s] -- Installing: /home/hello-robot/ament_ws/install/speech_recognition_msgs/share/speech_recognition_msgs/cmake/export_speech_recognition_msgs__rosidl_typesupport_fastrtps_cExport.cmake
[25.007s] -- Installing: /home/hello-robot/ament_ws/install/speech_recognition_msgs/share/speech_recognition_msgs/cmake/export_speech_recognition_msgs__rosidl_typesupport_fastrtps_cExport-release.cmake
[25.007s] -- Installing: /home/hello-robot/ament_ws/install/speech_recognition_msgs/share/speech_recognition_msgs/cmake/speech_recognition_msgs__rosidl_typesupport_introspection_cExport.cmake
[25.007s] -- Installing: /home/hello-robot/ament_ws/install/speech_recognition_msgs/share/speech_recognition_msgs/cmake/speech_recognition_msgs__rosidl_typesupport_introspection_cExport-release.cmake
[25.007s] -- Installing: /home/hello-robot/ament_ws/install/speech_recognition_msgs/share/speech_recognition_msgs/cmake/speech_recognition_msgs__rosidl_typesupport_cExport.cmake
[25.007s] -- Installing: /home/hello-robot/ament_ws/install/speech_recognition_msgs/share/speech_recognition_msgs/cmake/speech_recognition_msgs__rosidl_typesupport_cExport-release.cmake
[25.007s] -- Installing: /home/hello-robot/ament_ws/install/speech_recognition_msgs/share/speech_recognition_msgs/cmake/export_speech_recognition_msgs__rosidl_generator_cppExport.cmake
[25.007s] -- Installing: /home/hello-robot/ament_ws/install/speech_recognition_msgs/share/speech_recognition_msgs/cmake/export_speech_recognition_msgs__rosidl_typesupport_fastrtps_cppExport.cmake
[25.007s] -- Installing: /home/hello-robot/ament_ws/install/speech_recognition_msgs/share/speech_recognition_msgs/cmake/export_speech_recognition_msgs__rosidl_typesupport_fastrtps_cppExport-release.cmake
[25.007s] -- Installing: /home/hello-robot/ament_ws/install/speech_recognition_msgs/share/speech_recognition_msgs/cmake/speech_recognition_msgs__rosidl_typesupport_introspection_cppExport.cmake
[25.007s] -- Installing: /home/hello-robot/ament_ws/install/speech_recognition_msgs/share/speech_recognition_msgs/cmake/speech_recognition_msgs__rosidl_typesupport_introspection_cppExport-release.cmake
[25.008s] -- Installing: /home/hello-robot/ament_ws/install/speech_recognition_msgs/share/speech_recognition_msgs/cmake/speech_recognition_msgs__rosidl_typesupport_cppExport.cmake
[25.008s] -- Installing: /home/hello-robot/ament_ws/install/speech_recognition_msgs/share/speech_recognition_msgs/cmake/speech_recognition_msgs__rosidl_typesupport_cppExport-release.cmake
[25.008s] -- Installing: /home/hello-robot/ament_ws/install/speech_recognition_msgs/share/speech_recognition_msgs/cmake/export_speech_recognition_msgs__rosidl_generator_pyExport.cmake
[25.008s] -- Installing: /home/hello-robot/ament_ws/install/speech_recognition_msgs/share/speech_recognition_msgs/cmake/export_speech_recognition_msgs__rosidl_generator_pyExport-release.cmake
[25.008s] -- Installing: /home/hello-robot/ament_ws/install/speech_recognition_msgs/share/speech_recognition_msgs/cmake/rosidl_cmake-extras.cmake
[25.008s] -- Installing: /home/hello-robot/ament_ws/install/speech_recognition_msgs/share/speech_recognition_msgs/cmake/ament_cmake_export_dependencies-extras.cmake
[25.008s] -- Installing: /home/hello-robot/ament_ws/install/speech_recognition_msgs/share/speech_recognition_msgs/cmake/ament_cmake_export_include_directories-extras.cmake
[25.008s] -- Installing: /home/hello-robot/ament_ws/install/speech_recognition_msgs/share/speech_recognition_msgs/cmake/ament_cmake_export_libraries-extras.cmake
[25.008s] -- Installing: /home/hello-robot/ament_ws/install/speech_recognition_msgs/share/speech_recognition_msgs/cmake/ament_cmake_export_targets-extras.cmake
[25.008s] -- Installing: /home/hello-robot/ament_ws/install/speech_recognition_msgs/share/speech_recognition_msgs/cmake/rosidl_cmake_export_typesupport_targets-extras.cmake
[25.008s] -- Installing: /home/hello-robot/ament_ws/install/speech_recognition_msgs/share/speech_recognition_msgs/cmake/rosidl_cmake_export_typesupport_libraries-extras.cmake
[25.008s] -- Installing: /home/hello-robot/ament_ws/install/speech_recognition_msgs/share/speech_recognition_msgs/cmake/speech_recognition_msgsConfig.cmake
[25.008s] -- Installing: /home/hello-robot/ament_ws/install/speech_recognition_msgs/share/speech_recognition_msgs/cmake/speech_recognition_msgsConfig-version.cmake
[25.008s] -- Installing: /home/hello-robot/ament_ws/install/speech_recognition_msgs/share/speech_recognition_msgs/package.xml
[25.010s] Invoked command in '/home/hello-robot/ament_ws/build/speech_recognition_msgs' returned '0': CMAKE_PREFIX_PATH=${CMAKE_PREFIX_PATH}:/home/hello-robot/ament_ws/install/tf2_web_republisher_py:/home/hello-robot/ament_ws/install/stretch_ros_tutorials:/home/hello-robot/ament_ws/install/stretch_funmap:/home/hello-robot/ament_ws/install/stretch_calibration:/home/hello-robot/ament_ws/install/stretch_demos:/home/hello-robot/ament_ws/install/stretch_deep_perception:/home/hello-robot/ament_ws/install/stretch_core:/home/hello-robot/ament_ws/install/respeaker_ros2:/home/hello-robot/ament_ws/install/hello_helpers:/opt/ros/humble /usr/bin/cmake --install /home/hello-robot/ament_ws/build/speech_recognition_msgs
