-- Found ament_cmake_core: 1.3.8 (/opt/ros/humble/share/ament_cmake_core/cmake)
-- Found Python3: /usr/bin/python3 (found version "3.10.12") found components: Interpreter 
-- Configuring done
-- Generating done
-- Build files have been written to: /home/hello-robot/ament_ws/build/rosbridge_suite
-- Install configuration: "Release"
-- Installing: /home/hello-robot/ament_ws/install/rosbridge_suite/share/ament_index/resource_index/package_run_dependencies/rosbridge_suite
-- Installing: /home/hello-robot/ament_ws/install/rosbridge_suite/share/ament_index/resource_index/parent_prefix_path/rosbridge_suite
-- Installing: /home/hello-robot/ament_ws/install/rosbridge_suite/share/rosbridge_suite/environment/ament_prefix_path.sh
-- Installing: /home/hello-robot/ament_ws/install/rosbridge_suite/share/rosbridge_suite/environment/ament_prefix_path.dsv
-- Installing: /home/hello-robot/ament_ws/install/rosbridge_suite/share/rosbridge_suite/environment/path.sh
-- Installing: /home/hello-robot/ament_ws/install/rosbridge_suite/share/rosbridge_suite/environment/path.dsv
-- Installing: /home/hello-robot/ament_ws/install/rosbridge_suite/share/rosbridge_suite/local_setup.bash
-- Installing: /home/hello-robot/ament_ws/install/rosbridge_suite/share/rosbridge_suite/local_setup.sh
-- Installing: /home/hello-robot/ament_ws/install/rosbridge_suite/share/rosbridge_suite/local_setup.zsh
-- Installing: /home/hello-robot/ament_ws/install/rosbridge_suite/share/rosbridge_suite/local_setup.dsv
-- Installing: /home/hello-robot/ament_ws/install/rosbridge_suite/share/rosbridge_suite/package.dsv
-- Installing: /home/hello-robot/ament_ws/install/rosbridge_suite/share/ament_index/resource_index/packages/rosbridge_suite
-- Installing: /home/hello-robot/ament_ws/install/rosbridge_suite/share/rosbridge_suite/cmake/rosbridge_suiteConfig.cmake
-- Installing: /home/hello-robot/ament_ws/install/rosbridge_suite/share/rosbridge_suite/cmake/rosbridge_suiteConfig-version.cmake
-- Installing: /home/hello-robot/ament_ws/install/rosbridge_suite/share/rosbridge_suite/package.xml
