-- Found ament_cmake: 1.3.8 (/opt/ros/humble/share/ament_cmake/cmake)
-- Found audio_common_msgs: 0.3.12 (/home/hello-robot/ament_ws/install/audio_common_msgs/share/audio_common_msgs/cmake)
-- Found rosidl_generator_c: 3.1.5 (/opt/ros/humble/share/rosidl_generator_c/cmake)
-- Found rosidl_adapter: 3.1.5 (/opt/ros/humble/share/rosidl_adapter/cmake)
-- Found rosidl_generator_cpp: 3.1.5 (/opt/ros/humble/share/rosidl_generator_cpp/cmake)
-- Using all available rosidl_typesupport_c: rosidl_typesupport_fastrtps_c;rosidl_typesupport_introspection_c
-- Using all available rosidl_typesupport_cpp: rosidl_typesupport_fastrtps_cpp;rosidl_typesupport_introspection_cpp
-- Found action_msgs: 1.2.1 (/opt/ros/humble/share/action_msgs/cmake)
-- Configuring done
-- Generating done
-- Build files have been written to: /home/hello-robot/ament_ws/build/sound_play
Built target ament_cmake_python_copy_sound_play
running egg_info
writing sound_play.egg-info/PKG-INFO
writing dependency_links to sound_play.egg-info/dependency_links.txt
writing top-level names to sound_play.egg-info/top_level.txt
reading manifest file 'sound_play.egg-info/SOURCES.txt'
writing manifest file 'sound_play.egg-info/SOURCES.txt'
Built target ament_cmake_python_build_sound_play_egg
-- Install configuration: "Release"
-- Up-to-date: /home/hello-robot/ament_ws/install/sound_play/share/sound_play/environment/pythonpath.sh
-- Installing: /home/hello-robot/ament_ws/install/sound_play/share/sound_play/environment/pythonpath.dsv
-- Up-to-date: /home/hello-robot/ament_ws/install/sound_play/local/lib/python3.10/dist-packages/sound_play-0.3.12-py3.10.egg-info
-- Installing: /home/hello-robot/ament_ws/install/sound_play/local/lib/python3.10/dist-packages/sound_play-0.3.12-py3.10.egg-info/PKG-INFO
-- Installing: /home/hello-robot/ament_ws/install/sound_play/local/lib/python3.10/dist-packages/sound_play-0.3.12-py3.10.egg-info/dependency_links.txt
-- Installing: /home/hello-robot/ament_ws/install/sound_play/local/lib/python3.10/dist-packages/sound_play-0.3.12-py3.10.egg-info/SOURCES.txt
-- Installing: /home/hello-robot/ament_ws/install/sound_play/local/lib/python3.10/dist-packages/sound_play-0.3.12-py3.10.egg-info/top_level.txt
-- Up-to-date: /home/hello-robot/ament_ws/install/sound_play/local/lib/python3.10/dist-packages/sound_play
-- Up-to-date: /home/hello-robot/ament_ws/install/sound_play/local/lib/python3.10/dist-packages/sound_play/__init__.py
-- Up-to-date: /home/hello-robot/ament_ws/install/sound_play/local/lib/python3.10/dist-packages/sound_play/libsoundplay.py
Listing '/home/hello-robot/ament_ws/install/sound_play/local/lib/python3.10/dist-packages/sound_play'...
-- Up-to-date: /home/hello-robot/ament_ws/install/sound_play/lib/sound_play/is_speaking.py
-- Up-to-date: /home/hello-robot/ament_ws/install/sound_play/lib/sound_play/playbuiltin.py
-- Up-to-date: /home/hello-robot/ament_ws/install/sound_play/lib/sound_play/play.py
-- Up-to-date: /home/hello-robot/ament_ws/install/sound_play/lib/sound_play/say.py
-- Up-to-date: /home/hello-robot/ament_ws/install/sound_play/lib/sound_play/shutup.py
-- Up-to-date: /home/hello-robot/ament_ws/install/sound_play/lib/sound_play/soundplay_node.py
-- Up-to-date: /home/hello-robot/ament_ws/install/sound_play/include/sound_play
-- Up-to-date: /home/hello-robot/ament_ws/install/sound_play/include/sound_play/sound_play.h
-- Up-to-date: /home/hello-robot/ament_ws/install/sound_play/share/sound_play/launch
-- Up-to-date: /home/hello-robot/ament_ws/install/sound_play/share/sound_play/launch/soundplay_node.launch.xml
-- Up-to-date: /home/hello-robot/ament_ws/install/sound_play/share/sound_play/sounds
-- Up-to-date: /home/hello-robot/ament_ws/install/sound_play/share/sound_play/sounds/BACKINGUP.ogg
-- Up-to-date: /home/hello-robot/ament_ws/install/sound_play/share/sound_play/sounds/NEEDS_UNPLUGGING.ogg
-- Up-to-date: /home/hello-robot/ament_ws/install/sound_play/share/sound_play/sounds/NEEDS_PLUGGING_BADLY.ogg
-- Up-to-date: /home/hello-robot/ament_ws/install/sound_play/share/sound_play/sounds/NEEDS_UNPLUGGING_BADLY.ogg
-- Up-to-date: /home/hello-robot/ament_ws/install/sound_play/share/sound_play/sounds/NEEDS_PLUGGING.ogg
-- Up-to-date: /home/hello-robot/ament_ws/install/sound_play/share/sound_play/sounds/say-beep.wav
-- Up-to-date: /home/hello-robot/ament_ws/install/sound_play/share/ament_index/resource_index/package_run_dependencies/sound_play
-- Up-to-date: /home/hello-robot/ament_ws/install/sound_play/share/ament_index/resource_index/parent_prefix_path/sound_play
-- Up-to-date: /home/hello-robot/ament_ws/install/sound_play/share/sound_play/environment/ament_prefix_path.sh
-- Installing: /home/hello-robot/ament_ws/install/sound_play/share/sound_play/environment/ament_prefix_path.dsv
-- Up-to-date: /home/hello-robot/ament_ws/install/sound_play/share/sound_play/environment/path.sh
-- Installing: /home/hello-robot/ament_ws/install/sound_play/share/sound_play/environment/path.dsv
-- Up-to-date: /home/hello-robot/ament_ws/install/sound_play/share/sound_play/local_setup.bash
-- Up-to-date: /home/hello-robot/ament_ws/install/sound_play/share/sound_play/local_setup.sh
-- Up-to-date: /home/hello-robot/ament_ws/install/sound_play/share/sound_play/local_setup.zsh
-- Installing: /home/hello-robot/ament_ws/install/sound_play/share/sound_play/local_setup.dsv
-- Installing: /home/hello-robot/ament_ws/install/sound_play/share/sound_play/package.dsv
-- Up-to-date: /home/hello-robot/ament_ws/install/sound_play/share/ament_index/resource_index/packages/sound_play
-- Up-to-date: /home/hello-robot/ament_ws/install/sound_play/share/sound_play/cmake/sound_playConfig.cmake
-- Up-to-date: /home/hello-robot/ament_ws/install/sound_play/share/sound_play/cmake/sound_playConfig-version.cmake
-- Up-to-date: /home/hello-robot/ament_ws/install/sound_play/share/sound_play/package.xml
