/home/hello-robot/ament_ws/install/stretch_core/lib/python3.10/site-packages/stretch_core/command_groups.py
/home/hello-robot/ament_ws/install/stretch_core/lib/python3.10/site-packages/stretch_core/d435i_configure.py
/home/hello-robot/ament_ws/install/stretch_core/lib/python3.10/site-packages/stretch_core/detect_aruco_markers.py
/home/hello-robot/ament_ws/install/stretch_core/lib/python3.10/site-packages/stretch_core/__init__.py
/home/hello-robot/ament_ws/install/stretch_core/lib/python3.10/site-packages/stretch_core/d435i_accel_correction.py
/home/hello-robot/ament_ws/install/stretch_core/lib/python3.10/site-packages/stretch_core/joint_trajectory_server.py
/home/hello-robot/ament_ws/install/stretch_core/lib/python3.10/site-packages/stretch_core/rwlock.py
/home/hello-robot/ament_ws/install/stretch_core/lib/python3.10/site-packages/stretch_core/trajectory_components.py
/home/hello-robot/ament_ws/install/stretch_core/lib/python3.10/site-packages/stretch_core/stretch_diagnostics.py
/home/hello-robot/ament_ws/install/stretch_core/lib/python3.10/site-packages/stretch_core/stretch_driver.py
/home/hello-robot/ament_ws/install/stretch_core/lib/python3.10/site-packages/stretch_core/usb_cam.py
/home/hello-robot/ament_ws/install/stretch_core/lib/python3.10/site-packages/stretch_core/align_to_aruco.py
/home/hello-robot/ament_ws/install/stretch_core/lib/python3.10/site-packages/stretch_core/keyboard_teleop.py
/home/hello-robot/ament_ws/install/stretch_core/lib/python3.10/site-packages/stretch_core/keyboard.py
/home/hello-robot/ament_ws/install/stretch_core/lib/python3.10/site-packages/stretch_core/d435i_frustum_visualizer.py
/home/hello-robot/ament_ws/install/stretch_core/lib/python3.10/site-packages/stretch_core/avoider.py
/home/hello-robot/ament_ws/install/stretch_core/lib/python3.10/site-packages/stretch_core/__pycache__/command_groups.cpython-310.pyc
/home/hello-robot/ament_ws/install/stretch_core/lib/python3.10/site-packages/stretch_core/__pycache__/d435i_configure.cpython-310.pyc
/home/hello-robot/ament_ws/install/stretch_core/lib/python3.10/site-packages/stretch_core/__pycache__/detect_aruco_markers.cpython-310.pyc
/home/hello-robot/ament_ws/install/stretch_core/lib/python3.10/site-packages/stretch_core/__pycache__/__init__.cpython-310.pyc
/home/hello-robot/ament_ws/install/stretch_core/lib/python3.10/site-packages/stretch_core/__pycache__/d435i_accel_correction.cpython-310.pyc
/home/hello-robot/ament_ws/install/stretch_core/lib/python3.10/site-packages/stretch_core/__pycache__/joint_trajectory_server.cpython-310.pyc
/home/hello-robot/ament_ws/install/stretch_core/lib/python3.10/site-packages/stretch_core/__pycache__/rwlock.cpython-310.pyc
/home/hello-robot/ament_ws/install/stretch_core/lib/python3.10/site-packages/stretch_core/__pycache__/trajectory_components.cpython-310.pyc
/home/hello-robot/ament_ws/install/stretch_core/lib/python3.10/site-packages/stretch_core/__pycache__/stretch_diagnostics.cpython-310.pyc
/home/hello-robot/ament_ws/install/stretch_core/lib/python3.10/site-packages/stretch_core/__pycache__/stretch_driver.cpython-310.pyc
/home/hello-robot/ament_ws/install/stretch_core/lib/python3.10/site-packages/stretch_core/__pycache__/usb_cam.cpython-310.pyc
/home/hello-robot/ament_ws/install/stretch_core/lib/python3.10/site-packages/stretch_core/__pycache__/align_to_aruco.cpython-310.pyc
/home/hello-robot/ament_ws/install/stretch_core/lib/python3.10/site-packages/stretch_core/__pycache__/keyboard_teleop.cpython-310.pyc
/home/hello-robot/ament_ws/install/stretch_core/lib/python3.10/site-packages/stretch_core/__pycache__/keyboard.cpython-310.pyc
/home/hello-robot/ament_ws/install/stretch_core/lib/python3.10/site-packages/stretch_core/__pycache__/d435i_frustum_visualizer.cpython-310.pyc
/home/hello-robot/ament_ws/install/stretch_core/lib/python3.10/site-packages/stretch_core/__pycache__/avoider.cpython-310.pyc
/home/hello-robot/ament_ws/install/stretch_core/share/ament_index/resource_index/packages/stretch_core
/home/hello-robot/ament_ws/install/stretch_core/share/stretch_core/package.xml
/home/hello-robot/ament_ws/install/stretch_core/share/stretch_core/launch/stretch_aruco.launch.py
/home/hello-robot/ament_ws/install/stretch_core/share/stretch_core/launch/rplidar_keepout.launch.py
/home/hello-robot/ament_ws/install/stretch_core/share/stretch_core/launch/beta_gripper_camera.launch.py
/home/hello-robot/ament_ws/install/stretch_core/share/stretch_core/launch/stretch_driver.launch.py
/home/hello-robot/ament_ws/install/stretch_core/share/stretch_core/launch/rplidar.launch.py
/home/hello-robot/ament_ws/install/stretch_core/share/stretch_core/launch/beta_navigation_camera.launch.py
/home/hello-robot/ament_ws/install/stretch_core/share/stretch_core/launch/d435i_high_resolution.launch.py
/home/hello-robot/ament_ws/install/stretch_core/share/stretch_core/launch/navigation_camera.launch.py
/home/hello-robot/ament_ws/install/stretch_core/share/stretch_core/launch/d435i_basic.launch.py
/home/hello-robot/ament_ws/install/stretch_core/share/stretch_core/launch/multi_camera.launch.py
/home/hello-robot/ament_ws/install/stretch_core/share/stretch_core/launch/align_to_aruco.launch.py
/home/hello-robot/ament_ws/install/stretch_core/share/stretch_core/launch/stretch_realsense.launch.py
/home/hello-robot/ament_ws/install/stretch_core/share/stretch_core/launch/d435i_low_resolution.launch.py
/home/hello-robot/ament_ws/install/stretch_core/share/stretch_core/config/HighAccuracyPreset.json
/home/hello-robot/ament_ws/install/stretch_core/share/stretch_core/config/stretch_marker_dict.yaml
/home/hello-robot/ament_ws/install/stretch_core/share/stretch_core/config/laser_filter_params.yaml
/home/hello-robot/ament_ws/install/stretch_core/share/stretch_core/config/controller_calibration_head_factory_default.yaml
/home/hello-robot/ament_ws/install/stretch_core/share/stretch_core/config/controller_calibration_head.yaml
/home/hello-robot/ament_ws/install/stretch_core/share/stretch_core/rviz/stretch_simple_test.rviz
/home/hello-robot/ament_ws/install/stretch_core/lib/python3.10/site-packages/stretch_core-0.2.0-py3.10.egg-info/PKG-INFO
/home/hello-robot/ament_ws/install/stretch_core/lib/python3.10/site-packages/stretch_core-0.2.0-py3.10.egg-info/dependency_links.txt
/home/hello-robot/ament_ws/install/stretch_core/lib/python3.10/site-packages/stretch_core-0.2.0-py3.10.egg-info/requires.txt
/home/hello-robot/ament_ws/install/stretch_core/lib/python3.10/site-packages/stretch_core-0.2.0-py3.10.egg-info/SOURCES.txt
/home/hello-robot/ament_ws/install/stretch_core/lib/python3.10/site-packages/stretch_core-0.2.0-py3.10.egg-info/top_level.txt
/home/hello-robot/ament_ws/install/stretch_core/lib/python3.10/site-packages/stretch_core-0.2.0-py3.10.egg-info/entry_points.txt
/home/hello-robot/ament_ws/install/stretch_core/lib/stretch_core/align_to_aruco
/home/hello-robot/ament_ws/install/stretch_core/lib/stretch_core/avoider
/home/hello-robot/ament_ws/install/stretch_core/lib/stretch_core/d435i_accel_correction
/home/hello-robot/ament_ws/install/stretch_core/lib/stretch_core/detect_aruco_markers
/home/hello-robot/ament_ws/install/stretch_core/lib/stretch_core/keyboard_teleop
/home/hello-robot/ament_ws/install/stretch_core/lib/stretch_core/stretch_driver
/home/hello-robot/ament_ws/install/stretch_core/lib/stretch_core/usb_cam
