[0.774s] Invoking command in '/home/hello-robot/ament_ws/build/realsense2_camera_msgs': CMAKE_PREFIX_PATH=${CMAKE_PREFIX_PATH}:/home/hello-robot/ament_ws/install/tf2_web_republisher_py:/home/hello-robot/ament_ws/install/stretch_ros_tutorials:/home/hello-robot/ament_ws/install/stretch_funmap:/home/hello-robot/ament_ws/install/stretch_calibration:/home/hello-robot/ament_ws/install/stretch_demos:/home/hello-robot/ament_ws/install/stretch_deep_perception:/home/hello-robot/ament_ws/install/stretch_core:/home/hello-robot/ament_ws/install/respeaker_ros2:/home/hello-robot/ament_ws/install/hello_helpers:/opt/ros/humble /usr/bin/cmake /home/hello-robot/ament_ws/src/realsense-ros/realsense2_camera_msgs -DCMAKE_INSTALL_PREFIX=/home/hello-robot/ament_ws/install/realsense2_camera_msgs
[4.250s] -- Found ament_cmake: 1.3.8 (/opt/ros/humble/share/ament_cmake/cmake)
[4.250s] -- Found rosidl_default_generators: 1.2.0 (/opt/ros/humble/share/rosidl_default_generators/cmake)
[4.250s] -- Using all available rosidl_typesupport_c: rosidl_typesupport_fastrtps_c;rosidl_typesupport_introspection_c
[4.250s] -- Found rosidl_adapter: 3.1.5 (/opt/ros/humble/share/rosidl_adapter/cmake)
[4.250s] -- Using all available rosidl_typesupport_cpp: rosidl_typesupport_fastrtps_cpp;rosidl_typesupport_introspection_cpp
[4.250s] -- Found builtin_interfaces: 1.2.1 (/opt/ros/humble/share/builtin_interfaces/cmake)
[4.251s] -- Found std_msgs: 4.2.3 (/opt/ros/humble/share/std_msgs/cmake)
[4.251s] -- Found sensor_msgs: 4.2.3 (/opt/ros/humble/share/sensor_msgs/cmake)
[4.251s] -- Found ament_cmake_cppcheck: 0.12.10 (/opt/ros/humble/share/ament_cmake_cppcheck/cmake)
[4.251s] -- Found ament_cmake_cpplint: 0.12.10 (/opt/ros/humble/share/ament_cmake_cpplint/cmake)
[4.251s] -- Found ament_cmake_uncrustify: 0.12.10 (/opt/ros/humble/share/ament_cmake_uncrustify/cmake)
[4.251s] -- Found ament_cmake_ros: 0.10.0 (/opt/ros/humble/share/ament_cmake_ros/cmake)
[4.251s] -- Using all available rosidl_typesupport_c: rosidl_typesupport_fastrtps_c;rosidl_typesupport_introspection_c
[4.251s] -- Using all available rosidl_typesupport_cpp: rosidl_typesupport_fastrtps_cpp;rosidl_typesupport_introspection_cpp
[4.252s] -- Found python_cmake_module: 0.10.0 (/opt/ros/humble/share/python_cmake_module/cmake)
[4.254s] -- Using PYTHON_EXECUTABLE: /usr/bin/python3
[4.254s] -- Using PYTHON_INCLUDE_DIRS: /usr/include/python3.10
[4.254s] -- Using PYTHON_LIBRARIES: /usr/lib/x86_64-linux-gnu/libpython3.10.so
[4.254s] -- Found ament_cmake_flake8: 0.12.10 (/opt/ros/humble/share/ament_cmake_flake8/cmake)
[4.255s] -- Found ament_cmake_pep257: 0.12.10 (/opt/ros/humble/share/ament_cmake_pep257/cmake)
[4.255s] -- Configuring done
[4.255s] -- Generating done
[4.255s] -- Build files have been written to: /home/hello-robot/ament_ws/build/realsense2_camera_msgs
[4.271s] Invoked command in '/home/hello-robot/ament_ws/build/realsense2_camera_msgs' returned '0': CMAKE_PREFIX_PATH=${CMAKE_PREFIX_PATH}:/home/hello-robot/ament_ws/install/tf2_web_republisher_py:/home/hello-robot/ament_ws/install/stretch_ros_tutorials:/home/hello-robot/ament_ws/install/stretch_funmap:/home/hello-robot/ament_ws/install/stretch_calibration:/home/hello-robot/ament_ws/install/stretch_demos:/home/hello-robot/ament_ws/install/stretch_deep_perception:/home/hello-robot/ament_ws/install/stretch_core:/home/hello-robot/ament_ws/install/respeaker_ros2:/home/hello-robot/ament_ws/install/hello_helpers:/opt/ros/humble /usr/bin/cmake /home/hello-robot/ament_ws/src/realsense-ros/realsense2_camera_msgs -DCMAKE_INSTALL_PREFIX=/home/hello-robot/ament_ws/install/realsense2_camera_msgs
[4.272s] Invoking command in '/home/hello-robot/ament_ws/build/realsense2_camera_msgs': CMAKE_PREFIX_PATH=${CMAKE_PREFIX_PATH}:/home/hello-robot/ament_ws/install/tf2_web_republisher_py:/home/hello-robot/ament_ws/install/stretch_ros_tutorials:/home/hello-robot/ament_ws/install/stretch_funmap:/home/hello-robot/ament_ws/install/stretch_calibration:/home/hello-robot/ament_ws/install/stretch_demos:/home/hello-robot/ament_ws/install/stretch_deep_perception:/home/hello-robot/ament_ws/install/stretch_core:/home/hello-robot/ament_ws/install/respeaker_ros2:/home/hello-robot/ament_ws/install/hello_helpers:/opt/ros/humble /usr/bin/cmake --build /home/hello-robot/ament_ws/build/realsense2_camera_msgs -- -j16 -l16
[4.330s] Consolidate compiler generated dependencies of target realsense2_camera_msgs__rosidl_generator_c
[4.362s] [  1%] Built target realsense2_camera_msgs__cpp
[4.386s] [ 12%] Built target realsense2_camera_msgs__rosidl_generator_c
[4.407s] Consolidate compiler generated dependencies of target realsense2_camera_msgs__rosidl_typesupport_cpp
[4.412s] Consolidate compiler generated dependencies of target realsense2_camera_msgs__rosidl_typesupport_introspection_cpp
[4.423s] Consolidate compiler generated dependencies of target realsense2_camera_msgs__rosidl_typesupport_c
[4.455s] Consolidate compiler generated dependencies of target realsense2_camera_msgs__rosidl_typesupport_fastrtps_c
[4.459s] Consolidate compiler generated dependencies of target realsense2_camera_msgs__rosidl_typesupport_fastrtps_cpp
[4.486s] Consolidate compiler generated dependencies of target realsense2_camera_msgs__rosidl_typesupport_introspection_c
[4.486s] [ 23%] Built target realsense2_camera_msgs__rosidl_typesupport_cpp
[4.487s] [ 23%] Built target ament_cmake_python_copy_realsense2_camera_msgs
[4.502s] [ 34%] Built target realsense2_camera_msgs__rosidl_typesupport_c
[4.541s] [ 46%] Built target realsense2_camera_msgs__rosidl_typesupport_introspection_c
[4.544s] [ 57%] Built target realsense2_camera_msgs__rosidl_typesupport_introspection_cpp
[4.545s] [ 68%] Built target realsense2_camera_msgs__rosidl_typesupport_fastrtps_cpp
[4.562s] [ 79%] Built target realsense2_camera_msgs__rosidl_typesupport_fastrtps_c
[4.598s] [ 79%] Built target realsense2_camera_msgs
[4.634s] [ 80%] Built target realsense2_camera_msgs__py
[4.668s] Consolidate compiler generated dependencies of target realsense2_camera_msgs__rosidl_generator_py
[4.687s] [ 90%] Built target realsense2_camera_msgs__rosidl_generator_py
[4.722s] Consolidate compiler generated dependencies of target realsense2_camera_msgs__rosidl_typesupport_fastrtps_c__pyext
[4.728s] Consolidate compiler generated dependencies of target realsense2_camera_msgs__rosidl_typesupport_introspection_c__pyext
[4.732s] Consolidate compiler generated dependencies of target realsense2_camera_msgs__rosidl_typesupport_c__pyext
[4.790s] [ 93%] Built target realsense2_camera_msgs__rosidl_typesupport_fastrtps_c__pyext
[4.801s] [ 96%] Built target realsense2_camera_msgs__rosidl_typesupport_introspection_c__pyext
[4.813s] [100%] Built target realsense2_camera_msgs__rosidl_typesupport_c__pyext
[5.169s] /home/hello-robot/.local/lib/python3.10/site-packages/setuptools_scm/_integration/setuptools.py:30: RuntimeWarning: 
[5.169s] ERROR: setuptools==59.6.0 is used in combination with setuptools_scm>=8.x
[5.170s] 
[5.170s] Your build configuration is incomplete and previously worked by accident!
[5.170s] setuptools_scm requires setuptools>=61
[5.170s] 
[5.170s] Suggested workaround if applicable:
[5.170s]  - migrating from the deprecated setup_requires mechanism to pep517/518
[5.170s]    and using a pyproject.toml to declare build dependencies
[5.170s]    which are reliably pre-installed before running the build tools
[5.170s] 
[5.170s]   warnings.warn(
[5.214s] running egg_info
[5.216s] writing realsense2_camera_msgs.egg-info/PKG-INFO
[5.228s] writing dependency_links to realsense2_camera_msgs.egg-info/dependency_links.txt
[5.228s] writing top-level names to realsense2_camera_msgs.egg-info/top_level.txt
[5.461s] [03/04/24 08:24:37] ERROR    listing git files failed - pretending     git.py:24
[5.461s]                              there aren't any                                   
[5.680s] reading manifest file 'realsense2_camera_msgs.egg-info/SOURCES.txt'
[5.680s] writing manifest file 'realsense2_camera_msgs.egg-info/SOURCES.txt'
[6.052s] [100%] Built target ament_cmake_python_build_realsense2_camera_msgs_egg
[6.166s] Invoked command in '/home/hello-robot/ament_ws/build/realsense2_camera_msgs' returned '0': CMAKE_PREFIX_PATH=${CMAKE_PREFIX_PATH}:/home/hello-robot/ament_ws/install/tf2_web_republisher_py:/home/hello-robot/ament_ws/install/stretch_ros_tutorials:/home/hello-robot/ament_ws/install/stretch_funmap:/home/hello-robot/ament_ws/install/stretch_calibration:/home/hello-robot/ament_ws/install/stretch_demos:/home/hello-robot/ament_ws/install/stretch_deep_perception:/home/hello-robot/ament_ws/install/stretch_core:/home/hello-robot/ament_ws/install/respeaker_ros2:/home/hello-robot/ament_ws/install/hello_helpers:/opt/ros/humble /usr/bin/cmake --build /home/hello-robot/ament_ws/build/realsense2_camera_msgs -- -j16 -l16
[7.029s] Invoking command in '/home/hello-robot/ament_ws/build/realsense2_camera_msgs': CMAKE_PREFIX_PATH=${CMAKE_PREFIX_PATH}:/home/hello-robot/ament_ws/install/tf2_web_republisher_py:/home/hello-robot/ament_ws/install/stretch_ros_tutorials:/home/hello-robot/ament_ws/install/stretch_funmap:/home/hello-robot/ament_ws/install/stretch_calibration:/home/hello-robot/ament_ws/install/stretch_demos:/home/hello-robot/ament_ws/install/stretch_deep_perception:/home/hello-robot/ament_ws/install/stretch_core:/home/hello-robot/ament_ws/install/respeaker_ros2:/home/hello-robot/ament_ws/install/hello_helpers:/opt/ros/humble /usr/bin/cmake --install /home/hello-robot/ament_ws/build/realsense2_camera_msgs
[7.168s] -- Install configuration: "Release"
[7.168s] -- Up-to-date: /home/hello-robot/ament_ws/install/realsense2_camera_msgs/share/ament_index/resource_index/rosidl_interfaces/realsense2_camera_msgs
[7.168s] -- Up-to-date: /home/hello-robot/ament_ws/install/realsense2_camera_msgs/include/realsense2_camera_msgs/realsense2_camera_msgs
[7.168s] -- Up-to-date: /home/hello-robot/ament_ws/install/realsense2_camera_msgs/include/realsense2_camera_msgs/realsense2_camera_msgs/msg
[7.168s] -- Up-to-date: /home/hello-robot/ament_ws/install/realsense2_camera_msgs/include/realsense2_camera_msgs/realsense2_camera_msgs/msg/rosidl_generator_c__visibility_control.h
[7.168s] -- Up-to-date: /home/hello-robot/ament_ws/install/realsense2_camera_msgs/include/realsense2_camera_msgs/realsense2_camera_msgs/msg/rgbd.h
[7.168s] -- Up-to-date: /home/hello-robot/ament_ws/install/realsense2_camera_msgs/include/realsense2_camera_msgs/realsense2_camera_msgs/msg/metadata.h
[7.168s] -- Up-to-date: /home/hello-robot/ament_ws/install/realsense2_camera_msgs/include/realsense2_camera_msgs/realsense2_camera_msgs/msg/extrinsics.h
[7.169s] -- Up-to-date: /home/hello-robot/ament_ws/install/realsense2_camera_msgs/include/realsense2_camera_msgs/realsense2_camera_msgs/msg/imu_info.h
[7.169s] -- Up-to-date: /home/hello-robot/ament_ws/install/realsense2_camera_msgs/include/realsense2_camera_msgs/realsense2_camera_msgs/msg/detail
[7.169s] -- Up-to-date: /home/hello-robot/ament_ws/install/realsense2_camera_msgs/include/realsense2_camera_msgs/realsense2_camera_msgs/msg/detail/rgbd__type_support.h
[7.169s] -- Up-to-date: /home/hello-robot/ament_ws/install/realsense2_camera_msgs/include/realsense2_camera_msgs/realsense2_camera_msgs/msg/detail/extrinsics__struct.h
[7.169s] -- Up-to-date: /home/hello-robot/ament_ws/install/realsense2_camera_msgs/include/realsense2_camera_msgs/realsense2_camera_msgs/msg/detail/extrinsics__type_support.h
[7.169s] -- Up-to-date: /home/hello-robot/ament_ws/install/realsense2_camera_msgs/include/realsense2_camera_msgs/realsense2_camera_msgs/msg/detail/metadata__type_support.h
[7.169s] -- Up-to-date: /home/hello-robot/ament_ws/install/realsense2_camera_msgs/include/realsense2_camera_msgs/realsense2_camera_msgs/msg/detail/rgbd__struct.h
[7.169s] -- Up-to-date: /home/hello-robot/ament_ws/install/realsense2_camera_msgs/include/realsense2_camera_msgs/realsense2_camera_msgs/msg/detail/imu_info__struct.h
[7.169s] -- Up-to-date: /home/hello-robot/ament_ws/install/realsense2_camera_msgs/include/realsense2_camera_msgs/realsense2_camera_msgs/msg/detail/metadata__functions.h
[7.169s] -- Up-to-date: /home/hello-robot/ament_ws/install/realsense2_camera_msgs/include/realsense2_camera_msgs/realsense2_camera_msgs/msg/detail/extrinsics__functions.h
[7.169s] -- Up-to-date: /home/hello-robot/ament_ws/install/realsense2_camera_msgs/include/realsense2_camera_msgs/realsense2_camera_msgs/msg/detail/rgbd__functions.h
[7.169s] -- Up-to-date: /home/hello-robot/ament_ws/install/realsense2_camera_msgs/include/realsense2_camera_msgs/realsense2_camera_msgs/msg/detail/extrinsics__functions.c
[7.170s] -- Up-to-date: /home/hello-robot/ament_ws/install/realsense2_camera_msgs/include/realsense2_camera_msgs/realsense2_camera_msgs/msg/detail/metadata__functions.c
[7.170s] -- Up-to-date: /home/hello-robot/ament_ws/install/realsense2_camera_msgs/include/realsense2_camera_msgs/realsense2_camera_msgs/msg/detail/rgbd__functions.c
[7.170s] -- Up-to-date: /home/hello-robot/ament_ws/install/realsense2_camera_msgs/include/realsense2_camera_msgs/realsense2_camera_msgs/msg/detail/imu_info__functions.c
[7.170s] -- Up-to-date: /home/hello-robot/ament_ws/install/realsense2_camera_msgs/include/realsense2_camera_msgs/realsense2_camera_msgs/msg/detail/imu_info__functions.h
[7.170s] -- Up-to-date: /home/hello-robot/ament_ws/install/realsense2_camera_msgs/include/realsense2_camera_msgs/realsense2_camera_msgs/msg/detail/metadata__struct.h
[7.170s] -- Up-to-date: /home/hello-robot/ament_ws/install/realsense2_camera_msgs/include/realsense2_camera_msgs/realsense2_camera_msgs/msg/detail/imu_info__type_support.h
[7.170s] -- Up-to-date: /home/hello-robot/ament_ws/install/realsense2_camera_msgs/include/realsense2_camera_msgs/realsense2_camera_msgs/srv
[7.170s] -- Up-to-date: /home/hello-robot/ament_ws/install/realsense2_camera_msgs/include/realsense2_camera_msgs/realsense2_camera_msgs/srv/device_info.h
[7.170s] -- Up-to-date: /home/hello-robot/ament_ws/install/realsense2_camera_msgs/include/realsense2_camera_msgs/realsense2_camera_msgs/srv/detail
[7.170s] -- Up-to-date: /home/hello-robot/ament_ws/install/realsense2_camera_msgs/include/realsense2_camera_msgs/realsense2_camera_msgs/srv/detail/device_info__struct.h
[7.170s] -- Up-to-date: /home/hello-robot/ament_ws/install/realsense2_camera_msgs/include/realsense2_camera_msgs/realsense2_camera_msgs/srv/detail/device_info__functions.h
[7.170s] -- Up-to-date: /home/hello-robot/ament_ws/install/realsense2_camera_msgs/include/realsense2_camera_msgs/realsense2_camera_msgs/srv/detail/device_info__functions.c
[7.170s] -- Up-to-date: /home/hello-robot/ament_ws/install/realsense2_camera_msgs/include/realsense2_camera_msgs/realsense2_camera_msgs/srv/detail/device_info__type_support.h
[7.171s] -- Up-to-date: /home/hello-robot/ament_ws/install/realsense2_camera_msgs/share/realsense2_camera_msgs/environment/library_path.sh
[7.171s] -- Installing: /home/hello-robot/ament_ws/install/realsense2_camera_msgs/share/realsense2_camera_msgs/environment/library_path.dsv
[7.171s] -- Up-to-date: /home/hello-robot/ament_ws/install/realsense2_camera_msgs/lib/librealsense2_camera_msgs__rosidl_generator_c.so
[7.171s] -- Up-to-date: /home/hello-robot/ament_ws/install/realsense2_camera_msgs/include/realsense2_camera_msgs/realsense2_camera_msgs
[7.171s] -- Up-to-date: /home/hello-robot/ament_ws/install/realsense2_camera_msgs/include/realsense2_camera_msgs/realsense2_camera_msgs/msg
[7.171s] -- Up-to-date: /home/hello-robot/ament_ws/install/realsense2_camera_msgs/include/realsense2_camera_msgs/realsense2_camera_msgs/msg/rosidl_typesupport_fastrtps_c__visibility_control.h
[7.171s] -- Up-to-date: /home/hello-robot/ament_ws/install/realsense2_camera_msgs/include/realsense2_camera_msgs/realsense2_camera_msgs/msg/detail
[7.171s] -- Up-to-date: /home/hello-robot/ament_ws/install/realsense2_camera_msgs/include/realsense2_camera_msgs/realsense2_camera_msgs/msg/detail/imu_info__rosidl_typesupport_fastrtps_c.h
[7.171s] -- Up-to-date: /home/hello-robot/ament_ws/install/realsense2_camera_msgs/include/realsense2_camera_msgs/realsense2_camera_msgs/msg/detail/metadata__rosidl_typesupport_fastrtps_c.h
[7.171s] -- Up-to-date: /home/hello-robot/ament_ws/install/realsense2_camera_msgs/include/realsense2_camera_msgs/realsense2_camera_msgs/msg/detail/extrinsics__rosidl_typesupport_fastrtps_c.h
[7.171s] -- Up-to-date: /home/hello-robot/ament_ws/install/realsense2_camera_msgs/include/realsense2_camera_msgs/realsense2_camera_msgs/msg/detail/rgbd__rosidl_typesupport_fastrtps_c.h
[7.188s] -- Up-to-date: /home/hello-robot/ament_ws/install/realsense2_camera_msgs/include/realsense2_camera_msgs/realsense2_camera_msgs/srv
[7.188s] -- Up-to-date: /home/hello-robot/ament_ws/install/realsense2_camera_msgs/include/realsense2_camera_msgs/realsense2_camera_msgs/srv/detail
[7.189s] -- Up-to-date: /home/hello-robot/ament_ws/install/realsense2_camera_msgs/include/realsense2_camera_msgs/realsense2_camera_msgs/srv/detail/device_info__rosidl_typesupport_fastrtps_c.h
[7.189s] -- Up-to-date: /home/hello-robot/ament_ws/install/realsense2_camera_msgs/lib/librealsense2_camera_msgs__rosidl_typesupport_fastrtps_c.so
[7.189s] -- Up-to-date: /home/hello-robot/ament_ws/install/realsense2_camera_msgs/include/realsense2_camera_msgs/realsense2_camera_msgs
[7.189s] -- Up-to-date: /home/hello-robot/ament_ws/install/realsense2_camera_msgs/include/realsense2_camera_msgs/realsense2_camera_msgs/msg
[7.189s] -- Up-to-date: /home/hello-robot/ament_ws/install/realsense2_camera_msgs/include/realsense2_camera_msgs/realsense2_camera_msgs/msg/rosidl_typesupport_introspection_c__visibility_control.h
[7.189s] -- Up-to-date: /home/hello-robot/ament_ws/install/realsense2_camera_msgs/include/realsense2_camera_msgs/realsense2_camera_msgs/msg/detail
[7.189s] -- Up-to-date: /home/hello-robot/ament_ws/install/realsense2_camera_msgs/include/realsense2_camera_msgs/realsense2_camera_msgs/msg/detail/rgbd__rosidl_typesupport_introspection_c.h
[7.189s] -- Up-to-date: /home/hello-robot/ament_ws/install/realsense2_camera_msgs/include/realsense2_camera_msgs/realsense2_camera_msgs/msg/detail/imu_info__rosidl_typesupport_introspection_c.h
[7.189s] -- Up-to-date: /home/hello-robot/ament_ws/install/realsense2_camera_msgs/include/realsense2_camera_msgs/realsense2_camera_msgs/msg/detail/rgbd__type_support.c
[7.189s] -- Up-to-date: /home/hello-robot/ament_ws/install/realsense2_camera_msgs/include/realsense2_camera_msgs/realsense2_camera_msgs/msg/detail/metadata__rosidl_typesupport_introspection_c.h
[7.189s] -- Up-to-date: /home/hello-robot/ament_ws/install/realsense2_camera_msgs/include/realsense2_camera_msgs/realsense2_camera_msgs/msg/detail/extrinsics__type_support.c
[7.189s] -- Up-to-date: /home/hello-robot/ament_ws/install/realsense2_camera_msgs/include/realsense2_camera_msgs/realsense2_camera_msgs/msg/detail/imu_info__type_support.c
[7.189s] -- Up-to-date: /home/hello-robot/ament_ws/install/realsense2_camera_msgs/include/realsense2_camera_msgs/realsense2_camera_msgs/msg/detail/extrinsics__rosidl_typesupport_introspection_c.h
[7.189s] -- Up-to-date: /home/hello-robot/ament_ws/install/realsense2_camera_msgs/include/realsense2_camera_msgs/realsense2_camera_msgs/msg/detail/metadata__type_support.c
[7.189s] -- Up-to-date: /home/hello-robot/ament_ws/install/realsense2_camera_msgs/include/realsense2_camera_msgs/realsense2_camera_msgs/srv
[7.189s] -- Up-to-date: /home/hello-robot/ament_ws/install/realsense2_camera_msgs/include/realsense2_camera_msgs/realsense2_camera_msgs/srv/detail
[7.189s] -- Up-to-date: /home/hello-robot/ament_ws/install/realsense2_camera_msgs/include/realsense2_camera_msgs/realsense2_camera_msgs/srv/detail/device_info__rosidl_typesupport_introspection_c.h
[7.190s] -- Up-to-date: /home/hello-robot/ament_ws/install/realsense2_camera_msgs/include/realsense2_camera_msgs/realsense2_camera_msgs/srv/detail/device_info__type_support.c
[7.190s] -- Up-to-date: /home/hello-robot/ament_ws/install/realsense2_camera_msgs/lib/librealsense2_camera_msgs__rosidl_typesupport_introspection_c.so
[7.190s] -- Up-to-date: /home/hello-robot/ament_ws/install/realsense2_camera_msgs/lib/librealsense2_camera_msgs__rosidl_typesupport_c.so
[7.190s] -- Up-to-date: /home/hello-robot/ament_ws/install/realsense2_camera_msgs/include/realsense2_camera_msgs/realsense2_camera_msgs
[7.190s] -- Up-to-date: /home/hello-robot/ament_ws/install/realsense2_camera_msgs/include/realsense2_camera_msgs/realsense2_camera_msgs/msg
[7.190s] -- Up-to-date: /home/hello-robot/ament_ws/install/realsense2_camera_msgs/include/realsense2_camera_msgs/realsense2_camera_msgs/msg/extrinsics.hpp
[7.190s] -- Up-to-date: /home/hello-robot/ament_ws/install/realsense2_camera_msgs/include/realsense2_camera_msgs/realsense2_camera_msgs/msg/imu_info.hpp
[7.190s] -- Up-to-date: /home/hello-robot/ament_ws/install/realsense2_camera_msgs/include/realsense2_camera_msgs/realsense2_camera_msgs/msg/metadata.hpp
[7.190s] -- Up-to-date: /home/hello-robot/ament_ws/install/realsense2_camera_msgs/include/realsense2_camera_msgs/realsense2_camera_msgs/msg/rgbd.hpp
[7.190s] -- Up-to-date: /home/hello-robot/ament_ws/install/realsense2_camera_msgs/include/realsense2_camera_msgs/realsense2_camera_msgs/msg/detail
[7.190s] -- Up-to-date: /home/hello-robot/ament_ws/install/realsense2_camera_msgs/include/realsense2_camera_msgs/realsense2_camera_msgs/msg/detail/metadata__builder.hpp
[7.190s] -- Up-to-date: /home/hello-robot/ament_ws/install/realsense2_camera_msgs/include/realsense2_camera_msgs/realsense2_camera_msgs/msg/detail/rgbd__traits.hpp
[7.190s] -- Up-to-date: /home/hello-robot/ament_ws/install/realsense2_camera_msgs/include/realsense2_camera_msgs/realsense2_camera_msgs/msg/detail/extrinsics__builder.hpp
[7.190s] -- Up-to-date: /home/hello-robot/ament_ws/install/realsense2_camera_msgs/include/realsense2_camera_msgs/realsense2_camera_msgs/msg/detail/imu_info__traits.hpp
[7.190s] -- Up-to-date: /home/hello-robot/ament_ws/install/realsense2_camera_msgs/include/realsense2_camera_msgs/realsense2_camera_msgs/msg/detail/extrinsics__traits.hpp
[7.190s] -- Up-to-date: /home/hello-robot/ament_ws/install/realsense2_camera_msgs/include/realsense2_camera_msgs/realsense2_camera_msgs/msg/detail/metadata__struct.hpp
[7.191s] -- Up-to-date: /home/hello-robot/ament_ws/install/realsense2_camera_msgs/include/realsense2_camera_msgs/realsense2_camera_msgs/msg/detail/imu_info__builder.hpp
[7.191s] -- Up-to-date: /home/hello-robot/ament_ws/install/realsense2_camera_msgs/include/realsense2_camera_msgs/realsense2_camera_msgs/msg/detail/imu_info__struct.hpp
[7.191s] -- Up-to-date: /home/hello-robot/ament_ws/install/realsense2_camera_msgs/include/realsense2_camera_msgs/realsense2_camera_msgs/msg/detail/extrinsics__struct.hpp
[7.191s] -- Up-to-date: /home/hello-robot/ament_ws/install/realsense2_camera_msgs/include/realsense2_camera_msgs/realsense2_camera_msgs/msg/detail/metadata__traits.hpp
[7.191s] -- Up-to-date: /home/hello-robot/ament_ws/install/realsense2_camera_msgs/include/realsense2_camera_msgs/realsense2_camera_msgs/msg/detail/rgbd__builder.hpp
[7.191s] -- Up-to-date: /home/hello-robot/ament_ws/install/realsense2_camera_msgs/include/realsense2_camera_msgs/realsense2_camera_msgs/msg/detail/rgbd__struct.hpp
[7.191s] -- Up-to-date: /home/hello-robot/ament_ws/install/realsense2_camera_msgs/include/realsense2_camera_msgs/realsense2_camera_msgs/srv
[7.191s] -- Up-to-date: /home/hello-robot/ament_ws/install/realsense2_camera_msgs/include/realsense2_camera_msgs/realsense2_camera_msgs/srv/device_info.hpp
[7.191s] -- Up-to-date: /home/hello-robot/ament_ws/install/realsense2_camera_msgs/include/realsense2_camera_msgs/realsense2_camera_msgs/srv/detail
[7.191s] -- Up-to-date: /home/hello-robot/ament_ws/install/realsense2_camera_msgs/include/realsense2_camera_msgs/realsense2_camera_msgs/srv/detail/device_info__struct.hpp
[7.191s] -- Up-to-date: /home/hello-robot/ament_ws/install/realsense2_camera_msgs/include/realsense2_camera_msgs/realsense2_camera_msgs/srv/detail/device_info__builder.hpp
[7.191s] -- Up-to-date: /home/hello-robot/ament_ws/install/realsense2_camera_msgs/include/realsense2_camera_msgs/realsense2_camera_msgs/srv/detail/device_info__traits.hpp
[7.191s] -- Up-to-date: /home/hello-robot/ament_ws/install/realsense2_camera_msgs/include/realsense2_camera_msgs/realsense2_camera_msgs
[7.191s] -- Up-to-date: /home/hello-robot/ament_ws/install/realsense2_camera_msgs/include/realsense2_camera_msgs/realsense2_camera_msgs/msg
[7.191s] -- Up-to-date: /home/hello-robot/ament_ws/install/realsense2_camera_msgs/include/realsense2_camera_msgs/realsense2_camera_msgs/msg/detail
[7.191s] -- Up-to-date: /home/hello-robot/ament_ws/install/realsense2_camera_msgs/include/realsense2_camera_msgs/realsense2_camera_msgs/msg/detail/metadata__rosidl_typesupport_fastrtps_cpp.hpp
[7.191s] -- Up-to-date: /home/hello-robot/ament_ws/install/realsense2_camera_msgs/include/realsense2_camera_msgs/realsense2_camera_msgs/msg/detail/dds_fastrtps
[7.192s] -- Up-to-date: /home/hello-robot/ament_ws/install/realsense2_camera_msgs/include/realsense2_camera_msgs/realsense2_camera_msgs/msg/detail/extrinsics__rosidl_typesupport_fastrtps_cpp.hpp
[7.192s] -- Up-to-date: /home/hello-robot/ament_ws/install/realsense2_camera_msgs/include/realsense2_camera_msgs/realsense2_camera_msgs/msg/detail/rgbd__rosidl_typesupport_fastrtps_cpp.hpp
[7.192s] -- Up-to-date: /home/hello-robot/ament_ws/install/realsense2_camera_msgs/include/realsense2_camera_msgs/realsense2_camera_msgs/msg/detail/imu_info__rosidl_typesupport_fastrtps_cpp.hpp
[7.192s] -- Up-to-date: /home/hello-robot/ament_ws/install/realsense2_camera_msgs/include/realsense2_camera_msgs/realsense2_camera_msgs/msg/rosidl_typesupport_fastrtps_cpp__visibility_control.h
[7.192s] -- Up-to-date: /home/hello-robot/ament_ws/install/realsense2_camera_msgs/include/realsense2_camera_msgs/realsense2_camera_msgs/srv
[7.192s] -- Up-to-date: /home/hello-robot/ament_ws/install/realsense2_camera_msgs/include/realsense2_camera_msgs/realsense2_camera_msgs/srv/detail
[7.192s] -- Up-to-date: /home/hello-robot/ament_ws/install/realsense2_camera_msgs/include/realsense2_camera_msgs/realsense2_camera_msgs/srv/detail/dds_fastrtps
[7.192s] -- Up-to-date: /home/hello-robot/ament_ws/install/realsense2_camera_msgs/include/realsense2_camera_msgs/realsense2_camera_msgs/srv/detail/device_info__rosidl_typesupport_fastrtps_cpp.hpp
[7.192s] -- Up-to-date: /home/hello-robot/ament_ws/install/realsense2_camera_msgs/lib/librealsense2_camera_msgs__rosidl_typesupport_fastrtps_cpp.so
[7.192s] -- Up-to-date: /home/hello-robot/ament_ws/install/realsense2_camera_msgs/include/realsense2_camera_msgs/realsense2_camera_msgs
[7.192s] -- Up-to-date: /home/hello-robot/ament_ws/install/realsense2_camera_msgs/include/realsense2_camera_msgs/realsense2_camera_msgs/msg
[7.192s] -- Up-to-date: /home/hello-robot/ament_ws/install/realsense2_camera_msgs/include/realsense2_camera_msgs/realsense2_camera_msgs/msg/detail
[7.192s] -- Up-to-date: /home/hello-robot/ament_ws/install/realsense2_camera_msgs/include/realsense2_camera_msgs/realsense2_camera_msgs/msg/detail/rgbd__rosidl_typesupport_introspection_cpp.hpp
[7.192s] -- Up-to-date: /home/hello-robot/ament_ws/install/realsense2_camera_msgs/include/realsense2_camera_msgs/realsense2_camera_msgs/msg/detail/imu_info__type_support.cpp
[7.192s] -- Up-to-date: /home/hello-robot/ament_ws/install/realsense2_camera_msgs/include/realsense2_camera_msgs/realsense2_camera_msgs/msg/detail/extrinsics__type_support.cpp
[7.192s] -- Up-to-date: /home/hello-robot/ament_ws/install/realsense2_camera_msgs/include/realsense2_camera_msgs/realsense2_camera_msgs/msg/detail/imu_info__rosidl_typesupport_introspection_cpp.hpp
[7.193s] -- Up-to-date: /home/hello-robot/ament_ws/install/realsense2_camera_msgs/include/realsense2_camera_msgs/realsense2_camera_msgs/msg/detail/rgbd__type_support.cpp
[7.193s] -- Up-to-date: /home/hello-robot/ament_ws/install/realsense2_camera_msgs/include/realsense2_camera_msgs/realsense2_camera_msgs/msg/detail/metadata__rosidl_typesupport_introspection_cpp.hpp
[7.193s] -- Up-to-date: /home/hello-robot/ament_ws/install/realsense2_camera_msgs/include/realsense2_camera_msgs/realsense2_camera_msgs/msg/detail/metadata__type_support.cpp
[7.193s] -- Up-to-date: /home/hello-robot/ament_ws/install/realsense2_camera_msgs/include/realsense2_camera_msgs/realsense2_camera_msgs/msg/detail/extrinsics__rosidl_typesupport_introspection_cpp.hpp
[7.193s] -- Up-to-date: /home/hello-robot/ament_ws/install/realsense2_camera_msgs/include/realsense2_camera_msgs/realsense2_camera_msgs/srv
[7.193s] -- Up-to-date: /home/hello-robot/ament_ws/install/realsense2_camera_msgs/include/realsense2_camera_msgs/realsense2_camera_msgs/srv/detail
[7.193s] -- Up-to-date: /home/hello-robot/ament_ws/install/realsense2_camera_msgs/include/realsense2_camera_msgs/realsense2_camera_msgs/srv/detail/device_info__type_support.cpp
[7.193s] -- Up-to-date: /home/hello-robot/ament_ws/install/realsense2_camera_msgs/include/realsense2_camera_msgs/realsense2_camera_msgs/srv/detail/device_info__rosidl_typesupport_introspection_cpp.hpp
[7.193s] -- Up-to-date: /home/hello-robot/ament_ws/install/realsense2_camera_msgs/lib/librealsense2_camera_msgs__rosidl_typesupport_introspection_cpp.so
[7.193s] -- Up-to-date: /home/hello-robot/ament_ws/install/realsense2_camera_msgs/lib/librealsense2_camera_msgs__rosidl_typesupport_cpp.so
[7.193s] -- Up-to-date: /home/hello-robot/ament_ws/install/realsense2_camera_msgs/share/realsense2_camera_msgs/environment/pythonpath.sh
[7.193s] -- Installing: /home/hello-robot/ament_ws/install/realsense2_camera_msgs/share/realsense2_camera_msgs/environment/pythonpath.dsv
[7.193s] -- Up-to-date: /home/hello-robot/ament_ws/install/realsense2_camera_msgs/local/lib/python3.10/dist-packages/realsense2_camera_msgs-4.54.1-py3.10.egg-info
[7.193s] -- Installing: /home/hello-robot/ament_ws/install/realsense2_camera_msgs/local/lib/python3.10/dist-packages/realsense2_camera_msgs-4.54.1-py3.10.egg-info/PKG-INFO
[7.193s] -- Installing: /home/hello-robot/ament_ws/install/realsense2_camera_msgs/local/lib/python3.10/dist-packages/realsense2_camera_msgs-4.54.1-py3.10.egg-info/dependency_links.txt
[7.193s] -- Installing: /home/hello-robot/ament_ws/install/realsense2_camera_msgs/local/lib/python3.10/dist-packages/realsense2_camera_msgs-4.54.1-py3.10.egg-info/SOURCES.txt
[7.194s] -- Installing: /home/hello-robot/ament_ws/install/realsense2_camera_msgs/local/lib/python3.10/dist-packages/realsense2_camera_msgs-4.54.1-py3.10.egg-info/top_level.txt
[7.194s] -- Up-to-date: /home/hello-robot/ament_ws/install/realsense2_camera_msgs/local/lib/python3.10/dist-packages/realsense2_camera_msgs
[7.194s] -- Up-to-date: /home/hello-robot/ament_ws/install/realsense2_camera_msgs/local/lib/python3.10/dist-packages/realsense2_camera_msgs/msg
[7.194s] -- Up-to-date: /home/hello-robot/ament_ws/install/realsense2_camera_msgs/local/lib/python3.10/dist-packages/realsense2_camera_msgs/msg/_metadata.py
[7.194s] -- Up-to-date: /home/hello-robot/ament_ws/install/realsense2_camera_msgs/local/lib/python3.10/dist-packages/realsense2_camera_msgs/msg/__init__.py
[7.194s] -- Up-to-date: /home/hello-robot/ament_ws/install/realsense2_camera_msgs/local/lib/python3.10/dist-packages/realsense2_camera_msgs/msg/_rgbd_s.c
[7.194s] -- Up-to-date: /home/hello-robot/ament_ws/install/realsense2_camera_msgs/local/lib/python3.10/dist-packages/realsense2_camera_msgs/msg/_extrinsics_s.c
[7.194s] -- Up-to-date: /home/hello-robot/ament_ws/install/realsense2_camera_msgs/local/lib/python3.10/dist-packages/realsense2_camera_msgs/msg/_rgbd.py
[7.194s] -- Up-to-date: /home/hello-robot/ament_ws/install/realsense2_camera_msgs/local/lib/python3.10/dist-packages/realsense2_camera_msgs/msg/_metadata_s.c
[7.194s] -- Up-to-date: /home/hello-robot/ament_ws/install/realsense2_camera_msgs/local/lib/python3.10/dist-packages/realsense2_camera_msgs/msg/_imu_info.py
[7.194s] -- Up-to-date: /home/hello-robot/ament_ws/install/realsense2_camera_msgs/local/lib/python3.10/dist-packages/realsense2_camera_msgs/msg/_extrinsics.py
[7.194s] -- Up-to-date: /home/hello-robot/ament_ws/install/realsense2_camera_msgs/local/lib/python3.10/dist-packages/realsense2_camera_msgs/msg/_imu_info_s.c
[7.194s] -- Installing: /home/hello-robot/ament_ws/install/realsense2_camera_msgs/local/lib/python3.10/dist-packages/realsense2_camera_msgs/__init__.py
[7.194s] -- Up-to-date: /home/hello-robot/ament_ws/install/realsense2_camera_msgs/local/lib/python3.10/dist-packages/realsense2_camera_msgs/realsense2_camera_msgs_s__rosidl_typesupport_c.cpython-310-x86_64-linux-gnu.so
[7.194s] -- Up-to-date: /home/hello-robot/ament_ws/install/realsense2_camera_msgs/local/lib/python3.10/dist-packages/realsense2_camera_msgs/librealsense2_camera_msgs__rosidl_generator_py.so
[7.194s] -- Up-to-date: /home/hello-robot/ament_ws/install/realsense2_camera_msgs/local/lib/python3.10/dist-packages/realsense2_camera_msgs/_realsense2_camera_msgs_s.ep.rosidl_typesupport_c.c
[7.194s] -- Up-to-date: /home/hello-robot/ament_ws/install/realsense2_camera_msgs/local/lib/python3.10/dist-packages/realsense2_camera_msgs/_realsense2_camera_msgs_s.ep.rosidl_typesupport_introspection_c.c
[7.195s] -- Up-to-date: /home/hello-robot/ament_ws/install/realsense2_camera_msgs/local/lib/python3.10/dist-packages/realsense2_camera_msgs/srv
[7.195s] -- Up-to-date: /home/hello-robot/ament_ws/install/realsense2_camera_msgs/local/lib/python3.10/dist-packages/realsense2_camera_msgs/srv/__init__.py
[7.195s] -- Up-to-date: /home/hello-robot/ament_ws/install/realsense2_camera_msgs/local/lib/python3.10/dist-packages/realsense2_camera_msgs/srv/_device_info.py
[7.195s] -- Up-to-date: /home/hello-robot/ament_ws/install/realsense2_camera_msgs/local/lib/python3.10/dist-packages/realsense2_camera_msgs/srv/_device_info_s.c
[7.195s] -- Up-to-date: /home/hello-robot/ament_ws/install/realsense2_camera_msgs/local/lib/python3.10/dist-packages/realsense2_camera_msgs/realsense2_camera_msgs_s__rosidl_typesupport_introspection_c.cpython-310-x86_64-linux-gnu.so
[7.195s] -- Up-to-date: /home/hello-robot/ament_ws/install/realsense2_camera_msgs/local/lib/python3.10/dist-packages/realsense2_camera_msgs/_realsense2_camera_msgs_s.ep.rosidl_typesupport_fastrtps_c.c
[7.195s] -- Up-to-date: /home/hello-robot/ament_ws/install/realsense2_camera_msgs/local/lib/python3.10/dist-packages/realsense2_camera_msgs/realsense2_camera_msgs_s__rosidl_typesupport_fastrtps_c.cpython-310-x86_64-linux-gnu.so
[7.387s] Listing '/home/hello-robot/ament_ws/install/realsense2_camera_msgs/local/lib/python3.10/dist-packages/realsense2_camera_msgs'...
[7.387s] Compiling '/home/hello-robot/ament_ws/install/realsense2_camera_msgs/local/lib/python3.10/dist-packages/realsense2_camera_msgs/__init__.py'...
[7.387s] Listing '/home/hello-robot/ament_ws/install/realsense2_camera_msgs/local/lib/python3.10/dist-packages/realsense2_camera_msgs/msg'...
[7.388s] Listing '/home/hello-robot/ament_ws/install/realsense2_camera_msgs/local/lib/python3.10/dist-packages/realsense2_camera_msgs/srv'...
[7.388s] -- Up-to-date: /home/hello-robot/ament_ws/install/realsense2_camera_msgs/local/lib/python3.10/dist-packages/realsense2_camera_msgs/realsense2_camera_msgs_s__rosidl_typesupport_fastrtps_c.cpython-310-x86_64-linux-gnu.so
[7.388s] -- Up-to-date: /home/hello-robot/ament_ws/install/realsense2_camera_msgs/local/lib/python3.10/dist-packages/realsense2_camera_msgs/realsense2_camera_msgs_s__rosidl_typesupport_introspection_c.cpython-310-x86_64-linux-gnu.so
[7.388s] -- Up-to-date: /home/hello-robot/ament_ws/install/realsense2_camera_msgs/local/lib/python3.10/dist-packages/realsense2_camera_msgs/realsense2_camera_msgs_s__rosidl_typesupport_c.cpython-310-x86_64-linux-gnu.so
[7.388s] -- Up-to-date: /home/hello-robot/ament_ws/install/realsense2_camera_msgs/lib/librealsense2_camera_msgs__rosidl_generator_py.so
[7.388s] -- Up-to-date: /home/hello-robot/ament_ws/install/realsense2_camera_msgs/share/realsense2_camera_msgs/msg/IMUInfo.idl
[7.388s] -- Up-to-date: /home/hello-robot/ament_ws/install/realsense2_camera_msgs/share/realsense2_camera_msgs/msg/Extrinsics.idl
[7.388s] -- Up-to-date: /home/hello-robot/ament_ws/install/realsense2_camera_msgs/share/realsense2_camera_msgs/msg/Metadata.idl
[7.388s] -- Up-to-date: /home/hello-robot/ament_ws/install/realsense2_camera_msgs/share/realsense2_camera_msgs/msg/RGBD.idl
[7.388s] -- Up-to-date: /home/hello-robot/ament_ws/install/realsense2_camera_msgs/share/realsense2_camera_msgs/srv/DeviceInfo.idl
[7.389s] -- Up-to-date: /home/hello-robot/ament_ws/install/realsense2_camera_msgs/share/realsense2_camera_msgs/msg/IMUInfo.msg
[7.389s] -- Up-to-date: /home/hello-robot/ament_ws/install/realsense2_camera_msgs/share/realsense2_camera_msgs/msg/Extrinsics.msg
[7.389s] -- Up-to-date: /home/hello-robot/ament_ws/install/realsense2_camera_msgs/share/realsense2_camera_msgs/msg/Metadata.msg
[7.389s] -- Up-to-date: /home/hello-robot/ament_ws/install/realsense2_camera_msgs/share/realsense2_camera_msgs/msg/RGBD.msg
[7.389s] -- Up-to-date: /home/hello-robot/ament_ws/install/realsense2_camera_msgs/share/realsense2_camera_msgs/srv/DeviceInfo.srv
[7.389s] -- Up-to-date: /home/hello-robot/ament_ws/install/realsense2_camera_msgs/share/realsense2_camera_msgs/srv/DeviceInfo_Request.msg
[7.389s] -- Up-to-date: /home/hello-robot/ament_ws/install/realsense2_camera_msgs/share/realsense2_camera_msgs/srv/DeviceInfo_Response.msg
[7.389s] -- Up-to-date: /home/hello-robot/ament_ws/install/realsense2_camera_msgs/share/ament_index/resource_index/package_run_dependencies/realsense2_camera_msgs
[7.389s] -- Up-to-date: /home/hello-robot/ament_ws/install/realsense2_camera_msgs/share/ament_index/resource_index/parent_prefix_path/realsense2_camera_msgs
[7.389s] -- Up-to-date: /home/hello-robot/ament_ws/install/realsense2_camera_msgs/share/realsense2_camera_msgs/environment/ament_prefix_path.sh
[7.389s] -- Installing: /home/hello-robot/ament_ws/install/realsense2_camera_msgs/share/realsense2_camera_msgs/environment/ament_prefix_path.dsv
[7.389s] -- Up-to-date: /home/hello-robot/ament_ws/install/realsense2_camera_msgs/share/realsense2_camera_msgs/environment/path.sh
[7.390s] -- Installing: /home/hello-robot/ament_ws/install/realsense2_camera_msgs/share/realsense2_camera_msgs/environment/path.dsv
[7.390s] -- Up-to-date: /home/hello-robot/ament_ws/install/realsense2_camera_msgs/share/realsense2_camera_msgs/local_setup.bash
[7.390s] -- Up-to-date: /home/hello-robot/ament_ws/install/realsense2_camera_msgs/share/realsense2_camera_msgs/local_setup.sh
[7.390s] -- Up-to-date: /home/hello-robot/ament_ws/install/realsense2_camera_msgs/share/realsense2_camera_msgs/local_setup.zsh
[7.390s] -- Installing: /home/hello-robot/ament_ws/install/realsense2_camera_msgs/share/realsense2_camera_msgs/local_setup.dsv
[7.390s] -- Installing: /home/hello-robot/ament_ws/install/realsense2_camera_msgs/share/realsense2_camera_msgs/package.dsv
[7.390s] -- Up-to-date: /home/hello-robot/ament_ws/install/realsense2_camera_msgs/share/ament_index/resource_index/packages/realsense2_camera_msgs
[7.390s] -- Up-to-date: /home/hello-robot/ament_ws/install/realsense2_camera_msgs/share/realsense2_camera_msgs/cmake/export_realsense2_camera_msgs__rosidl_generator_cExport.cmake
[7.390s] -- Up-to-date: /home/hello-robot/ament_ws/install/realsense2_camera_msgs/share/realsense2_camera_msgs/cmake/export_realsense2_camera_msgs__rosidl_generator_cExport-release.cmake
[7.390s] -- Up-to-date: /home/hello-robot/ament_ws/install/realsense2_camera_msgs/share/realsense2_camera_msgs/cmake/export_realsense2_camera_msgs__rosidl_typesupport_fastrtps_cExport.cmake
[7.390s] -- Up-to-date: /home/hello-robot/ament_ws/install/realsense2_camera_msgs/share/realsense2_camera_msgs/cmake/export_realsense2_camera_msgs__rosidl_typesupport_fastrtps_cExport-release.cmake
[7.415s] -- Up-to-date: /home/hello-robot/ament_ws/install/realsense2_camera_msgs/share/realsense2_camera_msgs/cmake/realsense2_camera_msgs__rosidl_typesupport_introspection_cExport.cmake
[7.416s] -- Up-to-date: /home/hello-robot/ament_ws/install/realsense2_camera_msgs/share/realsense2_camera_msgs/cmake/realsense2_camera_msgs__rosidl_typesupport_introspection_cExport-release.cmake
[7.416s] -- Up-to-date: /home/hello-robot/ament_ws/install/realsense2_camera_msgs/share/realsense2_camera_msgs/cmake/realsense2_camera_msgs__rosidl_typesupport_cExport.cmake
[7.416s] -- Up-to-date: /home/hello-robot/ament_ws/install/realsense2_camera_msgs/share/realsense2_camera_msgs/cmake/realsense2_camera_msgs__rosidl_typesupport_cExport-release.cmake
[7.416s] -- Up-to-date: /home/hello-robot/ament_ws/install/realsense2_camera_msgs/share/realsense2_camera_msgs/cmake/export_realsense2_camera_msgs__rosidl_generator_cppExport.cmake
[7.416s] -- Up-to-date: /home/hello-robot/ament_ws/install/realsense2_camera_msgs/share/realsense2_camera_msgs/cmake/export_realsense2_camera_msgs__rosidl_typesupport_fastrtps_cppExport.cmake
[7.416s] -- Up-to-date: /home/hello-robot/ament_ws/install/realsense2_camera_msgs/share/realsense2_camera_msgs/cmake/export_realsense2_camera_msgs__rosidl_typesupport_fastrtps_cppExport-release.cmake
[7.416s] -- Up-to-date: /home/hello-robot/ament_ws/install/realsense2_camera_msgs/share/realsense2_camera_msgs/cmake/realsense2_camera_msgs__rosidl_typesupport_introspection_cppExport.cmake
[7.416s] -- Up-to-date: /home/hello-robot/ament_ws/install/realsense2_camera_msgs/share/realsense2_camera_msgs/cmake/realsense2_camera_msgs__rosidl_typesupport_introspection_cppExport-release.cmake
[7.416s] -- Up-to-date: /home/hello-robot/ament_ws/install/realsense2_camera_msgs/share/realsense2_camera_msgs/cmake/realsense2_camera_msgs__rosidl_typesupport_cppExport.cmake
[7.416s] -- Up-to-date: /home/hello-robot/ament_ws/install/realsense2_camera_msgs/share/realsense2_camera_msgs/cmake/realsense2_camera_msgs__rosidl_typesupport_cppExport-release.cmake
[7.416s] -- Up-to-date: /home/hello-robot/ament_ws/install/realsense2_camera_msgs/share/realsense2_camera_msgs/cmake/export_realsense2_camera_msgs__rosidl_generator_pyExport.cmake
[7.417s] -- Up-to-date: /home/hello-robot/ament_ws/install/realsense2_camera_msgs/share/realsense2_camera_msgs/cmake/export_realsense2_camera_msgs__rosidl_generator_pyExport-release.cmake
[7.417s] -- Up-to-date: /home/hello-robot/ament_ws/install/realsense2_camera_msgs/share/realsense2_camera_msgs/cmake/rosidl_cmake-extras.cmake
[7.417s] -- Up-to-date: /home/hello-robot/ament_ws/install/realsense2_camera_msgs/share/realsense2_camera_msgs/cmake/ament_cmake_export_dependencies-extras.cmake
[7.417s] -- Up-to-date: /home/hello-robot/ament_ws/install/realsense2_camera_msgs/share/realsense2_camera_msgs/cmake/ament_cmake_export_include_directories-extras.cmake
[7.417s] -- Up-to-date: /home/hello-robot/ament_ws/install/realsense2_camera_msgs/share/realsense2_camera_msgs/cmake/ament_cmake_export_libraries-extras.cmake
[7.417s] -- Up-to-date: /home/hello-robot/ament_ws/install/realsense2_camera_msgs/share/realsense2_camera_msgs/cmake/ament_cmake_export_targets-extras.cmake
[7.417s] -- Up-to-date: /home/hello-robot/ament_ws/install/realsense2_camera_msgs/share/realsense2_camera_msgs/cmake/rosidl_cmake_export_typesupport_targets-extras.cmake
[7.417s] -- Up-to-date: /home/hello-robot/ament_ws/install/realsense2_camera_msgs/share/realsense2_camera_msgs/cmake/rosidl_cmake_export_typesupport_libraries-extras.cmake
[7.417s] -- Up-to-date: /home/hello-robot/ament_ws/install/realsense2_camera_msgs/share/realsense2_camera_msgs/cmake/realsense2_camera_msgsConfig.cmake
[7.417s] -- Up-to-date: /home/hello-robot/ament_ws/install/realsense2_camera_msgs/share/realsense2_camera_msgs/cmake/realsense2_camera_msgsConfig-version.cmake
[7.417s] -- Up-to-date: /home/hello-robot/ament_ws/install/realsense2_camera_msgs/share/realsense2_camera_msgs/package.xml
[7.768s] Invoked command in '/home/hello-robot/ament_ws/build/realsense2_camera_msgs' returned '0': CMAKE_PREFIX_PATH=${CMAKE_PREFIX_PATH}:/home/hello-robot/ament_ws/install/tf2_web_republisher_py:/home/hello-robot/ament_ws/install/stretch_ros_tutorials:/home/hello-robot/ament_ws/install/stretch_funmap:/home/hello-robot/ament_ws/install/stretch_calibration:/home/hello-robot/ament_ws/install/stretch_demos:/home/hello-robot/ament_ws/install/stretch_deep_perception:/home/hello-robot/ament_ws/install/stretch_core:/home/hello-robot/ament_ws/install/respeaker_ros2:/home/hello-robot/ament_ws/install/hello_helpers:/opt/ros/humble /usr/bin/cmake --install /home/hello-robot/ament_ws/build/realsense2_camera_msgs
