[3.515s] Invoking command in '/home/hello-robot/ament_ws/build/stretch_nav2': CMAKE_PREFIX_PATH=${CMAKE_PREFIX_PATH}:/home/hello-robot/ament_ws/install/tf2_web_republisher_py:/home/hello-robot/ament_ws/install/stretch_ros_tutorials:/home/hello-robot/ament_ws/install/stretch_funmap:/home/hello-robot/ament_ws/install/stretch_calibration:/home/hello-robot/ament_ws/install/stretch_demos:/home/hello-robot/ament_ws/install/stretch_deep_perception:/home/hello-robot/ament_ws/install/stretch_core:/home/hello-robot/ament_ws/install/respeaker_ros2:/home/hello-robot/ament_ws/install/hello_helpers:/opt/ros/humble /usr/bin/cmake /home/hello-robot/ament_ws/src/stretch_ros2/stretch_nav2 -DCMAKE_BUILD_TYPE=Release -DCMAKE_INSTALL_PREFIX=/home/hello-robot/ament_ws/install/stretch_nav2
[3.887s] -- The C compiler identification is GNU 11.4.0
[3.887s] -- The CXX compiler identification is GNU 11.4.0
[3.887s] -- Detecting C compiler ABI info
[3.887s] -- Detecting C compiler ABI info - done
[3.888s] -- Check for working C compiler: /usr/bin/cc - skipped
[3.888s] -- Detecting C compile features
[3.888s] -- Detecting C compile features - done
[3.888s] -- Detecting CXX compiler ABI info
[3.888s] -- Detecting CXX compiler ABI info - done
[3.888s] -- Check for working CXX compiler: /usr/bin/c++ - skipped
[3.891s] -- Detecting CXX compile features
[3.892s] -- Detecting CXX compile features - done
[3.892s] -- Found ament_cmake: 1.3.8 (/opt/ros/humble/share/ament_cmake/cmake)
[3.892s] -- Found Python3: /usr/bin/python3 (found version "3.10.12") found components: Interpreter 
[4.038s] -- Found rclcpp: 16.0.8 (/opt/ros/humble/share/rclcpp/cmake)
[4.193s] -- Found rosidl_generator_c: 3.1.5 (/opt/ros/humble/share/rosidl_generator_c/cmake)
[4.252s] -- Found rosidl_adapter: 3.1.5 (/opt/ros/humble/share/rosidl_adapter/cmake)
[4.265s] -- Found rosidl_generator_cpp: 3.1.5 (/opt/ros/humble/share/rosidl_generator_cpp/cmake)
[4.316s] -- Using all available rosidl_typesupport_c: rosidl_typesupport_fastrtps_c;rosidl_typesupport_introspection_c
[4.423s] -- Using all available rosidl_typesupport_cpp: rosidl_typesupport_fastrtps_cpp;rosidl_typesupport_introspection_cpp
[4.776s] -- Found rmw_implementation_cmake: 6.1.1 (/opt/ros/humble/share/rmw_implementation_cmake/cmake)
[4.783s] -- Found rmw_fastrtps_cpp: 6.2.6 (/opt/ros/humble/share/rmw_fastrtps_cpp/cmake)
[5.636s] -- Found OpenSSL: /usr/lib/x86_64-linux-gnu/libcrypto.so (found version "3.0.2")  
[5.853s] -- Found FastRTPS: /opt/ros/humble/include  
[6.122s] -- Using RMW implementation 'rmw_fastrtps_cpp' as default
[6.161s] -- Looking for pthread.h
[6.746s] -- Looking for pthread.h - found
[6.747s] -- Performing Test CMAKE_HAVE_LIBC_PTHREAD
[7.267s] -- Performing Test CMAKE_HAVE_LIBC_PTHREAD - Success
[7.275s] -- Found Threads: TRUE  
[7.882s] -- Found ament_lint_auto: 0.12.10 (/opt/ros/humble/share/ament_lint_auto/cmake)
[8.294s] -- Added test 'copyright' to check source files copyright and LICENSE
[8.299s] -- Added test 'flake8' to check Python code syntax and style conventions
[8.301s] -- Added test 'lint_cmake' to check CMake code style
[8.309s] -- Added test 'pep257' to check Python code against some of the docstring style conventions in PEP 257
[8.312s] -- Added test 'xmllint' to check XML markup files
[8.328s] -- Configuring done
[8.358s] -- Generating done
[8.361s] -- Build files have been written to: /home/hello-robot/ament_ws/build/stretch_nav2
[8.432s] Invoked command in '/home/hello-robot/ament_ws/build/stretch_nav2' returned '0': CMAKE_PREFIX_PATH=${CMAKE_PREFIX_PATH}:/home/hello-robot/ament_ws/install/tf2_web_republisher_py:/home/hello-robot/ament_ws/install/stretch_ros_tutorials:/home/hello-robot/ament_ws/install/stretch_funmap:/home/hello-robot/ament_ws/install/stretch_calibration:/home/hello-robot/ament_ws/install/stretch_demos:/home/hello-robot/ament_ws/install/stretch_deep_perception:/home/hello-robot/ament_ws/install/stretch_core:/home/hello-robot/ament_ws/install/respeaker_ros2:/home/hello-robot/ament_ws/install/hello_helpers:/opt/ros/humble /usr/bin/cmake /home/hello-robot/ament_ws/src/stretch_ros2/stretch_nav2 -DCMAKE_BUILD_TYPE=Release -DCMAKE_INSTALL_PREFIX=/home/hello-robot/ament_ws/install/stretch_nav2
[8.433s] Invoking command in '/home/hello-robot/ament_ws/build/stretch_nav2': CMAKE_PREFIX_PATH=${CMAKE_PREFIX_PATH}:/home/hello-robot/ament_ws/install/tf2_web_republisher_py:/home/hello-robot/ament_ws/install/stretch_ros_tutorials:/home/hello-robot/ament_ws/install/stretch_funmap:/home/hello-robot/ament_ws/install/stretch_calibration:/home/hello-robot/ament_ws/install/stretch_demos:/home/hello-robot/ament_ws/install/stretch_deep_perception:/home/hello-robot/ament_ws/install/stretch_core:/home/hello-robot/ament_ws/install/respeaker_ros2:/home/hello-robot/ament_ws/install/hello_helpers:/opt/ros/humble /usr/bin/cmake --build /home/hello-robot/ament_ws/build/stretch_nav2 -- -j16 -l16
[8.796s] Built target ament_cmake_python_copy_stretch_nav2
[11.824s] /home/hello-robot/.local/lib/python3.10/site-packages/setuptools_scm/_integration/setuptools.py:30: RuntimeWarning: 
[11.824s] ERROR: setuptools==59.6.0 is used in combination with setuptools_scm>=8.x
[11.824s] 
[11.824s] Your build configuration is incomplete and previously worked by accident!
[11.824s] setuptools_scm requires setuptools>=61
[11.824s] 
[11.824s] Suggested workaround if applicable:
[11.825s]  - migrating from the deprecated setup_requires mechanism to pep517/518
[11.825s]    and using a pyproject.toml to declare build dependencies
[11.825s]    which are reliably pre-installed before running the build tools
[11.825s] 
[11.825s]   warnings.warn(
[11.825s] running egg_info
[11.825s] creating stretch_nav2.egg-info
[11.825s] writing stretch_nav2.egg-info/PKG-INFO
[11.825s] writing dependency_links to stretch_nav2.egg-info/dependency_links.txt
[11.825s] writing top-level names to stretch_nav2.egg-info/top_level.txt
[11.825s] writing manifest file 'stretch_nav2.egg-info/SOURCES.txt'
[13.840s] [03/04/24 08:23:33] ERROR    listing git files failed - pretending     git.py:24
[13.840s]                              there aren't any                                   
[13.869s] reading manifest file 'stretch_nav2.egg-info/SOURCES.txt'
[13.869s] writing manifest file 'stretch_nav2.egg-info/SOURCES.txt'
[13.869s] Built target ament_cmake_python_build_stretch_nav2_egg
[14.147s] Invoked command in '/home/hello-robot/ament_ws/build/stretch_nav2' returned '0': CMAKE_PREFIX_PATH=${CMAKE_PREFIX_PATH}:/home/hello-robot/ament_ws/install/tf2_web_republisher_py:/home/hello-robot/ament_ws/install/stretch_ros_tutorials:/home/hello-robot/ament_ws/install/stretch_funmap:/home/hello-robot/ament_ws/install/stretch_calibration:/home/hello-robot/ament_ws/install/stretch_demos:/home/hello-robot/ament_ws/install/stretch_deep_perception:/home/hello-robot/ament_ws/install/stretch_core:/home/hello-robot/ament_ws/install/respeaker_ros2:/home/hello-robot/ament_ws/install/hello_helpers:/opt/ros/humble /usr/bin/cmake --build /home/hello-robot/ament_ws/build/stretch_nav2 -- -j16 -l16
[14.491s] Invoking command in '/home/hello-robot/ament_ws/build/stretch_nav2': CMAKE_PREFIX_PATH=${CMAKE_PREFIX_PATH}:/home/hello-robot/ament_ws/install/tf2_web_republisher_py:/home/hello-robot/ament_ws/install/stretch_ros_tutorials:/home/hello-robot/ament_ws/install/stretch_funmap:/home/hello-robot/ament_ws/install/stretch_calibration:/home/hello-robot/ament_ws/install/stretch_demos:/home/hello-robot/ament_ws/install/stretch_deep_perception:/home/hello-robot/ament_ws/install/stretch_core:/home/hello-robot/ament_ws/install/respeaker_ros2:/home/hello-robot/ament_ws/install/hello_helpers:/opt/ros/humble /usr/bin/cmake --install /home/hello-robot/ament_ws/build/stretch_nav2
[14.555s] -- Install configuration: "Release"
[14.555s] -- Installing: /home/hello-robot/ament_ws/install/stretch_nav2/share/stretch_nav2/launch
[14.555s] -- Installing: /home/hello-robot/ament_ws/install/stretch_nav2/share/stretch_nav2/launch/bringup_launch.py
[14.555s] -- Installing: /home/hello-robot/ament_ws/install/stretch_nav2/share/stretch_nav2/launch/online_async_launch.py
[14.555s] -- Installing: /home/hello-robot/ament_ws/install/stretch_nav2/share/stretch_nav2/launch/navigation_launch.py
[14.556s] -- Installing: /home/hello-robot/ament_ws/install/stretch_nav2/share/stretch_nav2/launch/stretch_navigation.launch.py
[14.556s] -- Installing: /home/hello-robot/ament_ws/install/stretch_nav2/share/stretch_nav2/launch/teleop_twist.launch.py
[14.556s] -- Installing: /home/hello-robot/ament_ws/install/stretch_nav2/share/stretch_nav2/launch/offline_mapping.launch.py
[14.556s] -- Installing: /home/hello-robot/ament_ws/install/stretch_nav2/share/stretch_nav2/launch/online_mapping.launch.py
[14.556s] -- Installing: /home/hello-robot/ament_ws/install/stretch_nav2/share/stretch_nav2/launch/navigation.launch.py
[14.556s] -- Installing: /home/hello-robot/ament_ws/install/stretch_nav2/share/stretch_nav2/launch/demo_security.launch.py
[14.556s] -- Installing: /home/hello-robot/ament_ws/install/stretch_nav2/share/stretch_nav2/config
[14.556s] -- Installing: /home/hello-robot/ament_ws/install/stretch_nav2/share/stretch_nav2/config/nav2_params.yaml
[14.556s] -- Installing: /home/hello-robot/ament_ws/install/stretch_nav2/share/stretch_nav2/config/mapper_params_online_async.yaml
[14.556s] -- Installing: /home/hello-robot/ament_ws/install/stretch_nav2/share/stretch_nav2/config/nav2_voxel_params.yaml
[14.556s] -- Installing: /home/hello-robot/ament_ws/install/stretch_nav2/share/stretch_nav2/stretch_nav2
[14.556s] -- Installing: /home/hello-robot/ament_ws/install/stretch_nav2/share/stretch_nav2/stretch_nav2/__init__.py
[14.556s] -- Installing: /home/hello-robot/ament_ws/install/stretch_nav2/share/stretch_nav2/stretch_nav2/robot_navigator.py
[14.557s] -- Installing: /home/hello-robot/ament_ws/install/stretch_nav2/share/stretch_nav2/stretch_nav2/simple_commander_demo.py
[14.557s] -- Installing: /home/hello-robot/ament_ws/install/stretch_nav2/share/stretch_nav2/environment/pythonpath.sh
[14.557s] -- Installing: /home/hello-robot/ament_ws/install/stretch_nav2/share/stretch_nav2/environment/pythonpath.dsv
[14.557s] -- Installing: /home/hello-robot/ament_ws/install/stretch_nav2/local/lib/python3.10/dist-packages/stretch_nav2-0.0.1-py3.10.egg-info
[14.557s] -- Installing: /home/hello-robot/ament_ws/install/stretch_nav2/local/lib/python3.10/dist-packages/stretch_nav2-0.0.1-py3.10.egg-info/PKG-INFO
[14.557s] -- Installing: /home/hello-robot/ament_ws/install/stretch_nav2/local/lib/python3.10/dist-packages/stretch_nav2-0.0.1-py3.10.egg-info/dependency_links.txt
[14.557s] -- Installing: /home/hello-robot/ament_ws/install/stretch_nav2/local/lib/python3.10/dist-packages/stretch_nav2-0.0.1-py3.10.egg-info/SOURCES.txt
[14.557s] -- Installing: /home/hello-robot/ament_ws/install/stretch_nav2/local/lib/python3.10/dist-packages/stretch_nav2-0.0.1-py3.10.egg-info/top_level.txt
[14.557s] -- Installing: /home/hello-robot/ament_ws/install/stretch_nav2/local/lib/python3.10/dist-packages/stretch_nav2
[14.557s] -- Installing: /home/hello-robot/ament_ws/install/stretch_nav2/local/lib/python3.10/dist-packages/stretch_nav2/__init__.py
[14.557s] -- Installing: /home/hello-robot/ament_ws/install/stretch_nav2/local/lib/python3.10/dist-packages/stretch_nav2/robot_navigator.py
[14.557s] -- Installing: /home/hello-robot/ament_ws/install/stretch_nav2/local/lib/python3.10/dist-packages/stretch_nav2/simple_commander_demo.py
[14.895s] Listing '/home/hello-robot/ament_ws/install/stretch_nav2/local/lib/python3.10/dist-packages/stretch_nav2'...
[14.895s] Compiling '/home/hello-robot/ament_ws/install/stretch_nav2/local/lib/python3.10/dist-packages/stretch_nav2/__init__.py'...
[14.895s] Compiling '/home/hello-robot/ament_ws/install/stretch_nav2/local/lib/python3.10/dist-packages/stretch_nav2/robot_navigator.py'...
[14.895s] Compiling '/home/hello-robot/ament_ws/install/stretch_nav2/local/lib/python3.10/dist-packages/stretch_nav2/simple_commander_demo.py'...
[14.895s] -- Installing: /home/hello-robot/ament_ws/install/stretch_nav2/lib/stretch_nav2/simple_commander_demo.py
[14.895s] -- Installing: /home/hello-robot/ament_ws/install/stretch_nav2/share/ament_index/resource_index/package_run_dependencies/stretch_nav2
[14.896s] -- Installing: /home/hello-robot/ament_ws/install/stretch_nav2/share/ament_index/resource_index/parent_prefix_path/stretch_nav2
[14.896s] -- Installing: /home/hello-robot/ament_ws/install/stretch_nav2/share/stretch_nav2/environment/ament_prefix_path.sh
[14.896s] -- Installing: /home/hello-robot/ament_ws/install/stretch_nav2/share/stretch_nav2/environment/ament_prefix_path.dsv
[14.896s] -- Installing: /home/hello-robot/ament_ws/install/stretch_nav2/share/stretch_nav2/environment/path.sh
[14.896s] -- Installing: /home/hello-robot/ament_ws/install/stretch_nav2/share/stretch_nav2/environment/path.dsv
[14.896s] -- Installing: /home/hello-robot/ament_ws/install/stretch_nav2/share/stretch_nav2/local_setup.bash
[14.896s] -- Installing: /home/hello-robot/ament_ws/install/stretch_nav2/share/stretch_nav2/local_setup.sh
[14.896s] -- Installing: /home/hello-robot/ament_ws/install/stretch_nav2/share/stretch_nav2/local_setup.zsh
[14.896s] -- Installing: /home/hello-robot/ament_ws/install/stretch_nav2/share/stretch_nav2/local_setup.dsv
[14.896s] -- Installing: /home/hello-robot/ament_ws/install/stretch_nav2/share/stretch_nav2/package.dsv
[14.896s] -- Installing: /home/hello-robot/ament_ws/install/stretch_nav2/share/ament_index/resource_index/packages/stretch_nav2
[14.896s] -- Installing: /home/hello-robot/ament_ws/install/stretch_nav2/share/stretch_nav2/cmake/stretch_nav2Config.cmake
[14.897s] -- Installing: /home/hello-robot/ament_ws/install/stretch_nav2/share/stretch_nav2/cmake/stretch_nav2Config-version.cmake
[14.897s] -- Installing: /home/hello-robot/ament_ws/install/stretch_nav2/share/stretch_nav2/package.xml
[14.897s] Invoked command in '/home/hello-robot/ament_ws/build/stretch_nav2' returned '0': CMAKE_PREFIX_PATH=${CMAKE_PREFIX_PATH}:/home/hello-robot/ament_ws/install/tf2_web_republisher_py:/home/hello-robot/ament_ws/install/stretch_ros_tutorials:/home/hello-robot/ament_ws/install/stretch_funmap:/home/hello-robot/ament_ws/install/stretch_calibration:/home/hello-robot/ament_ws/install/stretch_demos:/home/hello-robot/ament_ws/install/stretch_deep_perception:/home/hello-robot/ament_ws/install/stretch_core:/home/hello-robot/ament_ws/install/respeaker_ros2:/home/hello-robot/ament_ws/install/hello_helpers:/opt/ros/humble /usr/bin/cmake --install /home/hello-robot/ament_ws/build/stretch_nav2
