[1.097s] Invoking command in '/home/hello-robot/ament_ws/build/ros2_numpy': CMAKE_PREFIX_PATH=${CMAKE_PREFIX_PATH}:/home/hello-robot/ament_ws/install/tf2_web_republisher_py:/home/hello-robot/ament_ws/install/stretch_ros_tutorials:/home/hello-robot/ament_ws/install/stretch_funmap:/home/hello-robot/ament_ws/install/stretch_calibration:/home/hello-robot/ament_ws/install/stretch_demos:/home/hello-robot/ament_ws/install/stretch_deep_perception:/home/hello-robot/ament_ws/install/stretch_core:/home/hello-robot/ament_ws/install/respeaker_ros2:/home/hello-robot/ament_ws/install/hello_helpers:/opt/ros/humble /usr/bin/cmake /home/hello-robot/ament_ws/src/ros2_numpy -DCMAKE_INSTALL_PREFIX=/home/hello-robot/ament_ws/install/ros2_numpy
[4.057s] -- Found ament_cmake: 1.3.8 (/opt/ros/humble/share/ament_cmake/cmake)
[4.057s] -- Found sensor_msgs: 4.2.3 (/opt/ros/humble/share/sensor_msgs/cmake)
[4.057s] -- Found rosidl_generator_c: 3.1.5 (/opt/ros/humble/share/rosidl_generator_c/cmake)
[4.057s] -- Found rosidl_adapter: 3.1.5 (/opt/ros/humble/share/rosidl_adapter/cmake)
[4.058s] -- Found rosidl_generator_cpp: 3.1.5 (/opt/ros/humble/share/rosidl_generator_cpp/cmake)
[4.058s] -- Using all available rosidl_typesupport_c: rosidl_typesupport_fastrtps_c;rosidl_typesupport_introspection_c
[4.058s] -- Using all available rosidl_typesupport_cpp: rosidl_typesupport_fastrtps_cpp;rosidl_typesupport_introspection_cpp
[4.058s] -- Found nav_msgs: 4.2.3 (/opt/ros/humble/share/nav_msgs/cmake)
[4.058s] -- Found rclpy: 3.3.12 (/opt/ros/humble/share/rclpy/cmake)
[4.058s] -- Found ament_cmake_pytest: 1.3.8 (/opt/ros/humble/share/ament_cmake_pytest/cmake)
[6.826s] -- Configuring done
[6.826s] -- Generating done
[6.827s] -- Build files have been written to: /home/hello-robot/ament_ws/build/ros2_numpy
[6.832s] Invoked command in '/home/hello-robot/ament_ws/build/ros2_numpy' returned '0': CMAKE_PREFIX_PATH=${CMAKE_PREFIX_PATH}:/home/hello-robot/ament_ws/install/tf2_web_republisher_py:/home/hello-robot/ament_ws/install/stretch_ros_tutorials:/home/hello-robot/ament_ws/install/stretch_funmap:/home/hello-robot/ament_ws/install/stretch_calibration:/home/hello-robot/ament_ws/install/stretch_demos:/home/hello-robot/ament_ws/install/stretch_deep_perception:/home/hello-robot/ament_ws/install/stretch_core:/home/hello-robot/ament_ws/install/respeaker_ros2:/home/hello-robot/ament_ws/install/hello_helpers:/opt/ros/humble /usr/bin/cmake /home/hello-robot/ament_ws/src/ros2_numpy -DCMAKE_INSTALL_PREFIX=/home/hello-robot/ament_ws/install/ros2_numpy
[6.833s] Invoking command in '/home/hello-robot/ament_ws/build/ros2_numpy': CMAKE_PREFIX_PATH=${CMAKE_PREFIX_PATH}:/home/hello-robot/ament_ws/install/tf2_web_republisher_py:/home/hello-robot/ament_ws/install/stretch_ros_tutorials:/home/hello-robot/ament_ws/install/stretch_funmap:/home/hello-robot/ament_ws/install/stretch_calibration:/home/hello-robot/ament_ws/install/stretch_demos:/home/hello-robot/ament_ws/install/stretch_deep_perception:/home/hello-robot/ament_ws/install/stretch_core:/home/hello-robot/ament_ws/install/respeaker_ros2:/home/hello-robot/ament_ws/install/hello_helpers:/opt/ros/humble /usr/bin/cmake --build /home/hello-robot/ament_ws/build/ros2_numpy -- -j16 -l16
[7.223s] Built target ament_cmake_python_copy_ros2_numpy
[7.912s] /home/hello-robot/.local/lib/python3.10/site-packages/setuptools_scm/_integration/setuptools.py:30: RuntimeWarning: 
[7.912s] ERROR: setuptools==59.6.0 is used in combination with setuptools_scm>=8.x
[7.912s] 
[7.912s] Your build configuration is incomplete and previously worked by accident!
[7.912s] setuptools_scm requires setuptools>=61
[7.912s] 
[7.912s] Suggested workaround if applicable:
[7.912s]  - migrating from the deprecated setup_requires mechanism to pep517/518
[7.912s]    and using a pyproject.toml to declare build dependencies
[7.912s]    which are reliably pre-installed before running the build tools
[7.912s] 
[7.913s]   warnings.warn(
[7.913s] [03/04/24 08:24:39] ERROR    listing git files failed - pretending     git.py:24
[7.913s]                              there aren't any                                   
[7.913s] running egg_info
[7.913s] writing ros2_numpy.egg-info/PKG-INFO
[7.913s] writing dependency_links to ros2_numpy.egg-info/dependency_links.txt
[7.913s] writing top-level names to ros2_numpy.egg-info/top_level.txt
[7.913s] reading manifest file 'ros2_numpy.egg-info/SOURCES.txt'
[7.913s] writing manifest file 'ros2_numpy.egg-info/SOURCES.txt'
[7.913s] Built target ament_cmake_python_build_ros2_numpy_egg
[7.919s] Invoked command in '/home/hello-robot/ament_ws/build/ros2_numpy' returned '0': CMAKE_PREFIX_PATH=${CMAKE_PREFIX_PATH}:/home/hello-robot/ament_ws/install/tf2_web_republisher_py:/home/hello-robot/ament_ws/install/stretch_ros_tutorials:/home/hello-robot/ament_ws/install/stretch_funmap:/home/hello-robot/ament_ws/install/stretch_calibration:/home/hello-robot/ament_ws/install/stretch_demos:/home/hello-robot/ament_ws/install/stretch_deep_perception:/home/hello-robot/ament_ws/install/stretch_core:/home/hello-robot/ament_ws/install/respeaker_ros2:/home/hello-robot/ament_ws/install/hello_helpers:/opt/ros/humble /usr/bin/cmake --build /home/hello-robot/ament_ws/build/ros2_numpy -- -j16 -l16
[8.853s] Invoking command in '/home/hello-robot/ament_ws/build/ros2_numpy': CMAKE_PREFIX_PATH=${CMAKE_PREFIX_PATH}:/home/hello-robot/ament_ws/install/tf2_web_republisher_py:/home/hello-robot/ament_ws/install/stretch_ros_tutorials:/home/hello-robot/ament_ws/install/stretch_funmap:/home/hello-robot/ament_ws/install/stretch_calibration:/home/hello-robot/ament_ws/install/stretch_demos:/home/hello-robot/ament_ws/install/stretch_deep_perception:/home/hello-robot/ament_ws/install/stretch_core:/home/hello-robot/ament_ws/install/respeaker_ros2:/home/hello-robot/ament_ws/install/hello_helpers:/opt/ros/humble /usr/bin/cmake --install /home/hello-robot/ament_ws/build/ros2_numpy
[9.071s] -- Install configuration: "Release"
[9.071s] -- Up-to-date: /home/hello-robot/ament_ws/install/ros2_numpy/share/ros2_numpy/environment/pythonpath.sh
[9.071s] -- Installing: /home/hello-robot/ament_ws/install/ros2_numpy/share/ros2_numpy/environment/pythonpath.dsv
[9.071s] -- Up-to-date: /home/hello-robot/ament_ws/install/ros2_numpy/local/lib/python3.10/dist-packages/ros2_numpy-2.0.9-py3.10.egg-info
[9.071s] -- Installing: /home/hello-robot/ament_ws/install/ros2_numpy/local/lib/python3.10/dist-packages/ros2_numpy-2.0.9-py3.10.egg-info/PKG-INFO
[9.072s] -- Installing: /home/hello-robot/ament_ws/install/ros2_numpy/local/lib/python3.10/dist-packages/ros2_numpy-2.0.9-py3.10.egg-info/dependency_links.txt
[9.072s] -- Installing: /home/hello-robot/ament_ws/install/ros2_numpy/local/lib/python3.10/dist-packages/ros2_numpy-2.0.9-py3.10.egg-info/SOURCES.txt
[9.072s] -- Installing: /home/hello-robot/ament_ws/install/ros2_numpy/local/lib/python3.10/dist-packages/ros2_numpy-2.0.9-py3.10.egg-info/top_level.txt
[9.072s] -- Up-to-date: /home/hello-robot/ament_ws/install/ros2_numpy/local/lib/python3.10/dist-packages/ros2_numpy
[9.072s] -- Up-to-date: /home/hello-robot/ament_ws/install/ros2_numpy/local/lib/python3.10/dist-packages/ros2_numpy/point_cloud2.py
[9.072s] -- Up-to-date: /home/hello-robot/ament_ws/install/ros2_numpy/local/lib/python3.10/dist-packages/ros2_numpy/__init__.py
[9.072s] -- Up-to-date: /home/hello-robot/ament_ws/install/ros2_numpy/local/lib/python3.10/dist-packages/ros2_numpy/geometry.py
[9.072s] -- Up-to-date: /home/hello-robot/ament_ws/install/ros2_numpy/local/lib/python3.10/dist-packages/ros2_numpy/registry.py
[9.072s] -- Up-to-date: /home/hello-robot/ament_ws/install/ros2_numpy/local/lib/python3.10/dist-packages/ros2_numpy/occupancy_grid.py
[9.072s] -- Up-to-date: /home/hello-robot/ament_ws/install/ros2_numpy/local/lib/python3.10/dist-packages/ros2_numpy/image.py
[9.072s] Listing '/home/hello-robot/ament_ws/install/ros2_numpy/local/lib/python3.10/dist-packages/ros2_numpy'...
[9.072s] -- Up-to-date: /home/hello-robot/ament_ws/install/ros2_numpy/share/ament_index/resource_index/package_run_dependencies/ros2_numpy
[9.072s] -- Up-to-date: /home/hello-robot/ament_ws/install/ros2_numpy/share/ament_index/resource_index/parent_prefix_path/ros2_numpy
[9.072s] -- Up-to-date: /home/hello-robot/ament_ws/install/ros2_numpy/share/ros2_numpy/environment/ament_prefix_path.sh
[9.072s] -- Installing: /home/hello-robot/ament_ws/install/ros2_numpy/share/ros2_numpy/environment/ament_prefix_path.dsv
[9.073s] -- Up-to-date: /home/hello-robot/ament_ws/install/ros2_numpy/share/ros2_numpy/environment/path.sh
[9.073s] -- Installing: /home/hello-robot/ament_ws/install/ros2_numpy/share/ros2_numpy/environment/path.dsv
[9.073s] -- Up-to-date: /home/hello-robot/ament_ws/install/ros2_numpy/share/ros2_numpy/local_setup.bash
[9.073s] -- Up-to-date: /home/hello-robot/ament_ws/install/ros2_numpy/share/ros2_numpy/local_setup.sh
[9.073s] -- Up-to-date: /home/hello-robot/ament_ws/install/ros2_numpy/share/ros2_numpy/local_setup.zsh
[9.073s] -- Installing: /home/hello-robot/ament_ws/install/ros2_numpy/share/ros2_numpy/local_setup.dsv
[9.073s] -- Installing: /home/hello-robot/ament_ws/install/ros2_numpy/share/ros2_numpy/package.dsv
[9.073s] -- Up-to-date: /home/hello-robot/ament_ws/install/ros2_numpy/share/ament_index/resource_index/packages/ros2_numpy
[9.073s] -- Up-to-date: /home/hello-robot/ament_ws/install/ros2_numpy/share/ros2_numpy/cmake/ament_cmake_export_dependencies-extras.cmake
[9.073s] -- Up-to-date: /home/hello-robot/ament_ws/install/ros2_numpy/share/ros2_numpy/cmake/ros2_numpyConfig.cmake
[9.073s] -- Up-to-date: /home/hello-robot/ament_ws/install/ros2_numpy/share/ros2_numpy/cmake/ros2_numpyConfig-version.cmake
[9.073s] -- Up-to-date: /home/hello-robot/ament_ws/install/ros2_numpy/share/ros2_numpy/package.xml
[9.223s] Invoked command in '/home/hello-robot/ament_ws/build/ros2_numpy' returned '0': CMAKE_PREFIX_PATH=${CMAKE_PREFIX_PATH}:/home/hello-robot/ament_ws/install/tf2_web_republisher_py:/home/hello-robot/ament_ws/install/stretch_ros_tutorials:/home/hello-robot/ament_ws/install/stretch_funmap:/home/hello-robot/ament_ws/install/stretch_calibration:/home/hello-robot/ament_ws/install/stretch_demos:/home/hello-robot/ament_ws/install/stretch_deep_perception:/home/hello-robot/ament_ws/install/stretch_core:/home/hello-robot/ament_ws/install/respeaker_ros2:/home/hello-robot/ament_ws/install/hello_helpers:/opt/ros/humble /usr/bin/cmake --install /home/hello-robot/ament_ws/build/ros2_numpy
