/home/hello-robot/.local/lib/python3.10/site-packages/setuptools_scm/_integration/setuptools.py:30: RuntimeWarning: 
ERROR: setuptools==59.6.0 is used in combination with setuptools_scm>=8.x

Your build configuration is incomplete and previously worked by accident!
setuptools_scm requires setuptools>=61

Suggested workaround if applicable:
 - migrating from the deprecated setup_requires mechanism to pep517/518
   and using a pyproject.toml to declare build dependencies
   which are reliably pre-installed before running the build tools

  warnings.warn(
running egg_info
creating ../../../build/stretch_core/stretch_core.egg-info
writing ../../../build/stretch_core/stretch_core.egg-info/PKG-INFO
writing dependency_links to ../../../build/stretch_core/stretch_core.egg-info/dependency_links.txt
writing entry points to ../../../build/stretch_core/stretch_core.egg-info/entry_points.txt
writing requirements to ../../../build/stretch_core/stretch_core.egg-info/requires.txt
writing top-level names to ../../../build/stretch_core/stretch_core.egg-info/top_level.txt
writing manifest file '../../../build/stretch_core/stretch_core.egg-info/SOURCES.txt'
adding license file 'LICENSE.md'
writing manifest file '../../../build/stretch_core/stretch_core.egg-info/SOURCES.txt'
running build
running build_py
creating /home/hello-robot/ament_ws/build/stretch_core/build
creating /home/hello-robot/ament_ws/build/stretch_core/build/lib
creating /home/hello-robot/ament_ws/build/stretch_core/build/lib/stretch_core
copying stretch_core/command_groups.py -> /home/hello-robot/ament_ws/build/stretch_core/build/lib/stretch_core
copying stretch_core/d435i_configure.py -> /home/hello-robot/ament_ws/build/stretch_core/build/lib/stretch_core
copying stretch_core/detect_aruco_markers.py -> /home/hello-robot/ament_ws/build/stretch_core/build/lib/stretch_core
copying stretch_core/__init__.py -> /home/hello-robot/ament_ws/build/stretch_core/build/lib/stretch_core
copying stretch_core/d435i_accel_correction.py -> /home/hello-robot/ament_ws/build/stretch_core/build/lib/stretch_core
copying stretch_core/joint_trajectory_server.py -> /home/hello-robot/ament_ws/build/stretch_core/build/lib/stretch_core
copying stretch_core/rwlock.py -> /home/hello-robot/ament_ws/build/stretch_core/build/lib/stretch_core
copying stretch_core/trajectory_components.py -> /home/hello-robot/ament_ws/build/stretch_core/build/lib/stretch_core
copying stretch_core/stretch_diagnostics.py -> /home/hello-robot/ament_ws/build/stretch_core/build/lib/stretch_core
copying stretch_core/stretch_driver.py -> /home/hello-robot/ament_ws/build/stretch_core/build/lib/stretch_core
copying stretch_core/usb_cam.py -> /home/hello-robot/ament_ws/build/stretch_core/build/lib/stretch_core
copying stretch_core/align_to_aruco.py -> /home/hello-robot/ament_ws/build/stretch_core/build/lib/stretch_core
copying stretch_core/keyboard_teleop.py -> /home/hello-robot/ament_ws/build/stretch_core/build/lib/stretch_core
copying stretch_core/keyboard.py -> /home/hello-robot/ament_ws/build/stretch_core/build/lib/stretch_core
copying stretch_core/d435i_frustum_visualizer.py -> /home/hello-robot/ament_ws/build/stretch_core/build/lib/stretch_core
copying stretch_core/avoider.py -> /home/hello-robot/ament_ws/build/stretch_core/build/lib/stretch_core
running install
running install_lib
creating /home/hello-robot/ament_ws/install/stretch_core/lib/python3.10/site-packages/stretch_core
copying /home/hello-robot/ament_ws/build/stretch_core/build/lib/stretch_core/command_groups.py -> /home/hello-robot/ament_ws/install/stretch_core/lib/python3.10/site-packages/stretch_core
copying /home/hello-robot/ament_ws/build/stretch_core/build/lib/stretch_core/d435i_configure.py -> /home/hello-robot/ament_ws/install/stretch_core/lib/python3.10/site-packages/stretch_core
copying /home/hello-robot/ament_ws/build/stretch_core/build/lib/stretch_core/detect_aruco_markers.py -> /home/hello-robot/ament_ws/install/stretch_core/lib/python3.10/site-packages/stretch_core
copying /home/hello-robot/ament_ws/build/stretch_core/build/lib/stretch_core/__init__.py -> /home/hello-robot/ament_ws/install/stretch_core/lib/python3.10/site-packages/stretch_core
copying /home/hello-robot/ament_ws/build/stretch_core/build/lib/stretch_core/d435i_accel_correction.py -> /home/hello-robot/ament_ws/install/stretch_core/lib/python3.10/site-packages/stretch_core
copying /home/hello-robot/ament_ws/build/stretch_core/build/lib/stretch_core/joint_trajectory_server.py -> /home/hello-robot/ament_ws/install/stretch_core/lib/python3.10/site-packages/stretch_core
copying /home/hello-robot/ament_ws/build/stretch_core/build/lib/stretch_core/rwlock.py -> /home/hello-robot/ament_ws/install/stretch_core/lib/python3.10/site-packages/stretch_core
copying /home/hello-robot/ament_ws/build/stretch_core/build/lib/stretch_core/trajectory_components.py -> /home/hello-robot/ament_ws/install/stretch_core/lib/python3.10/site-packages/stretch_core
copying /home/hello-robot/ament_ws/build/stretch_core/build/lib/stretch_core/stretch_diagnostics.py -> /home/hello-robot/ament_ws/install/stretch_core/lib/python3.10/site-packages/stretch_core
copying /home/hello-robot/ament_ws/build/stretch_core/build/lib/stretch_core/stretch_driver.py -> /home/hello-robot/ament_ws/install/stretch_core/lib/python3.10/site-packages/stretch_core
copying /home/hello-robot/ament_ws/build/stretch_core/build/lib/stretch_core/usb_cam.py -> /home/hello-robot/ament_ws/install/stretch_core/lib/python3.10/site-packages/stretch_core
copying /home/hello-robot/ament_ws/build/stretch_core/build/lib/stretch_core/align_to_aruco.py -> /home/hello-robot/ament_ws/install/stretch_core/lib/python3.10/site-packages/stretch_core
copying /home/hello-robot/ament_ws/build/stretch_core/build/lib/stretch_core/keyboard_teleop.py -> /home/hello-robot/ament_ws/install/stretch_core/lib/python3.10/site-packages/stretch_core
copying /home/hello-robot/ament_ws/build/stretch_core/build/lib/stretch_core/keyboard.py -> /home/hello-robot/ament_ws/install/stretch_core/lib/python3.10/site-packages/stretch_core
copying /home/hello-robot/ament_ws/build/stretch_core/build/lib/stretch_core/d435i_frustum_visualizer.py -> /home/hello-robot/ament_ws/install/stretch_core/lib/python3.10/site-packages/stretch_core
copying /home/hello-robot/ament_ws/build/stretch_core/build/lib/stretch_core/avoider.py -> /home/hello-robot/ament_ws/install/stretch_core/lib/python3.10/site-packages/stretch_core
byte-compiling /home/hello-robot/ament_ws/install/stretch_core/lib/python3.10/site-packages/stretch_core/command_groups.py to command_groups.cpython-310.pyc
byte-compiling /home/hello-robot/ament_ws/install/stretch_core/lib/python3.10/site-packages/stretch_core/d435i_configure.py to d435i_configure.cpython-310.pyc
byte-compiling /home/hello-robot/ament_ws/install/stretch_core/lib/python3.10/site-packages/stretch_core/detect_aruco_markers.py to detect_aruco_markers.cpython-310.pyc
byte-compiling /home/hello-robot/ament_ws/install/stretch_core/lib/python3.10/site-packages/stretch_core/__init__.py to __init__.cpython-310.pyc
byte-compiling /home/hello-robot/ament_ws/install/stretch_core/lib/python3.10/site-packages/stretch_core/d435i_accel_correction.py to d435i_accel_correction.cpython-310.pyc
byte-compiling /home/hello-robot/ament_ws/install/stretch_core/lib/python3.10/site-packages/stretch_core/joint_trajectory_server.py to joint_trajectory_server.cpython-310.pyc
byte-compiling /home/hello-robot/ament_ws/install/stretch_core/lib/python3.10/site-packages/stretch_core/rwlock.py to rwlock.cpython-310.pyc
byte-compiling /home/hello-robot/ament_ws/install/stretch_core/lib/python3.10/site-packages/stretch_core/trajectory_components.py to trajectory_components.cpython-310.pyc
byte-compiling /home/hello-robot/ament_ws/install/stretch_core/lib/python3.10/site-packages/stretch_core/stretch_diagnostics.py to stretch_diagnostics.cpython-310.pyc
byte-compiling /home/hello-robot/ament_ws/install/stretch_core/lib/python3.10/site-packages/stretch_core/stretch_driver.py to stretch_driver.cpython-310.pyc
byte-compiling /home/hello-robot/ament_ws/install/stretch_core/lib/python3.10/site-packages/stretch_core/usb_cam.py to usb_cam.cpython-310.pyc
byte-compiling /home/hello-robot/ament_ws/install/stretch_core/lib/python3.10/site-packages/stretch_core/align_to_aruco.py to align_to_aruco.cpython-310.pyc
byte-compiling /home/hello-robot/ament_ws/install/stretch_core/lib/python3.10/site-packages/stretch_core/keyboard_teleop.py to keyboard_teleop.cpython-310.pyc
byte-compiling /home/hello-robot/ament_ws/install/stretch_core/lib/python3.10/site-packages/stretch_core/keyboard.py to keyboard.cpython-310.pyc
byte-compiling /home/hello-robot/ament_ws/install/stretch_core/lib/python3.10/site-packages/stretch_core/d435i_frustum_visualizer.py to d435i_frustum_visualizer.cpython-310.pyc
byte-compiling /home/hello-robot/ament_ws/install/stretch_core/lib/python3.10/site-packages/stretch_core/avoider.py to avoider.cpython-310.pyc
running install_data
creating /home/hello-robot/ament_ws/install/stretch_core/share/ament_index
creating /home/hello-robot/ament_ws/install/stretch_core/share/ament_index/resource_index
creating /home/hello-robot/ament_ws/install/stretch_core/share/ament_index/resource_index/packages
copying resource/stretch_core -> /home/hello-robot/ament_ws/install/stretch_core/share/ament_index/resource_index/packages
copying package.xml -> /home/hello-robot/ament_ws/install/stretch_core/share/stretch_core
creating /home/hello-robot/ament_ws/install/stretch_core/share/stretch_core/launch
copying launch/stretch_aruco.launch.py -> /home/hello-robot/ament_ws/install/stretch_core/share/stretch_core/launch
copying launch/rplidar_keepout.launch.py -> /home/hello-robot/ament_ws/install/stretch_core/share/stretch_core/launch
copying launch/beta_gripper_camera.launch.py -> /home/hello-robot/ament_ws/install/stretch_core/share/stretch_core/launch
copying launch/stretch_driver.launch.py -> /home/hello-robot/ament_ws/install/stretch_core/share/stretch_core/launch
copying launch/rplidar.launch.py -> /home/hello-robot/ament_ws/install/stretch_core/share/stretch_core/launch
copying launch/beta_navigation_camera.launch.py -> /home/hello-robot/ament_ws/install/stretch_core/share/stretch_core/launch
copying launch/d435i_high_resolution.launch.py -> /home/hello-robot/ament_ws/install/stretch_core/share/stretch_core/launch
copying launch/navigation_camera.launch.py -> /home/hello-robot/ament_ws/install/stretch_core/share/stretch_core/launch
copying launch/d435i_basic.launch.py -> /home/hello-robot/ament_ws/install/stretch_core/share/stretch_core/launch
copying launch/multi_camera.launch.py -> /home/hello-robot/ament_ws/install/stretch_core/share/stretch_core/launch
copying launch/align_to_aruco.launch.py -> /home/hello-robot/ament_ws/install/stretch_core/share/stretch_core/launch
copying launch/stretch_realsense.launch.py -> /home/hello-robot/ament_ws/install/stretch_core/share/stretch_core/launch
copying launch/d435i_low_resolution.launch.py -> /home/hello-robot/ament_ws/install/stretch_core/share/stretch_core/launch
creating /home/hello-robot/ament_ws/install/stretch_core/share/stretch_core/config
copying config/HighAccuracyPreset.json -> /home/hello-robot/ament_ws/install/stretch_core/share/stretch_core/config
copying config/stretch_marker_dict.yaml -> /home/hello-robot/ament_ws/install/stretch_core/share/stretch_core/config
copying config/laser_filter_params.yaml -> /home/hello-robot/ament_ws/install/stretch_core/share/stretch_core/config
copying config/controller_calibration_head_factory_default.yaml -> /home/hello-robot/ament_ws/install/stretch_core/share/stretch_core/config
creating /home/hello-robot/ament_ws/install/stretch_core/share/stretch_core/rviz
copying rviz/stretch_simple_test.rviz -> /home/hello-robot/ament_ws/install/stretch_core/share/stretch_core/rviz
running install_egg_info
Copying ../../../build/stretch_core/stretch_core.egg-info to /home/hello-robot/ament_ws/install/stretch_core/lib/python3.10/site-packages/stretch_core-0.2.0-py3.10.egg-info
running install_scripts
Installing align_to_aruco script to /home/hello-robot/ament_ws/install/stretch_core/lib/stretch_core
Installing avoider script to /home/hello-robot/ament_ws/install/stretch_core/lib/stretch_core
Installing d435i_accel_correction script to /home/hello-robot/ament_ws/install/stretch_core/lib/stretch_core
Installing detect_aruco_markers script to /home/hello-robot/ament_ws/install/stretch_core/lib/stretch_core
Installing keyboard_teleop script to /home/hello-robot/ament_ws/install/stretch_core/lib/stretch_core
Installing stretch_driver script to /home/hello-robot/ament_ws/install/stretch_core/lib/stretch_core
Installing usb_cam script to /home/hello-robot/ament_ws/install/stretch_core/lib/stretch_core
writing list of installed files to '/home/hello-robot/ament_ws/build/stretch_core/install.log'
