[0.675s] Invoking command in '/home/hello-robot/ament_ws/src/stretch_ros2/stretch_core': AMENT_PREFIX_PATH=/home/hello-robot/ament_ws/install/hello_helpers:/home/hello-robot/ament_ws/install/tf2_web_republisher_py:/home/hello-robot/ament_ws/install/tf2_web_republisher:/home/hello-robot/ament_ws/install/stretch_web_teleop:/home/hello-robot/ament_ws/install/stretch_teleop_interface_msgs:/home/hello-robot/ament_ws/install/stretch_rtabmap:/home/hello-robot/ament_ws/install/stretch_ros_tutorials:/home/hello-robot/ament_ws/install/stretch_nav2:/home/hello-robot/ament_ws/install/stretch_funmap:/home/hello-robot/ament_ws/install/stretch_calibration:/home/hello-robot/ament_ws/install/stretch_description:/home/hello-robot/ament_ws/install/stretch_demos:/home/hello-robot/ament_ws/install/stretch_deep_perception:/home/hello-robot/ament_ws/install/stretch_core:/home/hello-robot/ament_ws/install/respeaker_ros2:/home/hello-robot/ament_ws/install/speech_recognition_msgs:/home/hello-robot/ament_ws/install/sound_play_msgs:/home/hello-robot/ament_ws/install/audio_common:/home/hello-robot/ament_ws/install/sound_play:/home/hello-robot/ament_ws/install/sllidar_ros2:/home/hello-robot/ament_ws/install/rosbridge_test_msgs:/home/hello-robot/ament_ws/install/rosbridge_suite:/home/hello-robot/ament_ws/install/rosbridge_server:/home/hello-robot/ament_ws/install/rosbridge_msgs:/home/hello-robot/ament_ws/install/rosapi:/home/hello-robot/ament_ws/install/rosbridge_library:/home/hello-robot/ament_ws/install/rosapi_msgs:/home/hello-robot/ament_ws/install/ros2_numpy:/home/hello-robot/ament_ws/install/realsense2_description:/home/hello-robot/ament_ws/install/realsense2_camera:/home/hello-robot/ament_ws/install/realsense2_camera_msgs:/home/hello-robot/ament_ws/install/audio_play:/home/hello-robot/ament_ws/install/audio_capture:/home/hello-robot/ament_ws/install/audio_common_msgs:/opt/ros/humble CMAKE_PREFIX_PATH=/home/hello-robot/ament_ws/install/realsense2_camera:/home/hello-robot/ament_ws/install/realsense2_camera_msgs:/home/hello-robot/ament_ws/install/tf2_web_republisher:/home/hello-robot/ament_ws/install/stretch_web_teleop:/home/hello-robot/ament_ws/install/stretch_teleop_interface_msgs:/home/hello-robot/ament_ws/install/stretch_rtabmap:/home/hello-robot/ament_ws/install/stretch_nav2:/home/hello-robot/ament_ws/install/stretch_description:/home/hello-robot/ament_ws/install/speech_recognition_msgs:/home/hello-robot/ament_ws/install/sound_play_msgs:/home/hello-robot/ament_ws/install/audio_common:/home/hello-robot/ament_ws/install/sound_play:/home/hello-robot/ament_ws/install/sllidar_ros2:/home/hello-robot/ament_ws/install/rosbridge_test_msgs:/home/hello-robot/ament_ws/install/rosbridge_suite:/home/hello-robot/ament_ws/install/rosbridge_server:/home/hello-robot/ament_ws/install/rosbridge_msgs:/home/hello-robot/ament_ws/install/rosapi:/home/hello-robot/ament_ws/install/rosbridge_library:/home/hello-robot/ament_ws/install/rosapi_msgs:/home/hello-robot/ament_ws/install/ros2_numpy:/home/hello-robot/ament_ws/install/realsense2_description:/home/hello-robot/ament_ws/install/audio_play:/home/hello-robot/ament_ws/install/audio_capture:/home/hello-robot/ament_ws/install/audio_common_msgs LD_LIBRARY_PATH=/home/hello-robot/ament_ws/install/realsense2_camera/lib:/home/hello-robot/ament_ws/install/realsense2_camera_msgs/lib:/home/hello-robot/ament_ws/install/tf2_web_republisher/lib:/home/hello-robot/ament_ws/install/stretch_teleop_interface_msgs/lib:/home/hello-robot/ament_ws/install/speech_recognition_msgs/lib:/home/hello-robot/ament_ws/install/sound_play_msgs/lib:/home/hello-robot/ament_ws/install/rosbridge_test_msgs/lib:/home/hello-robot/ament_ws/install/rosbridge_msgs/lib:/home/hello-robot/ament_ws/install/rosapi_msgs/lib:/home/hello-robot/ament_ws/install/audio_play/lib:/home/hello-robot/ament_ws/install/audio_capture/lib:/home/hello-robot/ament_ws/install/audio_common_msgs/lib:/usr/lib/x86_64-linux-gnu/gazebo-11/plugins:/opt/ros/humble/opt/rviz_ogre_vendor/lib:/opt/ros/humble/lib/x86_64-linux-gnu:/opt/ros/humble/lib PYTHONPATH=/home/hello-robot/ament_ws/build/stretch_core/prefix_override:/home/hello-robot/ament_ws/install/stretch_core/lib/python3.10/site-packages:/home/hello-robot/ament_ws/install/hello_helpers/lib/python3.10/site-packages:/home/hello-robot/ament_ws/install/tf2_web_republisher_py/lib/python3.10/site-packages:/home/hello-robot/ament_ws/install/tf2_web_republisher/local/lib/python3.10/dist-packages:/home/hello-robot/ament_ws/install/stretch_teleop_interface_msgs/local/lib/python3.10/dist-packages:/home/hello-robot/ament_ws/install/stretch_ros_tutorials/lib/python3.10/site-packages:/home/hello-robot/ament_ws/install/stretch_nav2/local/lib/python3.10/dist-packages:/home/hello-robot/ament_ws/install/stretch_funmap/lib/python3.10/site-packages:/home/hello-robot/ament_ws/install/stretch_calibration/lib/python3.10/site-packages:/home/hello-robot/ament_ws/install/stretch_demos/lib/python3.10/site-packages:/home/hello-robot/ament_ws/install/stretch_deep_perception/lib/python3.10/site-packages:/home/hello-robot/ament_ws/install/stretch_core/lib/python3.10/site-packages:/home/hello-robot/ament_ws/install/respeaker_ros2/lib/python3.10/site-packages:/home/hello-robot/ament_ws/install/speech_recognition_msgs/local/lib/python3.10/dist-packages:/home/hello-robot/ament_ws/install/sound_play_msgs/local/lib/python3.10/dist-packages:/home/hello-robot/ament_ws/install/sound_play/local/lib/python3.10/dist-packages:/home/hello-robot/ament_ws/install/rosbridge_test_msgs/local/lib/python3.10/dist-packages:/home/hello-robot/ament_ws/install/rosbridge_server/local/lib/python3.10/dist-packages:/home/hello-robot/ament_ws/install/rosbridge_msgs/local/lib/python3.10/dist-packages:/home/hello-robot/ament_ws/install/rosapi/local/lib/python3.10/dist-packages:/home/hello-robot/ament_ws/install/rosbridge_library/local/lib/python3.10/dist-packages:/home/hello-robot/ament_ws/install/rosapi_msgs/local/lib/python3.10/dist-packages:/home/hello-robot/ament_ws/install/ros2_numpy/local/lib/python3.10/dist-packages:/home/hello-robot/ament_ws/install/realsense2_camera_msgs/local/lib/python3.10/dist-packages:/home/hello-robot/ament_ws/install/audio_common_msgs/local/lib/python3.10/dist-packages:/opt/ros/humble/lib/python3.10/site-packages:/opt/ros/humble/local/lib/python3.10/dist-packages /usr/bin/python3 setup.py egg_info --egg-base ../../../build/stretch_core build --build-base /home/hello-robot/ament_ws/build/stretch_core/build install --record /home/hello-robot/ament_ws/build/stretch_core/install.log --single-version-externally-managed
[0.876s] /home/hello-robot/.local/lib/python3.10/site-packages/setuptools_scm/_integration/setuptools.py:30: RuntimeWarning: 
[0.876s] ERROR: setuptools==59.6.0 is used in combination with setuptools_scm>=8.x
[0.876s] 
[0.876s] Your build configuration is incomplete and previously worked by accident!
[0.876s] setuptools_scm requires setuptools>=61
[0.876s] 
[0.876s] Suggested workaround if applicable:
[0.876s]  - migrating from the deprecated setup_requires mechanism to pep517/518
[0.876s]    and using a pyproject.toml to declare build dependencies
[0.876s]    which are reliably pre-installed before running the build tools
[0.876s] 
[0.876s]   warnings.warn(
[0.888s] running egg_info
[0.888s] creating ../../../build/stretch_core/stretch_core.egg-info
[0.888s] writing ../../../build/stretch_core/stretch_core.egg-info/PKG-INFO
[0.888s] writing dependency_links to ../../../build/stretch_core/stretch_core.egg-info/dependency_links.txt
[0.888s] writing entry points to ../../../build/stretch_core/stretch_core.egg-info/entry_points.txt
[0.888s] writing requirements to ../../../build/stretch_core/stretch_core.egg-info/requires.txt
[0.888s] writing top-level names to ../../../build/stretch_core/stretch_core.egg-info/top_level.txt
[0.888s] writing manifest file '../../../build/stretch_core/stretch_core.egg-info/SOURCES.txt'
[1.571s] adding license file 'LICENSE.md'
[1.571s] writing manifest file '../../../build/stretch_core/stretch_core.egg-info/SOURCES.txt'
[1.571s] running build
[1.571s] running build_py
[1.571s] creating /home/hello-robot/ament_ws/build/stretch_core/build
[1.571s] creating /home/hello-robot/ament_ws/build/stretch_core/build/lib
[1.571s] creating /home/hello-robot/ament_ws/build/stretch_core/build/lib/stretch_core
[1.571s] copying stretch_core/command_groups.py -> /home/hello-robot/ament_ws/build/stretch_core/build/lib/stretch_core
[1.572s] copying stretch_core/d435i_configure.py -> /home/hello-robot/ament_ws/build/stretch_core/build/lib/stretch_core
[1.572s] copying stretch_core/detect_aruco_markers.py -> /home/hello-robot/ament_ws/build/stretch_core/build/lib/stretch_core
[1.572s] copying stretch_core/__init__.py -> /home/hello-robot/ament_ws/build/stretch_core/build/lib/stretch_core
[1.572s] copying stretch_core/d435i_accel_correction.py -> /home/hello-robot/ament_ws/build/stretch_core/build/lib/stretch_core
[1.572s] copying stretch_core/joint_trajectory_server.py -> /home/hello-robot/ament_ws/build/stretch_core/build/lib/stretch_core
[1.572s] copying stretch_core/rwlock.py -> /home/hello-robot/ament_ws/build/stretch_core/build/lib/stretch_core
[1.572s] copying stretch_core/trajectory_components.py -> /home/hello-robot/ament_ws/build/stretch_core/build/lib/stretch_core
[1.572s] copying stretch_core/stretch_diagnostics.py -> /home/hello-robot/ament_ws/build/stretch_core/build/lib/stretch_core
[1.572s] copying stretch_core/stretch_driver.py -> /home/hello-robot/ament_ws/build/stretch_core/build/lib/stretch_core
[1.572s] copying stretch_core/usb_cam.py -> /home/hello-robot/ament_ws/build/stretch_core/build/lib/stretch_core
[1.572s] copying stretch_core/align_to_aruco.py -> /home/hello-robot/ament_ws/build/stretch_core/build/lib/stretch_core
[1.572s] copying stretch_core/keyboard_teleop.py -> /home/hello-robot/ament_ws/build/stretch_core/build/lib/stretch_core
[1.572s] copying stretch_core/keyboard.py -> /home/hello-robot/ament_ws/build/stretch_core/build/lib/stretch_core
[1.572s] copying stretch_core/d435i_frustum_visualizer.py -> /home/hello-robot/ament_ws/build/stretch_core/build/lib/stretch_core
[1.572s] copying stretch_core/avoider.py -> /home/hello-robot/ament_ws/build/stretch_core/build/lib/stretch_core
[1.572s] running install
[1.572s] running install_lib
[1.573s] creating /home/hello-robot/ament_ws/install/stretch_core/lib/python3.10/site-packages/stretch_core
[1.573s] copying /home/hello-robot/ament_ws/build/stretch_core/build/lib/stretch_core/command_groups.py -> /home/hello-robot/ament_ws/install/stretch_core/lib/python3.10/site-packages/stretch_core
[1.573s] copying /home/hello-robot/ament_ws/build/stretch_core/build/lib/stretch_core/d435i_configure.py -> /home/hello-robot/ament_ws/install/stretch_core/lib/python3.10/site-packages/stretch_core
[1.573s] copying /home/hello-robot/ament_ws/build/stretch_core/build/lib/stretch_core/detect_aruco_markers.py -> /home/hello-robot/ament_ws/install/stretch_core/lib/python3.10/site-packages/stretch_core
[1.573s] copying /home/hello-robot/ament_ws/build/stretch_core/build/lib/stretch_core/__init__.py -> /home/hello-robot/ament_ws/install/stretch_core/lib/python3.10/site-packages/stretch_core
[1.573s] copying /home/hello-robot/ament_ws/build/stretch_core/build/lib/stretch_core/d435i_accel_correction.py -> /home/hello-robot/ament_ws/install/stretch_core/lib/python3.10/site-packages/stretch_core
[1.573s] copying /home/hello-robot/ament_ws/build/stretch_core/build/lib/stretch_core/joint_trajectory_server.py -> /home/hello-robot/ament_ws/install/stretch_core/lib/python3.10/site-packages/stretch_core
[1.573s] copying /home/hello-robot/ament_ws/build/stretch_core/build/lib/stretch_core/rwlock.py -> /home/hello-robot/ament_ws/install/stretch_core/lib/python3.10/site-packages/stretch_core
[1.573s] copying /home/hello-robot/ament_ws/build/stretch_core/build/lib/stretch_core/trajectory_components.py -> /home/hello-robot/ament_ws/install/stretch_core/lib/python3.10/site-packages/stretch_core
[1.573s] copying /home/hello-robot/ament_ws/build/stretch_core/build/lib/stretch_core/stretch_diagnostics.py -> /home/hello-robot/ament_ws/install/stretch_core/lib/python3.10/site-packages/stretch_core
[1.574s] copying /home/hello-robot/ament_ws/build/stretch_core/build/lib/stretch_core/stretch_driver.py -> /home/hello-robot/ament_ws/install/stretch_core/lib/python3.10/site-packages/stretch_core
[1.574s] copying /home/hello-robot/ament_ws/build/stretch_core/build/lib/stretch_core/usb_cam.py -> /home/hello-robot/ament_ws/install/stretch_core/lib/python3.10/site-packages/stretch_core
[1.574s] copying /home/hello-robot/ament_ws/build/stretch_core/build/lib/stretch_core/align_to_aruco.py -> /home/hello-robot/ament_ws/install/stretch_core/lib/python3.10/site-packages/stretch_core
[1.574s] copying /home/hello-robot/ament_ws/build/stretch_core/build/lib/stretch_core/keyboard_teleop.py -> /home/hello-robot/ament_ws/install/stretch_core/lib/python3.10/site-packages/stretch_core
[1.574s] copying /home/hello-robot/ament_ws/build/stretch_core/build/lib/stretch_core/keyboard.py -> /home/hello-robot/ament_ws/install/stretch_core/lib/python3.10/site-packages/stretch_core
[1.574s] copying /home/hello-robot/ament_ws/build/stretch_core/build/lib/stretch_core/d435i_frustum_visualizer.py -> /home/hello-robot/ament_ws/install/stretch_core/lib/python3.10/site-packages/stretch_core
[1.574s] copying /home/hello-robot/ament_ws/build/stretch_core/build/lib/stretch_core/avoider.py -> /home/hello-robot/ament_ws/install/stretch_core/lib/python3.10/site-packages/stretch_core
[1.574s] byte-compiling /home/hello-robot/ament_ws/install/stretch_core/lib/python3.10/site-packages/stretch_core/command_groups.py to command_groups.cpython-310.pyc
[1.578s] byte-compiling /home/hello-robot/ament_ws/install/stretch_core/lib/python3.10/site-packages/stretch_core/d435i_configure.py to d435i_configure.cpython-310.pyc
[1.578s] byte-compiling /home/hello-robot/ament_ws/install/stretch_core/lib/python3.10/site-packages/stretch_core/detect_aruco_markers.py to detect_aruco_markers.cpython-310.pyc
[1.581s] byte-compiling /home/hello-robot/ament_ws/install/stretch_core/lib/python3.10/site-packages/stretch_core/__init__.py to __init__.cpython-310.pyc
[1.581s] byte-compiling /home/hello-robot/ament_ws/install/stretch_core/lib/python3.10/site-packages/stretch_core/d435i_accel_correction.py to d435i_accel_correction.cpython-310.pyc
[1.582s] byte-compiling /home/hello-robot/ament_ws/install/stretch_core/lib/python3.10/site-packages/stretch_core/joint_trajectory_server.py to joint_trajectory_server.cpython-310.pyc
[1.583s] byte-compiling /home/hello-robot/ament_ws/install/stretch_core/lib/python3.10/site-packages/stretch_core/rwlock.py to rwlock.cpython-310.pyc
[1.583s] byte-compiling /home/hello-robot/ament_ws/install/stretch_core/lib/python3.10/site-packages/stretch_core/trajectory_components.py to trajectory_components.cpython-310.pyc
[1.584s] byte-compiling /home/hello-robot/ament_ws/install/stretch_core/lib/python3.10/site-packages/stretch_core/stretch_diagnostics.py to stretch_diagnostics.cpython-310.pyc
[1.585s] byte-compiling /home/hello-robot/ament_ws/install/stretch_core/lib/python3.10/site-packages/stretch_core/stretch_driver.py to stretch_driver.cpython-310.pyc
[1.587s] byte-compiling /home/hello-robot/ament_ws/install/stretch_core/lib/python3.10/site-packages/stretch_core/usb_cam.py to usb_cam.cpython-310.pyc
[1.588s] byte-compiling /home/hello-robot/ament_ws/install/stretch_core/lib/python3.10/site-packages/stretch_core/align_to_aruco.py to align_to_aruco.cpython-310.pyc
[1.589s] byte-compiling /home/hello-robot/ament_ws/install/stretch_core/lib/python3.10/site-packages/stretch_core/keyboard_teleop.py to keyboard_teleop.cpython-310.pyc
[1.590s] byte-compiling /home/hello-robot/ament_ws/install/stretch_core/lib/python3.10/site-packages/stretch_core/keyboard.py to keyboard.cpython-310.pyc
[1.590s] byte-compiling /home/hello-robot/ament_ws/install/stretch_core/lib/python3.10/site-packages/stretch_core/d435i_frustum_visualizer.py to d435i_frustum_visualizer.cpython-310.pyc
[1.591s] byte-compiling /home/hello-robot/ament_ws/install/stretch_core/lib/python3.10/site-packages/stretch_core/avoider.py to avoider.cpython-310.pyc
[1.591s] running install_data
[1.592s] creating /home/hello-robot/ament_ws/install/stretch_core/share/ament_index
[1.592s] creating /home/hello-robot/ament_ws/install/stretch_core/share/ament_index/resource_index
[1.592s] creating /home/hello-robot/ament_ws/install/stretch_core/share/ament_index/resource_index/packages
[1.592s] copying resource/stretch_core -> /home/hello-robot/ament_ws/install/stretch_core/share/ament_index/resource_index/packages
[1.592s] copying package.xml -> /home/hello-robot/ament_ws/install/stretch_core/share/stretch_core
[1.592s] creating /home/hello-robot/ament_ws/install/stretch_core/share/stretch_core/launch
[1.592s] copying launch/stretch_aruco.launch.py -> /home/hello-robot/ament_ws/install/stretch_core/share/stretch_core/launch
[1.592s] copying launch/rplidar_keepout.launch.py -> /home/hello-robot/ament_ws/install/stretch_core/share/stretch_core/launch
[1.592s] copying launch/beta_gripper_camera.launch.py -> /home/hello-robot/ament_ws/install/stretch_core/share/stretch_core/launch
[1.592s] copying launch/stretch_driver.launch.py -> /home/hello-robot/ament_ws/install/stretch_core/share/stretch_core/launch
[1.592s] copying launch/rplidar.launch.py -> /home/hello-robot/ament_ws/install/stretch_core/share/stretch_core/launch
[1.592s] copying launch/beta_navigation_camera.launch.py -> /home/hello-robot/ament_ws/install/stretch_core/share/stretch_core/launch
[1.593s] copying launch/d435i_high_resolution.launch.py -> /home/hello-robot/ament_ws/install/stretch_core/share/stretch_core/launch
[1.593s] copying launch/navigation_camera.launch.py -> /home/hello-robot/ament_ws/install/stretch_core/share/stretch_core/launch
[1.593s] copying launch/d435i_basic.launch.py -> /home/hello-robot/ament_ws/install/stretch_core/share/stretch_core/launch
[1.593s] copying launch/multi_camera.launch.py -> /home/hello-robot/ament_ws/install/stretch_core/share/stretch_core/launch
[1.593s] copying launch/align_to_aruco.launch.py -> /home/hello-robot/ament_ws/install/stretch_core/share/stretch_core/launch
[1.593s] copying launch/stretch_realsense.launch.py -> /home/hello-robot/ament_ws/install/stretch_core/share/stretch_core/launch
[1.593s] copying launch/d435i_low_resolution.launch.py -> /home/hello-robot/ament_ws/install/stretch_core/share/stretch_core/launch
[1.593s] creating /home/hello-robot/ament_ws/install/stretch_core/share/stretch_core/config
[1.593s] copying config/HighAccuracyPreset.json -> /home/hello-robot/ament_ws/install/stretch_core/share/stretch_core/config
[1.593s] copying config/stretch_marker_dict.yaml -> /home/hello-robot/ament_ws/install/stretch_core/share/stretch_core/config
[1.593s] copying config/laser_filter_params.yaml -> /home/hello-robot/ament_ws/install/stretch_core/share/stretch_core/config
[1.593s] copying config/controller_calibration_head_factory_default.yaml -> /home/hello-robot/ament_ws/install/stretch_core/share/stretch_core/config
[1.593s] creating /home/hello-robot/ament_ws/install/stretch_core/share/stretch_core/rviz
[1.593s] copying rviz/stretch_simple_test.rviz -> /home/hello-robot/ament_ws/install/stretch_core/share/stretch_core/rviz
[1.593s] running install_egg_info
[1.593s] Copying ../../../build/stretch_core/stretch_core.egg-info to /home/hello-robot/ament_ws/install/stretch_core/lib/python3.10/site-packages/stretch_core-0.2.0-py3.10.egg-info
[1.594s] running install_scripts
[1.606s] Installing align_to_aruco script to /home/hello-robot/ament_ws/install/stretch_core/lib/stretch_core
[1.606s] Installing avoider script to /home/hello-robot/ament_ws/install/stretch_core/lib/stretch_core
[1.606s] Installing d435i_accel_correction script to /home/hello-robot/ament_ws/install/stretch_core/lib/stretch_core
[1.606s] Installing detect_aruco_markers script to /home/hello-robot/ament_ws/install/stretch_core/lib/stretch_core
[1.606s] Installing keyboard_teleop script to /home/hello-robot/ament_ws/install/stretch_core/lib/stretch_core
[1.606s] Installing stretch_driver script to /home/hello-robot/ament_ws/install/stretch_core/lib/stretch_core
[1.606s] Installing usb_cam script to /home/hello-robot/ament_ws/install/stretch_core/lib/stretch_core
[1.606s] writing list of installed files to '/home/hello-robot/ament_ws/build/stretch_core/install.log'
[1.631s] Invoked command in '/home/hello-robot/ament_ws/src/stretch_ros2/stretch_core' returned '0': AMENT_PREFIX_PATH=/home/hello-robot/ament_ws/install/hello_helpers:/home/hello-robot/ament_ws/install/tf2_web_republisher_py:/home/hello-robot/ament_ws/install/tf2_web_republisher:/home/hello-robot/ament_ws/install/stretch_web_teleop:/home/hello-robot/ament_ws/install/stretch_teleop_interface_msgs:/home/hello-robot/ament_ws/install/stretch_rtabmap:/home/hello-robot/ament_ws/install/stretch_ros_tutorials:/home/hello-robot/ament_ws/install/stretch_nav2:/home/hello-robot/ament_ws/install/stretch_funmap:/home/hello-robot/ament_ws/install/stretch_calibration:/home/hello-robot/ament_ws/install/stretch_description:/home/hello-robot/ament_ws/install/stretch_demos:/home/hello-robot/ament_ws/install/stretch_deep_perception:/home/hello-robot/ament_ws/install/stretch_core:/home/hello-robot/ament_ws/install/respeaker_ros2:/home/hello-robot/ament_ws/install/speech_recognition_msgs:/home/hello-robot/ament_ws/install/sound_play_msgs:/home/hello-robot/ament_ws/install/audio_common:/home/hello-robot/ament_ws/install/sound_play:/home/hello-robot/ament_ws/install/sllidar_ros2:/home/hello-robot/ament_ws/install/rosbridge_test_msgs:/home/hello-robot/ament_ws/install/rosbridge_suite:/home/hello-robot/ament_ws/install/rosbridge_server:/home/hello-robot/ament_ws/install/rosbridge_msgs:/home/hello-robot/ament_ws/install/rosapi:/home/hello-robot/ament_ws/install/rosbridge_library:/home/hello-robot/ament_ws/install/rosapi_msgs:/home/hello-robot/ament_ws/install/ros2_numpy:/home/hello-robot/ament_ws/install/realsense2_description:/home/hello-robot/ament_ws/install/realsense2_camera:/home/hello-robot/ament_ws/install/realsense2_camera_msgs:/home/hello-robot/ament_ws/install/audio_play:/home/hello-robot/ament_ws/install/audio_capture:/home/hello-robot/ament_ws/install/audio_common_msgs:/opt/ros/humble CMAKE_PREFIX_PATH=/home/hello-robot/ament_ws/install/realsense2_camera:/home/hello-robot/ament_ws/install/realsense2_camera_msgs:/home/hello-robot/ament_ws/install/tf2_web_republisher:/home/hello-robot/ament_ws/install/stretch_web_teleop:/home/hello-robot/ament_ws/install/stretch_teleop_interface_msgs:/home/hello-robot/ament_ws/install/stretch_rtabmap:/home/hello-robot/ament_ws/install/stretch_nav2:/home/hello-robot/ament_ws/install/stretch_description:/home/hello-robot/ament_ws/install/speech_recognition_msgs:/home/hello-robot/ament_ws/install/sound_play_msgs:/home/hello-robot/ament_ws/install/audio_common:/home/hello-robot/ament_ws/install/sound_play:/home/hello-robot/ament_ws/install/sllidar_ros2:/home/hello-robot/ament_ws/install/rosbridge_test_msgs:/home/hello-robot/ament_ws/install/rosbridge_suite:/home/hello-robot/ament_ws/install/rosbridge_server:/home/hello-robot/ament_ws/install/rosbridge_msgs:/home/hello-robot/ament_ws/install/rosapi:/home/hello-robot/ament_ws/install/rosbridge_library:/home/hello-robot/ament_ws/install/rosapi_msgs:/home/hello-robot/ament_ws/install/ros2_numpy:/home/hello-robot/ament_ws/install/realsense2_description:/home/hello-robot/ament_ws/install/audio_play:/home/hello-robot/ament_ws/install/audio_capture:/home/hello-robot/ament_ws/install/audio_common_msgs LD_LIBRARY_PATH=/home/hello-robot/ament_ws/install/realsense2_camera/lib:/home/hello-robot/ament_ws/install/realsense2_camera_msgs/lib:/home/hello-robot/ament_ws/install/tf2_web_republisher/lib:/home/hello-robot/ament_ws/install/stretch_teleop_interface_msgs/lib:/home/hello-robot/ament_ws/install/speech_recognition_msgs/lib:/home/hello-robot/ament_ws/install/sound_play_msgs/lib:/home/hello-robot/ament_ws/install/rosbridge_test_msgs/lib:/home/hello-robot/ament_ws/install/rosbridge_msgs/lib:/home/hello-robot/ament_ws/install/rosapi_msgs/lib:/home/hello-robot/ament_ws/install/audio_play/lib:/home/hello-robot/ament_ws/install/audio_capture/lib:/home/hello-robot/ament_ws/install/audio_common_msgs/lib:/usr/lib/x86_64-linux-gnu/gazebo-11/plugins:/opt/ros/humble/opt/rviz_ogre_vendor/lib:/opt/ros/humble/lib/x86_64-linux-gnu:/opt/ros/humble/lib PYTHONPATH=/home/hello-robot/ament_ws/build/stretch_core/prefix_override:/home/hello-robot/ament_ws/install/stretch_core/lib/python3.10/site-packages:/home/hello-robot/ament_ws/install/hello_helpers/lib/python3.10/site-packages:/home/hello-robot/ament_ws/install/tf2_web_republisher_py/lib/python3.10/site-packages:/home/hello-robot/ament_ws/install/tf2_web_republisher/local/lib/python3.10/dist-packages:/home/hello-robot/ament_ws/install/stretch_teleop_interface_msgs/local/lib/python3.10/dist-packages:/home/hello-robot/ament_ws/install/stretch_ros_tutorials/lib/python3.10/site-packages:/home/hello-robot/ament_ws/install/stretch_nav2/local/lib/python3.10/dist-packages:/home/hello-robot/ament_ws/install/stretch_funmap/lib/python3.10/site-packages:/home/hello-robot/ament_ws/install/stretch_calibration/lib/python3.10/site-packages:/home/hello-robot/ament_ws/install/stretch_demos/lib/python3.10/site-packages:/home/hello-robot/ament_ws/install/stretch_deep_perception/lib/python3.10/site-packages:/home/hello-robot/ament_ws/install/stretch_core/lib/python3.10/site-packages:/home/hello-robot/ament_ws/install/respeaker_ros2/lib/python3.10/site-packages:/home/hello-robot/ament_ws/install/speech_recognition_msgs/local/lib/python3.10/dist-packages:/home/hello-robot/ament_ws/install/sound_play_msgs/local/lib/python3.10/dist-packages:/home/hello-robot/ament_ws/install/sound_play/local/lib/python3.10/dist-packages:/home/hello-robot/ament_ws/install/rosbridge_test_msgs/local/lib/python3.10/dist-packages:/home/hello-robot/ament_ws/install/rosbridge_server/local/lib/python3.10/dist-packages:/home/hello-robot/ament_ws/install/rosbridge_msgs/local/lib/python3.10/dist-packages:/home/hello-robot/ament_ws/install/rosapi/local/lib/python3.10/dist-packages:/home/hello-robot/ament_ws/install/rosbridge_library/local/lib/python3.10/dist-packages:/home/hello-robot/ament_ws/install/rosapi_msgs/local/lib/python3.10/dist-packages:/home/hello-robot/ament_ws/install/ros2_numpy/local/lib/python3.10/dist-packages:/home/hello-robot/ament_ws/install/realsense2_camera_msgs/local/lib/python3.10/dist-packages:/home/hello-robot/ament_ws/install/audio_common_msgs/local/lib/python3.10/dist-packages:/opt/ros/humble/lib/python3.10/site-packages:/opt/ros/humble/local/lib/python3.10/dist-packages /usr/bin/python3 setup.py egg_info --egg-base ../../../build/stretch_core build --build-base /home/hello-robot/ament_ws/build/stretch_core/build install --record /home/hello-robot/ament_ws/build/stretch_core/install.log --single-version-externally-managed
