-- Found ament_cmake_ros: 0.10.0 (/opt/ros/humble/share/ament_cmake_ros/cmake)
-- Found launch_testing_ament_cmake: 1.0.5 (/opt/ros/humble/share/launch_testing_ament_cmake/cmake)
-- Found python_cmake_module: 0.10.0 (/opt/ros/humble/share/python_cmake_module/cmake)
-- Using PYTHON_EXECUTABLE: /usr/bin/python3
-- Using PYTHON_INCLUDE_DIRS: /usr/include/python3.10
-- Using PYTHON_LIBRARIES: /usr/lib/x86_64-linux-gnu/libpython3.10.so
-- Configuring done
-- Generating done
-- Build files have been written to: /home/hello-robot/ament_ws/build/rosbridge_server
Built target ament_cmake_python_copy_rosbridge_server
/home/hello-robot/.local/lib/python3.10/site-packages/setuptools_scm/_integration/setuptools.py:30: RuntimeWarning: 
ERROR: setuptools==59.6.0 is used in combination with setuptools_scm>=8.x

Your build configuration is incomplete and previously worked by accident!
setuptools_scm requires setuptools>=61

Suggested workaround if applicable:
 - migrating from the deprecated setup_requires mechanism to pep517/518
   and using a pyproject.toml to declare build dependencies
   which are reliably pre-installed before running the build tools

  warnings.warn(
running egg_info
writing rosbridge_server.egg-info/PKG-INFO
writing dependency_links to rosbridge_server.egg-info/dependency_links.txt
writing top-level names to rosbridge_server.egg-info/top_level.txt
[03/04/24 08:24:47] ERROR    listing git files failed - pretending     git.py:24
                             there aren't any                                   
reading manifest file 'rosbridge_server.egg-info/SOURCES.txt'
writing manifest file 'rosbridge_server.egg-info/SOURCES.txt'
Built target ament_cmake_python_build_rosbridge_server_egg
-- Install configuration: "Release"
-- Up-to-date: /home/hello-robot/ament_ws/install/rosbridge_server/share/rosbridge_server/environment/pythonpath.sh
-- Installing: /home/hello-robot/ament_ws/install/rosbridge_server/share/rosbridge_server/environment/pythonpath.dsv
-- Up-to-date: /home/hello-robot/ament_ws/install/rosbridge_server/local/lib/python3.10/dist-packages/rosbridge_server-1.3.2-py3.10.egg-info
-- Installing: /home/hello-robot/ament_ws/install/rosbridge_server/local/lib/python3.10/dist-packages/rosbridge_server-1.3.2-py3.10.egg-info/PKG-INFO
-- Installing: /home/hello-robot/ament_ws/install/rosbridge_server/local/lib/python3.10/dist-packages/rosbridge_server-1.3.2-py3.10.egg-info/dependency_links.txt
-- Installing: /home/hello-robot/ament_ws/install/rosbridge_server/local/lib/python3.10/dist-packages/rosbridge_server-1.3.2-py3.10.egg-info/SOURCES.txt
-- Installing: /home/hello-robot/ament_ws/install/rosbridge_server/local/lib/python3.10/dist-packages/rosbridge_server-1.3.2-py3.10.egg-info/top_level.txt
-- Up-to-date: /home/hello-robot/ament_ws/install/rosbridge_server/local/lib/python3.10/dist-packages/rosbridge_server
-- Up-to-date: /home/hello-robot/ament_ws/install/rosbridge_server/local/lib/python3.10/dist-packages/rosbridge_server/__init__.py
-- Up-to-date: /home/hello-robot/ament_ws/install/rosbridge_server/local/lib/python3.10/dist-packages/rosbridge_server/client_manager.py
-- Up-to-date: /home/hello-robot/ament_ws/install/rosbridge_server/local/lib/python3.10/dist-packages/rosbridge_server/websocket_handler.py
Listing '/home/hello-robot/ament_ws/install/rosbridge_server/local/lib/python3.10/dist-packages/rosbridge_server'...
-- Up-to-date: /home/hello-robot/ament_ws/install/rosbridge_server/share/ament_index/resource_index/package_run_dependencies/rosbridge_server
-- Up-to-date: /home/hello-robot/ament_ws/install/rosbridge_server/share/ament_index/resource_index/parent_prefix_path/rosbridge_server
-- Up-to-date: /home/hello-robot/ament_ws/install/rosbridge_server/share/rosbridge_server/environment/ament_prefix_path.sh
-- Installing: /home/hello-robot/ament_ws/install/rosbridge_server/share/rosbridge_server/environment/ament_prefix_path.dsv
-- Up-to-date: /home/hello-robot/ament_ws/install/rosbridge_server/share/rosbridge_server/environment/path.sh
-- Installing: /home/hello-robot/ament_ws/install/rosbridge_server/share/rosbridge_server/environment/path.dsv
-- Up-to-date: /home/hello-robot/ament_ws/install/rosbridge_server/share/rosbridge_server/local_setup.bash
-- Up-to-date: /home/hello-robot/ament_ws/install/rosbridge_server/share/rosbridge_server/local_setup.sh
-- Up-to-date: /home/hello-robot/ament_ws/install/rosbridge_server/share/rosbridge_server/local_setup.zsh
-- Installing: /home/hello-robot/ament_ws/install/rosbridge_server/share/rosbridge_server/local_setup.dsv
-- Installing: /home/hello-robot/ament_ws/install/rosbridge_server/share/rosbridge_server/package.dsv
-- Up-to-date: /home/hello-robot/ament_ws/install/rosbridge_server/share/ament_index/resource_index/packages/rosbridge_server
-- Up-to-date: /home/hello-robot/ament_ws/install/rosbridge_server/share/rosbridge_server/cmake/rosbridge_serverConfig.cmake
-- Up-to-date: /home/hello-robot/ament_ws/install/rosbridge_server/share/rosbridge_server/cmake/rosbridge_serverConfig-version.cmake
-- Up-to-date: /home/hello-robot/ament_ws/install/rosbridge_server/share/rosbridge_server/package.xml
-- Up-to-date: /home/hello-robot/ament_ws/install/rosbridge_server/lib/rosbridge_server/rosbridge_websocket.py
-- Up-to-date: /home/hello-robot/ament_ws/install/rosbridge_server/lib/rosbridge_server/rosbridge_websocket
-- Up-to-date: /home/hello-robot/ament_ws/install/rosbridge_server/share/rosbridge_server/launch/rosbridge_websocket_launch.xml
