[0.751s] Invoking command in '/home/hello-robot/ament_ws/build/realsense2_camera_msgs': CMAKE_PREFIX_PATH=${CMAKE_PREFIX_PATH}:/home/hello-robot/ament_ws/install/tf2_web_republisher_py:/home/hello-robot/ament_ws/install/stretch_ros_tutorials:/home/hello-robot/ament_ws/install/stretch_funmap:/home/hello-robot/ament_ws/install/stretch_calibration:/home/hello-robot/ament_ws/install/stretch_demos:/home/hello-robot/ament_ws/install/stretch_deep_perception:/home/hello-robot/ament_ws/install/stretch_core:/home/hello-robot/ament_ws/install/respeaker_ros2:/home/hello-robot/ament_ws/install/hello_helpers:/opt/ros/humble /usr/bin/cmake /home/hello-robot/ament_ws/src/realsense-ros/realsense2_camera_msgs -DCMAKE_BUILD_TYPE=Release -DCMAKE_INSTALL_PREFIX=/home/hello-robot/ament_ws/install/realsense2_camera_msgs
[4.401s] -- The C compiler identification is GNU 11.4.0
[4.401s] -- The CXX compiler identification is GNU 11.4.0
[4.401s] -- Detecting C compiler ABI info
[4.401s] -- Detecting C compiler ABI info - done
[4.401s] -- Check for working C compiler: /usr/bin/cc - skipped
[4.402s] -- Detecting C compile features
[4.402s] -- Detecting C compile features - done
[4.402s] -- Detecting CXX compiler ABI info
[4.402s] -- Detecting CXX compiler ABI info - done
[4.402s] -- Check for working CXX compiler: /usr/bin/c++ - skipped
[4.403s] -- Detecting CXX compile features
[4.403s] -- Detecting CXX compile features - done
[4.403s] -- Found ament_cmake: 1.3.8 (/opt/ros/humble/share/ament_cmake/cmake)
[4.403s] -- Found Python3: /usr/bin/python3 (found version "3.10.12") found components: Interpreter 
[4.403s] -- Found rosidl_default_generators: 1.2.0 (/opt/ros/humble/share/rosidl_default_generators/cmake)
[4.403s] -- Using all available rosidl_typesupport_c: rosidl_typesupport_fastrtps_c;rosidl_typesupport_introspection_c
[4.403s] -- Found rosidl_adapter: 3.1.5 (/opt/ros/humble/share/rosidl_adapter/cmake)
[4.403s] -- Using all available rosidl_typesupport_cpp: rosidl_typesupport_fastrtps_cpp;rosidl_typesupport_introspection_cpp
[4.403s] -- Found builtin_interfaces: 1.2.1 (/opt/ros/humble/share/builtin_interfaces/cmake)
[4.404s] -- Found std_msgs: 4.2.3 (/opt/ros/humble/share/std_msgs/cmake)
[4.404s] -- Found sensor_msgs: 4.2.3 (/opt/ros/humble/share/sensor_msgs/cmake)
[4.404s] -- Found ament_cmake_cppcheck: 0.12.10 (/opt/ros/humble/share/ament_cmake_cppcheck/cmake)
[4.404s] -- Found ament_cmake_cpplint: 0.12.10 (/opt/ros/humble/share/ament_cmake_cpplint/cmake)
[4.404s] -- Found ament_cmake_uncrustify: 0.12.10 (/opt/ros/humble/share/ament_cmake_uncrustify/cmake)
[4.404s] -- Found ament_cmake_ros: 0.10.0 (/opt/ros/humble/share/ament_cmake_ros/cmake)
[4.404s] -- Using all available rosidl_typesupport_c: rosidl_typesupport_fastrtps_c;rosidl_typesupport_introspection_c
[4.404s] -- Using all available rosidl_typesupport_cpp: rosidl_typesupport_fastrtps_cpp;rosidl_typesupport_introspection_cpp
[4.404s] -- Found PythonInterp: /usr/bin/python3 (found suitable version "3.10.12", minimum required is "3.6") 
[4.404s] -- Found python_cmake_module: 0.10.0 (/opt/ros/humble/share/python_cmake_module/cmake)
[4.404s] -- Found PythonLibs: /usr/lib/x86_64-linux-gnu/libpython3.10.so (found suitable version "3.10.12", minimum required is "3.5") 
[4.404s] -- Using PYTHON_EXECUTABLE: /usr/bin/python3
[4.404s] -- Using PYTHON_INCLUDE_DIRS: /usr/include/python3.10
[4.404s] -- Using PYTHON_LIBRARIES: /usr/lib/x86_64-linux-gnu/libpython3.10.so
[4.404s] -- Found PythonExtra: .so  
[4.405s] -- Found ament_cmake_flake8: 0.12.10 (/opt/ros/humble/share/ament_cmake_flake8/cmake)
[4.405s] -- Found ament_cmake_pep257: 0.12.10 (/opt/ros/humble/share/ament_cmake_pep257/cmake)
[4.405s] -- Configuring done
[4.405s] -- Generating done
[4.405s] -- Build files have been written to: /home/hello-robot/ament_ws/build/realsense2_camera_msgs
[4.440s] Invoked command in '/home/hello-robot/ament_ws/build/realsense2_camera_msgs' returned '0': CMAKE_PREFIX_PATH=${CMAKE_PREFIX_PATH}:/home/hello-robot/ament_ws/install/tf2_web_republisher_py:/home/hello-robot/ament_ws/install/stretch_ros_tutorials:/home/hello-robot/ament_ws/install/stretch_funmap:/home/hello-robot/ament_ws/install/stretch_calibration:/home/hello-robot/ament_ws/install/stretch_demos:/home/hello-robot/ament_ws/install/stretch_deep_perception:/home/hello-robot/ament_ws/install/stretch_core:/home/hello-robot/ament_ws/install/respeaker_ros2:/home/hello-robot/ament_ws/install/hello_helpers:/opt/ros/humble /usr/bin/cmake /home/hello-robot/ament_ws/src/realsense-ros/realsense2_camera_msgs -DCMAKE_BUILD_TYPE=Release -DCMAKE_INSTALL_PREFIX=/home/hello-robot/ament_ws/install/realsense2_camera_msgs
[4.441s] Invoking command in '/home/hello-robot/ament_ws/build/realsense2_camera_msgs': CMAKE_PREFIX_PATH=${CMAKE_PREFIX_PATH}:/home/hello-robot/ament_ws/install/tf2_web_republisher_py:/home/hello-robot/ament_ws/install/stretch_ros_tutorials:/home/hello-robot/ament_ws/install/stretch_funmap:/home/hello-robot/ament_ws/install/stretch_calibration:/home/hello-robot/ament_ws/install/stretch_demos:/home/hello-robot/ament_ws/install/stretch_deep_perception:/home/hello-robot/ament_ws/install/stretch_core:/home/hello-robot/ament_ws/install/respeaker_ros2:/home/hello-robot/ament_ws/install/hello_helpers:/opt/ros/humble /usr/bin/cmake --build /home/hello-robot/ament_ws/build/realsense2_camera_msgs -- -j16 -l16
[4.482s] [  1%] Generating C code for ROS interfaces
[4.528s] [  3%] Generating C++ code for ROS interfaces
[4.573s] [  3%] Built target ament_cmake_python_copy_realsense2_camera_msgs
[6.222s] /home/hello-robot/.local/lib/python3.10/site-packages/setuptools_scm/_integration/setuptools.py:30: RuntimeWarning: 
[6.222s] ERROR: setuptools==59.6.0 is used in combination with setuptools_scm>=8.x
[6.222s] 
[6.222s] Your build configuration is incomplete and previously worked by accident!
[6.222s] setuptools_scm requires setuptools>=61
[6.222s] 
[6.222s] Suggested workaround if applicable:
[6.222s]  - migrating from the deprecated setup_requires mechanism to pep517/518
[6.222s]    and using a pyproject.toml to declare build dependencies
[6.222s]    which are reliably pre-installed before running the build tools
[6.222s] 
[6.223s]   warnings.warn(
[6.399s] running egg_info
[6.399s] creating realsense2_camera_msgs.egg-info
[6.399s] writing realsense2_camera_msgs.egg-info/PKG-INFO
[6.400s] writing dependency_links to realsense2_camera_msgs.egg-info/dependency_links.txt
[6.400s] writing top-level names to realsense2_camera_msgs.egg-info/top_level.txt
[6.400s] writing manifest file 'realsense2_camera_msgs.egg-info/SOURCES.txt'
[6.841s] [03/04/24 08:23:28] ERROR    listing git files failed - pretending     git.py:24
[6.841s]                              there aren't any                                   
[7.085s] [  4%] Building C object CMakeFiles/realsense2_camera_msgs__rosidl_generator_c.dir/rosidl_generator_c/realsense2_camera_msgs/msg/detail/extrinsics__functions.c.o
[7.129s] [  6%] Building C object CMakeFiles/realsense2_camera_msgs__rosidl_generator_c.dir/rosidl_generator_c/realsense2_camera_msgs/msg/detail/imu_info__functions.c.o
[7.133s] [  7%] Building C object CMakeFiles/realsense2_camera_msgs__rosidl_generator_c.dir/rosidl_generator_c/realsense2_camera_msgs/msg/detail/metadata__functions.c.o
[7.149s] [  9%] Building C object CMakeFiles/realsense2_camera_msgs__rosidl_generator_c.dir/rosidl_generator_c/realsense2_camera_msgs/msg/detail/rgbd__functions.c.o
[7.273s] [ 11%] Building C object CMakeFiles/realsense2_camera_msgs__rosidl_generator_c.dir/rosidl_generator_c/realsense2_camera_msgs/srv/detail/device_info__functions.c.o
[7.287s] [ 11%] Built target realsense2_camera_msgs__cpp
[7.394s] [ 12%] Generating C++ type support dispatch for ROS interfaces
[7.416s] [ 14%] Generating C++ type support for eProsima Fast-RTPS
[7.434s] [ 15%] Generating C++ introspection for ROS interfaces
[7.630s] reading manifest file 'realsense2_camera_msgs.egg-info/SOURCES.txt'
[7.631s] writing manifest file 'realsense2_camera_msgs.egg-info/SOURCES.txt'
[8.114s] [ 15%] Built target ament_cmake_python_build_realsense2_camera_msgs_egg
[8.322s] [ 17%] Linking C shared library librealsense2_camera_msgs__rosidl_generator_c.so
[8.538s] [ 17%] Built target realsense2_camera_msgs__rosidl_generator_c
[8.633s] [ 19%] Generating C type support dispatch for ROS interfaces
[8.640s] [ 20%] Generating C type support for eProsima Fast-RTPS
[8.646s] [ 22%] Generating C introspection for ROS interfaces
[9.797s] [ 23%] Building CXX object CMakeFiles/realsense2_camera_msgs__rosidl_typesupport_fastrtps_cpp.dir/rosidl_typesupport_fastrtps_cpp/realsense2_camera_msgs/msg/detail/dds_fastrtps/extrinsics__type_support.cpp.o
[9.803s] [ 25%] Building CXX object CMakeFiles/realsense2_camera_msgs__rosidl_typesupport_fastrtps_cpp.dir/rosidl_typesupport_fastrtps_cpp/realsense2_camera_msgs/msg/detail/dds_fastrtps/imu_info__type_support.cpp.o
[9.826s] [ 26%] Building CXX object CMakeFiles/realsense2_camera_msgs__rosidl_typesupport_cpp.dir/rosidl_typesupport_cpp/realsense2_camera_msgs/msg/extrinsics__type_support.cpp.o
[9.833s] [ 28%] Building CXX object CMakeFiles/realsense2_camera_msgs__rosidl_typesupport_cpp.dir/rosidl_typesupport_cpp/realsense2_camera_msgs/msg/imu_info__type_support.cpp.o
[9.888s] [ 31%] Building CXX object CMakeFiles/realsense2_camera_msgs__rosidl_typesupport_fastrtps_cpp.dir/rosidl_typesupport_fastrtps_cpp/realsense2_camera_msgs/msg/detail/dds_fastrtps/metadata__type_support.cpp.o
[9.888s] [ 31%] Building CXX object CMakeFiles/realsense2_camera_msgs__rosidl_typesupport_fastrtps_cpp.dir/rosidl_typesupport_fastrtps_cpp/realsense2_camera_msgs/msg/detail/dds_fastrtps/rgbd__type_support.cpp.o
[9.893s] [ 33%] Building CXX object CMakeFiles/realsense2_camera_msgs__rosidl_typesupport_cpp.dir/rosidl_typesupport_cpp/realsense2_camera_msgs/msg/metadata__type_support.cpp.o
[9.937s] [ 34%] Building CXX object CMakeFiles/realsense2_camera_msgs__rosidl_typesupport_fastrtps_cpp.dir/rosidl_typesupport_fastrtps_cpp/realsense2_camera_msgs/srv/detail/dds_fastrtps/device_info__type_support.cpp.o
[9.961s] [ 36%] Building CXX object CMakeFiles/realsense2_camera_msgs__rosidl_typesupport_cpp.dir/rosidl_typesupport_cpp/realsense2_camera_msgs/msg/rgbd__type_support.cpp.o
[9.983s] [ 38%] Building CXX object CMakeFiles/realsense2_camera_msgs__rosidl_typesupport_cpp.dir/rosidl_typesupport_cpp/realsense2_camera_msgs/srv/device_info__type_support.cpp.o
[9.991s] [ 41%] Building CXX object CMakeFiles/realsense2_camera_msgs__rosidl_typesupport_introspection_cpp.dir/rosidl_typesupport_introspection_cpp/realsense2_camera_msgs/msg/detail/imu_info__type_support.cpp.o
[10.001s] [ 42%] Building CXX object CMakeFiles/realsense2_camera_msgs__rosidl_typesupport_introspection_cpp.dir/rosidl_typesupport_introspection_cpp/realsense2_camera_msgs/msg/detail/metadata__type_support.cpp.o
[10.011s] [ 39%] Building CXX object CMakeFiles/realsense2_camera_msgs__rosidl_typesupport_introspection_cpp.dir/rosidl_typesupport_introspection_cpp/realsense2_camera_msgs/msg/detail/extrinsics__type_support.cpp.o
[10.681s] [ 44%] Building CXX object CMakeFiles/realsense2_camera_msgs__rosidl_typesupport_c.dir/rosidl_typesupport_c/realsense2_camera_msgs/msg/imu_info__type_support.cpp.o
[10.918s] [ 47%] Building CXX object CMakeFiles/realsense2_camera_msgs__rosidl_typesupport_c.dir/rosidl_typesupport_c/realsense2_camera_msgs/msg/metadata__type_support.cpp.o
[10.919s] [ 47%] Building CXX object CMakeFiles/realsense2_camera_msgs__rosidl_typesupport_c.dir/rosidl_typesupport_c/realsense2_camera_msgs/msg/extrinsics__type_support.cpp.o
[11.157s] [ 49%] Building CXX object CMakeFiles/realsense2_camera_msgs__rosidl_typesupport_c.dir/rosidl_typesupport_c/realsense2_camera_msgs/msg/rgbd__type_support.cpp.o
[12.368s] [ 50%] Building CXX object CMakeFiles/realsense2_camera_msgs__rosidl_typesupport_introspection_cpp.dir/rosidl_typesupport_introspection_cpp/realsense2_camera_msgs/msg/detail/rgbd__type_support.cpp.o
[12.369s] [ 52%] Building CXX object CMakeFiles/realsense2_camera_msgs__rosidl_typesupport_c.dir/rosidl_typesupport_c/realsense2_camera_msgs/srv/device_info__type_support.cpp.o
[12.369s] [ 53%] Building CXX object CMakeFiles/realsense2_camera_msgs__rosidl_typesupport_fastrtps_c.dir/rosidl_typesupport_fastrtps_c/realsense2_camera_msgs/msg/detail/imu_info__type_support_c.cpp.o
[12.369s] [ 55%] Building CXX object CMakeFiles/realsense2_camera_msgs__rosidl_typesupport_fastrtps_c.dir/rosidl_typesupport_fastrtps_c/realsense2_camera_msgs/msg/detail/extrinsics__type_support_c.cpp.o
[12.369s] [ 57%] Linking CXX shared library librealsense2_camera_msgs__rosidl_typesupport_c.so
[12.369s] [ 58%] Building CXX object CMakeFiles/realsense2_camera_msgs__rosidl_typesupport_fastrtps_c.dir/rosidl_typesupport_fastrtps_c/realsense2_camera_msgs/msg/detail/metadata__type_support_c.cpp.o
[12.369s] [ 60%] Linking CXX shared library librealsense2_camera_msgs__rosidl_typesupport_cpp.so
[12.369s] [ 61%] Building CXX object CMakeFiles/realsense2_camera_msgs__rosidl_typesupport_introspection_cpp.dir/rosidl_typesupport_introspection_cpp/realsense2_camera_msgs/srv/detail/device_info__type_support.cpp.o
[12.370s] [ 63%] Building CXX object CMakeFiles/realsense2_camera_msgs__rosidl_typesupport_fastrtps_c.dir/rosidl_typesupport_fastrtps_c/realsense2_camera_msgs/msg/detail/rgbd__type_support_c.cpp.o
[12.370s] [ 63%] Built target realsense2_camera_msgs__rosidl_typesupport_c
[12.370s] [ 65%] Building C object CMakeFiles/realsense2_camera_msgs__rosidl_typesupport_introspection_c.dir/rosidl_typesupport_introspection_c/realsense2_camera_msgs/msg/detail/imu_info__type_support.c.o
[12.370s] [ 66%] Building CXX object CMakeFiles/realsense2_camera_msgs__rosidl_typesupport_fastrtps_c.dir/rosidl_typesupport_fastrtps_c/realsense2_camera_msgs/srv/detail/device_info__type_support_c.cpp.o
[12.370s] [ 68%] Building C object CMakeFiles/realsense2_camera_msgs__rosidl_typesupport_introspection_c.dir/rosidl_typesupport_introspection_c/realsense2_camera_msgs/msg/detail/extrinsics__type_support.c.o
[12.370s] [ 69%] Building C object CMakeFiles/realsense2_camera_msgs__rosidl_typesupport_introspection_c.dir/rosidl_typesupport_introspection_c/realsense2_camera_msgs/msg/detail/metadata__type_support.c.o
[12.370s] [ 69%] Built target realsense2_camera_msgs__rosidl_typesupport_cpp
[12.370s] [ 71%] Building C object CMakeFiles/realsense2_camera_msgs__rosidl_typesupport_introspection_c.dir/rosidl_typesupport_introspection_c/realsense2_camera_msgs/srv/detail/device_info__type_support.c.o
[12.370s] [ 73%] Building C object CMakeFiles/realsense2_camera_msgs__rosidl_typesupport_introspection_c.dir/rosidl_typesupport_introspection_c/realsense2_camera_msgs/msg/detail/rgbd__type_support.c.o
[14.384s] [ 74%] Linking C shared library librealsense2_camera_msgs__rosidl_typesupport_introspection_c.so
[14.384s] [ 74%] Built target realsense2_camera_msgs__rosidl_typesupport_introspection_c
[14.384s] [ 76%] Linking CXX shared library librealsense2_camera_msgs__rosidl_typesupport_fastrtps_cpp.so
[14.384s] [ 76%] Built target realsense2_camera_msgs__rosidl_typesupport_fastrtps_cpp
[14.384s] [ 77%] Linking CXX shared library librealsense2_camera_msgs__rosidl_typesupport_introspection_cpp.so
[14.384s] [ 77%] Built target realsense2_camera_msgs__rosidl_typesupport_introspection_cpp
[14.384s] [ 79%] Linking CXX shared library librealsense2_camera_msgs__rosidl_typesupport_fastrtps_c.so
[14.385s] [ 79%] Built target realsense2_camera_msgs__rosidl_typesupport_fastrtps_c
[14.385s] [ 79%] Built target realsense2_camera_msgs
[14.385s] [ 80%] Generating Python code for ROS interfaces
[17.023s] [ 80%] Built target realsense2_camera_msgs__py
[17.214s] [ 82%] Building C object CMakeFiles/realsense2_camera_msgs__rosidl_generator_py.dir/rosidl_generator_py/realsense2_camera_msgs/msg/_imu_info_s.c.o
[17.245s] [ 84%] Building C object CMakeFiles/realsense2_camera_msgs__rosidl_generator_py.dir/rosidl_generator_py/realsense2_camera_msgs/msg/_extrinsics_s.c.o
[17.282s] [ 85%] Building C object CMakeFiles/realsense2_camera_msgs__rosidl_generator_py.dir/rosidl_generator_py/realsense2_camera_msgs/msg/_metadata_s.c.o
[17.292s] [ 87%] Building C object CMakeFiles/realsense2_camera_msgs__rosidl_generator_py.dir/rosidl_generator_py/realsense2_camera_msgs/msg/_rgbd_s.c.o
[17.314s] [ 88%] Building C object CMakeFiles/realsense2_camera_msgs__rosidl_generator_py.dir/rosidl_generator_py/realsense2_camera_msgs/srv/_device_info_s.c.o
[18.208s] [ 90%] Linking C shared library rosidl_generator_py/realsense2_camera_msgs/librealsense2_camera_msgs__rosidl_generator_py.so
[18.321s] [ 90%] Built target realsense2_camera_msgs__rosidl_generator_py
[18.517s] [ 92%] Building C object CMakeFiles/realsense2_camera_msgs__rosidl_typesupport_introspection_c__pyext.dir/rosidl_generator_py/realsense2_camera_msgs/_realsense2_camera_msgs_s.ep.rosidl_typesupport_introspection_c.c.o
[18.549s] [ 93%] Building C object CMakeFiles/realsense2_camera_msgs__rosidl_typesupport_fastrtps_c__pyext.dir/rosidl_generator_py/realsense2_camera_msgs/_realsense2_camera_msgs_s.ep.rosidl_typesupport_fastrtps_c.c.o
[18.551s] [ 95%] Building C object CMakeFiles/realsense2_camera_msgs__rosidl_typesupport_c__pyext.dir/rosidl_generator_py/realsense2_camera_msgs/_realsense2_camera_msgs_s.ep.rosidl_typesupport_c.c.o
[19.345s] [ 96%] Linking C shared library rosidl_generator_py/realsense2_camera_msgs/realsense2_camera_msgs_s__rosidl_typesupport_introspection_c.cpython-310-x86_64-linux-gnu.so
[19.346s] [ 98%] Linking C shared library rosidl_generator_py/realsense2_camera_msgs/realsense2_camera_msgs_s__rosidl_typesupport_c.cpython-310-x86_64-linux-gnu.so
[19.546s] [100%] Linking C shared library rosidl_generator_py/realsense2_camera_msgs/realsense2_camera_msgs_s__rosidl_typesupport_fastrtps_c.cpython-310-x86_64-linux-gnu.so
[20.030s] [100%] Built target realsense2_camera_msgs__rosidl_typesupport_introspection_c__pyext
[20.030s] [100%] Built target realsense2_camera_msgs__rosidl_typesupport_c__pyext
[20.030s] [100%] Built target realsense2_camera_msgs__rosidl_typesupport_fastrtps_c__pyext
[20.289s] Invoked command in '/home/hello-robot/ament_ws/build/realsense2_camera_msgs' returned '0': CMAKE_PREFIX_PATH=${CMAKE_PREFIX_PATH}:/home/hello-robot/ament_ws/install/tf2_web_republisher_py:/home/hello-robot/ament_ws/install/stretch_ros_tutorials:/home/hello-robot/ament_ws/install/stretch_funmap:/home/hello-robot/ament_ws/install/stretch_calibration:/home/hello-robot/ament_ws/install/stretch_demos:/home/hello-robot/ament_ws/install/stretch_deep_perception:/home/hello-robot/ament_ws/install/stretch_core:/home/hello-robot/ament_ws/install/respeaker_ros2:/home/hello-robot/ament_ws/install/hello_helpers:/opt/ros/humble /usr/bin/cmake --build /home/hello-robot/ament_ws/build/realsense2_camera_msgs -- -j16 -l16
[24.756s] Invoking command in '/home/hello-robot/ament_ws/build/realsense2_camera_msgs': CMAKE_PREFIX_PATH=${CMAKE_PREFIX_PATH}:/home/hello-robot/ament_ws/install/tf2_web_republisher_py:/home/hello-robot/ament_ws/install/stretch_ros_tutorials:/home/hello-robot/ament_ws/install/stretch_funmap:/home/hello-robot/ament_ws/install/stretch_calibration:/home/hello-robot/ament_ws/install/stretch_demos:/home/hello-robot/ament_ws/install/stretch_deep_perception:/home/hello-robot/ament_ws/install/stretch_core:/home/hello-robot/ament_ws/install/respeaker_ros2:/home/hello-robot/ament_ws/install/hello_helpers:/opt/ros/humble /usr/bin/cmake --install /home/hello-robot/ament_ws/build/realsense2_camera_msgs
[24.905s] -- Install configuration: "Release"
[24.905s] -- Installing: /home/hello-robot/ament_ws/install/realsense2_camera_msgs/share/ament_index/resource_index/rosidl_interfaces/realsense2_camera_msgs
[24.905s] -- Installing: /home/hello-robot/ament_ws/install/realsense2_camera_msgs/include/realsense2_camera_msgs/realsense2_camera_msgs
[24.905s] -- Installing: /home/hello-robot/ament_ws/install/realsense2_camera_msgs/include/realsense2_camera_msgs/realsense2_camera_msgs/msg
[24.905s] -- Installing: /home/hello-robot/ament_ws/install/realsense2_camera_msgs/include/realsense2_camera_msgs/realsense2_camera_msgs/msg/rosidl_generator_c__visibility_control.h
[24.905s] -- Installing: /home/hello-robot/ament_ws/install/realsense2_camera_msgs/include/realsense2_camera_msgs/realsense2_camera_msgs/msg/rgbd.h
[24.905s] -- Installing: /home/hello-robot/ament_ws/install/realsense2_camera_msgs/include/realsense2_camera_msgs/realsense2_camera_msgs/msg/metadata.h
[24.905s] -- Installing: /home/hello-robot/ament_ws/install/realsense2_camera_msgs/include/realsense2_camera_msgs/realsense2_camera_msgs/msg/extrinsics.h
[24.905s] -- Installing: /home/hello-robot/ament_ws/install/realsense2_camera_msgs/include/realsense2_camera_msgs/realsense2_camera_msgs/msg/imu_info.h
[24.905s] -- Installing: /home/hello-robot/ament_ws/install/realsense2_camera_msgs/include/realsense2_camera_msgs/realsense2_camera_msgs/msg/detail
[24.905s] -- Installing: /home/hello-robot/ament_ws/install/realsense2_camera_msgs/include/realsense2_camera_msgs/realsense2_camera_msgs/msg/detail/rgbd__type_support.h
[24.905s] -- Installing: /home/hello-robot/ament_ws/install/realsense2_camera_msgs/include/realsense2_camera_msgs/realsense2_camera_msgs/msg/detail/extrinsics__struct.h
[24.905s] -- Installing: /home/hello-robot/ament_ws/install/realsense2_camera_msgs/include/realsense2_camera_msgs/realsense2_camera_msgs/msg/detail/extrinsics__type_support.h
[24.906s] -- Installing: /home/hello-robot/ament_ws/install/realsense2_camera_msgs/include/realsense2_camera_msgs/realsense2_camera_msgs/msg/detail/metadata__type_support.h
[24.906s] -- Installing: /home/hello-robot/ament_ws/install/realsense2_camera_msgs/include/realsense2_camera_msgs/realsense2_camera_msgs/msg/detail/rgbd__struct.h
[24.906s] -- Installing: /home/hello-robot/ament_ws/install/realsense2_camera_msgs/include/realsense2_camera_msgs/realsense2_camera_msgs/msg/detail/imu_info__struct.h
[24.906s] -- Installing: /home/hello-robot/ament_ws/install/realsense2_camera_msgs/include/realsense2_camera_msgs/realsense2_camera_msgs/msg/detail/metadata__functions.h
[24.906s] -- Installing: /home/hello-robot/ament_ws/install/realsense2_camera_msgs/include/realsense2_camera_msgs/realsense2_camera_msgs/msg/detail/extrinsics__functions.h
[24.906s] -- Installing: /home/hello-robot/ament_ws/install/realsense2_camera_msgs/include/realsense2_camera_msgs/realsense2_camera_msgs/msg/detail/rgbd__functions.h
[24.906s] -- Installing: /home/hello-robot/ament_ws/install/realsense2_camera_msgs/include/realsense2_camera_msgs/realsense2_camera_msgs/msg/detail/extrinsics__functions.c
[24.906s] -- Installing: /home/hello-robot/ament_ws/install/realsense2_camera_msgs/include/realsense2_camera_msgs/realsense2_camera_msgs/msg/detail/metadata__functions.c
[24.906s] -- Installing: /home/hello-robot/ament_ws/install/realsense2_camera_msgs/include/realsense2_camera_msgs/realsense2_camera_msgs/msg/detail/rgbd__functions.c
[24.906s] -- Installing: /home/hello-robot/ament_ws/install/realsense2_camera_msgs/include/realsense2_camera_msgs/realsense2_camera_msgs/msg/detail/imu_info__functions.c
[24.906s] -- Installing: /home/hello-robot/ament_ws/install/realsense2_camera_msgs/include/realsense2_camera_msgs/realsense2_camera_msgs/msg/detail/imu_info__functions.h
[24.906s] -- Installing: /home/hello-robot/ament_ws/install/realsense2_camera_msgs/include/realsense2_camera_msgs/realsense2_camera_msgs/msg/detail/metadata__struct.h
[24.906s] -- Installing: /home/hello-robot/ament_ws/install/realsense2_camera_msgs/include/realsense2_camera_msgs/realsense2_camera_msgs/msg/detail/imu_info__type_support.h
[24.906s] -- Installing: /home/hello-robot/ament_ws/install/realsense2_camera_msgs/include/realsense2_camera_msgs/realsense2_camera_msgs/srv
[24.906s] -- Installing: /home/hello-robot/ament_ws/install/realsense2_camera_msgs/include/realsense2_camera_msgs/realsense2_camera_msgs/srv/device_info.h
[24.906s] -- Installing: /home/hello-robot/ament_ws/install/realsense2_camera_msgs/include/realsense2_camera_msgs/realsense2_camera_msgs/srv/detail
[24.906s] -- Installing: /home/hello-robot/ament_ws/install/realsense2_camera_msgs/include/realsense2_camera_msgs/realsense2_camera_msgs/srv/detail/device_info__struct.h
[24.906s] -- Installing: /home/hello-robot/ament_ws/install/realsense2_camera_msgs/include/realsense2_camera_msgs/realsense2_camera_msgs/srv/detail/device_info__functions.h
[24.907s] -- Installing: /home/hello-robot/ament_ws/install/realsense2_camera_msgs/include/realsense2_camera_msgs/realsense2_camera_msgs/srv/detail/device_info__functions.c
[24.907s] -- Installing: /home/hello-robot/ament_ws/install/realsense2_camera_msgs/include/realsense2_camera_msgs/realsense2_camera_msgs/srv/detail/device_info__type_support.h
[24.907s] -- Installing: /home/hello-robot/ament_ws/install/realsense2_camera_msgs/share/realsense2_camera_msgs/environment/library_path.sh
[24.907s] -- Installing: /home/hello-robot/ament_ws/install/realsense2_camera_msgs/share/realsense2_camera_msgs/environment/library_path.dsv
[24.907s] -- Installing: /home/hello-robot/ament_ws/install/realsense2_camera_msgs/lib/librealsense2_camera_msgs__rosidl_generator_c.so
[24.907s] -- Set runtime path of "/home/hello-robot/ament_ws/install/realsense2_camera_msgs/lib/librealsense2_camera_msgs__rosidl_generator_c.so" to ""
[24.907s] -- Up-to-date: /home/hello-robot/ament_ws/install/realsense2_camera_msgs/include/realsense2_camera_msgs/realsense2_camera_msgs
[24.907s] -- Up-to-date: /home/hello-robot/ament_ws/install/realsense2_camera_msgs/include/realsense2_camera_msgs/realsense2_camera_msgs/msg
[24.907s] -- Installing: /home/hello-robot/ament_ws/install/realsense2_camera_msgs/include/realsense2_camera_msgs/realsense2_camera_msgs/msg/rosidl_typesupport_fastrtps_c__visibility_control.h
[24.907s] -- Up-to-date: /home/hello-robot/ament_ws/install/realsense2_camera_msgs/include/realsense2_camera_msgs/realsense2_camera_msgs/msg/detail
[24.907s] -- Installing: /home/hello-robot/ament_ws/install/realsense2_camera_msgs/include/realsense2_camera_msgs/realsense2_camera_msgs/msg/detail/imu_info__rosidl_typesupport_fastrtps_c.h
[24.907s] -- Installing: /home/hello-robot/ament_ws/install/realsense2_camera_msgs/include/realsense2_camera_msgs/realsense2_camera_msgs/msg/detail/metadata__rosidl_typesupport_fastrtps_c.h
[24.907s] -- Installing: /home/hello-robot/ament_ws/install/realsense2_camera_msgs/include/realsense2_camera_msgs/realsense2_camera_msgs/msg/detail/extrinsics__rosidl_typesupport_fastrtps_c.h
[24.907s] -- Installing: /home/hello-robot/ament_ws/install/realsense2_camera_msgs/include/realsense2_camera_msgs/realsense2_camera_msgs/msg/detail/rgbd__rosidl_typesupport_fastrtps_c.h
[24.907s] -- Up-to-date: /home/hello-robot/ament_ws/install/realsense2_camera_msgs/include/realsense2_camera_msgs/realsense2_camera_msgs/srv
[24.907s] -- Up-to-date: /home/hello-robot/ament_ws/install/realsense2_camera_msgs/include/realsense2_camera_msgs/realsense2_camera_msgs/srv/detail
[24.907s] -- Installing: /home/hello-robot/ament_ws/install/realsense2_camera_msgs/include/realsense2_camera_msgs/realsense2_camera_msgs/srv/detail/device_info__rosidl_typesupport_fastrtps_c.h
[24.907s] -- Installing: /home/hello-robot/ament_ws/install/realsense2_camera_msgs/lib/librealsense2_camera_msgs__rosidl_typesupport_fastrtps_c.so
[24.908s] -- Set runtime path of "/home/hello-robot/ament_ws/install/realsense2_camera_msgs/lib/librealsense2_camera_msgs__rosidl_typesupport_fastrtps_c.so" to ""
[24.908s] -- Up-to-date: /home/hello-robot/ament_ws/install/realsense2_camera_msgs/include/realsense2_camera_msgs/realsense2_camera_msgs
[24.908s] -- Up-to-date: /home/hello-robot/ament_ws/install/realsense2_camera_msgs/include/realsense2_camera_msgs/realsense2_camera_msgs/msg
[24.908s] -- Installing: /home/hello-robot/ament_ws/install/realsense2_camera_msgs/include/realsense2_camera_msgs/realsense2_camera_msgs/msg/rosidl_typesupport_introspection_c__visibility_control.h
[24.908s] -- Up-to-date: /home/hello-robot/ament_ws/install/realsense2_camera_msgs/include/realsense2_camera_msgs/realsense2_camera_msgs/msg/detail
[24.908s] -- Installing: /home/hello-robot/ament_ws/install/realsense2_camera_msgs/include/realsense2_camera_msgs/realsense2_camera_msgs/msg/detail/rgbd__rosidl_typesupport_introspection_c.h
[24.908s] -- Installing: /home/hello-robot/ament_ws/install/realsense2_camera_msgs/include/realsense2_camera_msgs/realsense2_camera_msgs/msg/detail/imu_info__rosidl_typesupport_introspection_c.h
[24.908s] -- Installing: /home/hello-robot/ament_ws/install/realsense2_camera_msgs/include/realsense2_camera_msgs/realsense2_camera_msgs/msg/detail/rgbd__type_support.c
[24.908s] -- Installing: /home/hello-robot/ament_ws/install/realsense2_camera_msgs/include/realsense2_camera_msgs/realsense2_camera_msgs/msg/detail/metadata__rosidl_typesupport_introspection_c.h
[24.908s] -- Installing: /home/hello-robot/ament_ws/install/realsense2_camera_msgs/include/realsense2_camera_msgs/realsense2_camera_msgs/msg/detail/extrinsics__type_support.c
[24.908s] -- Installing: /home/hello-robot/ament_ws/install/realsense2_camera_msgs/include/realsense2_camera_msgs/realsense2_camera_msgs/msg/detail/imu_info__type_support.c
[24.908s] -- Installing: /home/hello-robot/ament_ws/install/realsense2_camera_msgs/include/realsense2_camera_msgs/realsense2_camera_msgs/msg/detail/extrinsics__rosidl_typesupport_introspection_c.h
[24.908s] -- Installing: /home/hello-robot/ament_ws/install/realsense2_camera_msgs/include/realsense2_camera_msgs/realsense2_camera_msgs/msg/detail/metadata__type_support.c
[24.908s] -- Up-to-date: /home/hello-robot/ament_ws/install/realsense2_camera_msgs/include/realsense2_camera_msgs/realsense2_camera_msgs/srv
[24.908s] -- Up-to-date: /home/hello-robot/ament_ws/install/realsense2_camera_msgs/include/realsense2_camera_msgs/realsense2_camera_msgs/srv/detail
[24.908s] -- Installing: /home/hello-robot/ament_ws/install/realsense2_camera_msgs/include/realsense2_camera_msgs/realsense2_camera_msgs/srv/detail/device_info__rosidl_typesupport_introspection_c.h
[24.908s] -- Installing: /home/hello-robot/ament_ws/install/realsense2_camera_msgs/include/realsense2_camera_msgs/realsense2_camera_msgs/srv/detail/device_info__type_support.c
[24.908s] -- Installing: /home/hello-robot/ament_ws/install/realsense2_camera_msgs/lib/librealsense2_camera_msgs__rosidl_typesupport_introspection_c.so
[24.909s] -- Set runtime path of "/home/hello-robot/ament_ws/install/realsense2_camera_msgs/lib/librealsense2_camera_msgs__rosidl_typesupport_introspection_c.so" to ""
[24.909s] -- Installing: /home/hello-robot/ament_ws/install/realsense2_camera_msgs/lib/librealsense2_camera_msgs__rosidl_typesupport_c.so
[24.909s] -- Set runtime path of "/home/hello-robot/ament_ws/install/realsense2_camera_msgs/lib/librealsense2_camera_msgs__rosidl_typesupport_c.so" to ""
[24.909s] -- Up-to-date: /home/hello-robot/ament_ws/install/realsense2_camera_msgs/include/realsense2_camera_msgs/realsense2_camera_msgs
[24.909s] -- Up-to-date: /home/hello-robot/ament_ws/install/realsense2_camera_msgs/include/realsense2_camera_msgs/realsense2_camera_msgs/msg
[24.909s] -- Installing: /home/hello-robot/ament_ws/install/realsense2_camera_msgs/include/realsense2_camera_msgs/realsense2_camera_msgs/msg/extrinsics.hpp
[24.909s] -- Installing: /home/hello-robot/ament_ws/install/realsense2_camera_msgs/include/realsense2_camera_msgs/realsense2_camera_msgs/msg/imu_info.hpp
[24.909s] -- Installing: /home/hello-robot/ament_ws/install/realsense2_camera_msgs/include/realsense2_camera_msgs/realsense2_camera_msgs/msg/metadata.hpp
[24.909s] -- Installing: /home/hello-robot/ament_ws/install/realsense2_camera_msgs/include/realsense2_camera_msgs/realsense2_camera_msgs/msg/rgbd.hpp
[24.909s] -- Up-to-date: /home/hello-robot/ament_ws/install/realsense2_camera_msgs/include/realsense2_camera_msgs/realsense2_camera_msgs/msg/detail
[24.909s] -- Installing: /home/hello-robot/ament_ws/install/realsense2_camera_msgs/include/realsense2_camera_msgs/realsense2_camera_msgs/msg/detail/metadata__builder.hpp
[24.909s] -- Installing: /home/hello-robot/ament_ws/install/realsense2_camera_msgs/include/realsense2_camera_msgs/realsense2_camera_msgs/msg/detail/rgbd__traits.hpp
[24.909s] -- Installing: /home/hello-robot/ament_ws/install/realsense2_camera_msgs/include/realsense2_camera_msgs/realsense2_camera_msgs/msg/detail/extrinsics__builder.hpp
[24.909s] -- Installing: /home/hello-robot/ament_ws/install/realsense2_camera_msgs/include/realsense2_camera_msgs/realsense2_camera_msgs/msg/detail/imu_info__traits.hpp
[24.909s] -- Installing: /home/hello-robot/ament_ws/install/realsense2_camera_msgs/include/realsense2_camera_msgs/realsense2_camera_msgs/msg/detail/extrinsics__traits.hpp
[24.909s] -- Installing: /home/hello-robot/ament_ws/install/realsense2_camera_msgs/include/realsense2_camera_msgs/realsense2_camera_msgs/msg/detail/metadata__struct.hpp
[24.909s] -- Installing: /home/hello-robot/ament_ws/install/realsense2_camera_msgs/include/realsense2_camera_msgs/realsense2_camera_msgs/msg/detail/imu_info__builder.hpp
[24.909s] -- Installing: /home/hello-robot/ament_ws/install/realsense2_camera_msgs/include/realsense2_camera_msgs/realsense2_camera_msgs/msg/detail/imu_info__struct.hpp
[24.910s] -- Installing: /home/hello-robot/ament_ws/install/realsense2_camera_msgs/include/realsense2_camera_msgs/realsense2_camera_msgs/msg/detail/extrinsics__struct.hpp
[24.922s] -- Installing: /home/hello-robot/ament_ws/install/realsense2_camera_msgs/include/realsense2_camera_msgs/realsense2_camera_msgs/msg/detail/metadata__traits.hpp
[24.923s] -- Installing: /home/hello-robot/ament_ws/install/realsense2_camera_msgs/include/realsense2_camera_msgs/realsense2_camera_msgs/msg/detail/rgbd__builder.hpp
[24.923s] -- Installing: /home/hello-robot/ament_ws/install/realsense2_camera_msgs/include/realsense2_camera_msgs/realsense2_camera_msgs/msg/detail/rgbd__struct.hpp
[24.923s] -- Up-to-date: /home/hello-robot/ament_ws/install/realsense2_camera_msgs/include/realsense2_camera_msgs/realsense2_camera_msgs/srv
[24.923s] -- Installing: /home/hello-robot/ament_ws/install/realsense2_camera_msgs/include/realsense2_camera_msgs/realsense2_camera_msgs/srv/device_info.hpp
[24.923s] -- Up-to-date: /home/hello-robot/ament_ws/install/realsense2_camera_msgs/include/realsense2_camera_msgs/realsense2_camera_msgs/srv/detail
[24.923s] -- Installing: /home/hello-robot/ament_ws/install/realsense2_camera_msgs/include/realsense2_camera_msgs/realsense2_camera_msgs/srv/detail/device_info__struct.hpp
[24.923s] -- Installing: /home/hello-robot/ament_ws/install/realsense2_camera_msgs/include/realsense2_camera_msgs/realsense2_camera_msgs/srv/detail/device_info__builder.hpp
[24.923s] -- Installing: /home/hello-robot/ament_ws/install/realsense2_camera_msgs/include/realsense2_camera_msgs/realsense2_camera_msgs/srv/detail/device_info__traits.hpp
[24.924s] -- Up-to-date: /home/hello-robot/ament_ws/install/realsense2_camera_msgs/include/realsense2_camera_msgs/realsense2_camera_msgs
[24.924s] -- Up-to-date: /home/hello-robot/ament_ws/install/realsense2_camera_msgs/include/realsense2_camera_msgs/realsense2_camera_msgs/msg
[24.924s] -- Up-to-date: /home/hello-robot/ament_ws/install/realsense2_camera_msgs/include/realsense2_camera_msgs/realsense2_camera_msgs/msg/detail
[24.924s] -- Installing: /home/hello-robot/ament_ws/install/realsense2_camera_msgs/include/realsense2_camera_msgs/realsense2_camera_msgs/msg/detail/metadata__rosidl_typesupport_fastrtps_cpp.hpp
[24.924s] -- Installing: /home/hello-robot/ament_ws/install/realsense2_camera_msgs/include/realsense2_camera_msgs/realsense2_camera_msgs/msg/detail/dds_fastrtps
[24.924s] -- Installing: /home/hello-robot/ament_ws/install/realsense2_camera_msgs/include/realsense2_camera_msgs/realsense2_camera_msgs/msg/detail/extrinsics__rosidl_typesupport_fastrtps_cpp.hpp
[24.924s] -- Installing: /home/hello-robot/ament_ws/install/realsense2_camera_msgs/include/realsense2_camera_msgs/realsense2_camera_msgs/msg/detail/rgbd__rosidl_typesupport_fastrtps_cpp.hpp
[24.924s] -- Installing: /home/hello-robot/ament_ws/install/realsense2_camera_msgs/include/realsense2_camera_msgs/realsense2_camera_msgs/msg/detail/imu_info__rosidl_typesupport_fastrtps_cpp.hpp
[24.924s] -- Installing: /home/hello-robot/ament_ws/install/realsense2_camera_msgs/include/realsense2_camera_msgs/realsense2_camera_msgs/msg/rosidl_typesupport_fastrtps_cpp__visibility_control.h
[24.924s] -- Up-to-date: /home/hello-robot/ament_ws/install/realsense2_camera_msgs/include/realsense2_camera_msgs/realsense2_camera_msgs/srv
[24.924s] -- Up-to-date: /home/hello-robot/ament_ws/install/realsense2_camera_msgs/include/realsense2_camera_msgs/realsense2_camera_msgs/srv/detail
[24.924s] -- Installing: /home/hello-robot/ament_ws/install/realsense2_camera_msgs/include/realsense2_camera_msgs/realsense2_camera_msgs/srv/detail/dds_fastrtps
[24.924s] -- Installing: /home/hello-robot/ament_ws/install/realsense2_camera_msgs/include/realsense2_camera_msgs/realsense2_camera_msgs/srv/detail/device_info__rosidl_typesupport_fastrtps_cpp.hpp
[24.924s] -- Installing: /home/hello-robot/ament_ws/install/realsense2_camera_msgs/lib/librealsense2_camera_msgs__rosidl_typesupport_fastrtps_cpp.so
[24.924s] -- Set runtime path of "/home/hello-robot/ament_ws/install/realsense2_camera_msgs/lib/librealsense2_camera_msgs__rosidl_typesupport_fastrtps_cpp.so" to ""
[24.924s] -- Up-to-date: /home/hello-robot/ament_ws/install/realsense2_camera_msgs/include/realsense2_camera_msgs/realsense2_camera_msgs
[24.925s] -- Up-to-date: /home/hello-robot/ament_ws/install/realsense2_camera_msgs/include/realsense2_camera_msgs/realsense2_camera_msgs/msg
[24.925s] -- Up-to-date: /home/hello-robot/ament_ws/install/realsense2_camera_msgs/include/realsense2_camera_msgs/realsense2_camera_msgs/msg/detail
[24.925s] -- Installing: /home/hello-robot/ament_ws/install/realsense2_camera_msgs/include/realsense2_camera_msgs/realsense2_camera_msgs/msg/detail/rgbd__rosidl_typesupport_introspection_cpp.hpp
[24.925s] -- Installing: /home/hello-robot/ament_ws/install/realsense2_camera_msgs/include/realsense2_camera_msgs/realsense2_camera_msgs/msg/detail/imu_info__type_support.cpp
[24.925s] -- Installing: /home/hello-robot/ament_ws/install/realsense2_camera_msgs/include/realsense2_camera_msgs/realsense2_camera_msgs/msg/detail/extrinsics__type_support.cpp
[24.925s] -- Installing: /home/hello-robot/ament_ws/install/realsense2_camera_msgs/include/realsense2_camera_msgs/realsense2_camera_msgs/msg/detail/imu_info__rosidl_typesupport_introspection_cpp.hpp
[24.925s] -- Installing: /home/hello-robot/ament_ws/install/realsense2_camera_msgs/include/realsense2_camera_msgs/realsense2_camera_msgs/msg/detail/rgbd__type_support.cpp
[24.925s] -- Installing: /home/hello-robot/ament_ws/install/realsense2_camera_msgs/include/realsense2_camera_msgs/realsense2_camera_msgs/msg/detail/metadata__rosidl_typesupport_introspection_cpp.hpp
[24.925s] -- Installing: /home/hello-robot/ament_ws/install/realsense2_camera_msgs/include/realsense2_camera_msgs/realsense2_camera_msgs/msg/detail/metadata__type_support.cpp
[24.925s] -- Installing: /home/hello-robot/ament_ws/install/realsense2_camera_msgs/include/realsense2_camera_msgs/realsense2_camera_msgs/msg/detail/extrinsics__rosidl_typesupport_introspection_cpp.hpp
[24.925s] -- Up-to-date: /home/hello-robot/ament_ws/install/realsense2_camera_msgs/include/realsense2_camera_msgs/realsense2_camera_msgs/srv
[24.925s] -- Up-to-date: /home/hello-robot/ament_ws/install/realsense2_camera_msgs/include/realsense2_camera_msgs/realsense2_camera_msgs/srv/detail
[24.925s] -- Installing: /home/hello-robot/ament_ws/install/realsense2_camera_msgs/include/realsense2_camera_msgs/realsense2_camera_msgs/srv/detail/device_info__type_support.cpp
[24.925s] -- Installing: /home/hello-robot/ament_ws/install/realsense2_camera_msgs/include/realsense2_camera_msgs/realsense2_camera_msgs/srv/detail/device_info__rosidl_typesupport_introspection_cpp.hpp
[24.925s] -- Installing: /home/hello-robot/ament_ws/install/realsense2_camera_msgs/lib/librealsense2_camera_msgs__rosidl_typesupport_introspection_cpp.so
[24.925s] -- Set runtime path of "/home/hello-robot/ament_ws/install/realsense2_camera_msgs/lib/librealsense2_camera_msgs__rosidl_typesupport_introspection_cpp.so" to ""
[24.925s] -- Installing: /home/hello-robot/ament_ws/install/realsense2_camera_msgs/lib/librealsense2_camera_msgs__rosidl_typesupport_cpp.so
[24.925s] -- Set runtime path of "/home/hello-robot/ament_ws/install/realsense2_camera_msgs/lib/librealsense2_camera_msgs__rosidl_typesupport_cpp.so" to ""
[24.925s] -- Installing: /home/hello-robot/ament_ws/install/realsense2_camera_msgs/share/realsense2_camera_msgs/environment/pythonpath.sh
[24.926s] -- Installing: /home/hello-robot/ament_ws/install/realsense2_camera_msgs/share/realsense2_camera_msgs/environment/pythonpath.dsv
[24.926s] -- Installing: /home/hello-robot/ament_ws/install/realsense2_camera_msgs/local/lib/python3.10/dist-packages/realsense2_camera_msgs-4.54.1-py3.10.egg-info
[24.926s] -- Installing: /home/hello-robot/ament_ws/install/realsense2_camera_msgs/local/lib/python3.10/dist-packages/realsense2_camera_msgs-4.54.1-py3.10.egg-info/PKG-INFO
[24.926s] -- Installing: /home/hello-robot/ament_ws/install/realsense2_camera_msgs/local/lib/python3.10/dist-packages/realsense2_camera_msgs-4.54.1-py3.10.egg-info/dependency_links.txt
[24.926s] -- Installing: /home/hello-robot/ament_ws/install/realsense2_camera_msgs/local/lib/python3.10/dist-packages/realsense2_camera_msgs-4.54.1-py3.10.egg-info/SOURCES.txt
[24.926s] -- Installing: /home/hello-robot/ament_ws/install/realsense2_camera_msgs/local/lib/python3.10/dist-packages/realsense2_camera_msgs-4.54.1-py3.10.egg-info/top_level.txt
[24.926s] -- Installing: /home/hello-robot/ament_ws/install/realsense2_camera_msgs/local/lib/python3.10/dist-packages/realsense2_camera_msgs
[24.926s] -- Installing: /home/hello-robot/ament_ws/install/realsense2_camera_msgs/local/lib/python3.10/dist-packages/realsense2_camera_msgs/msg
[24.926s] -- Installing: /home/hello-robot/ament_ws/install/realsense2_camera_msgs/local/lib/python3.10/dist-packages/realsense2_camera_msgs/msg/_metadata.py
[24.926s] -- Installing: /home/hello-robot/ament_ws/install/realsense2_camera_msgs/local/lib/python3.10/dist-packages/realsense2_camera_msgs/msg/__init__.py
[24.926s] -- Installing: /home/hello-robot/ament_ws/install/realsense2_camera_msgs/local/lib/python3.10/dist-packages/realsense2_camera_msgs/msg/_rgbd_s.c
[24.926s] -- Installing: /home/hello-robot/ament_ws/install/realsense2_camera_msgs/local/lib/python3.10/dist-packages/realsense2_camera_msgs/msg/_extrinsics_s.c
[24.926s] -- Installing: /home/hello-robot/ament_ws/install/realsense2_camera_msgs/local/lib/python3.10/dist-packages/realsense2_camera_msgs/msg/_rgbd.py
[24.926s] -- Installing: /home/hello-robot/ament_ws/install/realsense2_camera_msgs/local/lib/python3.10/dist-packages/realsense2_camera_msgs/msg/_metadata_s.c
[24.926s] -- Installing: /home/hello-robot/ament_ws/install/realsense2_camera_msgs/local/lib/python3.10/dist-packages/realsense2_camera_msgs/msg/_imu_info.py
[24.926s] -- Installing: /home/hello-robot/ament_ws/install/realsense2_camera_msgs/local/lib/python3.10/dist-packages/realsense2_camera_msgs/msg/_extrinsics.py
[24.926s] -- Installing: /home/hello-robot/ament_ws/install/realsense2_camera_msgs/local/lib/python3.10/dist-packages/realsense2_camera_msgs/msg/_imu_info_s.c
[24.926s] -- Installing: /home/hello-robot/ament_ws/install/realsense2_camera_msgs/local/lib/python3.10/dist-packages/realsense2_camera_msgs/__init__.py
[24.927s] -- Installing: /home/hello-robot/ament_ws/install/realsense2_camera_msgs/local/lib/python3.10/dist-packages/realsense2_camera_msgs/realsense2_camera_msgs_s__rosidl_typesupport_c.cpython-310-x86_64-linux-gnu.so
[24.927s] -- Installing: /home/hello-robot/ament_ws/install/realsense2_camera_msgs/local/lib/python3.10/dist-packages/realsense2_camera_msgs/librealsense2_camera_msgs__rosidl_generator_py.so
[24.927s] -- Installing: /home/hello-robot/ament_ws/install/realsense2_camera_msgs/local/lib/python3.10/dist-packages/realsense2_camera_msgs/_realsense2_camera_msgs_s.ep.rosidl_typesupport_c.c
[24.927s] -- Installing: /home/hello-robot/ament_ws/install/realsense2_camera_msgs/local/lib/python3.10/dist-packages/realsense2_camera_msgs/_realsense2_camera_msgs_s.ep.rosidl_typesupport_introspection_c.c
[24.927s] -- Installing: /home/hello-robot/ament_ws/install/realsense2_camera_msgs/local/lib/python3.10/dist-packages/realsense2_camera_msgs/srv
[24.927s] -- Installing: /home/hello-robot/ament_ws/install/realsense2_camera_msgs/local/lib/python3.10/dist-packages/realsense2_camera_msgs/srv/__init__.py
[24.927s] -- Installing: /home/hello-robot/ament_ws/install/realsense2_camera_msgs/local/lib/python3.10/dist-packages/realsense2_camera_msgs/srv/_device_info.py
[24.927s] -- Installing: /home/hello-robot/ament_ws/install/realsense2_camera_msgs/local/lib/python3.10/dist-packages/realsense2_camera_msgs/srv/_device_info_s.c
[24.927s] -- Installing: /home/hello-robot/ament_ws/install/realsense2_camera_msgs/local/lib/python3.10/dist-packages/realsense2_camera_msgs/realsense2_camera_msgs_s__rosidl_typesupport_introspection_c.cpython-310-x86_64-linux-gnu.so
[24.927s] -- Installing: /home/hello-robot/ament_ws/install/realsense2_camera_msgs/local/lib/python3.10/dist-packages/realsense2_camera_msgs/_realsense2_camera_msgs_s.ep.rosidl_typesupport_fastrtps_c.c
[24.927s] -- Installing: /home/hello-robot/ament_ws/install/realsense2_camera_msgs/local/lib/python3.10/dist-packages/realsense2_camera_msgs/realsense2_camera_msgs_s__rosidl_typesupport_fastrtps_c.cpython-310-x86_64-linux-gnu.so
[24.939s] Listing '/home/hello-robot/ament_ws/install/realsense2_camera_msgs/local/lib/python3.10/dist-packages/realsense2_camera_msgs'...
[24.940s] Compiling '/home/hello-robot/ament_ws/install/realsense2_camera_msgs/local/lib/python3.10/dist-packages/realsense2_camera_msgs/__init__.py'...
[24.940s] Listing '/home/hello-robot/ament_ws/install/realsense2_camera_msgs/local/lib/python3.10/dist-packages/realsense2_camera_msgs/msg'...
[24.940s] Compiling '/home/hello-robot/ament_ws/install/realsense2_camera_msgs/local/lib/python3.10/dist-packages/realsense2_camera_msgs/msg/__init__.py'...
[24.940s] Compiling '/home/hello-robot/ament_ws/install/realsense2_camera_msgs/local/lib/python3.10/dist-packages/realsense2_camera_msgs/msg/_extrinsics.py'...
[24.940s] Compiling '/home/hello-robot/ament_ws/install/realsense2_camera_msgs/local/lib/python3.10/dist-packages/realsense2_camera_msgs/msg/_imu_info.py'...
[24.940s] Compiling '/home/hello-robot/ament_ws/install/realsense2_camera_msgs/local/lib/python3.10/dist-packages/realsense2_camera_msgs/msg/_metadata.py'...
[24.940s] Compiling '/home/hello-robot/ament_ws/install/realsense2_camera_msgs/local/lib/python3.10/dist-packages/realsense2_camera_msgs/msg/_rgbd.py'...
[24.940s] Listing '/home/hello-robot/ament_ws/install/realsense2_camera_msgs/local/lib/python3.10/dist-packages/realsense2_camera_msgs/srv'...
[24.940s] Compiling '/home/hello-robot/ament_ws/install/realsense2_camera_msgs/local/lib/python3.10/dist-packages/realsense2_camera_msgs/srv/__init__.py'...
[24.940s] Compiling '/home/hello-robot/ament_ws/install/realsense2_camera_msgs/local/lib/python3.10/dist-packages/realsense2_camera_msgs/srv/_device_info.py'...
[24.952s] -- Installing: /home/hello-robot/ament_ws/install/realsense2_camera_msgs/local/lib/python3.10/dist-packages/realsense2_camera_msgs/realsense2_camera_msgs_s__rosidl_typesupport_fastrtps_c.cpython-310-x86_64-linux-gnu.so
[24.952s] -- Set runtime path of "/home/hello-robot/ament_ws/install/realsense2_camera_msgs/local/lib/python3.10/dist-packages/realsense2_camera_msgs/realsense2_camera_msgs_s__rosidl_typesupport_fastrtps_c.cpython-310-x86_64-linux-gnu.so" to ""
[24.953s] -- Installing: /home/hello-robot/ament_ws/install/realsense2_camera_msgs/local/lib/python3.10/dist-packages/realsense2_camera_msgs/realsense2_camera_msgs_s__rosidl_typesupport_introspection_c.cpython-310-x86_64-linux-gnu.so
[24.953s] -- Set runtime path of "/home/hello-robot/ament_ws/install/realsense2_camera_msgs/local/lib/python3.10/dist-packages/realsense2_camera_msgs/realsense2_camera_msgs_s__rosidl_typesupport_introspection_c.cpython-310-x86_64-linux-gnu.so" to ""
[24.953s] -- Installing: /home/hello-robot/ament_ws/install/realsense2_camera_msgs/local/lib/python3.10/dist-packages/realsense2_camera_msgs/realsense2_camera_msgs_s__rosidl_typesupport_c.cpython-310-x86_64-linux-gnu.so
[24.953s] -- Set runtime path of "/home/hello-robot/ament_ws/install/realsense2_camera_msgs/local/lib/python3.10/dist-packages/realsense2_camera_msgs/realsense2_camera_msgs_s__rosidl_typesupport_c.cpython-310-x86_64-linux-gnu.so" to ""
[24.954s] -- Installing: /home/hello-robot/ament_ws/install/realsense2_camera_msgs/lib/librealsense2_camera_msgs__rosidl_generator_py.so
[24.963s] -- Set runtime path of "/home/hello-robot/ament_ws/install/realsense2_camera_msgs/lib/librealsense2_camera_msgs__rosidl_generator_py.so" to ""
[24.963s] -- Installing: /home/hello-robot/ament_ws/install/realsense2_camera_msgs/share/realsense2_camera_msgs/msg/IMUInfo.idl
[24.963s] -- Installing: /home/hello-robot/ament_ws/install/realsense2_camera_msgs/share/realsense2_camera_msgs/msg/Extrinsics.idl
[24.963s] -- Installing: /home/hello-robot/ament_ws/install/realsense2_camera_msgs/share/realsense2_camera_msgs/msg/Metadata.idl
[24.963s] -- Installing: /home/hello-robot/ament_ws/install/realsense2_camera_msgs/share/realsense2_camera_msgs/msg/RGBD.idl
[24.963s] -- Installing: /home/hello-robot/ament_ws/install/realsense2_camera_msgs/share/realsense2_camera_msgs/srv/DeviceInfo.idl
[24.964s] -- Installing: /home/hello-robot/ament_ws/install/realsense2_camera_msgs/share/realsense2_camera_msgs/msg/IMUInfo.msg
[24.964s] -- Installing: /home/hello-robot/ament_ws/install/realsense2_camera_msgs/share/realsense2_camera_msgs/msg/Extrinsics.msg
[24.964s] -- Installing: /home/hello-robot/ament_ws/install/realsense2_camera_msgs/share/realsense2_camera_msgs/msg/Metadata.msg
[24.964s] -- Installing: /home/hello-robot/ament_ws/install/realsense2_camera_msgs/share/realsense2_camera_msgs/msg/RGBD.msg
[24.964s] -- Installing: /home/hello-robot/ament_ws/install/realsense2_camera_msgs/share/realsense2_camera_msgs/srv/DeviceInfo.srv
[24.964s] -- Installing: /home/hello-robot/ament_ws/install/realsense2_camera_msgs/share/realsense2_camera_msgs/srv/DeviceInfo_Request.msg
[24.964s] -- Installing: /home/hello-robot/ament_ws/install/realsense2_camera_msgs/share/realsense2_camera_msgs/srv/DeviceInfo_Response.msg
[24.964s] -- Installing: /home/hello-robot/ament_ws/install/realsense2_camera_msgs/share/ament_index/resource_index/package_run_dependencies/realsense2_camera_msgs
[24.964s] -- Installing: /home/hello-robot/ament_ws/install/realsense2_camera_msgs/share/ament_index/resource_index/parent_prefix_path/realsense2_camera_msgs
[24.964s] -- Installing: /home/hello-robot/ament_ws/install/realsense2_camera_msgs/share/realsense2_camera_msgs/environment/ament_prefix_path.sh
[24.964s] -- Installing: /home/hello-robot/ament_ws/install/realsense2_camera_msgs/share/realsense2_camera_msgs/environment/ament_prefix_path.dsv
[24.964s] -- Installing: /home/hello-robot/ament_ws/install/realsense2_camera_msgs/share/realsense2_camera_msgs/environment/path.sh
[24.964s] -- Installing: /home/hello-robot/ament_ws/install/realsense2_camera_msgs/share/realsense2_camera_msgs/environment/path.dsv
[24.964s] -- Installing: /home/hello-robot/ament_ws/install/realsense2_camera_msgs/share/realsense2_camera_msgs/local_setup.bash
[24.964s] -- Installing: /home/hello-robot/ament_ws/install/realsense2_camera_msgs/share/realsense2_camera_msgs/local_setup.sh
[24.964s] -- Installing: /home/hello-robot/ament_ws/install/realsense2_camera_msgs/share/realsense2_camera_msgs/local_setup.zsh
[24.965s] -- Installing: /home/hello-robot/ament_ws/install/realsense2_camera_msgs/share/realsense2_camera_msgs/local_setup.dsv
[24.965s] -- Installing: /home/hello-robot/ament_ws/install/realsense2_camera_msgs/share/realsense2_camera_msgs/package.dsv
[24.965s] -- Installing: /home/hello-robot/ament_ws/install/realsense2_camera_msgs/share/ament_index/resource_index/packages/realsense2_camera_msgs
[24.965s] -- Installing: /home/hello-robot/ament_ws/install/realsense2_camera_msgs/share/realsense2_camera_msgs/cmake/export_realsense2_camera_msgs__rosidl_generator_cExport.cmake
[24.965s] -- Installing: /home/hello-robot/ament_ws/install/realsense2_camera_msgs/share/realsense2_camera_msgs/cmake/export_realsense2_camera_msgs__rosidl_generator_cExport-release.cmake
[24.965s] -- Installing: /home/hello-robot/ament_ws/install/realsense2_camera_msgs/share/realsense2_camera_msgs/cmake/export_realsense2_camera_msgs__rosidl_typesupport_fastrtps_cExport.cmake
[24.965s] -- Installing: /home/hello-robot/ament_ws/install/realsense2_camera_msgs/share/realsense2_camera_msgs/cmake/export_realsense2_camera_msgs__rosidl_typesupport_fastrtps_cExport-release.cmake
[24.965s] -- Installing: /home/hello-robot/ament_ws/install/realsense2_camera_msgs/share/realsense2_camera_msgs/cmake/realsense2_camera_msgs__rosidl_typesupport_introspection_cExport.cmake
[24.965s] -- Installing: /home/hello-robot/ament_ws/install/realsense2_camera_msgs/share/realsense2_camera_msgs/cmake/realsense2_camera_msgs__rosidl_typesupport_introspection_cExport-release.cmake
[24.965s] -- Installing: /home/hello-robot/ament_ws/install/realsense2_camera_msgs/share/realsense2_camera_msgs/cmake/realsense2_camera_msgs__rosidl_typesupport_cExport.cmake
[24.965s] -- Installing: /home/hello-robot/ament_ws/install/realsense2_camera_msgs/share/realsense2_camera_msgs/cmake/realsense2_camera_msgs__rosidl_typesupport_cExport-release.cmake
[24.965s] -- Installing: /home/hello-robot/ament_ws/install/realsense2_camera_msgs/share/realsense2_camera_msgs/cmake/export_realsense2_camera_msgs__rosidl_generator_cppExport.cmake
[24.965s] -- Installing: /home/hello-robot/ament_ws/install/realsense2_camera_msgs/share/realsense2_camera_msgs/cmake/export_realsense2_camera_msgs__rosidl_typesupport_fastrtps_cppExport.cmake
[24.965s] -- Installing: /home/hello-robot/ament_ws/install/realsense2_camera_msgs/share/realsense2_camera_msgs/cmake/export_realsense2_camera_msgs__rosidl_typesupport_fastrtps_cppExport-release.cmake
[24.965s] -- Installing: /home/hello-robot/ament_ws/install/realsense2_camera_msgs/share/realsense2_camera_msgs/cmake/realsense2_camera_msgs__rosidl_typesupport_introspection_cppExport.cmake
[24.965s] -- Installing: /home/hello-robot/ament_ws/install/realsense2_camera_msgs/share/realsense2_camera_msgs/cmake/realsense2_camera_msgs__rosidl_typesupport_introspection_cppExport-release.cmake
[24.965s] -- Installing: /home/hello-robot/ament_ws/install/realsense2_camera_msgs/share/realsense2_camera_msgs/cmake/realsense2_camera_msgs__rosidl_typesupport_cppExport.cmake
[24.965s] -- Installing: /home/hello-robot/ament_ws/install/realsense2_camera_msgs/share/realsense2_camera_msgs/cmake/realsense2_camera_msgs__rosidl_typesupport_cppExport-release.cmake
[24.965s] -- Installing: /home/hello-robot/ament_ws/install/realsense2_camera_msgs/share/realsense2_camera_msgs/cmake/export_realsense2_camera_msgs__rosidl_generator_pyExport.cmake
[24.965s] -- Installing: /home/hello-robot/ament_ws/install/realsense2_camera_msgs/share/realsense2_camera_msgs/cmake/export_realsense2_camera_msgs__rosidl_generator_pyExport-release.cmake
[24.966s] -- Installing: /home/hello-robot/ament_ws/install/realsense2_camera_msgs/share/realsense2_camera_msgs/cmake/rosidl_cmake-extras.cmake
[24.966s] -- Installing: /home/hello-robot/ament_ws/install/realsense2_camera_msgs/share/realsense2_camera_msgs/cmake/ament_cmake_export_dependencies-extras.cmake
[24.966s] -- Installing: /home/hello-robot/ament_ws/install/realsense2_camera_msgs/share/realsense2_camera_msgs/cmake/ament_cmake_export_include_directories-extras.cmake
[24.966s] -- Installing: /home/hello-robot/ament_ws/install/realsense2_camera_msgs/share/realsense2_camera_msgs/cmake/ament_cmake_export_libraries-extras.cmake
[24.966s] -- Installing: /home/hello-robot/ament_ws/install/realsense2_camera_msgs/share/realsense2_camera_msgs/cmake/ament_cmake_export_targets-extras.cmake
[24.966s] -- Installing: /home/hello-robot/ament_ws/install/realsense2_camera_msgs/share/realsense2_camera_msgs/cmake/rosidl_cmake_export_typesupport_targets-extras.cmake
[24.966s] -- Installing: /home/hello-robot/ament_ws/install/realsense2_camera_msgs/share/realsense2_camera_msgs/cmake/rosidl_cmake_export_typesupport_libraries-extras.cmake
[24.966s] -- Installing: /home/hello-robot/ament_ws/install/realsense2_camera_msgs/share/realsense2_camera_msgs/cmake/realsense2_camera_msgsConfig.cmake
[24.966s] -- Installing: /home/hello-robot/ament_ws/install/realsense2_camera_msgs/share/realsense2_camera_msgs/cmake/realsense2_camera_msgsConfig-version.cmake
[24.966s] -- Installing: /home/hello-robot/ament_ws/install/realsense2_camera_msgs/share/realsense2_camera_msgs/package.xml
[24.975s] Invoked command in '/home/hello-robot/ament_ws/build/realsense2_camera_msgs' returned '0': CMAKE_PREFIX_PATH=${CMAKE_PREFIX_PATH}:/home/hello-robot/ament_ws/install/tf2_web_republisher_py:/home/hello-robot/ament_ws/install/stretch_ros_tutorials:/home/hello-robot/ament_ws/install/stretch_funmap:/home/hello-robot/ament_ws/install/stretch_calibration:/home/hello-robot/ament_ws/install/stretch_demos:/home/hello-robot/ament_ws/install/stretch_deep_perception:/home/hello-robot/ament_ws/install/stretch_core:/home/hello-robot/ament_ws/install/respeaker_ros2:/home/hello-robot/ament_ws/install/hello_helpers:/opt/ros/humble /usr/bin/cmake --install /home/hello-robot/ament_ws/build/realsense2_camera_msgs
