-- The C compiler identification is GNU 11.4.0
-- The CXX compiler identification is GNU 11.4.0
-- Detecting C compiler ABI info
-- Detecting C compiler ABI info - done
-- Check for working C compiler: /usr/bin/cc - skipped
-- Detecting C compile features
-- Detecting C compile features - done
-- Detecting CXX compiler ABI info
-- Detecting CXX compiler ABI info - done
-- Check for working CXX compiler: /usr/bin/c++ - skipped
-- Detecting CXX compile features
-- Detecting CXX compile features - done
-- Found ament_cmake: 1.3.8 (/opt/ros/humble/share/ament_cmake/cmake)
-- Found Python3: /usr/bin/python3 (found version "3.10.12") found components: Interpreter 
-- Found rclcpp: 16.0.8 (/opt/ros/humble/share/rclcpp/cmake)
-- Found rosidl_generator_c: 3.1.5 (/opt/ros/humble/share/rosidl_generator_c/cmake)
-- Found rosidl_adapter: 3.1.5 (/opt/ros/humble/share/rosidl_adapter/cmake)
-- Found rosidl_generator_cpp: 3.1.5 (/opt/ros/humble/share/rosidl_generator_cpp/cmake)
-- Using all available rosidl_typesupport_c: rosidl_typesupport_fastrtps_c;rosidl_typesupport_introspection_c
-- Using all available rosidl_typesupport_cpp: rosidl_typesupport_fastrtps_cpp;rosidl_typesupport_introspection_cpp
-- Found rmw_implementation_cmake: 6.1.1 (/opt/ros/humble/share/rmw_implementation_cmake/cmake)
-- Found rmw_fastrtps_cpp: 6.2.6 (/opt/ros/humble/share/rmw_fastrtps_cpp/cmake)
-- Found OpenSSL: /usr/lib/x86_64-linux-gnu/libcrypto.so (found version "3.0.2")  
-- Found FastRTPS: /opt/ros/humble/include  
-- Using RMW implementation 'rmw_fastrtps_cpp' as default
-- Looking for pthread.h
-- Looking for pthread.h - found
-- Performing Test CMAKE_HAVE_LIBC_PTHREAD
-- Performing Test CMAKE_HAVE_LIBC_PTHREAD - Success
-- Found Threads: TRUE  
-- Found rclcpp_components: 16.0.8 (/opt/ros/humble/share/rclcpp_components/cmake)
-- Found audio_common_msgs: 0.3.12 (/home/hello-robot/ament_ws/install/audio_common_msgs/share/audio_common_msgs/cmake)
-- Found PkgConfig: /usr/bin/pkg-config (found version "0.29.2") 
-- Checking for module 'gstreamer-1.0'
--   Found gstreamer-1.0, version 1.20.3
-- Found Boost: /usr/lib/x86_64-linux-gnu/cmake/Boost-1.74.0/BoostConfig.cmake (found version "1.74.0") found components: thread 
-- Configuring done
-- Generating done
-- Build files have been written to: /home/hello-robot/ament_ws/build/audio_capture
[ 25%] Building CXX object CMakeFiles/audio_capture.dir/src/audio_capture_node.cpp.o
[ 50%] Building CXX object CMakeFiles/audio_capture_node.dir/rclcpp_components/node_main_audio_capture_node.cpp.o
[ 75%] Linking CXX executable audio_capture_node
[ 75%] Built target audio_capture_node
[100%] Linking CXX shared library libaudio_capture.so
[100%] Built target audio_capture
-- Install configuration: "Release"
-- Installing: /home/hello-robot/ament_ws/install/audio_capture/lib/audio_capture/audio_capture_node
-- Set runtime path of "/home/hello-robot/ament_ws/install/audio_capture/lib/audio_capture/audio_capture_node" to ""
-- Installing: /home/hello-robot/ament_ws/install/audio_capture/bin/audio_capture_node
-- Set runtime path of "/home/hello-robot/ament_ws/install/audio_capture/bin/audio_capture_node" to ""
-- Installing: /home/hello-robot/ament_ws/install/audio_capture/lib/libaudio_capture.so
-- Set runtime path of "/home/hello-robot/ament_ws/install/audio_capture/lib/libaudio_capture.so" to ""
-- Installing: /home/hello-robot/ament_ws/install/audio_capture/share/audio_capture/launch
-- Installing: /home/hello-robot/ament_ws/install/audio_capture/share/audio_capture/launch/capture.launch.xml
-- Installing: /home/hello-robot/ament_ws/install/audio_capture/share/audio_capture/launch/capture_wave.launch.py
-- Installing: /home/hello-robot/ament_ws/install/audio_capture/share/audio_capture/launch/capture.launch.py
-- Installing: /home/hello-robot/ament_ws/install/audio_capture/share/audio_capture/launch/capture_wave.launch.xml
-- Installing: /home/hello-robot/ament_ws/install/audio_capture/share/audio_capture/launch/capture_to_file.launch.py
-- Installing: /home/hello-robot/ament_ws/install/audio_capture/share/audio_capture/launch/capture_to_file.launch.xml
-- Installing: /home/hello-robot/ament_ws/install/audio_capture/share/audio_capture/environment/library_path.sh
-- Installing: /home/hello-robot/ament_ws/install/audio_capture/share/audio_capture/environment/library_path.dsv
-- Installing: /home/hello-robot/ament_ws/install/audio_capture/share/ament_index/resource_index/package_run_dependencies/audio_capture
-- Installing: /home/hello-robot/ament_ws/install/audio_capture/share/ament_index/resource_index/parent_prefix_path/audio_capture
-- Installing: /home/hello-robot/ament_ws/install/audio_capture/share/audio_capture/environment/ament_prefix_path.sh
-- Installing: /home/hello-robot/ament_ws/install/audio_capture/share/audio_capture/environment/ament_prefix_path.dsv
-- Installing: /home/hello-robot/ament_ws/install/audio_capture/share/audio_capture/environment/path.sh
-- Installing: /home/hello-robot/ament_ws/install/audio_capture/share/audio_capture/environment/path.dsv
-- Installing: /home/hello-robot/ament_ws/install/audio_capture/share/audio_capture/local_setup.bash
-- Installing: /home/hello-robot/ament_ws/install/audio_capture/share/audio_capture/local_setup.sh
-- Installing: /home/hello-robot/ament_ws/install/audio_capture/share/audio_capture/local_setup.zsh
-- Installing: /home/hello-robot/ament_ws/install/audio_capture/share/audio_capture/local_setup.dsv
-- Installing: /home/hello-robot/ament_ws/install/audio_capture/share/audio_capture/package.dsv
-- Installing: /home/hello-robot/ament_ws/install/audio_capture/share/ament_index/resource_index/packages/audio_capture
-- Installing: /home/hello-robot/ament_ws/install/audio_capture/share/ament_index/resource_index/rclcpp_components/audio_capture
-- Installing: /home/hello-robot/ament_ws/install/audio_capture/share/audio_capture/cmake/ament_cmake_export_libraries-extras.cmake
-- Installing: /home/hello-robot/ament_ws/install/audio_capture/share/audio_capture/cmake/audio_captureConfig.cmake
-- Installing: /home/hello-robot/ament_ws/install/audio_capture/share/audio_capture/cmake/audio_captureConfig-version.cmake
-- Installing: /home/hello-robot/ament_ws/install/audio_capture/share/audio_capture/package.xml
