/home/hello-robot/ament_ws/install/respeaker_ros2/lib/python3.10/site-packages/test/test_copyright.py
/home/hello-robot/ament_ws/install/respeaker_ros2/lib/python3.10/site-packages/test/__init__.py
/home/hello-robot/ament_ws/install/respeaker_ros2/lib/python3.10/site-packages/test/test_installed.py
/home/hello-robot/ament_ws/install/respeaker_ros2/lib/python3.10/site-packages/test/test_pep257.py
/home/hello-robot/ament_ws/install/respeaker_ros2/lib/python3.10/site-packages/test/test_flake8.py
/home/hello-robot/ament_ws/install/respeaker_ros2/lib/python3.10/site-packages/respeaker_ros2/respeaker_node.py
/home/hello-robot/ament_ws/install/respeaker_ros2/lib/python3.10/site-packages/respeaker_ros2/__init__.py
/home/hello-robot/ament_ws/install/respeaker_ros2/lib/python3.10/site-packages/respeaker_ros2/speech_to_text.py
/home/hello-robot/ament_ws/install/respeaker_ros2/lib/python3.10/site-packages/respeaker_ros2/respeaker_gencfg.py
/home/hello-robot/ament_ws/install/respeaker_ros2/lib/python3.10/site-packages/test/__pycache__/test_copyright.cpython-310.pyc
/home/hello-robot/ament_ws/install/respeaker_ros2/lib/python3.10/site-packages/test/__pycache__/__init__.cpython-310.pyc
/home/hello-robot/ament_ws/install/respeaker_ros2/lib/python3.10/site-packages/test/__pycache__/test_installed.cpython-310.pyc
/home/hello-robot/ament_ws/install/respeaker_ros2/lib/python3.10/site-packages/test/__pycache__/test_pep257.cpython-310.pyc
/home/hello-robot/ament_ws/install/respeaker_ros2/lib/python3.10/site-packages/test/__pycache__/test_flake8.cpython-310.pyc
/home/hello-robot/ament_ws/install/respeaker_ros2/lib/python3.10/site-packages/respeaker_ros2/__pycache__/respeaker_node.cpython-310.pyc
/home/hello-robot/ament_ws/install/respeaker_ros2/lib/python3.10/site-packages/respeaker_ros2/__pycache__/__init__.cpython-310.pyc
/home/hello-robot/ament_ws/install/respeaker_ros2/lib/python3.10/site-packages/respeaker_ros2/__pycache__/speech_to_text.cpython-310.pyc
/home/hello-robot/ament_ws/install/respeaker_ros2/lib/python3.10/site-packages/respeaker_ros2/__pycache__/respeaker_gencfg.cpython-310.pyc
/home/hello-robot/ament_ws/install/respeaker_ros2/share/ament_index/resource_index/packages/respeaker_ros2
/home/hello-robot/ament_ws/install/respeaker_ros2/share/respeaker_ros2/package.xml
/home/hello-robot/ament_ws/install/respeaker_ros2/share/respeaker_ros2/launch/respeaker.launch.py
/home/hello-robot/ament_ws/install/respeaker_ros2/lib/python3.10/site-packages/respeaker_ros2-0.1.0-py3.10.egg-info/PKG-INFO
/home/hello-robot/ament_ws/install/respeaker_ros2/lib/python3.10/site-packages/respeaker_ros2-0.1.0-py3.10.egg-info/dependency_links.txt
/home/hello-robot/ament_ws/install/respeaker_ros2/lib/python3.10/site-packages/respeaker_ros2-0.1.0-py3.10.egg-info/requires.txt
/home/hello-robot/ament_ws/install/respeaker_ros2/lib/python3.10/site-packages/respeaker_ros2-0.1.0-py3.10.egg-info/SOURCES.txt
/home/hello-robot/ament_ws/install/respeaker_ros2/lib/python3.10/site-packages/respeaker_ros2-0.1.0-py3.10.egg-info/top_level.txt
/home/hello-robot/ament_ws/install/respeaker_ros2/lib/python3.10/site-packages/respeaker_ros2-0.1.0-py3.10.egg-info/entry_points.txt
/home/hello-robot/ament_ws/install/respeaker_ros2/lib/respeaker_ros2/respeaker_node
/home/hello-robot/ament_ws/install/respeaker_ros2/lib/respeaker_ros2/speech_to_text
