[0.732s] Invoking command in '/home/hello-robot/ament_ws/build/realsense2_camera': CMAKE_PREFIX_PATH=/home/hello-robot/ament_ws/install/realsense2_camera_msgs:/home/hello-robot/ament_ws/install/tf2_web_republisher:/home/hello-robot/ament_ws/install/stretch_web_teleop:/home/hello-robot/ament_ws/install/stretch_teleop_interface_msgs:/home/hello-robot/ament_ws/install/stretch_rtabmap:/home/hello-robot/ament_ws/install/stretch_nav2:/home/hello-robot/ament_ws/install/stretch_description:/home/hello-robot/ament_ws/install/speech_recognition_msgs:/home/hello-robot/ament_ws/install/sound_play_msgs:/home/hello-robot/ament_ws/install/audio_common:/home/hello-robot/ament_ws/install/sound_play:/home/hello-robot/ament_ws/install/sllidar_ros2:/home/hello-robot/ament_ws/install/rosbridge_test_msgs:/home/hello-robot/ament_ws/install/rosbridge_suite:/home/hello-robot/ament_ws/install/rosbridge_server:/home/hello-robot/ament_ws/install/rosbridge_msgs:/home/hello-robot/ament_ws/install/rosapi:/home/hello-robot/ament_ws/install/rosbridge_library:/home/hello-robot/ament_ws/install/rosapi_msgs:/home/hello-robot/ament_ws/install/ros2_numpy:/home/hello-robot/ament_ws/install/realsense2_description:/home/hello-robot/ament_ws/install/realsense2_camera:/home/hello-robot/ament_ws/install/audio_play:/home/hello-robot/ament_ws/install/audio_capture:/home/hello-robot/ament_ws/install/audio_common_msgs:/home/hello-robot/ament_ws/install/tf2_web_republisher_py:/home/hello-robot/ament_ws/install/stretch_ros_tutorials:/home/hello-robot/ament_ws/install/stretch_funmap:/home/hello-robot/ament_ws/install/stretch_calibration:/home/hello-robot/ament_ws/install/stretch_demos:/home/hello-robot/ament_ws/install/stretch_deep_perception:/home/hello-robot/ament_ws/install/stretch_core:/home/hello-robot/ament_ws/install/respeaker_ros2:/home/hello-robot/ament_ws/install/hello_helpers:/opt/ros/humble LD_LIBRARY_PATH=/home/hello-robot/ament_ws/install/realsense2_camera_msgs/lib:/home/hello-robot/ament_ws/install/tf2_web_republisher/lib:/home/hello-robot/ament_ws/install/stretch_teleop_interface_msgs/lib:/home/hello-robot/ament_ws/install/speech_recognition_msgs/lib:/home/hello-robot/ament_ws/install/sound_play_msgs/lib:/home/hello-robot/ament_ws/install/rosbridge_test_msgs/lib:/home/hello-robot/ament_ws/install/rosbridge_msgs/lib:/home/hello-robot/ament_ws/install/rosapi_msgs/lib:/home/hello-robot/ament_ws/install/realsense2_camera/lib:/home/hello-robot/ament_ws/install/audio_play/lib:/home/hello-robot/ament_ws/install/audio_capture/lib:/home/hello-robot/ament_ws/install/audio_common_msgs/lib:/usr/lib/x86_64-linux-gnu/gazebo-11/plugins:/opt/ros/humble/opt/rviz_ogre_vendor/lib:/opt/ros/humble/lib/x86_64-linux-gnu:/opt/ros/humble/lib /usr/bin/cmake /home/hello-robot/ament_ws/src/realsense-ros/realsense2_camera -DCMAKE_BUILD_TYPE=Release -DCMAKE_INSTALL_PREFIX=/home/hello-robot/ament_ws/install/realsense2_camera
[1.024s] -- The C compiler identification is GNU 11.4.0
[1.277s] -- The CXX compiler identification is GNU 11.4.0
[1.291s] -- Detecting C compiler ABI info
[1.578s] -- Detecting C compiler ABI info - done
[1.578s] -- Check for working C compiler: /usr/bin/cc - skipped
[1.578s] -- Detecting C compile features
[1.579s] -- Detecting C compile features - done
[1.584s] -- Detecting CXX compiler ABI info
[1.762s] -- Detecting CXX compiler ABI info - done
[1.774s] -- Check for working CXX compiler: /usr/bin/c++ - skipped
[1.775s] -- Detecting CXX compile features
[1.776s] -- Detecting CXX compile features - done
[1.777s] -- Create Release Build.
[1.781s] -- Found ament_cmake: 1.3.8 (/opt/ros/humble/share/ament_cmake/cmake)
[2.112s] -- Found Python3: /usr/bin/python3 (found version "3.10.12") found components: Interpreter 
[2.267s] -- Found builtin_interfaces: 1.2.1 (/opt/ros/humble/share/builtin_interfaces/cmake)
[2.324s] -- Found rosidl_generator_c: 3.1.5 (/opt/ros/humble/share/rosidl_generator_c/cmake)
[2.336s] -- Found rosidl_adapter: 3.1.5 (/opt/ros/humble/share/rosidl_adapter/cmake)
[2.353s] -- Found rosidl_generator_cpp: 3.1.5 (/opt/ros/humble/share/rosidl_generator_cpp/cmake)
[2.382s] -- Using all available rosidl_typesupport_c: rosidl_typesupport_fastrtps_c;rosidl_typesupport_introspection_c
[2.425s] -- Using all available rosidl_typesupport_cpp: rosidl_typesupport_fastrtps_cpp;rosidl_typesupport_introspection_cpp
[2.487s] -- Found cv_bridge: 3.2.1 (/opt/ros/humble/share/cv_bridge/cmake)
[3.057s] -- Found image_transport: 3.1.8 (/opt/ros/humble/share/image_transport/cmake)
[3.063s] -- Found rmw_implementation_cmake: 6.1.1 (/opt/ros/humble/share/rmw_implementation_cmake/cmake)
[3.063s] -- Found rmw_fastrtps_cpp: 6.2.6 (/opt/ros/humble/share/rmw_fastrtps_cpp/cmake)
[3.410s] -- Found OpenSSL: /usr/lib/x86_64-linux-gnu/libcrypto.so (found version "3.0.2")  
[3.410s] -- Found FastRTPS: /opt/ros/humble/include  
[3.410s] -- Using RMW implementation 'rmw_fastrtps_cpp' as default
[3.411s] -- Looking for pthread.h
[3.427s] -- Looking for pthread.h - found
[3.427s] -- Performing Test CMAKE_HAVE_LIBC_PTHREAD
[3.610s] -- Performing Test CMAKE_HAVE_LIBC_PTHREAD - Success
[3.612s] -- Found Threads: TRUE  
[3.989s] -- Found rclcpp_components: 16.0.8 (/opt/ros/humble/share/rclcpp_components/cmake)
[4.064s] -- Found realsense2_camera_msgs: 4.54.1 (/home/hello-robot/ament_ws/install/realsense2_camera_msgs/share/realsense2_camera_msgs/cmake)
[4.203s] -- Found nav_msgs: 4.2.3 (/opt/ros/humble/share/nav_msgs/cmake)
[4.352s] -- Found tf2_ros: 0.25.6 (/opt/ros/humble/share/tf2_ros/cmake)
[5.166s] -- Found diagnostic_updater: 3.1.2 (/opt/ros/humble/share/diagnostic_updater/cmake)
[5.212s] -- Build for ROS2 Humble
[5.252s] -- Found ament_cmake_gtest: 1.3.8 (/opt/ros/humble/share/ament_cmake_gtest/cmake)
[5.267s] -- Found gtest sources under '/opt/ros/humble/src/gtest_vendor': C++ tests using 'Google Test' will be built
[5.283s] -- Found ament_cmake_pytest: 1.3.8 (/opt/ros/humble/share/ament_cmake_pytest/cmake)
[14.787s] -- rs_device_info:
[14.787s] -- Device Name                   Serial Number       Firmware Version    
[14.787s] Intel RealSense D435I         242322072675        5.15.0.2            
[14.787s] Intel RealSense D405          130322272634        5.12.14.100         
[14.787s] 
[14.787s] -- D455 device found
[19.873s] -- Configuring done
[19.886s] -- Generating done
[19.887s] -- Build files have been written to: /home/hello-robot/ament_ws/build/realsense2_camera
[19.895s] Invoked command in '/home/hello-robot/ament_ws/build/realsense2_camera' returned '0': CMAKE_PREFIX_PATH=/home/hello-robot/ament_ws/install/realsense2_camera_msgs:/home/hello-robot/ament_ws/install/tf2_web_republisher:/home/hello-robot/ament_ws/install/stretch_web_teleop:/home/hello-robot/ament_ws/install/stretch_teleop_interface_msgs:/home/hello-robot/ament_ws/install/stretch_rtabmap:/home/hello-robot/ament_ws/install/stretch_nav2:/home/hello-robot/ament_ws/install/stretch_description:/home/hello-robot/ament_ws/install/speech_recognition_msgs:/home/hello-robot/ament_ws/install/sound_play_msgs:/home/hello-robot/ament_ws/install/audio_common:/home/hello-robot/ament_ws/install/sound_play:/home/hello-robot/ament_ws/install/sllidar_ros2:/home/hello-robot/ament_ws/install/rosbridge_test_msgs:/home/hello-robot/ament_ws/install/rosbridge_suite:/home/hello-robot/ament_ws/install/rosbridge_server:/home/hello-robot/ament_ws/install/rosbridge_msgs:/home/hello-robot/ament_ws/install/rosapi:/home/hello-robot/ament_ws/install/rosbridge_library:/home/hello-robot/ament_ws/install/rosapi_msgs:/home/hello-robot/ament_ws/install/ros2_numpy:/home/hello-robot/ament_ws/install/realsense2_description:/home/hello-robot/ament_ws/install/realsense2_camera:/home/hello-robot/ament_ws/install/audio_play:/home/hello-robot/ament_ws/install/audio_capture:/home/hello-robot/ament_ws/install/audio_common_msgs:/home/hello-robot/ament_ws/install/tf2_web_republisher_py:/home/hello-robot/ament_ws/install/stretch_ros_tutorials:/home/hello-robot/ament_ws/install/stretch_funmap:/home/hello-robot/ament_ws/install/stretch_calibration:/home/hello-robot/ament_ws/install/stretch_demos:/home/hello-robot/ament_ws/install/stretch_deep_perception:/home/hello-robot/ament_ws/install/stretch_core:/home/hello-robot/ament_ws/install/respeaker_ros2:/home/hello-robot/ament_ws/install/hello_helpers:/opt/ros/humble LD_LIBRARY_PATH=/home/hello-robot/ament_ws/install/realsense2_camera_msgs/lib:/home/hello-robot/ament_ws/install/tf2_web_republisher/lib:/home/hello-robot/ament_ws/install/stretch_teleop_interface_msgs/lib:/home/hello-robot/ament_ws/install/speech_recognition_msgs/lib:/home/hello-robot/ament_ws/install/sound_play_msgs/lib:/home/hello-robot/ament_ws/install/rosbridge_test_msgs/lib:/home/hello-robot/ament_ws/install/rosbridge_msgs/lib:/home/hello-robot/ament_ws/install/rosapi_msgs/lib:/home/hello-robot/ament_ws/install/realsense2_camera/lib:/home/hello-robot/ament_ws/install/audio_play/lib:/home/hello-robot/ament_ws/install/audio_capture/lib:/home/hello-robot/ament_ws/install/audio_common_msgs/lib:/usr/lib/x86_64-linux-gnu/gazebo-11/plugins:/opt/ros/humble/opt/rviz_ogre_vendor/lib:/opt/ros/humble/lib/x86_64-linux-gnu:/opt/ros/humble/lib /usr/bin/cmake /home/hello-robot/ament_ws/src/realsense-ros/realsense2_camera -DCMAKE_BUILD_TYPE=Release -DCMAKE_INSTALL_PREFIX=/home/hello-robot/ament_ws/install/realsense2_camera
[19.897s] Invoking command in '/home/hello-robot/ament_ws/build/realsense2_camera': CMAKE_PREFIX_PATH=/home/hello-robot/ament_ws/install/realsense2_camera_msgs:/home/hello-robot/ament_ws/install/tf2_web_republisher:/home/hello-robot/ament_ws/install/stretch_web_teleop:/home/hello-robot/ament_ws/install/stretch_teleop_interface_msgs:/home/hello-robot/ament_ws/install/stretch_rtabmap:/home/hello-robot/ament_ws/install/stretch_nav2:/home/hello-robot/ament_ws/install/stretch_description:/home/hello-robot/ament_ws/install/speech_recognition_msgs:/home/hello-robot/ament_ws/install/sound_play_msgs:/home/hello-robot/ament_ws/install/audio_common:/home/hello-robot/ament_ws/install/sound_play:/home/hello-robot/ament_ws/install/sllidar_ros2:/home/hello-robot/ament_ws/install/rosbridge_test_msgs:/home/hello-robot/ament_ws/install/rosbridge_suite:/home/hello-robot/ament_ws/install/rosbridge_server:/home/hello-robot/ament_ws/install/rosbridge_msgs:/home/hello-robot/ament_ws/install/rosapi:/home/hello-robot/ament_ws/install/rosbridge_library:/home/hello-robot/ament_ws/install/rosapi_msgs:/home/hello-robot/ament_ws/install/ros2_numpy:/home/hello-robot/ament_ws/install/realsense2_description:/home/hello-robot/ament_ws/install/realsense2_camera:/home/hello-robot/ament_ws/install/audio_play:/home/hello-robot/ament_ws/install/audio_capture:/home/hello-robot/ament_ws/install/audio_common_msgs:/home/hello-robot/ament_ws/install/tf2_web_republisher_py:/home/hello-robot/ament_ws/install/stretch_ros_tutorials:/home/hello-robot/ament_ws/install/stretch_funmap:/home/hello-robot/ament_ws/install/stretch_calibration:/home/hello-robot/ament_ws/install/stretch_demos:/home/hello-robot/ament_ws/install/stretch_deep_perception:/home/hello-robot/ament_ws/install/stretch_core:/home/hello-robot/ament_ws/install/respeaker_ros2:/home/hello-robot/ament_ws/install/hello_helpers:/opt/ros/humble LD_LIBRARY_PATH=/home/hello-robot/ament_ws/install/realsense2_camera_msgs/lib:/home/hello-robot/ament_ws/install/tf2_web_republisher/lib:/home/hello-robot/ament_ws/install/stretch_teleop_interface_msgs/lib:/home/hello-robot/ament_ws/install/speech_recognition_msgs/lib:/home/hello-robot/ament_ws/install/sound_play_msgs/lib:/home/hello-robot/ament_ws/install/rosbridge_test_msgs/lib:/home/hello-robot/ament_ws/install/rosbridge_msgs/lib:/home/hello-robot/ament_ws/install/rosapi_msgs/lib:/home/hello-robot/ament_ws/install/realsense2_camera/lib:/home/hello-robot/ament_ws/install/audio_play/lib:/home/hello-robot/ament_ws/install/audio_capture/lib:/home/hello-robot/ament_ws/install/audio_common_msgs/lib:/usr/lib/x86_64-linux-gnu/gazebo-11/plugins:/opt/ros/humble/opt/rviz_ogre_vendor/lib:/opt/ros/humble/lib/x86_64-linux-gnu:/opt/ros/humble/lib /usr/bin/cmake --build /home/hello-robot/ament_ws/build/realsense2_camera -- -j16 -l16
[19.934s] [ 18%] Building CXX object gtest/CMakeFiles/gtest.dir/src/gtest-all.cc.o
[19.935s] [ 18%] Building CXX object CMakeFiles/realsense2_camera.dir/src/realsense_node_factory.cpp.o
[19.935s] [ 18%] Building CXX object gtest/CMakeFiles/gtest_main.dir/src/gtest_main.cc.o
[19.935s] [ 18%] Building CXX object CMakeFiles/realsense2_camera_node.dir/rclcpp_components/node_main_realsense2_camera_node.cpp.o
[19.936s] [ 22%] Building CXX object CMakeFiles/realsense2_camera.dir/src/sensor_params.cpp.o
[19.936s] [ 27%] Building CXX object CMakeFiles/realsense2_camera.dir/src/base_realsense_node.cpp.o
[19.936s] [ 31%] Building CXX object CMakeFiles/realsense2_camera.dir/src/ros_utils.cpp.o
[19.937s] [ 36%] Building CXX object CMakeFiles/realsense2_camera.dir/src/dynamic_params.cpp.o
[19.937s] [ 40%] Building CXX object CMakeFiles/realsense2_camera.dir/src/ros_sensor.cpp.o
[19.938s] [ 59%] Building CXX object CMakeFiles/realsense2_camera.dir/src/parameters.cpp.o
[19.938s] [ 59%] Building CXX object CMakeFiles/realsense2_camera.dir/src/named_filter.cpp.o
[19.938s] [ 59%] Building CXX object CMakeFiles/realsense2_camera.dir/src/rs_node_setup.cpp.o
[19.938s] [ 59%] Building CXX object CMakeFiles/realsense2_camera.dir/src/image_publisher.cpp.o
[19.939s] [ 63%] Building CXX object CMakeFiles/realsense2_camera.dir/src/tfs.cpp.o
[19.943s] [ 72%] Building CXX object CMakeFiles/realsense2_camera.dir/src/ros_param_backend.cpp.o
[19.943s] [ 72%] Building CXX object CMakeFiles/realsense2_camera.dir/src/profile_manager.cpp.o
[20.978s] [ 77%] Linking CXX static library libgtest_main.a
[21.062s] [ 77%] Built target gtest_main
[26.215s] [ 81%] Linking CXX executable realsense2_camera_node
[26.467s] [ 81%] Built target realsense2_camera_node
[29.485s] [ 86%] Linking CXX static library libgtest.a
[29.528s] [ 86%] Built target gtest
[29.550s] [ 90%] Building CXX object CMakeFiles/gtest_template.dir/test/gtest_template.cpp.o
[30.268s] [ 95%] Linking CXX executable gtest_template
[30.384s] [ 95%] Built target gtest_template
[35.364s] [100%] Linking CXX shared library librealsense2_camera.so
[35.596s] [100%] Built target realsense2_camera
[35.605s] Invoked command in '/home/hello-robot/ament_ws/build/realsense2_camera' returned '0': CMAKE_PREFIX_PATH=/home/hello-robot/ament_ws/install/realsense2_camera_msgs:/home/hello-robot/ament_ws/install/tf2_web_republisher:/home/hello-robot/ament_ws/install/stretch_web_teleop:/home/hello-robot/ament_ws/install/stretch_teleop_interface_msgs:/home/hello-robot/ament_ws/install/stretch_rtabmap:/home/hello-robot/ament_ws/install/stretch_nav2:/home/hello-robot/ament_ws/install/stretch_description:/home/hello-robot/ament_ws/install/speech_recognition_msgs:/home/hello-robot/ament_ws/install/sound_play_msgs:/home/hello-robot/ament_ws/install/audio_common:/home/hello-robot/ament_ws/install/sound_play:/home/hello-robot/ament_ws/install/sllidar_ros2:/home/hello-robot/ament_ws/install/rosbridge_test_msgs:/home/hello-robot/ament_ws/install/rosbridge_suite:/home/hello-robot/ament_ws/install/rosbridge_server:/home/hello-robot/ament_ws/install/rosbridge_msgs:/home/hello-robot/ament_ws/install/rosapi:/home/hello-robot/ament_ws/install/rosbridge_library:/home/hello-robot/ament_ws/install/rosapi_msgs:/home/hello-robot/ament_ws/install/ros2_numpy:/home/hello-robot/ament_ws/install/realsense2_description:/home/hello-robot/ament_ws/install/realsense2_camera:/home/hello-robot/ament_ws/install/audio_play:/home/hello-robot/ament_ws/install/audio_capture:/home/hello-robot/ament_ws/install/audio_common_msgs:/home/hello-robot/ament_ws/install/tf2_web_republisher_py:/home/hello-robot/ament_ws/install/stretch_ros_tutorials:/home/hello-robot/ament_ws/install/stretch_funmap:/home/hello-robot/ament_ws/install/stretch_calibration:/home/hello-robot/ament_ws/install/stretch_demos:/home/hello-robot/ament_ws/install/stretch_deep_perception:/home/hello-robot/ament_ws/install/stretch_core:/home/hello-robot/ament_ws/install/respeaker_ros2:/home/hello-robot/ament_ws/install/hello_helpers:/opt/ros/humble LD_LIBRARY_PATH=/home/hello-robot/ament_ws/install/realsense2_camera_msgs/lib:/home/hello-robot/ament_ws/install/tf2_web_republisher/lib:/home/hello-robot/ament_ws/install/stretch_teleop_interface_msgs/lib:/home/hello-robot/ament_ws/install/speech_recognition_msgs/lib:/home/hello-robot/ament_ws/install/sound_play_msgs/lib:/home/hello-robot/ament_ws/install/rosbridge_test_msgs/lib:/home/hello-robot/ament_ws/install/rosbridge_msgs/lib:/home/hello-robot/ament_ws/install/rosapi_msgs/lib:/home/hello-robot/ament_ws/install/realsense2_camera/lib:/home/hello-robot/ament_ws/install/audio_play/lib:/home/hello-robot/ament_ws/install/audio_capture/lib:/home/hello-robot/ament_ws/install/audio_common_msgs/lib:/usr/lib/x86_64-linux-gnu/gazebo-11/plugins:/opt/ros/humble/opt/rviz_ogre_vendor/lib:/opt/ros/humble/lib/x86_64-linux-gnu:/opt/ros/humble/lib /usr/bin/cmake --build /home/hello-robot/ament_ws/build/realsense2_camera -- -j16 -l16
[35.644s] Invoking command in '/home/hello-robot/ament_ws/build/realsense2_camera': CMAKE_PREFIX_PATH=/home/hello-robot/ament_ws/install/realsense2_camera_msgs:/home/hello-robot/ament_ws/install/tf2_web_republisher:/home/hello-robot/ament_ws/install/stretch_web_teleop:/home/hello-robot/ament_ws/install/stretch_teleop_interface_msgs:/home/hello-robot/ament_ws/install/stretch_rtabmap:/home/hello-robot/ament_ws/install/stretch_nav2:/home/hello-robot/ament_ws/install/stretch_description:/home/hello-robot/ament_ws/install/speech_recognition_msgs:/home/hello-robot/ament_ws/install/sound_play_msgs:/home/hello-robot/ament_ws/install/audio_common:/home/hello-robot/ament_ws/install/sound_play:/home/hello-robot/ament_ws/install/sllidar_ros2:/home/hello-robot/ament_ws/install/rosbridge_test_msgs:/home/hello-robot/ament_ws/install/rosbridge_suite:/home/hello-robot/ament_ws/install/rosbridge_server:/home/hello-robot/ament_ws/install/rosbridge_msgs:/home/hello-robot/ament_ws/install/rosapi:/home/hello-robot/ament_ws/install/rosbridge_library:/home/hello-robot/ament_ws/install/rosapi_msgs:/home/hello-robot/ament_ws/install/ros2_numpy:/home/hello-robot/ament_ws/install/realsense2_description:/home/hello-robot/ament_ws/install/realsense2_camera:/home/hello-robot/ament_ws/install/audio_play:/home/hello-robot/ament_ws/install/audio_capture:/home/hello-robot/ament_ws/install/audio_common_msgs:/home/hello-robot/ament_ws/install/tf2_web_republisher_py:/home/hello-robot/ament_ws/install/stretch_ros_tutorials:/home/hello-robot/ament_ws/install/stretch_funmap:/home/hello-robot/ament_ws/install/stretch_calibration:/home/hello-robot/ament_ws/install/stretch_demos:/home/hello-robot/ament_ws/install/stretch_deep_perception:/home/hello-robot/ament_ws/install/stretch_core:/home/hello-robot/ament_ws/install/respeaker_ros2:/home/hello-robot/ament_ws/install/hello_helpers:/opt/ros/humble LD_LIBRARY_PATH=/home/hello-robot/ament_ws/install/realsense2_camera_msgs/lib:/home/hello-robot/ament_ws/install/tf2_web_republisher/lib:/home/hello-robot/ament_ws/install/stretch_teleop_interface_msgs/lib:/home/hello-robot/ament_ws/install/speech_recognition_msgs/lib:/home/hello-robot/ament_ws/install/sound_play_msgs/lib:/home/hello-robot/ament_ws/install/rosbridge_test_msgs/lib:/home/hello-robot/ament_ws/install/rosbridge_msgs/lib:/home/hello-robot/ament_ws/install/rosapi_msgs/lib:/home/hello-robot/ament_ws/install/realsense2_camera/lib:/home/hello-robot/ament_ws/install/audio_play/lib:/home/hello-robot/ament_ws/install/audio_capture/lib:/home/hello-robot/ament_ws/install/audio_common_msgs/lib:/usr/lib/x86_64-linux-gnu/gazebo-11/plugins:/opt/ros/humble/opt/rviz_ogre_vendor/lib:/opt/ros/humble/lib/x86_64-linux-gnu:/opt/ros/humble/lib /usr/bin/cmake --install /home/hello-robot/ament_ws/build/realsense2_camera
[35.648s] -- Install configuration: "Release"
[35.648s] -- Installing: /home/hello-robot/ament_ws/install/realsense2_camera/lib/realsense2_camera/realsense2_camera_node
[35.649s] -- Set runtime path of "/home/hello-robot/ament_ws/install/realsense2_camera/lib/realsense2_camera/realsense2_camera_node" to ""
[35.649s] -- Installing: /home/hello-robot/ament_ws/install/realsense2_camera/lib/librealsense2_camera.so
[35.651s] -- Set runtime path of "/home/hello-robot/ament_ws/install/realsense2_camera/lib/librealsense2_camera.so" to ""
[35.651s] -- Installing: /home/hello-robot/ament_ws/install/realsense2_camera/include
[35.651s] -- Installing: /home/hello-robot/ament_ws/install/realsense2_camera/include/named_filter.h
[35.651s] -- Installing: /home/hello-robot/ament_ws/install/realsense2_camera/include/constants.h
[35.651s] -- Installing: /home/hello-robot/ament_ws/install/realsense2_camera/include/ros_param_backend.h
[35.651s] -- Installing: /home/hello-robot/ament_ws/install/realsense2_camera/include/ros_sensor.h
[35.651s] -- Installing: /home/hello-robot/ament_ws/install/realsense2_camera/include/image_publisher.h
[35.652s] -- Installing: /home/hello-robot/ament_ws/install/realsense2_camera/include/base_realsense_node.h
[35.652s] -- Installing: /home/hello-robot/ament_ws/install/realsense2_camera/include/ros_utils.h
[35.652s] -- Installing: /home/hello-robot/ament_ws/install/realsense2_camera/include/dynamic_params.h
[35.652s] -- Installing: /home/hello-robot/ament_ws/install/realsense2_camera/include/profile_manager.h
[35.652s] -- Installing: /home/hello-robot/ament_ws/install/realsense2_camera/include/realsense_node_factory.h
[35.652s] -- Installing: /home/hello-robot/ament_ws/install/realsense2_camera/include/sensor_params.h
[35.652s] -- Installing: /home/hello-robot/ament_ws/install/realsense2_camera/include/gl_window.h
[35.652s] -- Installing: /home/hello-robot/ament_ws/install/realsense2_camera/share/realsense2_camera/launch
[35.652s] -- Installing: /home/hello-robot/ament_ws/install/realsense2_camera/share/realsense2_camera/launch/default.rviz
[35.653s] -- Installing: /home/hello-robot/ament_ws/install/realsense2_camera/share/realsense2_camera/launch/rs_intra_process_demo_launch.py
[35.653s] -- Installing: /home/hello-robot/ament_ws/install/realsense2_camera/share/realsense2_camera/launch/rs_launch.py
[35.653s] -- Installing: /home/hello-robot/ament_ws/install/realsense2_camera/share/realsense2_camera/launch/rs_multi_camera_launch.py
[35.653s] -- Installing: /home/hello-robot/ament_ws/install/realsense2_camera/share/realsense2_camera/examples
[35.653s] -- Installing: /home/hello-robot/ament_ws/install/realsense2_camera/share/realsense2_camera/examples/launch_params_from_file
[35.653s] -- Installing: /home/hello-robot/ament_ws/install/realsense2_camera/share/realsense2_camera/examples/launch_params_from_file/README.md
[35.653s] -- Installing: /home/hello-robot/ament_ws/install/realsense2_camera/share/realsense2_camera/examples/launch_params_from_file/config
[35.653s] -- Installing: /home/hello-robot/ament_ws/install/realsense2_camera/share/realsense2_camera/examples/launch_params_from_file/config/config.yaml
[35.653s] -- Installing: /home/hello-robot/ament_ws/install/realsense2_camera/share/realsense2_camera/examples/launch_params_from_file/rs_launch_get_params_from_yaml.py
[35.653s] -- Installing: /home/hello-robot/ament_ws/install/realsense2_camera/share/realsense2_camera/examples/align_depth
[35.653s] -- Installing: /home/hello-robot/ament_ws/install/realsense2_camera/share/realsense2_camera/examples/align_depth/README.md
[35.653s] -- Installing: /home/hello-robot/ament_ws/install/realsense2_camera/share/realsense2_camera/examples/align_depth/rs_align_depth_launch.py
[35.653s] -- Installing: /home/hello-robot/ament_ws/install/realsense2_camera/share/realsense2_camera/examples/launch_from_rosbag
[35.653s] -- Installing: /home/hello-robot/ament_ws/install/realsense2_camera/share/realsense2_camera/examples/launch_from_rosbag/README.md
[35.654s] -- Installing: /home/hello-robot/ament_ws/install/realsense2_camera/share/realsense2_camera/examples/launch_from_rosbag/rs_launch_from_rosbag.py
[35.654s] -- Installing: /home/hello-robot/ament_ws/install/realsense2_camera/share/realsense2_camera/examples/pointcloud
[35.654s] -- Installing: /home/hello-robot/ament_ws/install/realsense2_camera/share/realsense2_camera/examples/pointcloud/rviz
[35.654s] -- Installing: /home/hello-robot/ament_ws/install/realsense2_camera/share/realsense2_camera/examples/pointcloud/rviz/pointcloud.rviz
[35.654s] -- Installing: /home/hello-robot/ament_ws/install/realsense2_camera/share/realsense2_camera/examples/pointcloud/rviz/urdf_pointcloud.rviz
[35.654s] -- Installing: /home/hello-robot/ament_ws/install/realsense2_camera/share/realsense2_camera/examples/pointcloud/rs_d455_pointcloud_launch.py
[35.654s] -- Installing: /home/hello-robot/ament_ws/install/realsense2_camera/share/realsense2_camera/examples/pointcloud/README.md
[35.654s] -- Installing: /home/hello-robot/ament_ws/install/realsense2_camera/share/realsense2_camera/examples/pointcloud/rs_d405_pointcloud_launch.py
[35.654s] -- Installing: /home/hello-robot/ament_ws/install/realsense2_camera/share/realsense2_camera/examples/pointcloud/rs_pointcloud_launch.py
[35.654s] -- Installing: /home/hello-robot/ament_ws/install/realsense2_camera/share/realsense2_camera/examples/dual_camera
[35.654s] -- Installing: /home/hello-robot/ament_ws/install/realsense2_camera/share/realsense2_camera/examples/dual_camera/rs_dual_camera_launch.py
[35.654s] -- Installing: /home/hello-robot/ament_ws/install/realsense2_camera/share/realsense2_camera/examples/dual_camera/rviz
[35.654s] -- Installing: /home/hello-robot/ament_ws/install/realsense2_camera/share/realsense2_camera/examples/dual_camera/rviz/dual_camera_pointcloud.rviz
[35.654s] -- Installing: /home/hello-robot/ament_ws/install/realsense2_camera/share/realsense2_camera/examples/dual_camera/README.md
[35.654s] -- Installing: /home/hello-robot/ament_ws/install/realsense2_camera/share/realsense2_camera/environment/library_path.sh
[35.654s] -- Installing: /home/hello-robot/ament_ws/install/realsense2_camera/share/realsense2_camera/environment/library_path.dsv
[35.654s] -- Installing: /home/hello-robot/ament_ws/install/realsense2_camera/share/ament_index/resource_index/package_run_dependencies/realsense2_camera
[35.654s] -- Installing: /home/hello-robot/ament_ws/install/realsense2_camera/share/ament_index/resource_index/parent_prefix_path/realsense2_camera
[35.654s] -- Installing: /home/hello-robot/ament_ws/install/realsense2_camera/share/realsense2_camera/environment/ament_prefix_path.sh
[35.654s] -- Installing: /home/hello-robot/ament_ws/install/realsense2_camera/share/realsense2_camera/environment/ament_prefix_path.dsv
[35.654s] -- Installing: /home/hello-robot/ament_ws/install/realsense2_camera/share/realsense2_camera/environment/path.sh
[35.655s] -- Installing: /home/hello-robot/ament_ws/install/realsense2_camera/share/realsense2_camera/environment/path.dsv
[35.655s] -- Installing: /home/hello-robot/ament_ws/install/realsense2_camera/share/realsense2_camera/local_setup.bash
[35.655s] -- Installing: /home/hello-robot/ament_ws/install/realsense2_camera/share/realsense2_camera/local_setup.sh
[35.655s] -- Installing: /home/hello-robot/ament_ws/install/realsense2_camera/share/realsense2_camera/local_setup.zsh
[35.655s] -- Installing: /home/hello-robot/ament_ws/install/realsense2_camera/share/realsense2_camera/local_setup.dsv
[35.655s] -- Installing: /home/hello-robot/ament_ws/install/realsense2_camera/share/realsense2_camera/package.dsv
[35.655s] -- Installing: /home/hello-robot/ament_ws/install/realsense2_camera/share/ament_index/resource_index/packages/realsense2_camera
[35.655s] -- Installing: /home/hello-robot/ament_ws/install/realsense2_camera/share/ament_index/resource_index/rclcpp_components/realsense2_camera
[35.655s] -- Installing: /home/hello-robot/ament_ws/install/realsense2_camera/share/realsense2_camera/cmake/ament_cmake_export_include_directories-extras.cmake
[35.655s] -- Installing: /home/hello-robot/ament_ws/install/realsense2_camera/share/realsense2_camera/cmake/ament_cmake_export_libraries-extras.cmake
[35.655s] -- Installing: /home/hello-robot/ament_ws/install/realsense2_camera/share/realsense2_camera/cmake/ament_cmake_export_dependencies-extras.cmake
[35.655s] -- Installing: /home/hello-robot/ament_ws/install/realsense2_camera/share/realsense2_camera/cmake/realsense2_cameraConfig.cmake
[35.655s] -- Installing: /home/hello-robot/ament_ws/install/realsense2_camera/share/realsense2_camera/cmake/realsense2_cameraConfig-version.cmake
[35.655s] -- Installing: /home/hello-robot/ament_ws/install/realsense2_camera/share/realsense2_camera/package.xml
[35.655s] Invoked command in '/home/hello-robot/ament_ws/build/realsense2_camera' returned '0': CMAKE_PREFIX_PATH=/home/hello-robot/ament_ws/install/realsense2_camera_msgs:/home/hello-robot/ament_ws/install/tf2_web_republisher:/home/hello-robot/ament_ws/install/stretch_web_teleop:/home/hello-robot/ament_ws/install/stretch_teleop_interface_msgs:/home/hello-robot/ament_ws/install/stretch_rtabmap:/home/hello-robot/ament_ws/install/stretch_nav2:/home/hello-robot/ament_ws/install/stretch_description:/home/hello-robot/ament_ws/install/speech_recognition_msgs:/home/hello-robot/ament_ws/install/sound_play_msgs:/home/hello-robot/ament_ws/install/audio_common:/home/hello-robot/ament_ws/install/sound_play:/home/hello-robot/ament_ws/install/sllidar_ros2:/home/hello-robot/ament_ws/install/rosbridge_test_msgs:/home/hello-robot/ament_ws/install/rosbridge_suite:/home/hello-robot/ament_ws/install/rosbridge_server:/home/hello-robot/ament_ws/install/rosbridge_msgs:/home/hello-robot/ament_ws/install/rosapi:/home/hello-robot/ament_ws/install/rosbridge_library:/home/hello-robot/ament_ws/install/rosapi_msgs:/home/hello-robot/ament_ws/install/ros2_numpy:/home/hello-robot/ament_ws/install/realsense2_description:/home/hello-robot/ament_ws/install/realsense2_camera:/home/hello-robot/ament_ws/install/audio_play:/home/hello-robot/ament_ws/install/audio_capture:/home/hello-robot/ament_ws/install/audio_common_msgs:/home/hello-robot/ament_ws/install/tf2_web_republisher_py:/home/hello-robot/ament_ws/install/stretch_ros_tutorials:/home/hello-robot/ament_ws/install/stretch_funmap:/home/hello-robot/ament_ws/install/stretch_calibration:/home/hello-robot/ament_ws/install/stretch_demos:/home/hello-robot/ament_ws/install/stretch_deep_perception:/home/hello-robot/ament_ws/install/stretch_core:/home/hello-robot/ament_ws/install/respeaker_ros2:/home/hello-robot/ament_ws/install/hello_helpers:/opt/ros/humble LD_LIBRARY_PATH=/home/hello-robot/ament_ws/install/realsense2_camera_msgs/lib:/home/hello-robot/ament_ws/install/tf2_web_republisher/lib:/home/hello-robot/ament_ws/install/stretch_teleop_interface_msgs/lib:/home/hello-robot/ament_ws/install/speech_recognition_msgs/lib:/home/hello-robot/ament_ws/install/sound_play_msgs/lib:/home/hello-robot/ament_ws/install/rosbridge_test_msgs/lib:/home/hello-robot/ament_ws/install/rosbridge_msgs/lib:/home/hello-robot/ament_ws/install/rosapi_msgs/lib:/home/hello-robot/ament_ws/install/realsense2_camera/lib:/home/hello-robot/ament_ws/install/audio_play/lib:/home/hello-robot/ament_ws/install/audio_capture/lib:/home/hello-robot/ament_ws/install/audio_common_msgs/lib:/usr/lib/x86_64-linux-gnu/gazebo-11/plugins:/opt/ros/humble/opt/rviz_ogre_vendor/lib:/opt/ros/humble/lib/x86_64-linux-gnu:/opt/ros/humble/lib /usr/bin/cmake --install /home/hello-robot/ament_ws/build/realsense2_camera
