-- Found ament_cmake_ros: 0.10.0 (/opt/ros/humble/share/ament_cmake_ros/cmake)
-- Configuring done
-- Generating done
-- Build files have been written to: /home/hello-robot/ament_ws/build/rosbridge_library
Built target ament_cmake_python_copy_rosbridge_library
/home/hello-robot/.local/lib/python3.10/site-packages/setuptools_scm/_integration/setuptools.py:30: RuntimeWarning: 
ERROR: setuptools==59.6.0 is used in combination with setuptools_scm>=8.x

Your build configuration is incomplete and previously worked by accident!
setuptools_scm requires setuptools>=61

Suggested workaround if applicable:
 - migrating from the deprecated setup_requires mechanism to pep517/518
   and using a pyproject.toml to declare build dependencies
   which are reliably pre-installed before running the build tools

  warnings.warn(
running egg_info
writing rosbridge_library.egg-info/PKG-INFO
writing dependency_links to rosbridge_library.egg-info/dependency_links.txt
writing top-level names to rosbridge_library.egg-info/top_level.txt
[03/04/24 08:24:43] ERROR    listing git files failed - pretending     git.py:24
                             there aren't any                                   
reading manifest file 'rosbridge_library.egg-info/SOURCES.txt'
writing manifest file 'rosbridge_library.egg-info/SOURCES.txt'
Built target ament_cmake_python_build_rosbridge_library_egg
-- Install configuration: "Release"
-- Up-to-date: /home/hello-robot/ament_ws/install/rosbridge_library/share/rosbridge_library/environment/pythonpath.sh
-- Installing: /home/hello-robot/ament_ws/install/rosbridge_library/share/rosbridge_library/environment/pythonpath.dsv
-- Up-to-date: /home/hello-robot/ament_ws/install/rosbridge_library/local/lib/python3.10/dist-packages/rosbridge_library-1.3.2-py3.10.egg-info
-- Installing: /home/hello-robot/ament_ws/install/rosbridge_library/local/lib/python3.10/dist-packages/rosbridge_library-1.3.2-py3.10.egg-info/PKG-INFO
-- Installing: /home/hello-robot/ament_ws/install/rosbridge_library/local/lib/python3.10/dist-packages/rosbridge_library-1.3.2-py3.10.egg-info/dependency_links.txt
-- Installing: /home/hello-robot/ament_ws/install/rosbridge_library/local/lib/python3.10/dist-packages/rosbridge_library-1.3.2-py3.10.egg-info/SOURCES.txt
-- Installing: /home/hello-robot/ament_ws/install/rosbridge_library/local/lib/python3.10/dist-packages/rosbridge_library-1.3.2-py3.10.egg-info/top_level.txt
-- Up-to-date: /home/hello-robot/ament_ws/install/rosbridge_library/local/lib/python3.10/dist-packages/rosbridge_library
-- Up-to-date: /home/hello-robot/ament_ws/install/rosbridge_library/local/lib/python3.10/dist-packages/rosbridge_library/internal
-- Up-to-date: /home/hello-robot/ament_ws/install/rosbridge_library/local/lib/python3.10/dist-packages/rosbridge_library/internal/__init__.py
-- Up-to-date: /home/hello-robot/ament_ws/install/rosbridge_library/local/lib/python3.10/dist-packages/rosbridge_library/internal/actions.py
-- Up-to-date: /home/hello-robot/ament_ws/install/rosbridge_library/local/lib/python3.10/dist-packages/rosbridge_library/internal/subscribers.py
-- Up-to-date: /home/hello-robot/ament_ws/install/rosbridge_library/local/lib/python3.10/dist-packages/rosbridge_library/internal/cbor_conversion.py
-- Up-to-date: /home/hello-robot/ament_ws/install/rosbridge_library/local/lib/python3.10/dist-packages/rosbridge_library/internal/message_conversion.py
-- Up-to-date: /home/hello-robot/ament_ws/install/rosbridge_library/local/lib/python3.10/dist-packages/rosbridge_library/internal/subscription_modifiers.py
-- Up-to-date: /home/hello-robot/ament_ws/install/rosbridge_library/local/lib/python3.10/dist-packages/rosbridge_library/internal/ros_loader.py
-- Up-to-date: /home/hello-robot/ament_ws/install/rosbridge_library/local/lib/python3.10/dist-packages/rosbridge_library/internal/outgoing_message.py
-- Up-to-date: /home/hello-robot/ament_ws/install/rosbridge_library/local/lib/python3.10/dist-packages/rosbridge_library/internal/pngcompression.py
-- Up-to-date: /home/hello-robot/ament_ws/install/rosbridge_library/local/lib/python3.10/dist-packages/rosbridge_library/internal/exceptions.py
-- Up-to-date: /home/hello-robot/ament_ws/install/rosbridge_library/local/lib/python3.10/dist-packages/rosbridge_library/internal/topics.py
-- Up-to-date: /home/hello-robot/ament_ws/install/rosbridge_library/local/lib/python3.10/dist-packages/rosbridge_library/internal/publishers.py
-- Up-to-date: /home/hello-robot/ament_ws/install/rosbridge_library/local/lib/python3.10/dist-packages/rosbridge_library/internal/services.py
-- Up-to-date: /home/hello-robot/ament_ws/install/rosbridge_library/local/lib/python3.10/dist-packages/rosbridge_library/capabilities
-- Up-to-date: /home/hello-robot/ament_ws/install/rosbridge_library/local/lib/python3.10/dist-packages/rosbridge_library/capabilities/unadvertise_service.py
-- Up-to-date: /home/hello-robot/ament_ws/install/rosbridge_library/local/lib/python3.10/dist-packages/rosbridge_library/capabilities/publish.py
-- Up-to-date: /home/hello-robot/ament_ws/install/rosbridge_library/local/lib/python3.10/dist-packages/rosbridge_library/capabilities/__init__.py
-- Up-to-date: /home/hello-robot/ament_ws/install/rosbridge_library/local/lib/python3.10/dist-packages/rosbridge_library/capabilities/advertise_service.py
-- Up-to-date: /home/hello-robot/ament_ws/install/rosbridge_library/local/lib/python3.10/dist-packages/rosbridge_library/capabilities/service_response.py
-- Up-to-date: /home/hello-robot/ament_ws/install/rosbridge_library/local/lib/python3.10/dist-packages/rosbridge_library/capabilities/advertise.py
-- Up-to-date: /home/hello-robot/ament_ws/install/rosbridge_library/local/lib/python3.10/dist-packages/rosbridge_library/capabilities/action_client.py
-- Up-to-date: /home/hello-robot/ament_ws/install/rosbridge_library/local/lib/python3.10/dist-packages/rosbridge_library/capabilities/defragmentation.py
-- Up-to-date: /home/hello-robot/ament_ws/install/rosbridge_library/local/lib/python3.10/dist-packages/rosbridge_library/capabilities/call_service.py
-- Up-to-date: /home/hello-robot/ament_ws/install/rosbridge_library/local/lib/python3.10/dist-packages/rosbridge_library/capabilities/subscribe.py
-- Up-to-date: /home/hello-robot/ament_ws/install/rosbridge_library/local/lib/python3.10/dist-packages/rosbridge_library/capabilities/fragmentation.py
-- Up-to-date: /home/hello-robot/ament_ws/install/rosbridge_library/local/lib/python3.10/dist-packages/rosbridge_library/__init__.py
-- Up-to-date: /home/hello-robot/ament_ws/install/rosbridge_library/local/lib/python3.10/dist-packages/rosbridge_library/capability.py
-- Up-to-date: /home/hello-robot/ament_ws/install/rosbridge_library/local/lib/python3.10/dist-packages/rosbridge_library/rosbridge_protocol.py
-- Up-to-date: /home/hello-robot/ament_ws/install/rosbridge_library/local/lib/python3.10/dist-packages/rosbridge_library/protocol.py
-- Up-to-date: /home/hello-robot/ament_ws/install/rosbridge_library/local/lib/python3.10/dist-packages/rosbridge_library/util
-- Up-to-date: /home/hello-robot/ament_ws/install/rosbridge_library/local/lib/python3.10/dist-packages/rosbridge_library/util/__init__.py
-- Up-to-date: /home/hello-robot/ament_ws/install/rosbridge_library/local/lib/python3.10/dist-packages/rosbridge_library/util/cbor.py
-- Up-to-date: /home/hello-robot/ament_ws/install/rosbridge_library/local/lib/python3.10/dist-packages/rosbridge_library/util/ros.py
Listing '/home/hello-robot/ament_ws/install/rosbridge_library/local/lib/python3.10/dist-packages/rosbridge_library'...
Listing '/home/hello-robot/ament_ws/install/rosbridge_library/local/lib/python3.10/dist-packages/rosbridge_library/capabilities'...
Listing '/home/hello-robot/ament_ws/install/rosbridge_library/local/lib/python3.10/dist-packages/rosbridge_library/internal'...
Listing '/home/hello-robot/ament_ws/install/rosbridge_library/local/lib/python3.10/dist-packages/rosbridge_library/util'...
-- Up-to-date: /home/hello-robot/ament_ws/install/rosbridge_library/share/ament_index/resource_index/package_run_dependencies/rosbridge_library
-- Up-to-date: /home/hello-robot/ament_ws/install/rosbridge_library/share/ament_index/resource_index/parent_prefix_path/rosbridge_library
-- Up-to-date: /home/hello-robot/ament_ws/install/rosbridge_library/share/rosbridge_library/environment/ament_prefix_path.sh
-- Installing: /home/hello-robot/ament_ws/install/rosbridge_library/share/rosbridge_library/environment/ament_prefix_path.dsv
-- Up-to-date: /home/hello-robot/ament_ws/install/rosbridge_library/share/rosbridge_library/environment/path.sh
-- Installing: /home/hello-robot/ament_ws/install/rosbridge_library/share/rosbridge_library/environment/path.dsv
-- Up-to-date: /home/hello-robot/ament_ws/install/rosbridge_library/share/rosbridge_library/local_setup.bash
-- Up-to-date: /home/hello-robot/ament_ws/install/rosbridge_library/share/rosbridge_library/local_setup.sh
-- Up-to-date: /home/hello-robot/ament_ws/install/rosbridge_library/share/rosbridge_library/local_setup.zsh
-- Installing: /home/hello-robot/ament_ws/install/rosbridge_library/share/rosbridge_library/local_setup.dsv
-- Installing: /home/hello-robot/ament_ws/install/rosbridge_library/share/rosbridge_library/package.dsv
-- Up-to-date: /home/hello-robot/ament_ws/install/rosbridge_library/share/ament_index/resource_index/packages/rosbridge_library
-- Up-to-date: /home/hello-robot/ament_ws/install/rosbridge_library/share/rosbridge_library/cmake/rosbridge_libraryConfig.cmake
-- Up-to-date: /home/hello-robot/ament_ws/install/rosbridge_library/share/rosbridge_library/cmake/rosbridge_libraryConfig-version.cmake
-- Up-to-date: /home/hello-robot/ament_ws/install/rosbridge_library/share/rosbridge_library/package.xml
