/home/hello-robot/ament_ws/install/stretch_deep_perception/lib/python3.10/site-packages/stretch_deep_perception/numba_image_to_pointcloud.py
/home/hello-robot/ament_ws/install/stretch_deep_perception/lib/python3.10/site-packages/stretch_deep_perception/__init__.py
/home/hello-robot/ament_ws/install/stretch_deep_perception/lib/python3.10/site-packages/stretch_deep_perception/detect_faces.py
/home/hello-robot/ament_ws/install/stretch_deep_perception/lib/python3.10/site-packages/stretch_deep_perception/detect_nearest_mouth.py
/home/hello-robot/ament_ws/install/stretch_deep_perception/lib/python3.10/site-packages/stretch_deep_perception/deep_models_shared.py
/home/hello-robot/ament_ws/install/stretch_deep_perception/lib/python3.10/site-packages/stretch_deep_perception/detect_objects.py
/home/hello-robot/ament_ws/install/stretch_deep_perception/lib/python3.10/site-packages/stretch_deep_perception/head_estimator.py
/home/hello-robot/ament_ws/install/stretch_deep_perception/lib/python3.10/site-packages/stretch_deep_perception/test_body_landmark_detection_with_images.py
/home/hello-robot/ament_ws/install/stretch_deep_perception/lib/python3.10/site-packages/stretch_deep_perception/body_landmark_detector.py
/home/hello-robot/ament_ws/install/stretch_deep_perception/lib/python3.10/site-packages/stretch_deep_perception/test_object_detection_with_images.py
/home/hello-robot/ament_ws/install/stretch_deep_perception/lib/python3.10/site-packages/stretch_deep_perception/object_detector.py
/home/hello-robot/ament_ws/install/stretch_deep_perception/lib/python3.10/site-packages/stretch_deep_perception/object_detect_pytorch.py
/home/hello-robot/ament_ws/install/stretch_deep_perception/lib/python3.10/site-packages/stretch_deep_perception/test_head_estimation_with_images.py
/home/hello-robot/ament_ws/install/stretch_deep_perception/lib/python3.10/site-packages/stretch_deep_perception/detection_ros_markers.py
/home/hello-robot/ament_ws/install/stretch_deep_perception/lib/python3.10/site-packages/stretch_deep_perception/deep_learning_model_options.py
/home/hello-robot/ament_ws/install/stretch_deep_perception/lib/python3.10/site-packages/stretch_deep_perception/detection_2d_to_3d.py
/home/hello-robot/ament_ws/install/stretch_deep_perception/lib/python3.10/site-packages/stretch_deep_perception/detection_node.py
/home/hello-robot/ament_ws/install/stretch_deep_perception/lib/python3.10/site-packages/stretch_deep_perception/detect_body_landmarks.py
/home/hello-robot/ament_ws/install/stretch_deep_perception/lib/python3.10/site-packages/stretch_deep_perception/__pycache__/numba_image_to_pointcloud.cpython-310.pyc
/home/hello-robot/ament_ws/install/stretch_deep_perception/lib/python3.10/site-packages/stretch_deep_perception/__pycache__/__init__.cpython-310.pyc
/home/hello-robot/ament_ws/install/stretch_deep_perception/lib/python3.10/site-packages/stretch_deep_perception/__pycache__/detect_faces.cpython-310.pyc
/home/hello-robot/ament_ws/install/stretch_deep_perception/lib/python3.10/site-packages/stretch_deep_perception/__pycache__/detect_nearest_mouth.cpython-310.pyc
/home/hello-robot/ament_ws/install/stretch_deep_perception/lib/python3.10/site-packages/stretch_deep_perception/__pycache__/deep_models_shared.cpython-310.pyc
/home/hello-robot/ament_ws/install/stretch_deep_perception/lib/python3.10/site-packages/stretch_deep_perception/__pycache__/detect_objects.cpython-310.pyc
/home/hello-robot/ament_ws/install/stretch_deep_perception/lib/python3.10/site-packages/stretch_deep_perception/__pycache__/head_estimator.cpython-310.pyc
/home/hello-robot/ament_ws/install/stretch_deep_perception/lib/python3.10/site-packages/stretch_deep_perception/__pycache__/test_body_landmark_detection_with_images.cpython-310.pyc
/home/hello-robot/ament_ws/install/stretch_deep_perception/lib/python3.10/site-packages/stretch_deep_perception/__pycache__/body_landmark_detector.cpython-310.pyc
/home/hello-robot/ament_ws/install/stretch_deep_perception/lib/python3.10/site-packages/stretch_deep_perception/__pycache__/test_object_detection_with_images.cpython-310.pyc
/home/hello-robot/ament_ws/install/stretch_deep_perception/lib/python3.10/site-packages/stretch_deep_perception/__pycache__/object_detector.cpython-310.pyc
/home/hello-robot/ament_ws/install/stretch_deep_perception/lib/python3.10/site-packages/stretch_deep_perception/__pycache__/object_detect_pytorch.cpython-310.pyc
/home/hello-robot/ament_ws/install/stretch_deep_perception/lib/python3.10/site-packages/stretch_deep_perception/__pycache__/test_head_estimation_with_images.cpython-310.pyc
/home/hello-robot/ament_ws/install/stretch_deep_perception/lib/python3.10/site-packages/stretch_deep_perception/__pycache__/detection_ros_markers.cpython-310.pyc
/home/hello-robot/ament_ws/install/stretch_deep_perception/lib/python3.10/site-packages/stretch_deep_perception/__pycache__/deep_learning_model_options.cpython-310.pyc
/home/hello-robot/ament_ws/install/stretch_deep_perception/lib/python3.10/site-packages/stretch_deep_perception/__pycache__/detection_2d_to_3d.cpython-310.pyc
/home/hello-robot/ament_ws/install/stretch_deep_perception/lib/python3.10/site-packages/stretch_deep_perception/__pycache__/detection_node.cpython-310.pyc
/home/hello-robot/ament_ws/install/stretch_deep_perception/lib/python3.10/site-packages/stretch_deep_perception/__pycache__/detect_body_landmarks.cpython-310.pyc
/home/hello-robot/ament_ws/install/stretch_deep_perception/share/ament_index/resource_index/packages/stretch_deep_perception
/home/hello-robot/ament_ws/install/stretch_deep_perception/share/stretch_deep_perception/package.xml
/home/hello-robot/ament_ws/install/stretch_deep_perception/share/stretch_deep_perception/launch/stretch_detect_objects.launch.py
/home/hello-robot/ament_ws/install/stretch_deep_perception/share/stretch_deep_perception/launch/stretch_detect_nearest_mouth.launch.py
/home/hello-robot/ament_ws/install/stretch_deep_perception/share/stretch_deep_perception/launch/stretch_detect_faces.launch.py
/home/hello-robot/ament_ws/install/stretch_deep_perception/share/stretch_deep_perception/launch/stretch_detect_body_landmarks.launch.py
/home/hello-robot/ament_ws/install/stretch_deep_perception/share/stretch_deep_perception/rviz/nearest_mouth_detection.rviz
/home/hello-robot/ament_ws/install/stretch_deep_perception/share/stretch_deep_perception/rviz/object_detection.rviz
/home/hello-robot/ament_ws/install/stretch_deep_perception/share/stretch_deep_perception/rviz/body_landmark_detection.rviz
/home/hello-robot/ament_ws/install/stretch_deep_perception/share/stretch_deep_perception/rviz/face_detection.rviz
/home/hello-robot/ament_ws/install/stretch_deep_perception/lib/python3.10/site-packages/stretch_deep_perception-0.0.0-py3.10.egg-info/PKG-INFO
/home/hello-robot/ament_ws/install/stretch_deep_perception/lib/python3.10/site-packages/stretch_deep_perception-0.0.0-py3.10.egg-info/dependency_links.txt
/home/hello-robot/ament_ws/install/stretch_deep_perception/lib/python3.10/site-packages/stretch_deep_perception-0.0.0-py3.10.egg-info/zip-safe
/home/hello-robot/ament_ws/install/stretch_deep_perception/lib/python3.10/site-packages/stretch_deep_perception-0.0.0-py3.10.egg-info/requires.txt
/home/hello-robot/ament_ws/install/stretch_deep_perception/lib/python3.10/site-packages/stretch_deep_perception-0.0.0-py3.10.egg-info/SOURCES.txt
/home/hello-robot/ament_ws/install/stretch_deep_perception/lib/python3.10/site-packages/stretch_deep_perception-0.0.0-py3.10.egg-info/top_level.txt
/home/hello-robot/ament_ws/install/stretch_deep_perception/lib/python3.10/site-packages/stretch_deep_perception-0.0.0-py3.10.egg-info/entry_points.txt
/home/hello-robot/ament_ws/install/stretch_deep_perception/lib/stretch_deep_perception/detect_body_landmarks
/home/hello-robot/ament_ws/install/stretch_deep_perception/lib/stretch_deep_perception/detect_faces
/home/hello-robot/ament_ws/install/stretch_deep_perception/lib/stretch_deep_perception/detect_nearest_mouth
/home/hello-robot/ament_ws/install/stretch_deep_perception/lib/stretch_deep_perception/detect_objects
