/home/hello-robot/.local/lib/python3.10/site-packages/setuptools_scm/_integration/setuptools.py:30: RuntimeWarning: 
ERROR: setuptools==59.6.0 is used in combination with setuptools_scm>=8.x

Your build configuration is incomplete and previously worked by accident!
setuptools_scm requires setuptools>=61

Suggested workaround if applicable:
 - migrating from the deprecated setup_requires mechanism to pep517/518
   and using a pyproject.toml to declare build dependencies
   which are reliably pre-installed before running the build tools

  warnings.warn(
running egg_info
creating ../../../build/hello_helpers/hello_helpers.egg-info
writing ../../../build/hello_helpers/hello_helpers.egg-info/PKG-INFO
writing dependency_links to ../../../build/hello_helpers/hello_helpers.egg-info/dependency_links.txt
writing entry points to ../../../build/hello_helpers/hello_helpers.egg-info/entry_points.txt
writing requirements to ../../../build/hello_helpers/hello_helpers.egg-info/requires.txt
writing top-level names to ../../../build/hello_helpers/hello_helpers.egg-info/top_level.txt
writing manifest file '../../../build/hello_helpers/hello_helpers.egg-info/SOURCES.txt'
adding license file 'LICENSE.md'
writing manifest file '../../../build/hello_helpers/hello_helpers.egg-info/SOURCES.txt'
running build
running build_py
creating /home/hello-robot/ament_ws/build/hello_helpers/build
creating /home/hello-robot/ament_ws/build/hello_helpers/build/lib
creating /home/hello-robot/ament_ws/build/hello_helpers/build/lib/hello_helpers
copying src/hello_helpers/hello_misc.py -> /home/hello-robot/ament_ws/build/hello_helpers/build/lib/hello_helpers
copying src/hello_helpers/__init__.py -> /home/hello-robot/ament_ws/build/hello_helpers/build/lib/hello_helpers
copying src/hello_helpers/gripper_conversion.py -> /home/hello-robot/ament_ws/build/hello_helpers/build/lib/hello_helpers
copying src/hello_helpers/hello_ros_viz.py -> /home/hello-robot/ament_ws/build/hello_helpers/build/lib/hello_helpers
copying src/hello_helpers/simple_command_group.py -> /home/hello-robot/ament_ws/build/hello_helpers/build/lib/hello_helpers
copying src/hello_helpers/fit_plane.py -> /home/hello-robot/ament_ws/build/hello_helpers/build/lib/hello_helpers
running install
running install_lib
creating /home/hello-robot/ament_ws/install/hello_helpers/lib/python3.10/site-packages/hello_helpers
copying /home/hello-robot/ament_ws/build/hello_helpers/build/lib/hello_helpers/hello_misc.py -> /home/hello-robot/ament_ws/install/hello_helpers/lib/python3.10/site-packages/hello_helpers
copying /home/hello-robot/ament_ws/build/hello_helpers/build/lib/hello_helpers/__init__.py -> /home/hello-robot/ament_ws/install/hello_helpers/lib/python3.10/site-packages/hello_helpers
copying /home/hello-robot/ament_ws/build/hello_helpers/build/lib/hello_helpers/gripper_conversion.py -> /home/hello-robot/ament_ws/install/hello_helpers/lib/python3.10/site-packages/hello_helpers
copying /home/hello-robot/ament_ws/build/hello_helpers/build/lib/hello_helpers/hello_ros_viz.py -> /home/hello-robot/ament_ws/install/hello_helpers/lib/python3.10/site-packages/hello_helpers
copying /home/hello-robot/ament_ws/build/hello_helpers/build/lib/hello_helpers/simple_command_group.py -> /home/hello-robot/ament_ws/install/hello_helpers/lib/python3.10/site-packages/hello_helpers
copying /home/hello-robot/ament_ws/build/hello_helpers/build/lib/hello_helpers/fit_plane.py -> /home/hello-robot/ament_ws/install/hello_helpers/lib/python3.10/site-packages/hello_helpers
byte-compiling /home/hello-robot/ament_ws/install/hello_helpers/lib/python3.10/site-packages/hello_helpers/hello_misc.py to hello_misc.cpython-310.pyc
byte-compiling /home/hello-robot/ament_ws/install/hello_helpers/lib/python3.10/site-packages/hello_helpers/__init__.py to __init__.cpython-310.pyc
byte-compiling /home/hello-robot/ament_ws/install/hello_helpers/lib/python3.10/site-packages/hello_helpers/gripper_conversion.py to gripper_conversion.cpython-310.pyc
byte-compiling /home/hello-robot/ament_ws/install/hello_helpers/lib/python3.10/site-packages/hello_helpers/hello_ros_viz.py to hello_ros_viz.cpython-310.pyc
byte-compiling /home/hello-robot/ament_ws/install/hello_helpers/lib/python3.10/site-packages/hello_helpers/simple_command_group.py to simple_command_group.cpython-310.pyc
byte-compiling /home/hello-robot/ament_ws/install/hello_helpers/lib/python3.10/site-packages/hello_helpers/fit_plane.py to fit_plane.cpython-310.pyc
running install_data
creating /home/hello-robot/ament_ws/install/hello_helpers/share/ament_index
creating /home/hello-robot/ament_ws/install/hello_helpers/share/ament_index/resource_index
creating /home/hello-robot/ament_ws/install/hello_helpers/share/ament_index/resource_index/packages
copying resource/hello_helpers -> /home/hello-robot/ament_ws/install/hello_helpers/share/ament_index/resource_index/packages
copying package.xml -> /home/hello-robot/ament_ws/install/hello_helpers/share/hello_helpers
running install_egg_info
Copying ../../../build/hello_helpers/hello_helpers.egg-info to /home/hello-robot/ament_ws/install/hello_helpers/lib/python3.10/site-packages/hello_helpers-0.2.0-py3.10.egg-info
running install_scripts
Installing configure_wrist script to /home/hello-robot/ament_ws/install/hello_helpers/lib/hello_helpers
writing list of installed files to '/home/hello-robot/ament_ws/build/hello_helpers/install.log'
