[6.232s] Invoking command in '/home/hello-robot/ament_ws/src/stretch_ros2/hello_helpers': PYTHONPATH=/home/hello-robot/ament_ws/build/hello_helpers/prefix_override:/home/hello-robot/ament_ws/install/hello_helpers/lib/python3.10/site-packages:${PYTHONPATH} /usr/bin/python3 setup.py egg_info --egg-base ../../../build/hello_helpers build --build-base /home/hello-robot/ament_ws/build/hello_helpers/build install --record /home/hello-robot/ament_ws/build/hello_helpers/install.log --single-version-externally-managed
[8.061s] /home/hello-robot/.local/lib/python3.10/site-packages/setuptools_scm/_integration/setuptools.py:30: RuntimeWarning: 
[8.061s] ERROR: setuptools==59.6.0 is used in combination with setuptools_scm>=8.x
[8.061s] 
[8.061s] Your build configuration is incomplete and previously worked by accident!
[8.061s] setuptools_scm requires setuptools>=61
[8.061s] 
[8.061s] Suggested workaround if applicable:
[8.061s]  - migrating from the deprecated setup_requires mechanism to pep517/518
[8.061s]    and using a pyproject.toml to declare build dependencies
[8.061s]    which are reliably pre-installed before running the build tools
[8.062s] 
[8.062s]   warnings.warn(
[8.196s] running egg_info
[8.201s] creating ../../../build/hello_helpers/hello_helpers.egg-info
[8.210s] writing ../../../build/hello_helpers/hello_helpers.egg-info/PKG-INFO
[8.211s] writing dependency_links to ../../../build/hello_helpers/hello_helpers.egg-info/dependency_links.txt
[8.211s] writing entry points to ../../../build/hello_helpers/hello_helpers.egg-info/entry_points.txt
[8.211s] writing requirements to ../../../build/hello_helpers/hello_helpers.egg-info/requires.txt
[8.211s] writing top-level names to ../../../build/hello_helpers/hello_helpers.egg-info/top_level.txt
[8.212s] writing manifest file '../../../build/hello_helpers/hello_helpers.egg-info/SOURCES.txt'
[14.240s] adding license file 'LICENSE.md'
[14.240s] writing manifest file '../../../build/hello_helpers/hello_helpers.egg-info/SOURCES.txt'
[14.240s] running build
[14.240s] running build_py
[14.240s] creating /home/hello-robot/ament_ws/build/hello_helpers/build
[14.240s] creating /home/hello-robot/ament_ws/build/hello_helpers/build/lib
[14.240s] creating /home/hello-robot/ament_ws/build/hello_helpers/build/lib/hello_helpers
[14.240s] copying src/hello_helpers/hello_misc.py -> /home/hello-robot/ament_ws/build/hello_helpers/build/lib/hello_helpers
[14.240s] copying src/hello_helpers/__init__.py -> /home/hello-robot/ament_ws/build/hello_helpers/build/lib/hello_helpers
[14.241s] copying src/hello_helpers/gripper_conversion.py -> /home/hello-robot/ament_ws/build/hello_helpers/build/lib/hello_helpers
[14.241s] copying src/hello_helpers/hello_ros_viz.py -> /home/hello-robot/ament_ws/build/hello_helpers/build/lib/hello_helpers
[14.241s] copying src/hello_helpers/simple_command_group.py -> /home/hello-robot/ament_ws/build/hello_helpers/build/lib/hello_helpers
[14.241s] copying src/hello_helpers/fit_plane.py -> /home/hello-robot/ament_ws/build/hello_helpers/build/lib/hello_helpers
[14.241s] running install
[14.241s] running install_lib
[14.241s] creating /home/hello-robot/ament_ws/install/hello_helpers/lib/python3.10/site-packages/hello_helpers
[14.241s] copying /home/hello-robot/ament_ws/build/hello_helpers/build/lib/hello_helpers/hello_misc.py -> /home/hello-robot/ament_ws/install/hello_helpers/lib/python3.10/site-packages/hello_helpers
[14.241s] copying /home/hello-robot/ament_ws/build/hello_helpers/build/lib/hello_helpers/__init__.py -> /home/hello-robot/ament_ws/install/hello_helpers/lib/python3.10/site-packages/hello_helpers
[14.241s] copying /home/hello-robot/ament_ws/build/hello_helpers/build/lib/hello_helpers/gripper_conversion.py -> /home/hello-robot/ament_ws/install/hello_helpers/lib/python3.10/site-packages/hello_helpers
[14.241s] copying /home/hello-robot/ament_ws/build/hello_helpers/build/lib/hello_helpers/hello_ros_viz.py -> /home/hello-robot/ament_ws/install/hello_helpers/lib/python3.10/site-packages/hello_helpers
[14.241s] copying /home/hello-robot/ament_ws/build/hello_helpers/build/lib/hello_helpers/simple_command_group.py -> /home/hello-robot/ament_ws/install/hello_helpers/lib/python3.10/site-packages/hello_helpers
[14.241s] copying /home/hello-robot/ament_ws/build/hello_helpers/build/lib/hello_helpers/fit_plane.py -> /home/hello-robot/ament_ws/install/hello_helpers/lib/python3.10/site-packages/hello_helpers
[14.241s] byte-compiling /home/hello-robot/ament_ws/install/hello_helpers/lib/python3.10/site-packages/hello_helpers/hello_misc.py to hello_misc.cpython-310.pyc
[14.241s] byte-compiling /home/hello-robot/ament_ws/install/hello_helpers/lib/python3.10/site-packages/hello_helpers/__init__.py to __init__.cpython-310.pyc
[14.241s] byte-compiling /home/hello-robot/ament_ws/install/hello_helpers/lib/python3.10/site-packages/hello_helpers/gripper_conversion.py to gripper_conversion.cpython-310.pyc
[14.242s] byte-compiling /home/hello-robot/ament_ws/install/hello_helpers/lib/python3.10/site-packages/hello_helpers/hello_ros_viz.py to hello_ros_viz.cpython-310.pyc
[14.242s] byte-compiling /home/hello-robot/ament_ws/install/hello_helpers/lib/python3.10/site-packages/hello_helpers/simple_command_group.py to simple_command_group.cpython-310.pyc
[14.242s] byte-compiling /home/hello-robot/ament_ws/install/hello_helpers/lib/python3.10/site-packages/hello_helpers/fit_plane.py to fit_plane.cpython-310.pyc
[14.242s] running install_data
[14.242s] creating /home/hello-robot/ament_ws/install/hello_helpers/share/ament_index
[14.242s] creating /home/hello-robot/ament_ws/install/hello_helpers/share/ament_index/resource_index
[14.242s] creating /home/hello-robot/ament_ws/install/hello_helpers/share/ament_index/resource_index/packages
[14.242s] copying resource/hello_helpers -> /home/hello-robot/ament_ws/install/hello_helpers/share/ament_index/resource_index/packages
[14.242s] copying package.xml -> /home/hello-robot/ament_ws/install/hello_helpers/share/hello_helpers
[14.242s] running install_egg_info
[14.242s] Copying ../../../build/hello_helpers/hello_helpers.egg-info to /home/hello-robot/ament_ws/install/hello_helpers/lib/python3.10/site-packages/hello_helpers-0.2.0-py3.10.egg-info
[14.242s] running install_scripts
[14.242s] Installing configure_wrist script to /home/hello-robot/ament_ws/install/hello_helpers/lib/hello_helpers
[14.242s] writing list of installed files to '/home/hello-robot/ament_ws/build/hello_helpers/install.log'
[14.294s] Invoked command in '/home/hello-robot/ament_ws/src/stretch_ros2/hello_helpers' returned '0': PYTHONPATH=/home/hello-robot/ament_ws/build/hello_helpers/prefix_override:/home/hello-robot/ament_ws/install/hello_helpers/lib/python3.10/site-packages:${PYTHONPATH} /usr/bin/python3 setup.py egg_info --egg-base ../../../build/hello_helpers build --build-base /home/hello-robot/ament_ws/build/hello_helpers/build install --record /home/hello-robot/ament_ws/build/hello_helpers/install.log --single-version-externally-managed
