running egg_info
creating ../../build/respeaker_ros2/respeaker_ros2.egg-info
writing ../../build/respeaker_ros2/respeaker_ros2.egg-info/PKG-INFO
writing dependency_links to ../../build/respeaker_ros2/respeaker_ros2.egg-info/dependency_links.txt
writing entry points to ../../build/respeaker_ros2/respeaker_ros2.egg-info/entry_points.txt
writing requirements to ../../build/respeaker_ros2/respeaker_ros2.egg-info/requires.txt
writing top-level names to ../../build/respeaker_ros2/respeaker_ros2.egg-info/top_level.txt
writing manifest file '../../build/respeaker_ros2/respeaker_ros2.egg-info/SOURCES.txt'
adding license file 'LICENSE.md'
writing manifest file '../../build/respeaker_ros2/respeaker_ros2.egg-info/SOURCES.txt'
running build
running build_py
creating /home/hello-robot/ament_ws/build/respeaker_ros2/build
creating /home/hello-robot/ament_ws/build/respeaker_ros2/build/lib
creating /home/hello-robot/ament_ws/build/respeaker_ros2/build/lib/test
copying test/test_copyright.py -> /home/hello-robot/ament_ws/build/respeaker_ros2/build/lib/test
copying test/__init__.py -> /home/hello-robot/ament_ws/build/respeaker_ros2/build/lib/test
copying test/test_installed.py -> /home/hello-robot/ament_ws/build/respeaker_ros2/build/lib/test
copying test/test_pep257.py -> /home/hello-robot/ament_ws/build/respeaker_ros2/build/lib/test
copying test/test_flake8.py -> /home/hello-robot/ament_ws/build/respeaker_ros2/build/lib/test
creating /home/hello-robot/ament_ws/build/respeaker_ros2/build/lib/respeaker_ros2
copying respeaker_ros2/respeaker_node.py -> /home/hello-robot/ament_ws/build/respeaker_ros2/build/lib/respeaker_ros2
copying respeaker_ros2/__init__.py -> /home/hello-robot/ament_ws/build/respeaker_ros2/build/lib/respeaker_ros2
copying respeaker_ros2/speech_to_text.py -> /home/hello-robot/ament_ws/build/respeaker_ros2/build/lib/respeaker_ros2
copying respeaker_ros2/respeaker_gencfg.py -> /home/hello-robot/ament_ws/build/respeaker_ros2/build/lib/respeaker_ros2
running install
running install_lib
creating /home/hello-robot/ament_ws/install/respeaker_ros2/lib/python3.10/site-packages/test
copying /home/hello-robot/ament_ws/build/respeaker_ros2/build/lib/test/test_copyright.py -> /home/hello-robot/ament_ws/install/respeaker_ros2/lib/python3.10/site-packages/test
copying /home/hello-robot/ament_ws/build/respeaker_ros2/build/lib/test/__init__.py -> /home/hello-robot/ament_ws/install/respeaker_ros2/lib/python3.10/site-packages/test
copying /home/hello-robot/ament_ws/build/respeaker_ros2/build/lib/test/test_installed.py -> /home/hello-robot/ament_ws/install/respeaker_ros2/lib/python3.10/site-packages/test
copying /home/hello-robot/ament_ws/build/respeaker_ros2/build/lib/test/test_pep257.py -> /home/hello-robot/ament_ws/install/respeaker_ros2/lib/python3.10/site-packages/test
copying /home/hello-robot/ament_ws/build/respeaker_ros2/build/lib/test/test_flake8.py -> /home/hello-robot/ament_ws/install/respeaker_ros2/lib/python3.10/site-packages/test
creating /home/hello-robot/ament_ws/install/respeaker_ros2/lib/python3.10/site-packages/respeaker_ros2
copying /home/hello-robot/ament_ws/build/respeaker_ros2/build/lib/respeaker_ros2/respeaker_node.py -> /home/hello-robot/ament_ws/install/respeaker_ros2/lib/python3.10/site-packages/respeaker_ros2
copying /home/hello-robot/ament_ws/build/respeaker_ros2/build/lib/respeaker_ros2/__init__.py -> /home/hello-robot/ament_ws/install/respeaker_ros2/lib/python3.10/site-packages/respeaker_ros2
copying /home/hello-robot/ament_ws/build/respeaker_ros2/build/lib/respeaker_ros2/speech_to_text.py -> /home/hello-robot/ament_ws/install/respeaker_ros2/lib/python3.10/site-packages/respeaker_ros2
copying /home/hello-robot/ament_ws/build/respeaker_ros2/build/lib/respeaker_ros2/respeaker_gencfg.py -> /home/hello-robot/ament_ws/install/respeaker_ros2/lib/python3.10/site-packages/respeaker_ros2
byte-compiling /home/hello-robot/ament_ws/install/respeaker_ros2/lib/python3.10/site-packages/test/test_copyright.py to test_copyright.cpython-310.pyc
byte-compiling /home/hello-robot/ament_ws/install/respeaker_ros2/lib/python3.10/site-packages/test/__init__.py to __init__.cpython-310.pyc
byte-compiling /home/hello-robot/ament_ws/install/respeaker_ros2/lib/python3.10/site-packages/test/test_installed.py to test_installed.cpython-310.pyc
byte-compiling /home/hello-robot/ament_ws/install/respeaker_ros2/lib/python3.10/site-packages/test/test_pep257.py to test_pep257.cpython-310.pyc
byte-compiling /home/hello-robot/ament_ws/install/respeaker_ros2/lib/python3.10/site-packages/test/test_flake8.py to test_flake8.cpython-310.pyc
byte-compiling /home/hello-robot/ament_ws/install/respeaker_ros2/lib/python3.10/site-packages/respeaker_ros2/respeaker_node.py to respeaker_node.cpython-310.pyc
byte-compiling /home/hello-robot/ament_ws/install/respeaker_ros2/lib/python3.10/site-packages/respeaker_ros2/__init__.py to __init__.cpython-310.pyc
byte-compiling /home/hello-robot/ament_ws/install/respeaker_ros2/lib/python3.10/site-packages/respeaker_ros2/speech_to_text.py to speech_to_text.cpython-310.pyc
byte-compiling /home/hello-robot/ament_ws/install/respeaker_ros2/lib/python3.10/site-packages/respeaker_ros2/respeaker_gencfg.py to respeaker_gencfg.cpython-310.pyc
running install_data
creating /home/hello-robot/ament_ws/install/respeaker_ros2/share/ament_index
creating /home/hello-robot/ament_ws/install/respeaker_ros2/share/ament_index/resource_index
creating /home/hello-robot/ament_ws/install/respeaker_ros2/share/ament_index/resource_index/packages
copying resource/respeaker_ros2 -> /home/hello-robot/ament_ws/install/respeaker_ros2/share/ament_index/resource_index/packages
copying package.xml -> /home/hello-robot/ament_ws/install/respeaker_ros2/share/respeaker_ros2
creating /home/hello-robot/ament_ws/install/respeaker_ros2/share/respeaker_ros2/launch
copying launch/respeaker.launch.py -> /home/hello-robot/ament_ws/install/respeaker_ros2/share/respeaker_ros2/launch
running install_egg_info
Copying ../../build/respeaker_ros2/respeaker_ros2.egg-info to /home/hello-robot/ament_ws/install/respeaker_ros2/lib/python3.10/site-packages/respeaker_ros2-0.1.0-py3.10.egg-info
running install_scripts
Installing respeaker_node script to /home/hello-robot/ament_ws/install/respeaker_ros2/lib/respeaker_ros2
Installing speech_to_text script to /home/hello-robot/ament_ws/install/respeaker_ros2/lib/respeaker_ros2
writing list of installed files to '/home/hello-robot/ament_ws/build/respeaker_ros2/install.log'
