/home/hello-robot/ament_ws/install/stretch_funmap/lib/python3.10/site-packages/stretch_funmap/__init__.py
/home/hello-robot/ament_ws/install/stretch_funmap/lib/python3.10/site-packages/stretch_funmap/numba_height_image.py
/home/hello-robot/ament_ws/install/stretch_funmap/lib/python3.10/site-packages/stretch_funmap/numba_create_plane_image.py
/home/hello-robot/ament_ws/install/stretch_funmap/lib/python3.10/site-packages/stretch_funmap/mapping.py
/home/hello-robot/ament_ws/install/stretch_funmap/lib/python3.10/site-packages/stretch_funmap/merge_maps.py
/home/hello-robot/ament_ws/install/stretch_funmap/lib/python3.10/site-packages/stretch_funmap/max_height_image.py
/home/hello-robot/ament_ws/install/stretch_funmap/lib/python3.10/site-packages/stretch_funmap/navigation_planning.py
/home/hello-robot/ament_ws/install/stretch_funmap/lib/python3.10/site-packages/stretch_funmap/ros_max_height_image.py
/home/hello-robot/ament_ws/install/stretch_funmap/lib/python3.10/site-packages/stretch_funmap/segment_max_height_image.py
/home/hello-robot/ament_ws/install/stretch_funmap/lib/python3.10/site-packages/stretch_funmap/numba_manipulation_planning.py
/home/hello-robot/ament_ws/install/stretch_funmap/lib/python3.10/site-packages/stretch_funmap/manipulation_planning.py
/home/hello-robot/ament_ws/install/stretch_funmap/lib/python3.10/site-packages/stretch_funmap/navigate.py
/home/hello-robot/ament_ws/install/stretch_funmap/lib/python3.10/site-packages/stretch_funmap/numba_compare_images.py
/home/hello-robot/ament_ws/install/stretch_funmap/lib/python3.10/site-packages/stretch_funmap/numba_sample_ridge.py
/home/hello-robot/ament_ws/install/stretch_funmap/lib/python3.10/site-packages/stretch_funmap/numba_check_line_path.py
/home/hello-robot/ament_ws/install/stretch_funmap/lib/python3.10/site-packages/stretch_funmap/funmap.py
/home/hello-robot/ament_ws/install/stretch_funmap/lib/python3.10/site-packages/stretch_funmap/__pycache__/__init__.cpython-310.pyc
/home/hello-robot/ament_ws/install/stretch_funmap/lib/python3.10/site-packages/stretch_funmap/__pycache__/numba_height_image.cpython-310.pyc
/home/hello-robot/ament_ws/install/stretch_funmap/lib/python3.10/site-packages/stretch_funmap/__pycache__/numba_create_plane_image.cpython-310.pyc
/home/hello-robot/ament_ws/install/stretch_funmap/lib/python3.10/site-packages/stretch_funmap/__pycache__/mapping.cpython-310.pyc
/home/hello-robot/ament_ws/install/stretch_funmap/lib/python3.10/site-packages/stretch_funmap/__pycache__/merge_maps.cpython-310.pyc
/home/hello-robot/ament_ws/install/stretch_funmap/lib/python3.10/site-packages/stretch_funmap/__pycache__/max_height_image.cpython-310.pyc
/home/hello-robot/ament_ws/install/stretch_funmap/lib/python3.10/site-packages/stretch_funmap/__pycache__/navigation_planning.cpython-310.pyc
/home/hello-robot/ament_ws/install/stretch_funmap/lib/python3.10/site-packages/stretch_funmap/__pycache__/ros_max_height_image.cpython-310.pyc
/home/hello-robot/ament_ws/install/stretch_funmap/lib/python3.10/site-packages/stretch_funmap/__pycache__/segment_max_height_image.cpython-310.pyc
/home/hello-robot/ament_ws/install/stretch_funmap/lib/python3.10/site-packages/stretch_funmap/__pycache__/numba_manipulation_planning.cpython-310.pyc
/home/hello-robot/ament_ws/install/stretch_funmap/lib/python3.10/site-packages/stretch_funmap/__pycache__/manipulation_planning.cpython-310.pyc
/home/hello-robot/ament_ws/install/stretch_funmap/lib/python3.10/site-packages/stretch_funmap/__pycache__/navigate.cpython-310.pyc
/home/hello-robot/ament_ws/install/stretch_funmap/lib/python3.10/site-packages/stretch_funmap/__pycache__/numba_compare_images.cpython-310.pyc
/home/hello-robot/ament_ws/install/stretch_funmap/lib/python3.10/site-packages/stretch_funmap/__pycache__/numba_sample_ridge.cpython-310.pyc
/home/hello-robot/ament_ws/install/stretch_funmap/lib/python3.10/site-packages/stretch_funmap/__pycache__/numba_check_line_path.cpython-310.pyc
/home/hello-robot/ament_ws/install/stretch_funmap/lib/python3.10/site-packages/stretch_funmap/__pycache__/funmap.cpython-310.pyc
/home/hello-robot/ament_ws/install/stretch_funmap/lib/python3.10/site-packages/stretch_funmap/cython_min_cost_path.cpython-310-x86_64-linux-gnu.so
/home/hello-robot/ament_ws/install/stretch_funmap/share/ament_index/resource_index/packages/stretch_funmap
/home/hello-robot/ament_ws/install/stretch_funmap/share/stretch_funmap/package.xml
/home/hello-robot/ament_ws/install/stretch_funmap/share/stretch_funmap/launch/funmap.launch.py
/home/hello-robot/ament_ws/install/stretch_funmap/share/stretch_funmap/launch/mapping.launch.py
/home/hello-robot/ament_ws/install/stretch_funmap/share/stretch_funmap/rviz/stretch_mapping.rviz
/home/hello-robot/ament_ws/install/stretch_funmap/lib/python3.10/site-packages/stretch_funmap-0.0.0-py3.10.egg-info/PKG-INFO
/home/hello-robot/ament_ws/install/stretch_funmap/lib/python3.10/site-packages/stretch_funmap-0.0.0-py3.10.egg-info/dependency_links.txt
/home/hello-robot/ament_ws/install/stretch_funmap/lib/python3.10/site-packages/stretch_funmap-0.0.0-py3.10.egg-info/requires.txt
/home/hello-robot/ament_ws/install/stretch_funmap/lib/python3.10/site-packages/stretch_funmap-0.0.0-py3.10.egg-info/SOURCES.txt
/home/hello-robot/ament_ws/install/stretch_funmap/lib/python3.10/site-packages/stretch_funmap-0.0.0-py3.10.egg-info/top_level.txt
/home/hello-robot/ament_ws/install/stretch_funmap/lib/python3.10/site-packages/stretch_funmap-0.0.0-py3.10.egg-info/entry_points.txt
/home/hello-robot/ament_ws/install/stretch_funmap/lib/stretch_funmap/funmap
