[3.333s] Invoking command in '/home/hello-robot/ament_ws/build/stretch_nav2': CMAKE_PREFIX_PATH=${CMAKE_PREFIX_PATH}:/home/hello-robot/ament_ws/install/tf2_web_republisher_py:/home/hello-robot/ament_ws/install/stretch_ros_tutorials:/home/hello-robot/ament_ws/install/stretch_funmap:/home/hello-robot/ament_ws/install/stretch_calibration:/home/hello-robot/ament_ws/install/stretch_demos:/home/hello-robot/ament_ws/install/stretch_deep_perception:/home/hello-robot/ament_ws/install/stretch_core:/home/hello-robot/ament_ws/install/respeaker_ros2:/home/hello-robot/ament_ws/install/hello_helpers:/opt/ros/humble /usr/bin/cmake /home/hello-robot/ament_ws/src/stretch_ros2/stretch_nav2 -DCMAKE_INSTALL_PREFIX=/home/hello-robot/ament_ws/install/stretch_nav2
[3.705s] -- Found ament_cmake: 1.3.8 (/opt/ros/humble/share/ament_cmake/cmake)
[3.705s] -- Found rclcpp: 16.0.8 (/opt/ros/humble/share/rclcpp/cmake)
[3.705s] -- Found rosidl_generator_c: 3.1.5 (/opt/ros/humble/share/rosidl_generator_c/cmake)
[3.705s] -- Found rosidl_adapter: 3.1.5 (/opt/ros/humble/share/rosidl_adapter/cmake)
[3.705s] -- Found rosidl_generator_cpp: 3.1.5 (/opt/ros/humble/share/rosidl_generator_cpp/cmake)
[3.705s] -- Using all available rosidl_typesupport_c: rosidl_typesupport_fastrtps_c;rosidl_typesupport_introspection_c
[3.705s] -- Using all available rosidl_typesupport_cpp: rosidl_typesupport_fastrtps_cpp;rosidl_typesupport_introspection_cpp
[3.705s] -- Found rmw_implementation_cmake: 6.1.1 (/opt/ros/humble/share/rmw_implementation_cmake/cmake)
[3.705s] -- Found rmw_fastrtps_cpp: 6.2.6 (/opt/ros/humble/share/rmw_fastrtps_cpp/cmake)
[3.705s] -- Using RMW implementation 'rmw_fastrtps_cpp' as default
[3.802s] -- Found ament_lint_auto: 0.12.10 (/opt/ros/humble/share/ament_lint_auto/cmake)
[4.017s] -- Added test 'copyright' to check source files copyright and LICENSE
[4.020s] -- Added test 'flake8' to check Python code syntax and style conventions
[4.021s] -- Added test 'lint_cmake' to check CMake code style
[4.021s] -- Added test 'pep257' to check Python code against some of the docstring style conventions in PEP 257
[4.023s] -- Added test 'xmllint' to check XML markup files
[4.024s] -- Configuring done
[4.040s] -- Generating done
[4.047s] -- Build files have been written to: /home/hello-robot/ament_ws/build/stretch_nav2
[4.075s] Invoked command in '/home/hello-robot/ament_ws/build/stretch_nav2' returned '0': CMAKE_PREFIX_PATH=${CMAKE_PREFIX_PATH}:/home/hello-robot/ament_ws/install/tf2_web_republisher_py:/home/hello-robot/ament_ws/install/stretch_ros_tutorials:/home/hello-robot/ament_ws/install/stretch_funmap:/home/hello-robot/ament_ws/install/stretch_calibration:/home/hello-robot/ament_ws/install/stretch_demos:/home/hello-robot/ament_ws/install/stretch_deep_perception:/home/hello-robot/ament_ws/install/stretch_core:/home/hello-robot/ament_ws/install/respeaker_ros2:/home/hello-robot/ament_ws/install/hello_helpers:/opt/ros/humble /usr/bin/cmake /home/hello-robot/ament_ws/src/stretch_ros2/stretch_nav2 -DCMAKE_INSTALL_PREFIX=/home/hello-robot/ament_ws/install/stretch_nav2
[4.076s] Invoking command in '/home/hello-robot/ament_ws/build/stretch_nav2': CMAKE_PREFIX_PATH=${CMAKE_PREFIX_PATH}:/home/hello-robot/ament_ws/install/tf2_web_republisher_py:/home/hello-robot/ament_ws/install/stretch_ros_tutorials:/home/hello-robot/ament_ws/install/stretch_funmap:/home/hello-robot/ament_ws/install/stretch_calibration:/home/hello-robot/ament_ws/install/stretch_demos:/home/hello-robot/ament_ws/install/stretch_deep_perception:/home/hello-robot/ament_ws/install/stretch_core:/home/hello-robot/ament_ws/install/respeaker_ros2:/home/hello-robot/ament_ws/install/hello_helpers:/opt/ros/humble /usr/bin/cmake --build /home/hello-robot/ament_ws/build/stretch_nav2 -- -j16 -l16
[4.266s] Built target ament_cmake_python_copy_stretch_nav2
[5.087s] /home/hello-robot/.local/lib/python3.10/site-packages/setuptools_scm/_integration/setuptools.py:30: RuntimeWarning: 
[5.087s] ERROR: setuptools==59.6.0 is used in combination with setuptools_scm>=8.x
[5.087s] 
[5.088s] Your build configuration is incomplete and previously worked by accident!
[5.088s] setuptools_scm requires setuptools>=61
[5.088s] 
[5.088s] Suggested workaround if applicable:
[5.088s]  - migrating from the deprecated setup_requires mechanism to pep517/518
[5.088s]    and using a pyproject.toml to declare build dependencies
[5.088s]    which are reliably pre-installed before running the build tools
[5.088s] 
[5.088s]   warnings.warn(
[5.127s] running egg_info
[5.130s] writing stretch_nav2.egg-info/PKG-INFO
[5.130s] writing dependency_links to stretch_nav2.egg-info/dependency_links.txt
[5.130s] writing top-level names to stretch_nav2.egg-info/top_level.txt
[5.489s] [03/04/24 08:24:37] ERROR    listing git files failed - pretending     git.py:24
[5.489s]                              there aren't any                                   
[5.491s] reading manifest file 'stretch_nav2.egg-info/SOURCES.txt'
[5.491s] writing manifest file 'stretch_nav2.egg-info/SOURCES.txt'
[5.492s] Built target ament_cmake_python_build_stretch_nav2_egg
[5.617s] Invoked command in '/home/hello-robot/ament_ws/build/stretch_nav2' returned '0': CMAKE_PREFIX_PATH=${CMAKE_PREFIX_PATH}:/home/hello-robot/ament_ws/install/tf2_web_republisher_py:/home/hello-robot/ament_ws/install/stretch_ros_tutorials:/home/hello-robot/ament_ws/install/stretch_funmap:/home/hello-robot/ament_ws/install/stretch_calibration:/home/hello-robot/ament_ws/install/stretch_demos:/home/hello-robot/ament_ws/install/stretch_deep_perception:/home/hello-robot/ament_ws/install/stretch_core:/home/hello-robot/ament_ws/install/respeaker_ros2:/home/hello-robot/ament_ws/install/hello_helpers:/opt/ros/humble /usr/bin/cmake --build /home/hello-robot/ament_ws/build/stretch_nav2 -- -j16 -l16
[6.460s] Invoking command in '/home/hello-robot/ament_ws/build/stretch_nav2': CMAKE_PREFIX_PATH=${CMAKE_PREFIX_PATH}:/home/hello-robot/ament_ws/install/tf2_web_republisher_py:/home/hello-robot/ament_ws/install/stretch_ros_tutorials:/home/hello-robot/ament_ws/install/stretch_funmap:/home/hello-robot/ament_ws/install/stretch_calibration:/home/hello-robot/ament_ws/install/stretch_demos:/home/hello-robot/ament_ws/install/stretch_deep_perception:/home/hello-robot/ament_ws/install/stretch_core:/home/hello-robot/ament_ws/install/respeaker_ros2:/home/hello-robot/ament_ws/install/hello_helpers:/opt/ros/humble /usr/bin/cmake --install /home/hello-robot/ament_ws/build/stretch_nav2
[6.601s] -- Install configuration: "Release"
[6.601s] -- Up-to-date: /home/hello-robot/ament_ws/install/stretch_nav2/share/stretch_nav2/launch
[6.601s] -- Up-to-date: /home/hello-robot/ament_ws/install/stretch_nav2/share/stretch_nav2/launch/bringup_launch.py
[6.601s] -- Up-to-date: /home/hello-robot/ament_ws/install/stretch_nav2/share/stretch_nav2/launch/online_async_launch.py
[6.601s] -- Up-to-date: /home/hello-robot/ament_ws/install/stretch_nav2/share/stretch_nav2/launch/navigation_launch.py
[6.602s] -- Up-to-date: /home/hello-robot/ament_ws/install/stretch_nav2/share/stretch_nav2/launch/stretch_navigation.launch.py
[6.602s] -- Up-to-date: /home/hello-robot/ament_ws/install/stretch_nav2/share/stretch_nav2/launch/teleop_twist.launch.py
[6.602s] -- Up-to-date: /home/hello-robot/ament_ws/install/stretch_nav2/share/stretch_nav2/launch/offline_mapping.launch.py
[6.602s] -- Up-to-date: /home/hello-robot/ament_ws/install/stretch_nav2/share/stretch_nav2/launch/online_mapping.launch.py
[6.602s] -- Up-to-date: /home/hello-robot/ament_ws/install/stretch_nav2/share/stretch_nav2/launch/navigation.launch.py
[6.602s] -- Up-to-date: /home/hello-robot/ament_ws/install/stretch_nav2/share/stretch_nav2/launch/demo_security.launch.py
[6.602s] -- Up-to-date: /home/hello-robot/ament_ws/install/stretch_nav2/share/stretch_nav2/config
[6.602s] -- Up-to-date: /home/hello-robot/ament_ws/install/stretch_nav2/share/stretch_nav2/config/nav2_params.yaml
[6.602s] -- Up-to-date: /home/hello-robot/ament_ws/install/stretch_nav2/share/stretch_nav2/config/mapper_params_online_async.yaml
[6.602s] -- Up-to-date: /home/hello-robot/ament_ws/install/stretch_nav2/share/stretch_nav2/config/nav2_voxel_params.yaml
[6.602s] -- Up-to-date: /home/hello-robot/ament_ws/install/stretch_nav2/share/stretch_nav2/stretch_nav2
[6.602s] -- Up-to-date: /home/hello-robot/ament_ws/install/stretch_nav2/share/stretch_nav2/stretch_nav2/__init__.py
[6.603s] -- Up-to-date: /home/hello-robot/ament_ws/install/stretch_nav2/share/stretch_nav2/stretch_nav2/robot_navigator.py
[6.603s] -- Up-to-date: /home/hello-robot/ament_ws/install/stretch_nav2/share/stretch_nav2/stretch_nav2/simple_commander_demo.py
[6.603s] -- Up-to-date: /home/hello-robot/ament_ws/install/stretch_nav2/share/stretch_nav2/environment/pythonpath.sh
[6.603s] -- Installing: /home/hello-robot/ament_ws/install/stretch_nav2/share/stretch_nav2/environment/pythonpath.dsv
[6.603s] -- Up-to-date: /home/hello-robot/ament_ws/install/stretch_nav2/local/lib/python3.10/dist-packages/stretch_nav2-0.0.1-py3.10.egg-info
[6.603s] -- Installing: /home/hello-robot/ament_ws/install/stretch_nav2/local/lib/python3.10/dist-packages/stretch_nav2-0.0.1-py3.10.egg-info/PKG-INFO
[6.603s] -- Installing: /home/hello-robot/ament_ws/install/stretch_nav2/local/lib/python3.10/dist-packages/stretch_nav2-0.0.1-py3.10.egg-info/dependency_links.txt
[6.603s] -- Installing: /home/hello-robot/ament_ws/install/stretch_nav2/local/lib/python3.10/dist-packages/stretch_nav2-0.0.1-py3.10.egg-info/SOURCES.txt
[6.603s] -- Installing: /home/hello-robot/ament_ws/install/stretch_nav2/local/lib/python3.10/dist-packages/stretch_nav2-0.0.1-py3.10.egg-info/top_level.txt
[6.603s] -- Up-to-date: /home/hello-robot/ament_ws/install/stretch_nav2/local/lib/python3.10/dist-packages/stretch_nav2
[6.603s] -- Up-to-date: /home/hello-robot/ament_ws/install/stretch_nav2/local/lib/python3.10/dist-packages/stretch_nav2/__init__.py
[6.603s] -- Up-to-date: /home/hello-robot/ament_ws/install/stretch_nav2/local/lib/python3.10/dist-packages/stretch_nav2/robot_navigator.py
[6.603s] -- Up-to-date: /home/hello-robot/ament_ws/install/stretch_nav2/local/lib/python3.10/dist-packages/stretch_nav2/simple_commander_demo.py
[6.686s] Listing '/home/hello-robot/ament_ws/install/stretch_nav2/local/lib/python3.10/dist-packages/stretch_nav2'...
[6.853s] -- Up-to-date: /home/hello-robot/ament_ws/install/stretch_nav2/lib/stretch_nav2/simple_commander_demo.py
[6.853s] -- Up-to-date: /home/hello-robot/ament_ws/install/stretch_nav2/share/ament_index/resource_index/package_run_dependencies/stretch_nav2
[6.853s] -- Up-to-date: /home/hello-robot/ament_ws/install/stretch_nav2/share/ament_index/resource_index/parent_prefix_path/stretch_nav2
[6.853s] -- Up-to-date: /home/hello-robot/ament_ws/install/stretch_nav2/share/stretch_nav2/environment/ament_prefix_path.sh
[6.853s] -- Installing: /home/hello-robot/ament_ws/install/stretch_nav2/share/stretch_nav2/environment/ament_prefix_path.dsv
[6.854s] -- Up-to-date: /home/hello-robot/ament_ws/install/stretch_nav2/share/stretch_nav2/environment/path.sh
[6.854s] -- Installing: /home/hello-robot/ament_ws/install/stretch_nav2/share/stretch_nav2/environment/path.dsv
[6.854s] -- Up-to-date: /home/hello-robot/ament_ws/install/stretch_nav2/share/stretch_nav2/local_setup.bash
[6.854s] -- Up-to-date: /home/hello-robot/ament_ws/install/stretch_nav2/share/stretch_nav2/local_setup.sh
[6.854s] -- Up-to-date: /home/hello-robot/ament_ws/install/stretch_nav2/share/stretch_nav2/local_setup.zsh
[6.854s] -- Installing: /home/hello-robot/ament_ws/install/stretch_nav2/share/stretch_nav2/local_setup.dsv
[6.854s] -- Installing: /home/hello-robot/ament_ws/install/stretch_nav2/share/stretch_nav2/package.dsv
[6.854s] -- Up-to-date: /home/hello-robot/ament_ws/install/stretch_nav2/share/ament_index/resource_index/packages/stretch_nav2
[6.854s] -- Up-to-date: /home/hello-robot/ament_ws/install/stretch_nav2/share/stretch_nav2/cmake/stretch_nav2Config.cmake
[6.854s] -- Up-to-date: /home/hello-robot/ament_ws/install/stretch_nav2/share/stretch_nav2/cmake/stretch_nav2Config-version.cmake
[6.854s] -- Up-to-date: /home/hello-robot/ament_ws/install/stretch_nav2/share/stretch_nav2/package.xml
[7.277s] Invoked command in '/home/hello-robot/ament_ws/build/stretch_nav2' returned '0': CMAKE_PREFIX_PATH=${CMAKE_PREFIX_PATH}:/home/hello-robot/ament_ws/install/tf2_web_republisher_py:/home/hello-robot/ament_ws/install/stretch_ros_tutorials:/home/hello-robot/ament_ws/install/stretch_funmap:/home/hello-robot/ament_ws/install/stretch_calibration:/home/hello-robot/ament_ws/install/stretch_demos:/home/hello-robot/ament_ws/install/stretch_deep_perception:/home/hello-robot/ament_ws/install/stretch_core:/home/hello-robot/ament_ws/install/respeaker_ros2:/home/hello-robot/ament_ws/install/hello_helpers:/opt/ros/humble /usr/bin/cmake --install /home/hello-robot/ament_ws/build/stretch_nav2
