-- Found ament_cmake: 1.3.8 (/opt/ros/humble/share/ament_cmake/cmake)
-- Found rclcpp: 16.0.8 (/opt/ros/humble/share/rclcpp/cmake)
-- Found rosidl_generator_c: 3.1.5 (/opt/ros/humble/share/rosidl_generator_c/cmake)
-- Found rosidl_adapter: 3.1.5 (/opt/ros/humble/share/rosidl_adapter/cmake)
-- Found rosidl_generator_cpp: 3.1.5 (/opt/ros/humble/share/rosidl_generator_cpp/cmake)
-- Using all available rosidl_typesupport_c: rosidl_typesupport_fastrtps_c;rosidl_typesupport_introspection_c
-- Using all available rosidl_typesupport_cpp: rosidl_typesupport_fastrtps_cpp;rosidl_typesupport_introspection_cpp
-- Found rmw_implementation_cmake: 6.1.1 (/opt/ros/humble/share/rmw_implementation_cmake/cmake)
-- Found rmw_fastrtps_cpp: 6.2.6 (/opt/ros/humble/share/rmw_fastrtps_cpp/cmake)
-- Using RMW implementation 'rmw_fastrtps_cpp' as default
-- Found rclcpp_components: 16.0.8 (/opt/ros/humble/share/rclcpp_components/cmake)
-- Found audio_common_msgs: 0.3.12 (/home/hello-robot/ament_ws/install/audio_common_msgs/share/audio_common_msgs/cmake)
-- Configuring done
-- Generating done
-- Build files have been written to: /home/hello-robot/ament_ws/build/audio_play
Consolidate compiler generated dependencies of target audio_play_node
Consolidate compiler generated dependencies of target audio_play
[ 50%] Built target audio_play_node
[100%] Built target audio_play
-- Install configuration: "Release"
-- Up-to-date: /home/hello-robot/ament_ws/install/audio_play/lib/audio_play/audio_play_node
-- Up-to-date: /home/hello-robot/ament_ws/install/audio_play/bin/audio_play_node
-- Up-to-date: /home/hello-robot/ament_ws/install/audio_play/lib/libaudio_play.so
-- Up-to-date: /home/hello-robot/ament_ws/install/audio_play/share/audio_play/launch
-- Up-to-date: /home/hello-robot/ament_ws/install/audio_play/share/audio_play/launch/play.launch.py
-- Up-to-date: /home/hello-robot/ament_ws/install/audio_play/share/audio_play/launch/play.launch.xml
-- Up-to-date: /home/hello-robot/ament_ws/install/audio_play/share/audio_play/environment/library_path.sh
-- Installing: /home/hello-robot/ament_ws/install/audio_play/share/audio_play/environment/library_path.dsv
-- Up-to-date: /home/hello-robot/ament_ws/install/audio_play/share/ament_index/resource_index/package_run_dependencies/audio_play
-- Up-to-date: /home/hello-robot/ament_ws/install/audio_play/share/ament_index/resource_index/parent_prefix_path/audio_play
-- Up-to-date: /home/hello-robot/ament_ws/install/audio_play/share/audio_play/environment/ament_prefix_path.sh
-- Installing: /home/hello-robot/ament_ws/install/audio_play/share/audio_play/environment/ament_prefix_path.dsv
-- Up-to-date: /home/hello-robot/ament_ws/install/audio_play/share/audio_play/environment/path.sh
-- Installing: /home/hello-robot/ament_ws/install/audio_play/share/audio_play/environment/path.dsv
-- Up-to-date: /home/hello-robot/ament_ws/install/audio_play/share/audio_play/local_setup.bash
-- Up-to-date: /home/hello-robot/ament_ws/install/audio_play/share/audio_play/local_setup.sh
-- Up-to-date: /home/hello-robot/ament_ws/install/audio_play/share/audio_play/local_setup.zsh
-- Installing: /home/hello-robot/ament_ws/install/audio_play/share/audio_play/local_setup.dsv
-- Installing: /home/hello-robot/ament_ws/install/audio_play/share/audio_play/package.dsv
-- Up-to-date: /home/hello-robot/ament_ws/install/audio_play/share/ament_index/resource_index/packages/audio_play
-- Up-to-date: /home/hello-robot/ament_ws/install/audio_play/share/ament_index/resource_index/rclcpp_components/audio_play
-- Up-to-date: /home/hello-robot/ament_ws/install/audio_play/share/audio_play/cmake/ament_cmake_export_libraries-extras.cmake
-- Up-to-date: /home/hello-robot/ament_ws/install/audio_play/share/audio_play/cmake/audio_playConfig.cmake
-- Up-to-date: /home/hello-robot/ament_ws/install/audio_play/share/audio_play/cmake/audio_playConfig-version.cmake
-- Up-to-date: /home/hello-robot/ament_ws/install/audio_play/share/audio_play/package.xml
