-- Found ament_cmake_ros: 0.10.0 (/opt/ros/humble/share/ament_cmake_ros/cmake)
-- Found builtin_interfaces: 1.2.1 (/opt/ros/humble/share/builtin_interfaces/cmake)
-- Found rosidl_generator_c: 3.1.5 (/opt/ros/humble/share/rosidl_generator_c/cmake)
-- Found rosidl_adapter: 3.1.5 (/opt/ros/humble/share/rosidl_adapter/cmake)
-- Found rosidl_generator_cpp: 3.1.5 (/opt/ros/humble/share/rosidl_generator_cpp/cmake)
-- Using all available rosidl_typesupport_c: rosidl_typesupport_fastrtps_c;rosidl_typesupport_introspection_c
-- Using all available rosidl_typesupport_cpp: rosidl_typesupport_fastrtps_cpp;rosidl_typesupport_introspection_cpp
-- Found rosidl_default_generators: 1.2.0 (/opt/ros/humble/share/rosidl_default_generators/cmake)
-- Using all available rosidl_typesupport_c: rosidl_typesupport_fastrtps_c;rosidl_typesupport_introspection_c
-- Using all available rosidl_typesupport_cpp: rosidl_typesupport_fastrtps_cpp;rosidl_typesupport_introspection_cpp
-- Found python_cmake_module: 0.10.0 (/opt/ros/humble/share/python_cmake_module/cmake)
-- Using PYTHON_EXECUTABLE: /usr/bin/python3
-- Using PYTHON_INCLUDE_DIRS: /usr/include/python3.10
-- Using PYTHON_LIBRARIES: /usr/lib/x86_64-linux-gnu/libpython3.10.so
-- Configuring done
-- Generating done
-- Build files have been written to: /home/hello-robot/ament_ws/build/rosbridge_msgs
Consolidate compiler generated dependencies of target rosbridge_msgs__rosidl_generator_c
[  2%] Built target rosbridge_msgs__cpp
[ 12%] Built target rosbridge_msgs__rosidl_generator_c
Consolidate compiler generated dependencies of target rosbridge_msgs__rosidl_typesupport_cpp
Consolidate compiler generated dependencies of target rosbridge_msgs__rosidl_typesupport_introspection_cpp
Consolidate compiler generated dependencies of target rosbridge_msgs__rosidl_typesupport_introspection_c
Consolidate compiler generated dependencies of target rosbridge_msgs__rosidl_typesupport_fastrtps_cpp
[ 12%] Built target ament_cmake_python_copy_rosbridge_msgs
[ 23%] Built target rosbridge_msgs__rosidl_typesupport_cpp
[ 33%] Built target rosbridge_msgs__rosidl_typesupport_introspection_c
[ 43%] Built target rosbridge_msgs__rosidl_typesupport_introspection_cpp
[ 53%] Built target rosbridge_msgs__rosidl_typesupport_fastrtps_cpp
Consolidate compiler generated dependencies of target rosbridge_msgs__rosidl_typesupport_c
Consolidate compiler generated dependencies of target rosbridge_msgs__rosidl_typesupport_fastrtps_c
[ 64%] Built target rosbridge_msgs__rosidl_typesupport_c
[ 74%] Built target rosbridge_msgs__rosidl_typesupport_fastrtps_c
[ 74%] Built target rosbridge_msgs
[ 76%] Built target rosbridge_msgs__py
Consolidate compiler generated dependencies of target rosbridge_msgs__rosidl_generator_py
[ 84%] Built target rosbridge_msgs__rosidl_generator_py
Consolidate compiler generated dependencies of target rosbridge_msgs__rosidl_typesupport_fastrtps_c__pyext
Consolidate compiler generated dependencies of target rosbridge_msgs__rosidl_typesupport_c__pyext
Consolidate compiler generated dependencies of target rosbridge_msgs__rosidl_typesupport_introspection_c__pyext
[ 89%] Built target rosbridge_msgs__rosidl_typesupport_fastrtps_c__pyext
[ 94%] Built target rosbridge_msgs__rosidl_typesupport_c__pyext
[100%] Built target rosbridge_msgs__rosidl_typesupport_introspection_c__pyext
/home/hello-robot/.local/lib/python3.10/site-packages/setuptools_scm/_integration/setuptools.py:30: RuntimeWarning: 
ERROR: setuptools==59.6.0 is used in combination with setuptools_scm>=8.x

Your build configuration is incomplete and previously worked by accident!
setuptools_scm requires setuptools>=61

Suggested workaround if applicable:
 - migrating from the deprecated setup_requires mechanism to pep517/518
   and using a pyproject.toml to declare build dependencies
   which are reliably pre-installed before running the build tools

  warnings.warn(
running egg_info
writing rosbridge_msgs.egg-info/PKG-INFO
writing dependency_links to rosbridge_msgs.egg-info/dependency_links.txt
writing top-level names to rosbridge_msgs.egg-info/top_level.txt
[03/04/24 08:24:37] ERROR    listing git files failed - pretending     git.py:24
                             there aren't any                                   
reading manifest file 'rosbridge_msgs.egg-info/SOURCES.txt'
writing manifest file 'rosbridge_msgs.egg-info/SOURCES.txt'
[100%] Built target ament_cmake_python_build_rosbridge_msgs_egg
-- Install configuration: "Release"
-- Up-to-date: /home/hello-robot/ament_ws/install/rosbridge_msgs/share/ament_index/resource_index/rosidl_interfaces/rosbridge_msgs
-- Up-to-date: /home/hello-robot/ament_ws/install/rosbridge_msgs/include/rosbridge_msgs/rosbridge_msgs
-- Up-to-date: /home/hello-robot/ament_ws/install/rosbridge_msgs/include/rosbridge_msgs/rosbridge_msgs/msg
-- Up-to-date: /home/hello-robot/ament_ws/install/rosbridge_msgs/include/rosbridge_msgs/rosbridge_msgs/msg/rosidl_generator_c__visibility_control.h
-- Up-to-date: /home/hello-robot/ament_ws/install/rosbridge_msgs/include/rosbridge_msgs/rosbridge_msgs/msg/connected_client.h
-- Up-to-date: /home/hello-robot/ament_ws/install/rosbridge_msgs/include/rosbridge_msgs/rosbridge_msgs/msg/connected_clients.h
-- Up-to-date: /home/hello-robot/ament_ws/install/rosbridge_msgs/include/rosbridge_msgs/rosbridge_msgs/msg/detail
-- Up-to-date: /home/hello-robot/ament_ws/install/rosbridge_msgs/include/rosbridge_msgs/rosbridge_msgs/msg/detail/connected_client__functions.c
-- Up-to-date: /home/hello-robot/ament_ws/install/rosbridge_msgs/include/rosbridge_msgs/rosbridge_msgs/msg/detail/connected_clients__functions.h
-- Up-to-date: /home/hello-robot/ament_ws/install/rosbridge_msgs/include/rosbridge_msgs/rosbridge_msgs/msg/detail/connected_client__type_support.h
-- Up-to-date: /home/hello-robot/ament_ws/install/rosbridge_msgs/include/rosbridge_msgs/rosbridge_msgs/msg/detail/connected_client__struct.h
-- Up-to-date: /home/hello-robot/ament_ws/install/rosbridge_msgs/include/rosbridge_msgs/rosbridge_msgs/msg/detail/connected_client__functions.h
-- Up-to-date: /home/hello-robot/ament_ws/install/rosbridge_msgs/include/rosbridge_msgs/rosbridge_msgs/msg/detail/connected_clients__struct.h
-- Up-to-date: /home/hello-robot/ament_ws/install/rosbridge_msgs/include/rosbridge_msgs/rosbridge_msgs/msg/detail/connected_clients__type_support.h
-- Up-to-date: /home/hello-robot/ament_ws/install/rosbridge_msgs/include/rosbridge_msgs/rosbridge_msgs/msg/detail/connected_clients__functions.c
-- Up-to-date: /home/hello-robot/ament_ws/install/rosbridge_msgs/share/rosbridge_msgs/environment/library_path.sh
-- Installing: /home/hello-robot/ament_ws/install/rosbridge_msgs/share/rosbridge_msgs/environment/library_path.dsv
-- Up-to-date: /home/hello-robot/ament_ws/install/rosbridge_msgs/lib/librosbridge_msgs__rosidl_generator_c.so
-- Up-to-date: /home/hello-robot/ament_ws/install/rosbridge_msgs/include/rosbridge_msgs/rosbridge_msgs
-- Up-to-date: /home/hello-robot/ament_ws/install/rosbridge_msgs/include/rosbridge_msgs/rosbridge_msgs/msg
-- Up-to-date: /home/hello-robot/ament_ws/install/rosbridge_msgs/include/rosbridge_msgs/rosbridge_msgs/msg/rosidl_typesupport_fastrtps_c__visibility_control.h
-- Up-to-date: /home/hello-robot/ament_ws/install/rosbridge_msgs/include/rosbridge_msgs/rosbridge_msgs/msg/detail
-- Up-to-date: /home/hello-robot/ament_ws/install/rosbridge_msgs/include/rosbridge_msgs/rosbridge_msgs/msg/detail/connected_clients__rosidl_typesupport_fastrtps_c.h
-- Up-to-date: /home/hello-robot/ament_ws/install/rosbridge_msgs/include/rosbridge_msgs/rosbridge_msgs/msg/detail/connected_client__rosidl_typesupport_fastrtps_c.h
-- Up-to-date: /home/hello-robot/ament_ws/install/rosbridge_msgs/lib/librosbridge_msgs__rosidl_typesupport_fastrtps_c.so
-- Up-to-date: /home/hello-robot/ament_ws/install/rosbridge_msgs/include/rosbridge_msgs/rosbridge_msgs
-- Up-to-date: /home/hello-robot/ament_ws/install/rosbridge_msgs/include/rosbridge_msgs/rosbridge_msgs/msg
-- Up-to-date: /home/hello-robot/ament_ws/install/rosbridge_msgs/include/rosbridge_msgs/rosbridge_msgs/msg/connected_clients.hpp
-- Up-to-date: /home/hello-robot/ament_ws/install/rosbridge_msgs/include/rosbridge_msgs/rosbridge_msgs/msg/connected_client.hpp
-- Up-to-date: /home/hello-robot/ament_ws/install/rosbridge_msgs/include/rosbridge_msgs/rosbridge_msgs/msg/detail
-- Up-to-date: /home/hello-robot/ament_ws/install/rosbridge_msgs/include/rosbridge_msgs/rosbridge_msgs/msg/detail/connected_clients__builder.hpp
-- Up-to-date: /home/hello-robot/ament_ws/install/rosbridge_msgs/include/rosbridge_msgs/rosbridge_msgs/msg/detail/connected_clients__struct.hpp
-- Up-to-date: /home/hello-robot/ament_ws/install/rosbridge_msgs/include/rosbridge_msgs/rosbridge_msgs/msg/detail/connected_client__builder.hpp
-- Up-to-date: /home/hello-robot/ament_ws/install/rosbridge_msgs/include/rosbridge_msgs/rosbridge_msgs/msg/detail/connected_client__struct.hpp
-- Up-to-date: /home/hello-robot/ament_ws/install/rosbridge_msgs/include/rosbridge_msgs/rosbridge_msgs/msg/detail/connected_client__traits.hpp
-- Up-to-date: /home/hello-robot/ament_ws/install/rosbridge_msgs/include/rosbridge_msgs/rosbridge_msgs/msg/detail/connected_clients__traits.hpp
-- Up-to-date: /home/hello-robot/ament_ws/install/rosbridge_msgs/include/rosbridge_msgs/rosbridge_msgs
-- Up-to-date: /home/hello-robot/ament_ws/install/rosbridge_msgs/include/rosbridge_msgs/rosbridge_msgs/msg
-- Up-to-date: /home/hello-robot/ament_ws/install/rosbridge_msgs/include/rosbridge_msgs/rosbridge_msgs/msg/detail
-- Up-to-date: /home/hello-robot/ament_ws/install/rosbridge_msgs/include/rosbridge_msgs/rosbridge_msgs/msg/detail/dds_fastrtps
-- Up-to-date: /home/hello-robot/ament_ws/install/rosbridge_msgs/include/rosbridge_msgs/rosbridge_msgs/msg/detail/connected_client__rosidl_typesupport_fastrtps_cpp.hpp
-- Up-to-date: /home/hello-robot/ament_ws/install/rosbridge_msgs/include/rosbridge_msgs/rosbridge_msgs/msg/detail/connected_clients__rosidl_typesupport_fastrtps_cpp.hpp
-- Up-to-date: /home/hello-robot/ament_ws/install/rosbridge_msgs/include/rosbridge_msgs/rosbridge_msgs/msg/rosidl_typesupport_fastrtps_cpp__visibility_control.h
-- Up-to-date: /home/hello-robot/ament_ws/install/rosbridge_msgs/lib/librosbridge_msgs__rosidl_typesupport_fastrtps_cpp.so
-- Up-to-date: /home/hello-robot/ament_ws/install/rosbridge_msgs/include/rosbridge_msgs/rosbridge_msgs
-- Up-to-date: /home/hello-robot/ament_ws/install/rosbridge_msgs/include/rosbridge_msgs/rosbridge_msgs/msg
-- Up-to-date: /home/hello-robot/ament_ws/install/rosbridge_msgs/include/rosbridge_msgs/rosbridge_msgs/msg/rosidl_typesupport_introspection_c__visibility_control.h
-- Up-to-date: /home/hello-robot/ament_ws/install/rosbridge_msgs/include/rosbridge_msgs/rosbridge_msgs/msg/detail
-- Up-to-date: /home/hello-robot/ament_ws/install/rosbridge_msgs/include/rosbridge_msgs/rosbridge_msgs/msg/detail/connected_client__rosidl_typesupport_introspection_c.h
-- Up-to-date: /home/hello-robot/ament_ws/install/rosbridge_msgs/include/rosbridge_msgs/rosbridge_msgs/msg/detail/connected_clients__type_support.c
-- Up-to-date: /home/hello-robot/ament_ws/install/rosbridge_msgs/include/rosbridge_msgs/rosbridge_msgs/msg/detail/connected_clients__rosidl_typesupport_introspection_c.h
-- Up-to-date: /home/hello-robot/ament_ws/install/rosbridge_msgs/include/rosbridge_msgs/rosbridge_msgs/msg/detail/connected_client__type_support.c
-- Up-to-date: /home/hello-robot/ament_ws/install/rosbridge_msgs/lib/librosbridge_msgs__rosidl_typesupport_introspection_c.so
-- Up-to-date: /home/hello-robot/ament_ws/install/rosbridge_msgs/lib/librosbridge_msgs__rosidl_typesupport_c.so
-- Up-to-date: /home/hello-robot/ament_ws/install/rosbridge_msgs/include/rosbridge_msgs/rosbridge_msgs
-- Up-to-date: /home/hello-robot/ament_ws/install/rosbridge_msgs/include/rosbridge_msgs/rosbridge_msgs/msg
-- Up-to-date: /home/hello-robot/ament_ws/install/rosbridge_msgs/include/rosbridge_msgs/rosbridge_msgs/msg/detail
-- Up-to-date: /home/hello-robot/ament_ws/install/rosbridge_msgs/include/rosbridge_msgs/rosbridge_msgs/msg/detail/connected_client__rosidl_typesupport_introspection_cpp.hpp
-- Up-to-date: /home/hello-robot/ament_ws/install/rosbridge_msgs/include/rosbridge_msgs/rosbridge_msgs/msg/detail/connected_client__type_support.cpp
-- Up-to-date: /home/hello-robot/ament_ws/install/rosbridge_msgs/include/rosbridge_msgs/rosbridge_msgs/msg/detail/connected_clients__rosidl_typesupport_introspection_cpp.hpp
-- Up-to-date: /home/hello-robot/ament_ws/install/rosbridge_msgs/include/rosbridge_msgs/rosbridge_msgs/msg/detail/connected_clients__type_support.cpp
-- Up-to-date: /home/hello-robot/ament_ws/install/rosbridge_msgs/lib/librosbridge_msgs__rosidl_typesupport_introspection_cpp.so
-- Up-to-date: /home/hello-robot/ament_ws/install/rosbridge_msgs/lib/librosbridge_msgs__rosidl_typesupport_cpp.so
-- Up-to-date: /home/hello-robot/ament_ws/install/rosbridge_msgs/share/rosbridge_msgs/environment/pythonpath.sh
-- Installing: /home/hello-robot/ament_ws/install/rosbridge_msgs/share/rosbridge_msgs/environment/pythonpath.dsv
-- Up-to-date: /home/hello-robot/ament_ws/install/rosbridge_msgs/local/lib/python3.10/dist-packages/rosbridge_msgs-1.3.2-py3.10.egg-info
-- Installing: /home/hello-robot/ament_ws/install/rosbridge_msgs/local/lib/python3.10/dist-packages/rosbridge_msgs-1.3.2-py3.10.egg-info/PKG-INFO
-- Installing: /home/hello-robot/ament_ws/install/rosbridge_msgs/local/lib/python3.10/dist-packages/rosbridge_msgs-1.3.2-py3.10.egg-info/dependency_links.txt
-- Installing: /home/hello-robot/ament_ws/install/rosbridge_msgs/local/lib/python3.10/dist-packages/rosbridge_msgs-1.3.2-py3.10.egg-info/SOURCES.txt
-- Installing: /home/hello-robot/ament_ws/install/rosbridge_msgs/local/lib/python3.10/dist-packages/rosbridge_msgs-1.3.2-py3.10.egg-info/top_level.txt
-- Up-to-date: /home/hello-robot/ament_ws/install/rosbridge_msgs/local/lib/python3.10/dist-packages/rosbridge_msgs
-- Up-to-date: /home/hello-robot/ament_ws/install/rosbridge_msgs/local/lib/python3.10/dist-packages/rosbridge_msgs/librosbridge_msgs__rosidl_generator_py.so
-- Up-to-date: /home/hello-robot/ament_ws/install/rosbridge_msgs/local/lib/python3.10/dist-packages/rosbridge_msgs/msg
-- Up-to-date: /home/hello-robot/ament_ws/install/rosbridge_msgs/local/lib/python3.10/dist-packages/rosbridge_msgs/msg/__init__.py
-- Up-to-date: /home/hello-robot/ament_ws/install/rosbridge_msgs/local/lib/python3.10/dist-packages/rosbridge_msgs/msg/_connected_clients_s.c
-- Up-to-date: /home/hello-robot/ament_ws/install/rosbridge_msgs/local/lib/python3.10/dist-packages/rosbridge_msgs/msg/_connected_client.py
-- Up-to-date: /home/hello-robot/ament_ws/install/rosbridge_msgs/local/lib/python3.10/dist-packages/rosbridge_msgs/msg/_connected_client_s.c
-- Up-to-date: /home/hello-robot/ament_ws/install/rosbridge_msgs/local/lib/python3.10/dist-packages/rosbridge_msgs/msg/_connected_clients.py
-- Installing: /home/hello-robot/ament_ws/install/rosbridge_msgs/local/lib/python3.10/dist-packages/rosbridge_msgs/__init__.py
-- Up-to-date: /home/hello-robot/ament_ws/install/rosbridge_msgs/local/lib/python3.10/dist-packages/rosbridge_msgs/_rosbridge_msgs_s.ep.rosidl_typesupport_c.c
-- Up-to-date: /home/hello-robot/ament_ws/install/rosbridge_msgs/local/lib/python3.10/dist-packages/rosbridge_msgs/_rosbridge_msgs_s.ep.rosidl_typesupport_fastrtps_c.c
-- Up-to-date: /home/hello-robot/ament_ws/install/rosbridge_msgs/local/lib/python3.10/dist-packages/rosbridge_msgs/_rosbridge_msgs_s.ep.rosidl_typesupport_introspection_c.c
-- Up-to-date: /home/hello-robot/ament_ws/install/rosbridge_msgs/local/lib/python3.10/dist-packages/rosbridge_msgs/rosbridge_msgs_s__rosidl_typesupport_fastrtps_c.cpython-310-x86_64-linux-gnu.so
-- Up-to-date: /home/hello-robot/ament_ws/install/rosbridge_msgs/local/lib/python3.10/dist-packages/rosbridge_msgs/rosbridge_msgs_s__rosidl_typesupport_c.cpython-310-x86_64-linux-gnu.so
-- Up-to-date: /home/hello-robot/ament_ws/install/rosbridge_msgs/local/lib/python3.10/dist-packages/rosbridge_msgs/rosbridge_msgs_s__rosidl_typesupport_introspection_c.cpython-310-x86_64-linux-gnu.so
Listing '/home/hello-robot/ament_ws/install/rosbridge_msgs/local/lib/python3.10/dist-packages/rosbridge_msgs'...
Compiling '/home/hello-robot/ament_ws/install/rosbridge_msgs/local/lib/python3.10/dist-packages/rosbridge_msgs/__init__.py'...
Listing '/home/hello-robot/ament_ws/install/rosbridge_msgs/local/lib/python3.10/dist-packages/rosbridge_msgs/msg'...
-- Up-to-date: /home/hello-robot/ament_ws/install/rosbridge_msgs/local/lib/python3.10/dist-packages/rosbridge_msgs/rosbridge_msgs_s__rosidl_typesupport_fastrtps_c.cpython-310-x86_64-linux-gnu.so
-- Up-to-date: /home/hello-robot/ament_ws/install/rosbridge_msgs/local/lib/python3.10/dist-packages/rosbridge_msgs/rosbridge_msgs_s__rosidl_typesupport_introspection_c.cpython-310-x86_64-linux-gnu.so
-- Up-to-date: /home/hello-robot/ament_ws/install/rosbridge_msgs/local/lib/python3.10/dist-packages/rosbridge_msgs/rosbridge_msgs_s__rosidl_typesupport_c.cpython-310-x86_64-linux-gnu.so
-- Up-to-date: /home/hello-robot/ament_ws/install/rosbridge_msgs/lib/librosbridge_msgs__rosidl_generator_py.so
-- Up-to-date: /home/hello-robot/ament_ws/install/rosbridge_msgs/share/rosbridge_msgs/msg/ConnectedClient.idl
-- Up-to-date: /home/hello-robot/ament_ws/install/rosbridge_msgs/share/rosbridge_msgs/msg/ConnectedClients.idl
-- Up-to-date: /home/hello-robot/ament_ws/install/rosbridge_msgs/share/rosbridge_msgs/msg/ConnectedClient.msg
-- Up-to-date: /home/hello-robot/ament_ws/install/rosbridge_msgs/share/rosbridge_msgs/msg/ConnectedClients.msg
-- Up-to-date: /home/hello-robot/ament_ws/install/rosbridge_msgs/share/ament_index/resource_index/package_run_dependencies/rosbridge_msgs
-- Up-to-date: /home/hello-robot/ament_ws/install/rosbridge_msgs/share/ament_index/resource_index/parent_prefix_path/rosbridge_msgs
-- Up-to-date: /home/hello-robot/ament_ws/install/rosbridge_msgs/share/rosbridge_msgs/environment/ament_prefix_path.sh
-- Installing: /home/hello-robot/ament_ws/install/rosbridge_msgs/share/rosbridge_msgs/environment/ament_prefix_path.dsv
-- Up-to-date: /home/hello-robot/ament_ws/install/rosbridge_msgs/share/rosbridge_msgs/environment/path.sh
-- Installing: /home/hello-robot/ament_ws/install/rosbridge_msgs/share/rosbridge_msgs/environment/path.dsv
-- Up-to-date: /home/hello-robot/ament_ws/install/rosbridge_msgs/share/rosbridge_msgs/local_setup.bash
-- Up-to-date: /home/hello-robot/ament_ws/install/rosbridge_msgs/share/rosbridge_msgs/local_setup.sh
-- Up-to-date: /home/hello-robot/ament_ws/install/rosbridge_msgs/share/rosbridge_msgs/local_setup.zsh
-- Installing: /home/hello-robot/ament_ws/install/rosbridge_msgs/share/rosbridge_msgs/local_setup.dsv
-- Installing: /home/hello-robot/ament_ws/install/rosbridge_msgs/share/rosbridge_msgs/package.dsv
-- Up-to-date: /home/hello-robot/ament_ws/install/rosbridge_msgs/share/ament_index/resource_index/packages/rosbridge_msgs
-- Up-to-date: /home/hello-robot/ament_ws/install/rosbridge_msgs/share/rosbridge_msgs/cmake/export_rosbridge_msgs__rosidl_generator_cExport.cmake
-- Up-to-date: /home/hello-robot/ament_ws/install/rosbridge_msgs/share/rosbridge_msgs/cmake/export_rosbridge_msgs__rosidl_generator_cExport-release.cmake
-- Up-to-date: /home/hello-robot/ament_ws/install/rosbridge_msgs/share/rosbridge_msgs/cmake/export_rosbridge_msgs__rosidl_typesupport_fastrtps_cExport.cmake
-- Up-to-date: /home/hello-robot/ament_ws/install/rosbridge_msgs/share/rosbridge_msgs/cmake/export_rosbridge_msgs__rosidl_typesupport_fastrtps_cExport-release.cmake
-- Up-to-date: /home/hello-robot/ament_ws/install/rosbridge_msgs/share/rosbridge_msgs/cmake/export_rosbridge_msgs__rosidl_generator_cppExport.cmake
-- Up-to-date: /home/hello-robot/ament_ws/install/rosbridge_msgs/share/rosbridge_msgs/cmake/export_rosbridge_msgs__rosidl_typesupport_fastrtps_cppExport.cmake
-- Up-to-date: /home/hello-robot/ament_ws/install/rosbridge_msgs/share/rosbridge_msgs/cmake/export_rosbridge_msgs__rosidl_typesupport_fastrtps_cppExport-release.cmake
-- Up-to-date: /home/hello-robot/ament_ws/install/rosbridge_msgs/share/rosbridge_msgs/cmake/rosbridge_msgs__rosidl_typesupport_introspection_cExport.cmake
-- Up-to-date: /home/hello-robot/ament_ws/install/rosbridge_msgs/share/rosbridge_msgs/cmake/rosbridge_msgs__rosidl_typesupport_introspection_cExport-release.cmake
-- Up-to-date: /home/hello-robot/ament_ws/install/rosbridge_msgs/share/rosbridge_msgs/cmake/rosbridge_msgs__rosidl_typesupport_cExport.cmake
-- Up-to-date: /home/hello-robot/ament_ws/install/rosbridge_msgs/share/rosbridge_msgs/cmake/rosbridge_msgs__rosidl_typesupport_cExport-release.cmake
-- Up-to-date: /home/hello-robot/ament_ws/install/rosbridge_msgs/share/rosbridge_msgs/cmake/rosbridge_msgs__rosidl_typesupport_introspection_cppExport.cmake
-- Up-to-date: /home/hello-robot/ament_ws/install/rosbridge_msgs/share/rosbridge_msgs/cmake/rosbridge_msgs__rosidl_typesupport_introspection_cppExport-release.cmake
-- Up-to-date: /home/hello-robot/ament_ws/install/rosbridge_msgs/share/rosbridge_msgs/cmake/rosbridge_msgs__rosidl_typesupport_cppExport.cmake
-- Up-to-date: /home/hello-robot/ament_ws/install/rosbridge_msgs/share/rosbridge_msgs/cmake/rosbridge_msgs__rosidl_typesupport_cppExport-release.cmake
-- Up-to-date: /home/hello-robot/ament_ws/install/rosbridge_msgs/share/rosbridge_msgs/cmake/export_rosbridge_msgs__rosidl_generator_pyExport.cmake
-- Up-to-date: /home/hello-robot/ament_ws/install/rosbridge_msgs/share/rosbridge_msgs/cmake/export_rosbridge_msgs__rosidl_generator_pyExport-release.cmake
-- Up-to-date: /home/hello-robot/ament_ws/install/rosbridge_msgs/share/rosbridge_msgs/cmake/rosidl_cmake-extras.cmake
-- Up-to-date: /home/hello-robot/ament_ws/install/rosbridge_msgs/share/rosbridge_msgs/cmake/ament_cmake_export_dependencies-extras.cmake
-- Up-to-date: /home/hello-robot/ament_ws/install/rosbridge_msgs/share/rosbridge_msgs/cmake/ament_cmake_export_include_directories-extras.cmake
-- Up-to-date: /home/hello-robot/ament_ws/install/rosbridge_msgs/share/rosbridge_msgs/cmake/ament_cmake_export_libraries-extras.cmake
-- Up-to-date: /home/hello-robot/ament_ws/install/rosbridge_msgs/share/rosbridge_msgs/cmake/ament_cmake_export_targets-extras.cmake
-- Up-to-date: /home/hello-robot/ament_ws/install/rosbridge_msgs/share/rosbridge_msgs/cmake/rosidl_cmake_export_typesupport_targets-extras.cmake
-- Up-to-date: /home/hello-robot/ament_ws/install/rosbridge_msgs/share/rosbridge_msgs/cmake/rosidl_cmake_export_typesupport_libraries-extras.cmake
-- Up-to-date: /home/hello-robot/ament_ws/install/rosbridge_msgs/share/rosbridge_msgs/cmake/rosbridge_msgsConfig.cmake
-- Up-to-date: /home/hello-robot/ament_ws/install/rosbridge_msgs/share/rosbridge_msgs/cmake/rosbridge_msgsConfig-version.cmake
-- Up-to-date: /home/hello-robot/ament_ws/install/rosbridge_msgs/share/rosbridge_msgs/package.xml
