/home/hello-robot/ament_ws/install/stretch_ros_tutorials/lib/python3.10/site-packages/stretch_ros_tutorials/tf_broadcaster.py
/home/hello-robot/ament_ws/install/stretch_ros_tutorials/lib/python3.10/site-packages/stretch_ros_tutorials/multipoint_command.py
/home/hello-robot/ament_ws/install/stretch_ros_tutorials/lib/python3.10/site-packages/stretch_ros_tutorials/capture_image.py
/home/hello-robot/ament_ws/install/stretch_ros_tutorials/lib/python3.10/site-packages/stretch_ros_tutorials/__init__.py
/home/hello-robot/ament_ws/install/stretch_ros_tutorials/lib/python3.10/site-packages/stretch_ros_tutorials/voice_teleoperation_base.py
/home/hello-robot/ament_ws/install/stretch_ros_tutorials/lib/python3.10/site-packages/stretch_ros_tutorials/speech_text.py
/home/hello-robot/ament_ws/install/stretch_ros_tutorials/lib/python3.10/site-packages/stretch_ros_tutorials/tf_listener.py
/home/hello-robot/ament_ws/install/stretch_ros_tutorials/lib/python3.10/site-packages/stretch_ros_tutorials/marker.py
/home/hello-robot/ament_ws/install/stretch_ros_tutorials/lib/python3.10/site-packages/stretch_ros_tutorials/aruco_tag_locator.py
/home/hello-robot/ament_ws/install/stretch_ros_tutorials/lib/python3.10/site-packages/stretch_ros_tutorials/stow_command.py
/home/hello-robot/ament_ws/install/stretch_ros_tutorials/lib/python3.10/site-packages/stretch_ros_tutorials/joint_state_printer.py
/home/hello-robot/ament_ws/install/stretch_ros_tutorials/lib/python3.10/site-packages/stretch_ros_tutorials/edge_detection.py
/home/hello-robot/ament_ws/install/stretch_ros_tutorials/lib/python3.10/site-packages/stretch_ros_tutorials/move.py
/home/hello-robot/ament_ws/install/stretch_ros_tutorials/lib/python3.10/site-packages/stretch_ros_tutorials/led_color_change.py
/home/hello-robot/ament_ws/install/stretch_ros_tutorials/lib/python3.10/site-packages/stretch_ros_tutorials/forward_kinematics.py
/home/hello-robot/ament_ws/install/stretch_ros_tutorials/lib/python3.10/site-packages/stretch_ros_tutorials/fk_poe.py
/home/hello-robot/ament_ws/install/stretch_ros_tutorials/lib/python3.10/site-packages/stretch_ros_tutorials/avoider.py
/home/hello-robot/ament_ws/install/stretch_ros_tutorials/lib/python3.10/site-packages/stretch_ros_tutorials/scan_filter.py
/home/hello-robot/ament_ws/install/stretch_ros_tutorials/lib/python3.10/site-packages/stretch_ros_tutorials/effort_sensing.py
/home/hello-robot/ament_ws/install/stretch_ros_tutorials/lib/python3.10/site-packages/stretch_ros_tutorials/__pycache__/tf_broadcaster.cpython-310.pyc
/home/hello-robot/ament_ws/install/stretch_ros_tutorials/lib/python3.10/site-packages/stretch_ros_tutorials/__pycache__/multipoint_command.cpython-310.pyc
/home/hello-robot/ament_ws/install/stretch_ros_tutorials/lib/python3.10/site-packages/stretch_ros_tutorials/__pycache__/capture_image.cpython-310.pyc
/home/hello-robot/ament_ws/install/stretch_ros_tutorials/lib/python3.10/site-packages/stretch_ros_tutorials/__pycache__/__init__.cpython-310.pyc
/home/hello-robot/ament_ws/install/stretch_ros_tutorials/lib/python3.10/site-packages/stretch_ros_tutorials/__pycache__/voice_teleoperation_base.cpython-310.pyc
/home/hello-robot/ament_ws/install/stretch_ros_tutorials/lib/python3.10/site-packages/stretch_ros_tutorials/__pycache__/speech_text.cpython-310.pyc
/home/hello-robot/ament_ws/install/stretch_ros_tutorials/lib/python3.10/site-packages/stretch_ros_tutorials/__pycache__/tf_listener.cpython-310.pyc
/home/hello-robot/ament_ws/install/stretch_ros_tutorials/lib/python3.10/site-packages/stretch_ros_tutorials/__pycache__/marker.cpython-310.pyc
/home/hello-robot/ament_ws/install/stretch_ros_tutorials/lib/python3.10/site-packages/stretch_ros_tutorials/__pycache__/aruco_tag_locator.cpython-310.pyc
/home/hello-robot/ament_ws/install/stretch_ros_tutorials/lib/python3.10/site-packages/stretch_ros_tutorials/__pycache__/stow_command.cpython-310.pyc
/home/hello-robot/ament_ws/install/stretch_ros_tutorials/lib/python3.10/site-packages/stretch_ros_tutorials/__pycache__/joint_state_printer.cpython-310.pyc
/home/hello-robot/ament_ws/install/stretch_ros_tutorials/lib/python3.10/site-packages/stretch_ros_tutorials/__pycache__/edge_detection.cpython-310.pyc
/home/hello-robot/ament_ws/install/stretch_ros_tutorials/lib/python3.10/site-packages/stretch_ros_tutorials/__pycache__/move.cpython-310.pyc
/home/hello-robot/ament_ws/install/stretch_ros_tutorials/lib/python3.10/site-packages/stretch_ros_tutorials/__pycache__/led_color_change.cpython-310.pyc
/home/hello-robot/ament_ws/install/stretch_ros_tutorials/lib/python3.10/site-packages/stretch_ros_tutorials/__pycache__/forward_kinematics.cpython-310.pyc
/home/hello-robot/ament_ws/install/stretch_ros_tutorials/lib/python3.10/site-packages/stretch_ros_tutorials/__pycache__/fk_poe.cpython-310.pyc
/home/hello-robot/ament_ws/install/stretch_ros_tutorials/lib/python3.10/site-packages/stretch_ros_tutorials/__pycache__/avoider.cpython-310.pyc
/home/hello-robot/ament_ws/install/stretch_ros_tutorials/lib/python3.10/site-packages/stretch_ros_tutorials/__pycache__/scan_filter.cpython-310.pyc
/home/hello-robot/ament_ws/install/stretch_ros_tutorials/lib/python3.10/site-packages/stretch_ros_tutorials/__pycache__/effort_sensing.cpython-310.pyc
/home/hello-robot/ament_ws/install/stretch_ros_tutorials/share/ament_index/resource_index/packages/stretch_ros_tutorials
/home/hello-robot/ament_ws/install/stretch_ros_tutorials/share/stretch_ros_tutorials/package.xml
/home/hello-robot/ament_ws/install/stretch_ros_tutorials/share/stretch_ros_tutorials/rviz/perception_example.rviz
/home/hello-robot/ament_ws/install/stretch_ros_tutorials/share/stretch_ros_tutorials/rviz/aruco_detector_example.rviz
/home/hello-robot/ament_ws/install/stretch_ros_tutorials/lib/python3.10/site-packages/stretch_ros_tutorials-0.0.0-py3.10.egg-info/PKG-INFO
/home/hello-robot/ament_ws/install/stretch_ros_tutorials/lib/python3.10/site-packages/stretch_ros_tutorials-0.0.0-py3.10.egg-info/dependency_links.txt
/home/hello-robot/ament_ws/install/stretch_ros_tutorials/lib/python3.10/site-packages/stretch_ros_tutorials-0.0.0-py3.10.egg-info/zip-safe
/home/hello-robot/ament_ws/install/stretch_ros_tutorials/lib/python3.10/site-packages/stretch_ros_tutorials-0.0.0-py3.10.egg-info/requires.txt
/home/hello-robot/ament_ws/install/stretch_ros_tutorials/lib/python3.10/site-packages/stretch_ros_tutorials-0.0.0-py3.10.egg-info/SOURCES.txt
/home/hello-robot/ament_ws/install/stretch_ros_tutorials/lib/python3.10/site-packages/stretch_ros_tutorials-0.0.0-py3.10.egg-info/top_level.txt
/home/hello-robot/ament_ws/install/stretch_ros_tutorials/lib/python3.10/site-packages/stretch_ros_tutorials-0.0.0-py3.10.egg-info/entry_points.txt
/home/hello-robot/ament_ws/install/stretch_ros_tutorials/lib/stretch_ros_tutorials/avoider
/home/hello-robot/ament_ws/install/stretch_ros_tutorials/lib/stretch_ros_tutorials/marker
/home/hello-robot/ament_ws/install/stretch_ros_tutorials/lib/stretch_ros_tutorials/move
/home/hello-robot/ament_ws/install/stretch_ros_tutorials/lib/stretch_ros_tutorials/multipoint_command
/home/hello-robot/ament_ws/install/stretch_ros_tutorials/lib/stretch_ros_tutorials/scan_filter
/home/hello-robot/ament_ws/install/stretch_ros_tutorials/lib/stretch_ros_tutorials/stow_command
/home/hello-robot/ament_ws/install/stretch_ros_tutorials/lib/stretch_ros_tutorials/tf_broadcaster
/home/hello-robot/ament_ws/install/stretch_ros_tutorials/lib/stretch_ros_tutorials/tf_listener
