/home/hello-robot/.local/lib/python3.10/site-packages/setuptools_scm/_integration/setuptools.py:30: RuntimeWarning: 
ERROR: setuptools==59.6.0 is used in combination with setuptools_scm>=8.x

Your build configuration is incomplete and previously worked by accident!
setuptools_scm requires setuptools>=61

Suggested workaround if applicable:
 - migrating from the deprecated setup_requires mechanism to pep517/518
   and using a pyproject.toml to declare build dependencies
   which are reliably pre-installed before running the build tools

  warnings.warn(
running egg_info
creating ../../../build/tf2_web_republisher_py/tf2_web_republisher_py.egg-info
writing ../../../build/tf2_web_republisher_py/tf2_web_republisher_py.egg-info/PKG-INFO
writing dependency_links to ../../../build/tf2_web_republisher_py/tf2_web_republisher_py.egg-info/dependency_links.txt
writing entry points to ../../../build/tf2_web_republisher_py/tf2_web_republisher_py.egg-info/entry_points.txt
writing requirements to ../../../build/tf2_web_republisher_py/tf2_web_republisher_py.egg-info/requires.txt
writing top-level names to ../../../build/tf2_web_republisher_py/tf2_web_republisher_py.egg-info/top_level.txt
writing manifest file '../../../build/tf2_web_republisher_py/tf2_web_republisher_py.egg-info/SOURCES.txt'
writing manifest file '../../../build/tf2_web_republisher_py/tf2_web_republisher_py.egg-info/SOURCES.txt'
running build
running build_py
creating /home/hello-robot/ament_ws/build/tf2_web_republisher_py/build
creating /home/hello-robot/ament_ws/build/tf2_web_republisher_py/build/lib
creating /home/hello-robot/ament_ws/build/tf2_web_republisher_py/build/lib/tf2_web_republisher_py
copying tf2_web_republisher_py/tf_pair.py -> /home/hello-robot/ament_ws/build/tf2_web_republisher_py/build/lib/tf2_web_republisher_py
copying tf2_web_republisher_py/tf2_web_republisher_py.py -> /home/hello-robot/ament_ws/build/tf2_web_republisher_py/build/lib/tf2_web_republisher_py
copying tf2_web_republisher_py/__init__.py -> /home/hello-robot/ament_ws/build/tf2_web_republisher_py/build/lib/tf2_web_republisher_py
running install
running install_lib
creating /home/hello-robot/ament_ws/install/tf2_web_republisher_py/lib/python3.10/site-packages/tf2_web_republisher_py
copying /home/hello-robot/ament_ws/build/tf2_web_republisher_py/build/lib/tf2_web_republisher_py/tf_pair.py -> /home/hello-robot/ament_ws/install/tf2_web_republisher_py/lib/python3.10/site-packages/tf2_web_republisher_py
copying /home/hello-robot/ament_ws/build/tf2_web_republisher_py/build/lib/tf2_web_republisher_py/tf2_web_republisher_py.py -> /home/hello-robot/ament_ws/install/tf2_web_republisher_py/lib/python3.10/site-packages/tf2_web_republisher_py
copying /home/hello-robot/ament_ws/build/tf2_web_republisher_py/build/lib/tf2_web_republisher_py/__init__.py -> /home/hello-robot/ament_ws/install/tf2_web_republisher_py/lib/python3.10/site-packages/tf2_web_republisher_py
byte-compiling /home/hello-robot/ament_ws/install/tf2_web_republisher_py/lib/python3.10/site-packages/tf2_web_republisher_py/tf_pair.py to tf_pair.cpython-310.pyc
byte-compiling /home/hello-robot/ament_ws/install/tf2_web_republisher_py/lib/python3.10/site-packages/tf2_web_republisher_py/tf2_web_republisher_py.py to tf2_web_republisher_py.cpython-310.pyc
byte-compiling /home/hello-robot/ament_ws/install/tf2_web_republisher_py/lib/python3.10/site-packages/tf2_web_republisher_py/__init__.py to __init__.cpython-310.pyc
running install_data
creating /home/hello-robot/ament_ws/install/tf2_web_republisher_py/share/ament_index
creating /home/hello-robot/ament_ws/install/tf2_web_republisher_py/share/ament_index/resource_index
creating /home/hello-robot/ament_ws/install/tf2_web_republisher_py/share/ament_index/resource_index/packages
copying resource/tf2_web_republisher_py -> /home/hello-robot/ament_ws/install/tf2_web_republisher_py/share/ament_index/resource_index/packages
copying package.xml -> /home/hello-robot/ament_ws/install/tf2_web_republisher_py/share/tf2_web_republisher_py
running install_egg_info
Copying ../../../build/tf2_web_republisher_py/tf2_web_republisher_py.egg-info to /home/hello-robot/ament_ws/install/tf2_web_republisher_py/lib/python3.10/site-packages/tf2_web_republisher_py-0.0.0-py3.10.egg-info
running install_scripts
Installing tf2_web_republisher script to /home/hello-robot/ament_ws/install/tf2_web_republisher_py/lib/tf2_web_republisher_py
writing list of installed files to '/home/hello-robot/ament_ws/build/tf2_web_republisher_py/install.log'
