[5.387s] Invoking command in '/home/hello-robot/ament_ws/src/tf2_web_republisher_py/tf2_web_republisher_py': PYTHONPATH=/home/hello-robot/ament_ws/build/tf2_web_republisher_py/prefix_override:/home/hello-robot/ament_ws/install/tf2_web_republisher_py/lib/python3.10/site-packages:${PYTHONPATH} /usr/bin/python3 setup.py egg_info --egg-base ../../../build/tf2_web_republisher_py build --build-base /home/hello-robot/ament_ws/build/tf2_web_republisher_py/build install --record /home/hello-robot/ament_ws/build/tf2_web_republisher_py/install.log --install-scripts $base/lib/tf2_web_republisher_py --single-version-externally-managed
[7.117s] /home/hello-robot/.local/lib/python3.10/site-packages/setuptools_scm/_integration/setuptools.py:30: RuntimeWarning: 
[7.117s] ERROR: setuptools==59.6.0 is used in combination with setuptools_scm>=8.x
[7.117s] 
[7.117s] Your build configuration is incomplete and previously worked by accident!
[7.118s] setuptools_scm requires setuptools>=61
[7.118s] 
[7.118s] Suggested workaround if applicable:
[7.118s]  - migrating from the deprecated setup_requires mechanism to pep517/518
[7.118s]    and using a pyproject.toml to declare build dependencies
[7.118s]    which are reliably pre-installed before running the build tools
[7.118s] 
[7.118s]   warnings.warn(
[7.279s] running egg_info
[7.280s] creating ../../../build/tf2_web_republisher_py/tf2_web_republisher_py.egg-info
[7.281s] writing ../../../build/tf2_web_republisher_py/tf2_web_republisher_py.egg-info/PKG-INFO
[7.294s] writing dependency_links to ../../../build/tf2_web_republisher_py/tf2_web_republisher_py.egg-info/dependency_links.txt
[7.295s] writing entry points to ../../../build/tf2_web_republisher_py/tf2_web_republisher_py.egg-info/entry_points.txt
[7.295s] writing requirements to ../../../build/tf2_web_republisher_py/tf2_web_republisher_py.egg-info/requires.txt
[7.296s] writing top-level names to ../../../build/tf2_web_republisher_py/tf2_web_republisher_py.egg-info/top_level.txt
[7.297s] writing manifest file '../../../build/tf2_web_republisher_py/tf2_web_republisher_py.egg-info/SOURCES.txt'
[7.723s] writing manifest file '../../../build/tf2_web_republisher_py/tf2_web_republisher_py.egg-info/SOURCES.txt'
[7.723s] running build
[7.723s] running build_py
[7.723s] creating /home/hello-robot/ament_ws/build/tf2_web_republisher_py/build
[7.723s] creating /home/hello-robot/ament_ws/build/tf2_web_republisher_py/build/lib
[7.724s] creating /home/hello-robot/ament_ws/build/tf2_web_republisher_py/build/lib/tf2_web_republisher_py
[7.724s] copying tf2_web_republisher_py/tf_pair.py -> /home/hello-robot/ament_ws/build/tf2_web_republisher_py/build/lib/tf2_web_republisher_py
[7.724s] copying tf2_web_republisher_py/tf2_web_republisher_py.py -> /home/hello-robot/ament_ws/build/tf2_web_republisher_py/build/lib/tf2_web_republisher_py
[7.724s] copying tf2_web_republisher_py/__init__.py -> /home/hello-robot/ament_ws/build/tf2_web_republisher_py/build/lib/tf2_web_republisher_py
[7.724s] running install
[7.725s] running install_lib
[7.727s] creating /home/hello-robot/ament_ws/install/tf2_web_republisher_py/lib/python3.10/site-packages/tf2_web_republisher_py
[7.727s] copying /home/hello-robot/ament_ws/build/tf2_web_republisher_py/build/lib/tf2_web_republisher_py/tf_pair.py -> /home/hello-robot/ament_ws/install/tf2_web_republisher_py/lib/python3.10/site-packages/tf2_web_republisher_py
[7.727s] copying /home/hello-robot/ament_ws/build/tf2_web_republisher_py/build/lib/tf2_web_republisher_py/tf2_web_republisher_py.py -> /home/hello-robot/ament_ws/install/tf2_web_republisher_py/lib/python3.10/site-packages/tf2_web_republisher_py
[7.728s] copying /home/hello-robot/ament_ws/build/tf2_web_republisher_py/build/lib/tf2_web_republisher_py/__init__.py -> /home/hello-robot/ament_ws/install/tf2_web_republisher_py/lib/python3.10/site-packages/tf2_web_republisher_py
[7.728s] byte-compiling /home/hello-robot/ament_ws/install/tf2_web_republisher_py/lib/python3.10/site-packages/tf2_web_republisher_py/tf_pair.py to tf_pair.cpython-310.pyc
[7.730s] byte-compiling /home/hello-robot/ament_ws/install/tf2_web_republisher_py/lib/python3.10/site-packages/tf2_web_republisher_py/tf2_web_republisher_py.py to tf2_web_republisher_py.cpython-310.pyc
[7.733s] byte-compiling /home/hello-robot/ament_ws/install/tf2_web_republisher_py/lib/python3.10/site-packages/tf2_web_republisher_py/__init__.py to __init__.cpython-310.pyc
[7.736s] running install_data
[7.738s] creating /home/hello-robot/ament_ws/install/tf2_web_republisher_py/share/ament_index
[7.743s] creating /home/hello-robot/ament_ws/install/tf2_web_republisher_py/share/ament_index/resource_index
[7.744s] creating /home/hello-robot/ament_ws/install/tf2_web_republisher_py/share/ament_index/resource_index/packages
[7.744s] copying resource/tf2_web_republisher_py -> /home/hello-robot/ament_ws/install/tf2_web_republisher_py/share/ament_index/resource_index/packages
[7.754s] copying package.xml -> /home/hello-robot/ament_ws/install/tf2_web_republisher_py/share/tf2_web_republisher_py
[7.754s] running install_egg_info
[7.756s] Copying ../../../build/tf2_web_republisher_py/tf2_web_republisher_py.egg-info to /home/hello-robot/ament_ws/install/tf2_web_republisher_py/lib/python3.10/site-packages/tf2_web_republisher_py-0.0.0-py3.10.egg-info
[7.758s] running install_scripts
[7.841s] Installing tf2_web_republisher script to /home/hello-robot/ament_ws/install/tf2_web_republisher_py/lib/tf2_web_republisher_py
[8.269s] writing list of installed files to '/home/hello-robot/ament_ws/build/tf2_web_republisher_py/install.log'
[8.271s] Invoked command in '/home/hello-robot/ament_ws/src/tf2_web_republisher_py/tf2_web_republisher_py' returned '0': PYTHONPATH=/home/hello-robot/ament_ws/build/tf2_web_republisher_py/prefix_override:/home/hello-robot/ament_ws/install/tf2_web_republisher_py/lib/python3.10/site-packages:${PYTHONPATH} /usr/bin/python3 setup.py egg_info --egg-base ../../../build/tf2_web_republisher_py build --build-base /home/hello-robot/ament_ws/build/tf2_web_republisher_py/build install --record /home/hello-robot/ament_ws/build/tf2_web_republisher_py/install.log --install-scripts $base/lib/tf2_web_republisher_py --single-version-externally-managed
