/home/hello-robot/ament_ws/install/hello_helpers/lib/python3.10/site-packages/hello_helpers/hello_misc.py
/home/hello-robot/ament_ws/install/hello_helpers/lib/python3.10/site-packages/hello_helpers/__init__.py
/home/hello-robot/ament_ws/install/hello_helpers/lib/python3.10/site-packages/hello_helpers/gripper_conversion.py
/home/hello-robot/ament_ws/install/hello_helpers/lib/python3.10/site-packages/hello_helpers/hello_ros_viz.py
/home/hello-robot/ament_ws/install/hello_helpers/lib/python3.10/site-packages/hello_helpers/simple_command_group.py
/home/hello-robot/ament_ws/install/hello_helpers/lib/python3.10/site-packages/hello_helpers/fit_plane.py
/home/hello-robot/ament_ws/install/hello_helpers/lib/python3.10/site-packages/hello_helpers/__pycache__/hello_misc.cpython-310.pyc
/home/hello-robot/ament_ws/install/hello_helpers/lib/python3.10/site-packages/hello_helpers/__pycache__/__init__.cpython-310.pyc
/home/hello-robot/ament_ws/install/hello_helpers/lib/python3.10/site-packages/hello_helpers/__pycache__/gripper_conversion.cpython-310.pyc
/home/hello-robot/ament_ws/install/hello_helpers/lib/python3.10/site-packages/hello_helpers/__pycache__/hello_ros_viz.cpython-310.pyc
/home/hello-robot/ament_ws/install/hello_helpers/lib/python3.10/site-packages/hello_helpers/__pycache__/simple_command_group.cpython-310.pyc
/home/hello-robot/ament_ws/install/hello_helpers/lib/python3.10/site-packages/hello_helpers/__pycache__/fit_plane.cpython-310.pyc
/home/hello-robot/ament_ws/install/hello_helpers/share/ament_index/resource_index/packages/hello_helpers
/home/hello-robot/ament_ws/install/hello_helpers/share/hello_helpers/package.xml
/home/hello-robot/ament_ws/install/hello_helpers/lib/python3.10/site-packages/hello_helpers-0.2.0-py3.10.egg-info/PKG-INFO
/home/hello-robot/ament_ws/install/hello_helpers/lib/python3.10/site-packages/hello_helpers-0.2.0-py3.10.egg-info/dependency_links.txt
/home/hello-robot/ament_ws/install/hello_helpers/lib/python3.10/site-packages/hello_helpers-0.2.0-py3.10.egg-info/requires.txt
/home/hello-robot/ament_ws/install/hello_helpers/lib/python3.10/site-packages/hello_helpers-0.2.0-py3.10.egg-info/SOURCES.txt
/home/hello-robot/ament_ws/install/hello_helpers/lib/python3.10/site-packages/hello_helpers-0.2.0-py3.10.egg-info/top_level.txt
/home/hello-robot/ament_ws/install/hello_helpers/lib/python3.10/site-packages/hello_helpers-0.2.0-py3.10.egg-info/entry_points.txt
/home/hello-robot/ament_ws/install/hello_helpers/lib/hello_helpers/configure_wrist
