running egg_info
creating ../../../build/stretch_calibration/stretch_calibration.egg-info
writing ../../../build/stretch_calibration/stretch_calibration.egg-info/PKG-INFO
writing dependency_links to ../../../build/stretch_calibration/stretch_calibration.egg-info/dependency_links.txt
writing entry points to ../../../build/stretch_calibration/stretch_calibration.egg-info/entry_points.txt
writing requirements to ../../../build/stretch_calibration/stretch_calibration.egg-info/requires.txt
writing top-level names to ../../../build/stretch_calibration/stretch_calibration.egg-info/top_level.txt
writing manifest file '../../../build/stretch_calibration/stretch_calibration.egg-info/SOURCES.txt'
adding license file 'LICENSE.md'
writing manifest file '../../../build/stretch_calibration/stretch_calibration.egg-info/SOURCES.txt'
running build
running build_py
creating /home/hello-robot/ament_ws/build/stretch_calibration/build
creating /home/hello-robot/ament_ws/build/stretch_calibration/build/lib
creating /home/hello-robot/ament_ws/build/stretch_calibration/build/lib/stretch_calibration
copying stretch_calibration/check_head_calibration.py -> /home/hello-robot/ament_ws/build/stretch_calibration/build/lib/stretch_calibration
copying stretch_calibration/__init__.py -> /home/hello-robot/ament_ws/build/stretch_calibration/build/lib/stretch_calibration
copying stretch_calibration/update_with_most_recent_calibration.py -> /home/hello-robot/ament_ws/build/stretch_calibration/build/lib/stretch_calibration
copying stretch_calibration/process_head_calibration_data.py -> /home/hello-robot/ament_ws/build/stretch_calibration/build/lib/stretch_calibration
copying stretch_calibration/calibration.py -> /home/hello-robot/ament_ws/build/stretch_calibration/build/lib/stretch_calibration
copying stretch_calibration/revert_to_previous_calibration.py -> /home/hello-robot/ament_ws/build/stretch_calibration/build/lib/stretch_calibration
copying stretch_calibration/update_urdf_after_xacro_change.py -> /home/hello-robot/ament_ws/build/stretch_calibration/build/lib/stretch_calibration
copying stretch_calibration/collect_head_calibration_data.py -> /home/hello-robot/ament_ws/build/stretch_calibration/build/lib/stretch_calibration
copying stretch_calibration/visualize_most_recent_head_calibration.py -> /home/hello-robot/ament_ws/build/stretch_calibration/build/lib/stretch_calibration
copying stretch_calibration/update_uncalibrated_urdf.py -> /home/hello-robot/ament_ws/build/stretch_calibration/build/lib/stretch_calibration
running install
running install_lib
creating /home/hello-robot/ament_ws/install/stretch_calibration/lib/python3.10/site-packages/stretch_calibration
copying /home/hello-robot/ament_ws/build/stretch_calibration/build/lib/stretch_calibration/check_head_calibration.py -> /home/hello-robot/ament_ws/install/stretch_calibration/lib/python3.10/site-packages/stretch_calibration
copying /home/hello-robot/ament_ws/build/stretch_calibration/build/lib/stretch_calibration/__init__.py -> /home/hello-robot/ament_ws/install/stretch_calibration/lib/python3.10/site-packages/stretch_calibration
copying /home/hello-robot/ament_ws/build/stretch_calibration/build/lib/stretch_calibration/update_with_most_recent_calibration.py -> /home/hello-robot/ament_ws/install/stretch_calibration/lib/python3.10/site-packages/stretch_calibration
copying /home/hello-robot/ament_ws/build/stretch_calibration/build/lib/stretch_calibration/process_head_calibration_data.py -> /home/hello-robot/ament_ws/install/stretch_calibration/lib/python3.10/site-packages/stretch_calibration
copying /home/hello-robot/ament_ws/build/stretch_calibration/build/lib/stretch_calibration/calibration.py -> /home/hello-robot/ament_ws/install/stretch_calibration/lib/python3.10/site-packages/stretch_calibration
copying /home/hello-robot/ament_ws/build/stretch_calibration/build/lib/stretch_calibration/revert_to_previous_calibration.py -> /home/hello-robot/ament_ws/install/stretch_calibration/lib/python3.10/site-packages/stretch_calibration
copying /home/hello-robot/ament_ws/build/stretch_calibration/build/lib/stretch_calibration/update_urdf_after_xacro_change.py -> /home/hello-robot/ament_ws/install/stretch_calibration/lib/python3.10/site-packages/stretch_calibration
copying /home/hello-robot/ament_ws/build/stretch_calibration/build/lib/stretch_calibration/collect_head_calibration_data.py -> /home/hello-robot/ament_ws/install/stretch_calibration/lib/python3.10/site-packages/stretch_calibration
copying /home/hello-robot/ament_ws/build/stretch_calibration/build/lib/stretch_calibration/visualize_most_recent_head_calibration.py -> /home/hello-robot/ament_ws/install/stretch_calibration/lib/python3.10/site-packages/stretch_calibration
copying /home/hello-robot/ament_ws/build/stretch_calibration/build/lib/stretch_calibration/update_uncalibrated_urdf.py -> /home/hello-robot/ament_ws/install/stretch_calibration/lib/python3.10/site-packages/stretch_calibration
byte-compiling /home/hello-robot/ament_ws/install/stretch_calibration/lib/python3.10/site-packages/stretch_calibration/check_head_calibration.py to check_head_calibration.cpython-310.pyc
byte-compiling /home/hello-robot/ament_ws/install/stretch_calibration/lib/python3.10/site-packages/stretch_calibration/__init__.py to __init__.cpython-310.pyc
byte-compiling /home/hello-robot/ament_ws/install/stretch_calibration/lib/python3.10/site-packages/stretch_calibration/update_with_most_recent_calibration.py to update_with_most_recent_calibration.cpython-310.pyc
byte-compiling /home/hello-robot/ament_ws/install/stretch_calibration/lib/python3.10/site-packages/stretch_calibration/process_head_calibration_data.py to process_head_calibration_data.cpython-310.pyc
byte-compiling /home/hello-robot/ament_ws/install/stretch_calibration/lib/python3.10/site-packages/stretch_calibration/calibration.py to calibration.cpython-310.pyc
byte-compiling /home/hello-robot/ament_ws/install/stretch_calibration/lib/python3.10/site-packages/stretch_calibration/revert_to_previous_calibration.py to revert_to_previous_calibration.cpython-310.pyc
byte-compiling /home/hello-robot/ament_ws/install/stretch_calibration/lib/python3.10/site-packages/stretch_calibration/update_urdf_after_xacro_change.py to update_urdf_after_xacro_change.cpython-310.pyc
byte-compiling /home/hello-robot/ament_ws/install/stretch_calibration/lib/python3.10/site-packages/stretch_calibration/collect_head_calibration_data.py to collect_head_calibration_data.cpython-310.pyc
byte-compiling /home/hello-robot/ament_ws/install/stretch_calibration/lib/python3.10/site-packages/stretch_calibration/visualize_most_recent_head_calibration.py to visualize_most_recent_head_calibration.cpython-310.pyc
byte-compiling /home/hello-robot/ament_ws/install/stretch_calibration/lib/python3.10/site-packages/stretch_calibration/update_uncalibrated_urdf.py to update_uncalibrated_urdf.cpython-310.pyc
running install_data
creating /home/hello-robot/ament_ws/install/stretch_calibration/share/ament_index
creating /home/hello-robot/ament_ws/install/stretch_calibration/share/ament_index/resource_index
creating /home/hello-robot/ament_ws/install/stretch_calibration/share/ament_index/resource_index/packages
copying resource/stretch_calibration -> /home/hello-robot/ament_ws/install/stretch_calibration/share/ament_index/resource_index/packages
copying package.xml -> /home/hello-robot/ament_ws/install/stretch_calibration/share/stretch_calibration
creating /home/hello-robot/ament_ws/install/stretch_calibration/share/stretch_calibration/launch
copying launch/simple_test_head_calibration_low_resolution.launch.py -> /home/hello-robot/ament_ws/install/stretch_calibration/share/stretch_calibration/launch
copying launch/simple_test_head_calibration.launch.py -> /home/hello-robot/ament_ws/install/stretch_calibration/share/stretch_calibration/launch
copying launch/collect_head_calibration_data.launch.py -> /home/hello-robot/ament_ws/install/stretch_calibration/share/stretch_calibration/launch
copying launch/process_head_calibration_data.launch.py -> /home/hello-robot/ament_ws/install/stretch_calibration/share/stretch_calibration/launch
copying launch/check_head_calibration.launch.py -> /home/hello-robot/ament_ws/install/stretch_calibration/share/stretch_calibration/launch
copying launch/visualize_head_calibration.launch.py -> /home/hello-robot/ament_ws/install/stretch_calibration/share/stretch_calibration/launch
copying launch/use_prior_head_calibration_to_update_urdf.launch.py -> /home/hello-robot/ament_ws/install/stretch_calibration/share/stretch_calibration/launch
copying launch/collect_check_head_calibration_data.launch.py -> /home/hello-robot/ament_ws/install/stretch_calibration/share/stretch_calibration/launch
copying launch/process_head_calibration_data_with_visualization.launch.py -> /home/hello-robot/ament_ws/install/stretch_calibration/share/stretch_calibration/launch
creating /home/hello-robot/ament_ws/install/stretch_calibration/share/stretch_calibration/config
copying config/head_calibration_options.yaml -> /home/hello-robot/ament_ws/install/stretch_calibration/share/stretch_calibration/config
creating /home/hello-robot/ament_ws/install/stretch_calibration/share/stretch_calibration/rviz
copying rviz/stretch_simple_test.rviz -> /home/hello-robot/ament_ws/install/stretch_calibration/share/stretch_calibration/rviz
copying rviz/head_calibration.rviz -> /home/hello-robot/ament_ws/install/stretch_calibration/share/stretch_calibration/rviz
running install_egg_info
Copying ../../../build/stretch_calibration/stretch_calibration.egg-info to /home/hello-robot/ament_ws/install/stretch_calibration/lib/python3.10/site-packages/stretch_calibration-0.2.0-py3.10.egg-info
running install_scripts
Installing check_head_calibration script to /home/hello-robot/ament_ws/install/stretch_calibration/lib/stretch_calibration
Installing collect_head_calibration_data script to /home/hello-robot/ament_ws/install/stretch_calibration/lib/stretch_calibration
Installing process_head_calibration_data script to /home/hello-robot/ament_ws/install/stretch_calibration/lib/stretch_calibration
Installing revert_to_previous_calibration script to /home/hello-robot/ament_ws/install/stretch_calibration/lib/stretch_calibration
Installing update_uncalibrated_urdf script to /home/hello-robot/ament_ws/install/stretch_calibration/lib/stretch_calibration
Installing update_urdf_after_xacro_change script to /home/hello-robot/ament_ws/install/stretch_calibration/lib/stretch_calibration
Installing update_with_most_recent_calibration script to /home/hello-robot/ament_ws/install/stretch_calibration/lib/stretch_calibration
Installing visualize_most_recent_head_calibration script to /home/hello-robot/ament_ws/install/stretch_calibration/lib/stretch_calibration
writing list of installed files to '/home/hello-robot/ament_ws/build/stretch_calibration/install.log'
