[0.675s] Invoking command in '/home/hello-robot/ament_ws/src/stretch_ros2/stretch_calibration': AMENT_PREFIX_PATH=/home/hello-robot/ament_ws/install/stretch_core:/home/hello-robot/ament_ws/install/hello_helpers:/home/hello-robot/ament_ws/install/tf2_web_republisher_py:/home/hello-robot/ament_ws/install/tf2_web_republisher:/home/hello-robot/ament_ws/install/stretch_web_teleop:/home/hello-robot/ament_ws/install/stretch_teleop_interface_msgs:/home/hello-robot/ament_ws/install/stretch_rtabmap:/home/hello-robot/ament_ws/install/stretch_ros_tutorials:/home/hello-robot/ament_ws/install/stretch_nav2:/home/hello-robot/ament_ws/install/stretch_funmap:/home/hello-robot/ament_ws/install/stretch_calibration:/home/hello-robot/ament_ws/install/stretch_description:/home/hello-robot/ament_ws/install/stretch_demos:/home/hello-robot/ament_ws/install/stretch_deep_perception:/home/hello-robot/ament_ws/install/respeaker_ros2:/home/hello-robot/ament_ws/install/speech_recognition_msgs:/home/hello-robot/ament_ws/install/sound_play_msgs:/home/hello-robot/ament_ws/install/audio_common:/home/hello-robot/ament_ws/install/sound_play:/home/hello-robot/ament_ws/install/sllidar_ros2:/home/hello-robot/ament_ws/install/rosbridge_test_msgs:/home/hello-robot/ament_ws/install/rosbridge_suite:/home/hello-robot/ament_ws/install/rosbridge_server:/home/hello-robot/ament_ws/install/rosbridge_msgs:/home/hello-robot/ament_ws/install/rosapi:/home/hello-robot/ament_ws/install/rosbridge_library:/home/hello-robot/ament_ws/install/rosapi_msgs:/home/hello-robot/ament_ws/install/ros2_numpy:/home/hello-robot/ament_ws/install/realsense2_description:/home/hello-robot/ament_ws/install/realsense2_camera:/home/hello-robot/ament_ws/install/realsense2_camera_msgs:/home/hello-robot/ament_ws/install/audio_play:/home/hello-robot/ament_ws/install/audio_capture:/home/hello-robot/ament_ws/install/audio_common_msgs:/opt/ros/humble CMAKE_PREFIX_PATH=/home/hello-robot/ament_ws/install/stretch_description:/home/hello-robot/ament_ws/install/realsense2_description:/home/hello-robot/ament_ws/install/realsense2_camera:/home/hello-robot/ament_ws/install/ros2_numpy:/home/hello-robot/ament_ws/install/realsense2_camera_msgs:/home/hello-robot/ament_ws/install/tf2_web_republisher:/home/hello-robot/ament_ws/install/stretch_web_teleop:/home/hello-robot/ament_ws/install/stretch_teleop_interface_msgs:/home/hello-robot/ament_ws/install/stretch_rtabmap:/home/hello-robot/ament_ws/install/stretch_nav2:/home/hello-robot/ament_ws/install/speech_recognition_msgs:/home/hello-robot/ament_ws/install/sound_play_msgs:/home/hello-robot/ament_ws/install/audio_common:/home/hello-robot/ament_ws/install/sound_play:/home/hello-robot/ament_ws/install/sllidar_ros2:/home/hello-robot/ament_ws/install/rosbridge_test_msgs:/home/hello-robot/ament_ws/install/rosbridge_suite:/home/hello-robot/ament_ws/install/rosbridge_server:/home/hello-robot/ament_ws/install/rosbridge_msgs:/home/hello-robot/ament_ws/install/rosapi:/home/hello-robot/ament_ws/install/rosbridge_library:/home/hello-robot/ament_ws/install/rosapi_msgs:/home/hello-robot/ament_ws/install/audio_play:/home/hello-robot/ament_ws/install/audio_capture:/home/hello-robot/ament_ws/install/audio_common_msgs LD_LIBRARY_PATH=/home/hello-robot/ament_ws/install/realsense2_camera/lib:/home/hello-robot/ament_ws/install/realsense2_camera_msgs/lib:/home/hello-robot/ament_ws/install/tf2_web_republisher/lib:/home/hello-robot/ament_ws/install/stretch_teleop_interface_msgs/lib:/home/hello-robot/ament_ws/install/speech_recognition_msgs/lib:/home/hello-robot/ament_ws/install/sound_play_msgs/lib:/home/hello-robot/ament_ws/install/rosbridge_test_msgs/lib:/home/hello-robot/ament_ws/install/rosbridge_msgs/lib:/home/hello-robot/ament_ws/install/rosapi_msgs/lib:/home/hello-robot/ament_ws/install/audio_play/lib:/home/hello-robot/ament_ws/install/audio_capture/lib:/home/hello-robot/ament_ws/install/audio_common_msgs/lib:/usr/lib/x86_64-linux-gnu/gazebo-11/plugins:/opt/ros/humble/opt/rviz_ogre_vendor/lib:/opt/ros/humble/lib/x86_64-linux-gnu:/opt/ros/humble/lib PYTHONPATH=/home/hello-robot/ament_ws/build/stretch_calibration/prefix_override:/home/hello-robot/ament_ws/install/stretch_calibration/lib/python3.10/site-packages:/home/hello-robot/ament_ws/install/stretch_core/lib/python3.10/site-packages:/home/hello-robot/ament_ws/install/hello_helpers/lib/python3.10/site-packages:/home/hello-robot/ament_ws/install/tf2_web_republisher_py/lib/python3.10/site-packages:/home/hello-robot/ament_ws/install/tf2_web_republisher/local/lib/python3.10/dist-packages:/home/hello-robot/ament_ws/install/stretch_teleop_interface_msgs/local/lib/python3.10/dist-packages:/home/hello-robot/ament_ws/install/stretch_ros_tutorials/lib/python3.10/site-packages:/home/hello-robot/ament_ws/install/stretch_nav2/local/lib/python3.10/dist-packages:/home/hello-robot/ament_ws/install/stretch_funmap/lib/python3.10/site-packages:/home/hello-robot/ament_ws/install/stretch_calibration/lib/python3.10/site-packages:/home/hello-robot/ament_ws/install/stretch_demos/lib/python3.10/site-packages:/home/hello-robot/ament_ws/install/stretch_deep_perception/lib/python3.10/site-packages:/home/hello-robot/ament_ws/install/respeaker_ros2/lib/python3.10/site-packages:/home/hello-robot/ament_ws/install/speech_recognition_msgs/local/lib/python3.10/dist-packages:/home/hello-robot/ament_ws/install/sound_play_msgs/local/lib/python3.10/dist-packages:/home/hello-robot/ament_ws/install/sound_play/local/lib/python3.10/dist-packages:/home/hello-robot/ament_ws/install/rosbridge_test_msgs/local/lib/python3.10/dist-packages:/home/hello-robot/ament_ws/install/rosbridge_server/local/lib/python3.10/dist-packages:/home/hello-robot/ament_ws/install/rosbridge_msgs/local/lib/python3.10/dist-packages:/home/hello-robot/ament_ws/install/rosapi/local/lib/python3.10/dist-packages:/home/hello-robot/ament_ws/install/rosbridge_library/local/lib/python3.10/dist-packages:/home/hello-robot/ament_ws/install/rosapi_msgs/local/lib/python3.10/dist-packages:/home/hello-robot/ament_ws/install/ros2_numpy/local/lib/python3.10/dist-packages:/home/hello-robot/ament_ws/install/realsense2_camera_msgs/local/lib/python3.10/dist-packages:/home/hello-robot/ament_ws/install/audio_common_msgs/local/lib/python3.10/dist-packages:/opt/ros/humble/lib/python3.10/site-packages:/opt/ros/humble/local/lib/python3.10/dist-packages /usr/bin/python3 setup.py egg_info --egg-base ../../../build/stretch_calibration build --build-base /home/hello-robot/ament_ws/build/stretch_calibration/build install --record /home/hello-robot/ament_ws/build/stretch_calibration/install.log --single-version-externally-managed
[0.876s] /home/hello-robot/.local/lib/python3.10/site-packages/setuptools_scm/_integration/setuptools.py:30: RuntimeWarning: 
[0.876s] ERROR: setuptools==59.6.0 is used in combination with setuptools_scm>=8.x
[0.876s] 
[0.876s] Your build configuration is incomplete and previously worked by accident!
[0.876s] setuptools_scm requires setuptools>=61
[0.876s] 
[0.876s] Suggested workaround if applicable:
[0.876s]  - migrating from the deprecated setup_requires mechanism to pep517/518
[0.876s]    and using a pyproject.toml to declare build dependencies
[0.876s]    which are reliably pre-installed before running the build tools
[0.876s] 
[0.876s]   warnings.warn(
[0.888s] running egg_info
[0.888s] creating ../../../build/stretch_calibration/stretch_calibration.egg-info
[0.888s] writing ../../../build/stretch_calibration/stretch_calibration.egg-info/PKG-INFO
[0.888s] writing dependency_links to ../../../build/stretch_calibration/stretch_calibration.egg-info/dependency_links.txt
[0.889s] writing entry points to ../../../build/stretch_calibration/stretch_calibration.egg-info/entry_points.txt
[0.889s] writing requirements to ../../../build/stretch_calibration/stretch_calibration.egg-info/requires.txt
[0.889s] writing top-level names to ../../../build/stretch_calibration/stretch_calibration.egg-info/top_level.txt
[0.889s] writing manifest file '../../../build/stretch_calibration/stretch_calibration.egg-info/SOURCES.txt'
[1.576s] adding license file 'LICENSE.md'
[1.576s] writing manifest file '../../../build/stretch_calibration/stretch_calibration.egg-info/SOURCES.txt'
[1.576s] running build
[1.576s] running build_py
[1.576s] creating /home/hello-robot/ament_ws/build/stretch_calibration/build
[1.576s] creating /home/hello-robot/ament_ws/build/stretch_calibration/build/lib
[1.576s] creating /home/hello-robot/ament_ws/build/stretch_calibration/build/lib/stretch_calibration
[1.576s] copying stretch_calibration/check_head_calibration.py -> /home/hello-robot/ament_ws/build/stretch_calibration/build/lib/stretch_calibration
[1.576s] copying stretch_calibration/__init__.py -> /home/hello-robot/ament_ws/build/stretch_calibration/build/lib/stretch_calibration
[1.576s] copying stretch_calibration/update_with_most_recent_calibration.py -> /home/hello-robot/ament_ws/build/stretch_calibration/build/lib/stretch_calibration
[1.576s] copying stretch_calibration/process_head_calibration_data.py -> /home/hello-robot/ament_ws/build/stretch_calibration/build/lib/stretch_calibration
[1.576s] copying stretch_calibration/calibration.py -> /home/hello-robot/ament_ws/build/stretch_calibration/build/lib/stretch_calibration
[1.577s] copying stretch_calibration/revert_to_previous_calibration.py -> /home/hello-robot/ament_ws/build/stretch_calibration/build/lib/stretch_calibration
[1.577s] copying stretch_calibration/update_urdf_after_xacro_change.py -> /home/hello-robot/ament_ws/build/stretch_calibration/build/lib/stretch_calibration
[1.577s] copying stretch_calibration/collect_head_calibration_data.py -> /home/hello-robot/ament_ws/build/stretch_calibration/build/lib/stretch_calibration
[1.577s] copying stretch_calibration/visualize_most_recent_head_calibration.py -> /home/hello-robot/ament_ws/build/stretch_calibration/build/lib/stretch_calibration
[1.577s] copying stretch_calibration/update_uncalibrated_urdf.py -> /home/hello-robot/ament_ws/build/stretch_calibration/build/lib/stretch_calibration
[1.577s] running install
[1.577s] running install_lib
[1.578s] creating /home/hello-robot/ament_ws/install/stretch_calibration/lib/python3.10/site-packages/stretch_calibration
[1.578s] copying /home/hello-robot/ament_ws/build/stretch_calibration/build/lib/stretch_calibration/check_head_calibration.py -> /home/hello-robot/ament_ws/install/stretch_calibration/lib/python3.10/site-packages/stretch_calibration
[1.578s] copying /home/hello-robot/ament_ws/build/stretch_calibration/build/lib/stretch_calibration/__init__.py -> /home/hello-robot/ament_ws/install/stretch_calibration/lib/python3.10/site-packages/stretch_calibration
[1.578s] copying /home/hello-robot/ament_ws/build/stretch_calibration/build/lib/stretch_calibration/update_with_most_recent_calibration.py -> /home/hello-robot/ament_ws/install/stretch_calibration/lib/python3.10/site-packages/stretch_calibration
[1.578s] copying /home/hello-robot/ament_ws/build/stretch_calibration/build/lib/stretch_calibration/process_head_calibration_data.py -> /home/hello-robot/ament_ws/install/stretch_calibration/lib/python3.10/site-packages/stretch_calibration
[1.578s] copying /home/hello-robot/ament_ws/build/stretch_calibration/build/lib/stretch_calibration/calibration.py -> /home/hello-robot/ament_ws/install/stretch_calibration/lib/python3.10/site-packages/stretch_calibration
[1.578s] copying /home/hello-robot/ament_ws/build/stretch_calibration/build/lib/stretch_calibration/revert_to_previous_calibration.py -> /home/hello-robot/ament_ws/install/stretch_calibration/lib/python3.10/site-packages/stretch_calibration
[1.578s] copying /home/hello-robot/ament_ws/build/stretch_calibration/build/lib/stretch_calibration/update_urdf_after_xacro_change.py -> /home/hello-robot/ament_ws/install/stretch_calibration/lib/python3.10/site-packages/stretch_calibration
[1.578s] copying /home/hello-robot/ament_ws/build/stretch_calibration/build/lib/stretch_calibration/collect_head_calibration_data.py -> /home/hello-robot/ament_ws/install/stretch_calibration/lib/python3.10/site-packages/stretch_calibration
[1.578s] copying /home/hello-robot/ament_ws/build/stretch_calibration/build/lib/stretch_calibration/visualize_most_recent_head_calibration.py -> /home/hello-robot/ament_ws/install/stretch_calibration/lib/python3.10/site-packages/stretch_calibration
[1.578s] copying /home/hello-robot/ament_ws/build/stretch_calibration/build/lib/stretch_calibration/update_uncalibrated_urdf.py -> /home/hello-robot/ament_ws/install/stretch_calibration/lib/python3.10/site-packages/stretch_calibration
[1.579s] byte-compiling /home/hello-robot/ament_ws/install/stretch_calibration/lib/python3.10/site-packages/stretch_calibration/check_head_calibration.py to check_head_calibration.cpython-310.pyc
[1.579s] byte-compiling /home/hello-robot/ament_ws/install/stretch_calibration/lib/python3.10/site-packages/stretch_calibration/__init__.py to __init__.cpython-310.pyc
[1.579s] byte-compiling /home/hello-robot/ament_ws/install/stretch_calibration/lib/python3.10/site-packages/stretch_calibration/update_with_most_recent_calibration.py to update_with_most_recent_calibration.cpython-310.pyc
[1.580s] byte-compiling /home/hello-robot/ament_ws/install/stretch_calibration/lib/python3.10/site-packages/stretch_calibration/process_head_calibration_data.py to process_head_calibration_data.cpython-310.pyc
[1.583s] byte-compiling /home/hello-robot/ament_ws/install/stretch_calibration/lib/python3.10/site-packages/stretch_calibration/calibration.py to calibration.cpython-310.pyc
[1.584s] byte-compiling /home/hello-robot/ament_ws/install/stretch_calibration/lib/python3.10/site-packages/stretch_calibration/revert_to_previous_calibration.py to revert_to_previous_calibration.cpython-310.pyc
[1.584s] byte-compiling /home/hello-robot/ament_ws/install/stretch_calibration/lib/python3.10/site-packages/stretch_calibration/update_urdf_after_xacro_change.py to update_urdf_after_xacro_change.cpython-310.pyc
[1.585s] byte-compiling /home/hello-robot/ament_ws/install/stretch_calibration/lib/python3.10/site-packages/stretch_calibration/collect_head_calibration_data.py to collect_head_calibration_data.cpython-310.pyc
[1.587s] byte-compiling /home/hello-robot/ament_ws/install/stretch_calibration/lib/python3.10/site-packages/stretch_calibration/visualize_most_recent_head_calibration.py to visualize_most_recent_head_calibration.cpython-310.pyc
[1.587s] byte-compiling /home/hello-robot/ament_ws/install/stretch_calibration/lib/python3.10/site-packages/stretch_calibration/update_uncalibrated_urdf.py to update_uncalibrated_urdf.cpython-310.pyc
[1.587s] running install_data
[1.588s] creating /home/hello-robot/ament_ws/install/stretch_calibration/share/ament_index
[1.588s] creating /home/hello-robot/ament_ws/install/stretch_calibration/share/ament_index/resource_index
[1.588s] creating /home/hello-robot/ament_ws/install/stretch_calibration/share/ament_index/resource_index/packages
[1.588s] copying resource/stretch_calibration -> /home/hello-robot/ament_ws/install/stretch_calibration/share/ament_index/resource_index/packages
[1.588s] copying package.xml -> /home/hello-robot/ament_ws/install/stretch_calibration/share/stretch_calibration
[1.588s] creating /home/hello-robot/ament_ws/install/stretch_calibration/share/stretch_calibration/launch
[1.588s] copying launch/simple_test_head_calibration_low_resolution.launch.py -> /home/hello-robot/ament_ws/install/stretch_calibration/share/stretch_calibration/launch
[1.588s] copying launch/simple_test_head_calibration.launch.py -> /home/hello-robot/ament_ws/install/stretch_calibration/share/stretch_calibration/launch
[1.588s] copying launch/collect_head_calibration_data.launch.py -> /home/hello-robot/ament_ws/install/stretch_calibration/share/stretch_calibration/launch
[1.588s] copying launch/process_head_calibration_data.launch.py -> /home/hello-robot/ament_ws/install/stretch_calibration/share/stretch_calibration/launch
[1.588s] copying launch/check_head_calibration.launch.py -> /home/hello-robot/ament_ws/install/stretch_calibration/share/stretch_calibration/launch
[1.588s] copying launch/visualize_head_calibration.launch.py -> /home/hello-robot/ament_ws/install/stretch_calibration/share/stretch_calibration/launch
[1.588s] copying launch/use_prior_head_calibration_to_update_urdf.launch.py -> /home/hello-robot/ament_ws/install/stretch_calibration/share/stretch_calibration/launch
[1.588s] copying launch/collect_check_head_calibration_data.launch.py -> /home/hello-robot/ament_ws/install/stretch_calibration/share/stretch_calibration/launch
[1.588s] copying launch/process_head_calibration_data_with_visualization.launch.py -> /home/hello-robot/ament_ws/install/stretch_calibration/share/stretch_calibration/launch
[1.588s] creating /home/hello-robot/ament_ws/install/stretch_calibration/share/stretch_calibration/config
[1.588s] copying config/head_calibration_options.yaml -> /home/hello-robot/ament_ws/install/stretch_calibration/share/stretch_calibration/config
[1.588s] creating /home/hello-robot/ament_ws/install/stretch_calibration/share/stretch_calibration/rviz
[1.588s] copying rviz/stretch_simple_test.rviz -> /home/hello-robot/ament_ws/install/stretch_calibration/share/stretch_calibration/rviz
[1.588s] copying rviz/head_calibration.rviz -> /home/hello-robot/ament_ws/install/stretch_calibration/share/stretch_calibration/rviz
[1.588s] running install_egg_info
[1.589s] Copying ../../../build/stretch_calibration/stretch_calibration.egg-info to /home/hello-robot/ament_ws/install/stretch_calibration/lib/python3.10/site-packages/stretch_calibration-0.2.0-py3.10.egg-info
[1.589s] running install_scripts
[1.601s] Installing check_head_calibration script to /home/hello-robot/ament_ws/install/stretch_calibration/lib/stretch_calibration
[1.601s] Installing collect_head_calibration_data script to /home/hello-robot/ament_ws/install/stretch_calibration/lib/stretch_calibration
[1.602s] Installing process_head_calibration_data script to /home/hello-robot/ament_ws/install/stretch_calibration/lib/stretch_calibration
[1.602s] Installing revert_to_previous_calibration script to /home/hello-robot/ament_ws/install/stretch_calibration/lib/stretch_calibration
[1.602s] Installing update_uncalibrated_urdf script to /home/hello-robot/ament_ws/install/stretch_calibration/lib/stretch_calibration
[1.602s] Installing update_urdf_after_xacro_change script to /home/hello-robot/ament_ws/install/stretch_calibration/lib/stretch_calibration
[1.602s] Installing update_with_most_recent_calibration script to /home/hello-robot/ament_ws/install/stretch_calibration/lib/stretch_calibration
[1.602s] Installing visualize_most_recent_head_calibration script to /home/hello-robot/ament_ws/install/stretch_calibration/lib/stretch_calibration
[1.602s] writing list of installed files to '/home/hello-robot/ament_ws/build/stretch_calibration/install.log'
[1.627s] Invoked command in '/home/hello-robot/ament_ws/src/stretch_ros2/stretch_calibration' returned '0': AMENT_PREFIX_PATH=/home/hello-robot/ament_ws/install/stretch_core:/home/hello-robot/ament_ws/install/hello_helpers:/home/hello-robot/ament_ws/install/tf2_web_republisher_py:/home/hello-robot/ament_ws/install/tf2_web_republisher:/home/hello-robot/ament_ws/install/stretch_web_teleop:/home/hello-robot/ament_ws/install/stretch_teleop_interface_msgs:/home/hello-robot/ament_ws/install/stretch_rtabmap:/home/hello-robot/ament_ws/install/stretch_ros_tutorials:/home/hello-robot/ament_ws/install/stretch_nav2:/home/hello-robot/ament_ws/install/stretch_funmap:/home/hello-robot/ament_ws/install/stretch_calibration:/home/hello-robot/ament_ws/install/stretch_description:/home/hello-robot/ament_ws/install/stretch_demos:/home/hello-robot/ament_ws/install/stretch_deep_perception:/home/hello-robot/ament_ws/install/respeaker_ros2:/home/hello-robot/ament_ws/install/speech_recognition_msgs:/home/hello-robot/ament_ws/install/sound_play_msgs:/home/hello-robot/ament_ws/install/audio_common:/home/hello-robot/ament_ws/install/sound_play:/home/hello-robot/ament_ws/install/sllidar_ros2:/home/hello-robot/ament_ws/install/rosbridge_test_msgs:/home/hello-robot/ament_ws/install/rosbridge_suite:/home/hello-robot/ament_ws/install/rosbridge_server:/home/hello-robot/ament_ws/install/rosbridge_msgs:/home/hello-robot/ament_ws/install/rosapi:/home/hello-robot/ament_ws/install/rosbridge_library:/home/hello-robot/ament_ws/install/rosapi_msgs:/home/hello-robot/ament_ws/install/ros2_numpy:/home/hello-robot/ament_ws/install/realsense2_description:/home/hello-robot/ament_ws/install/realsense2_camera:/home/hello-robot/ament_ws/install/realsense2_camera_msgs:/home/hello-robot/ament_ws/install/audio_play:/home/hello-robot/ament_ws/install/audio_capture:/home/hello-robot/ament_ws/install/audio_common_msgs:/opt/ros/humble CMAKE_PREFIX_PATH=/home/hello-robot/ament_ws/install/stretch_description:/home/hello-robot/ament_ws/install/realsense2_description:/home/hello-robot/ament_ws/install/realsense2_camera:/home/hello-robot/ament_ws/install/ros2_numpy:/home/hello-robot/ament_ws/install/realsense2_camera_msgs:/home/hello-robot/ament_ws/install/tf2_web_republisher:/home/hello-robot/ament_ws/install/stretch_web_teleop:/home/hello-robot/ament_ws/install/stretch_teleop_interface_msgs:/home/hello-robot/ament_ws/install/stretch_rtabmap:/home/hello-robot/ament_ws/install/stretch_nav2:/home/hello-robot/ament_ws/install/speech_recognition_msgs:/home/hello-robot/ament_ws/install/sound_play_msgs:/home/hello-robot/ament_ws/install/audio_common:/home/hello-robot/ament_ws/install/sound_play:/home/hello-robot/ament_ws/install/sllidar_ros2:/home/hello-robot/ament_ws/install/rosbridge_test_msgs:/home/hello-robot/ament_ws/install/rosbridge_suite:/home/hello-robot/ament_ws/install/rosbridge_server:/home/hello-robot/ament_ws/install/rosbridge_msgs:/home/hello-robot/ament_ws/install/rosapi:/home/hello-robot/ament_ws/install/rosbridge_library:/home/hello-robot/ament_ws/install/rosapi_msgs:/home/hello-robot/ament_ws/install/audio_play:/home/hello-robot/ament_ws/install/audio_capture:/home/hello-robot/ament_ws/install/audio_common_msgs LD_LIBRARY_PATH=/home/hello-robot/ament_ws/install/realsense2_camera/lib:/home/hello-robot/ament_ws/install/realsense2_camera_msgs/lib:/home/hello-robot/ament_ws/install/tf2_web_republisher/lib:/home/hello-robot/ament_ws/install/stretch_teleop_interface_msgs/lib:/home/hello-robot/ament_ws/install/speech_recognition_msgs/lib:/home/hello-robot/ament_ws/install/sound_play_msgs/lib:/home/hello-robot/ament_ws/install/rosbridge_test_msgs/lib:/home/hello-robot/ament_ws/install/rosbridge_msgs/lib:/home/hello-robot/ament_ws/install/rosapi_msgs/lib:/home/hello-robot/ament_ws/install/audio_play/lib:/home/hello-robot/ament_ws/install/audio_capture/lib:/home/hello-robot/ament_ws/install/audio_common_msgs/lib:/usr/lib/x86_64-linux-gnu/gazebo-11/plugins:/opt/ros/humble/opt/rviz_ogre_vendor/lib:/opt/ros/humble/lib/x86_64-linux-gnu:/opt/ros/humble/lib PYTHONPATH=/home/hello-robot/ament_ws/build/stretch_calibration/prefix_override:/home/hello-robot/ament_ws/install/stretch_calibration/lib/python3.10/site-packages:/home/hello-robot/ament_ws/install/stretch_core/lib/python3.10/site-packages:/home/hello-robot/ament_ws/install/hello_helpers/lib/python3.10/site-packages:/home/hello-robot/ament_ws/install/tf2_web_republisher_py/lib/python3.10/site-packages:/home/hello-robot/ament_ws/install/tf2_web_republisher/local/lib/python3.10/dist-packages:/home/hello-robot/ament_ws/install/stretch_teleop_interface_msgs/local/lib/python3.10/dist-packages:/home/hello-robot/ament_ws/install/stretch_ros_tutorials/lib/python3.10/site-packages:/home/hello-robot/ament_ws/install/stretch_nav2/local/lib/python3.10/dist-packages:/home/hello-robot/ament_ws/install/stretch_funmap/lib/python3.10/site-packages:/home/hello-robot/ament_ws/install/stretch_calibration/lib/python3.10/site-packages:/home/hello-robot/ament_ws/install/stretch_demos/lib/python3.10/site-packages:/home/hello-robot/ament_ws/install/stretch_deep_perception/lib/python3.10/site-packages:/home/hello-robot/ament_ws/install/respeaker_ros2/lib/python3.10/site-packages:/home/hello-robot/ament_ws/install/speech_recognition_msgs/local/lib/python3.10/dist-packages:/home/hello-robot/ament_ws/install/sound_play_msgs/local/lib/python3.10/dist-packages:/home/hello-robot/ament_ws/install/sound_play/local/lib/python3.10/dist-packages:/home/hello-robot/ament_ws/install/rosbridge_test_msgs/local/lib/python3.10/dist-packages:/home/hello-robot/ament_ws/install/rosbridge_server/local/lib/python3.10/dist-packages:/home/hello-robot/ament_ws/install/rosbridge_msgs/local/lib/python3.10/dist-packages:/home/hello-robot/ament_ws/install/rosapi/local/lib/python3.10/dist-packages:/home/hello-robot/ament_ws/install/rosbridge_library/local/lib/python3.10/dist-packages:/home/hello-robot/ament_ws/install/rosapi_msgs/local/lib/python3.10/dist-packages:/home/hello-robot/ament_ws/install/ros2_numpy/local/lib/python3.10/dist-packages:/home/hello-robot/ament_ws/install/realsense2_camera_msgs/local/lib/python3.10/dist-packages:/home/hello-robot/ament_ws/install/audio_common_msgs/local/lib/python3.10/dist-packages:/opt/ros/humble/lib/python3.10/site-packages:/opt/ros/humble/local/lib/python3.10/dist-packages /usr/bin/python3 setup.py egg_info --egg-base ../../../build/stretch_calibration build --build-base /home/hello-robot/ament_ws/build/stretch_calibration/build install --record /home/hello-robot/ament_ws/build/stretch_calibration/install.log --single-version-externally-managed
