-- Found ament_cmake_ros: 0.10.0 (/opt/ros/humble/share/ament_cmake_ros/cmake)
-- Configuring done
-- Generating done
-- Build files have been written to: /home/hello-robot/ament_ws/build/rosapi
Built target ament_cmake_python_copy_rosapi
/home/hello-robot/.local/lib/python3.10/site-packages/setuptools_scm/_integration/setuptools.py:30: RuntimeWarning: 
ERROR: setuptools==59.6.0 is used in combination with setuptools_scm>=8.x

Your build configuration is incomplete and previously worked by accident!
setuptools_scm requires setuptools>=61

Suggested workaround if applicable:
 - migrating from the deprecated setup_requires mechanism to pep517/518
   and using a pyproject.toml to declare build dependencies
   which are reliably pre-installed before running the build tools

  warnings.warn(
running egg_info
writing rosapi.egg-info/PKG-INFO
writing dependency_links to rosapi.egg-info/dependency_links.txt
writing top-level names to rosapi.egg-info/top_level.txt
[03/04/24 08:24:46] ERROR    listing git files failed - pretending     git.py:24
                             there aren't any                                   
reading manifest file 'rosapi.egg-info/SOURCES.txt'
writing manifest file 'rosapi.egg-info/SOURCES.txt'
Built target ament_cmake_python_build_rosapi_egg
-- Install configuration: "Release"
-- Up-to-date: /home/hello-robot/ament_ws/install/rosapi/share/rosapi/environment/pythonpath.sh
-- Installing: /home/hello-robot/ament_ws/install/rosapi/share/rosapi/environment/pythonpath.dsv
-- Up-to-date: /home/hello-robot/ament_ws/install/rosapi/local/lib/python3.10/dist-packages/rosapi-1.3.2-py3.10.egg-info
-- Installing: /home/hello-robot/ament_ws/install/rosapi/local/lib/python3.10/dist-packages/rosapi-1.3.2-py3.10.egg-info/PKG-INFO
-- Installing: /home/hello-robot/ament_ws/install/rosapi/local/lib/python3.10/dist-packages/rosapi-1.3.2-py3.10.egg-info/dependency_links.txt
-- Installing: /home/hello-robot/ament_ws/install/rosapi/local/lib/python3.10/dist-packages/rosapi-1.3.2-py3.10.egg-info/SOURCES.txt
-- Installing: /home/hello-robot/ament_ws/install/rosapi/local/lib/python3.10/dist-packages/rosapi-1.3.2-py3.10.egg-info/top_level.txt
-- Up-to-date: /home/hello-robot/ament_ws/install/rosapi/local/lib/python3.10/dist-packages/rosapi
-- Up-to-date: /home/hello-robot/ament_ws/install/rosapi/local/lib/python3.10/dist-packages/rosapi/proxy.py
-- Up-to-date: /home/hello-robot/ament_ws/install/rosapi/local/lib/python3.10/dist-packages/rosapi/__init__.py
-- Up-to-date: /home/hello-robot/ament_ws/install/rosapi/local/lib/python3.10/dist-packages/rosapi/stringify_field_types.py
-- Up-to-date: /home/hello-robot/ament_ws/install/rosapi/local/lib/python3.10/dist-packages/rosapi/params.py
-- Up-to-date: /home/hello-robot/ament_ws/install/rosapi/local/lib/python3.10/dist-packages/rosapi/glob_helper.py
-- Up-to-date: /home/hello-robot/ament_ws/install/rosapi/local/lib/python3.10/dist-packages/rosapi/objectutils.py
Listing '/home/hello-robot/ament_ws/install/rosapi/local/lib/python3.10/dist-packages/rosapi'...
-- Up-to-date: /home/hello-robot/ament_ws/install/rosapi/share/ament_index/resource_index/package_run_dependencies/rosapi
-- Up-to-date: /home/hello-robot/ament_ws/install/rosapi/share/ament_index/resource_index/parent_prefix_path/rosapi
-- Up-to-date: /home/hello-robot/ament_ws/install/rosapi/share/rosapi/environment/ament_prefix_path.sh
-- Installing: /home/hello-robot/ament_ws/install/rosapi/share/rosapi/environment/ament_prefix_path.dsv
-- Up-to-date: /home/hello-robot/ament_ws/install/rosapi/share/rosapi/environment/path.sh
-- Installing: /home/hello-robot/ament_ws/install/rosapi/share/rosapi/environment/path.dsv
-- Up-to-date: /home/hello-robot/ament_ws/install/rosapi/share/rosapi/local_setup.bash
-- Up-to-date: /home/hello-robot/ament_ws/install/rosapi/share/rosapi/local_setup.sh
-- Up-to-date: /home/hello-robot/ament_ws/install/rosapi/share/rosapi/local_setup.zsh
-- Installing: /home/hello-robot/ament_ws/install/rosapi/share/rosapi/local_setup.dsv
-- Installing: /home/hello-robot/ament_ws/install/rosapi/share/rosapi/package.dsv
-- Up-to-date: /home/hello-robot/ament_ws/install/rosapi/share/ament_index/resource_index/packages/rosapi
-- Up-to-date: /home/hello-robot/ament_ws/install/rosapi/share/rosapi/cmake/rosapiConfig.cmake
-- Up-to-date: /home/hello-robot/ament_ws/install/rosapi/share/rosapi/cmake/rosapiConfig-version.cmake
-- Up-to-date: /home/hello-robot/ament_ws/install/rosapi/share/rosapi/package.xml
-- Up-to-date: /home/hello-robot/ament_ws/install/rosapi/lib/rosapi/rosapi_node
-- Up-to-date: /home/hello-robot/ament_ws/install/rosapi/share/rosapi/mapping_rules.yaml
