[9.172s] Invoking command in '/home/hello-robot/ament_ws/src/stretch_ros2/stretch_demos': PYTHONPATH=/home/hello-robot/ament_ws/build/stretch_demos/prefix_override:/home/hello-robot/ament_ws/install/stretch_demos/lib/python3.10/site-packages:${PYTHONPATH} /usr/bin/python3 setup.py egg_info --egg-base ../../../build/stretch_demos build --build-base /home/hello-robot/ament_ws/build/stretch_demos/build install --record /home/hello-robot/ament_ws/build/stretch_demos/install.log --single-version-externally-managed
[13.981s] /home/hello-robot/.local/lib/python3.10/site-packages/setuptools_scm/_integration/setuptools.py:30: RuntimeWarning: 
[13.981s] ERROR: setuptools==59.6.0 is used in combination with setuptools_scm>=8.x
[13.981s] 
[13.981s] Your build configuration is incomplete and previously worked by accident!
[13.981s] setuptools_scm requires setuptools>=61
[13.981s] 
[13.981s] Suggested workaround if applicable:
[13.981s]  - migrating from the deprecated setup_requires mechanism to pep517/518
[13.981s]    and using a pyproject.toml to declare build dependencies
[13.981s]    which are reliably pre-installed before running the build tools
[13.981s] 
[13.981s]   warnings.warn(
[13.982s] running egg_info
[13.982s] creating ../../../build/stretch_demos/stretch_demos.egg-info
[13.982s] writing ../../../build/stretch_demos/stretch_demos.egg-info/PKG-INFO
[13.982s] writing dependency_links to ../../../build/stretch_demos/stretch_demos.egg-info/dependency_links.txt
[13.982s] writing entry points to ../../../build/stretch_demos/stretch_demos.egg-info/entry_points.txt
[13.982s] writing requirements to ../../../build/stretch_demos/stretch_demos.egg-info/requires.txt
[13.982s] writing top-level names to ../../../build/stretch_demos/stretch_demos.egg-info/top_level.txt
[13.982s] writing manifest file '../../../build/stretch_demos/stretch_demos.egg-info/SOURCES.txt'
[16.520s] adding license file 'LICENSE.md'
[16.521s] writing manifest file '../../../build/stretch_demos/stretch_demos.egg-info/SOURCES.txt'
[16.521s] running build
[16.521s] running build_py
[16.521s] creating /home/hello-robot/ament_ws/build/stretch_demos/build
[16.521s] creating /home/hello-robot/ament_ws/build/stretch_demos/build/lib
[16.521s] creating /home/hello-robot/ament_ws/build/stretch_demos/build/lib/stretch_demos
[16.521s] copying stretch_demos/__init__.py -> /home/hello-robot/ament_ws/build/stretch_demos/build/lib/stretch_demos
[16.521s] copying stretch_demos/grasp_object.py -> /home/hello-robot/ament_ws/build/stretch_demos/build/lib/stretch_demos
[16.521s] copying stretch_demos/handover_object.py -> /home/hello-robot/ament_ws/build/stretch_demos/build/lib/stretch_demos
[16.521s] copying stretch_demos/hello_world.py -> /home/hello-robot/ament_ws/build/stretch_demos/build/lib/stretch_demos
[16.521s] copying stretch_demos/clean_surface.py -> /home/hello-robot/ament_ws/build/stretch_demos/build/lib/stretch_demos
[16.522s] copying stretch_demos/open_drawer.py -> /home/hello-robot/ament_ws/build/stretch_demos/build/lib/stretch_demos
[16.522s] running install
[16.522s] running install_lib
[16.522s] creating /home/hello-robot/ament_ws/install/stretch_demos/lib/python3.10/site-packages/stretch_demos
[16.522s] copying /home/hello-robot/ament_ws/build/stretch_demos/build/lib/stretch_demos/__init__.py -> /home/hello-robot/ament_ws/install/stretch_demos/lib/python3.10/site-packages/stretch_demos
[16.522s] copying /home/hello-robot/ament_ws/build/stretch_demos/build/lib/stretch_demos/grasp_object.py -> /home/hello-robot/ament_ws/install/stretch_demos/lib/python3.10/site-packages/stretch_demos
[16.522s] copying /home/hello-robot/ament_ws/build/stretch_demos/build/lib/stretch_demos/handover_object.py -> /home/hello-robot/ament_ws/install/stretch_demos/lib/python3.10/site-packages/stretch_demos
[16.522s] copying /home/hello-robot/ament_ws/build/stretch_demos/build/lib/stretch_demos/hello_world.py -> /home/hello-robot/ament_ws/install/stretch_demos/lib/python3.10/site-packages/stretch_demos
[16.522s] copying /home/hello-robot/ament_ws/build/stretch_demos/build/lib/stretch_demos/clean_surface.py -> /home/hello-robot/ament_ws/install/stretch_demos/lib/python3.10/site-packages/stretch_demos
[16.522s] copying /home/hello-robot/ament_ws/build/stretch_demos/build/lib/stretch_demos/open_drawer.py -> /home/hello-robot/ament_ws/install/stretch_demos/lib/python3.10/site-packages/stretch_demos
[16.523s] byte-compiling /home/hello-robot/ament_ws/install/stretch_demos/lib/python3.10/site-packages/stretch_demos/__init__.py to __init__.cpython-310.pyc
[16.523s] byte-compiling /home/hello-robot/ament_ws/install/stretch_demos/lib/python3.10/site-packages/stretch_demos/grasp_object.py to grasp_object.cpython-310.pyc
[16.526s] byte-compiling /home/hello-robot/ament_ws/install/stretch_demos/lib/python3.10/site-packages/stretch_demos/handover_object.py to handover_object.cpython-310.pyc
[16.526s] byte-compiling /home/hello-robot/ament_ws/install/stretch_demos/lib/python3.10/site-packages/stretch_demos/hello_world.py to hello_world.cpython-310.pyc
[16.527s] byte-compiling /home/hello-robot/ament_ws/install/stretch_demos/lib/python3.10/site-packages/stretch_demos/clean_surface.py to clean_surface.cpython-310.pyc
[16.541s] byte-compiling /home/hello-robot/ament_ws/install/stretch_demos/lib/python3.10/site-packages/stretch_demos/open_drawer.py to open_drawer.cpython-310.pyc
[16.545s] running install_data
[16.546s] creating /home/hello-robot/ament_ws/install/stretch_demos/share/ament_index
[16.547s] creating /home/hello-robot/ament_ws/install/stretch_demos/share/ament_index/resource_index
[16.547s] creating /home/hello-robot/ament_ws/install/stretch_demos/share/ament_index/resource_index/packages
[16.547s] copying resource/stretch_demos -> /home/hello-robot/ament_ws/install/stretch_demos/share/ament_index/resource_index/packages
[16.547s] copying package.xml -> /home/hello-robot/ament_ws/install/stretch_demos/share/stretch_demos
[16.547s] creating /home/hello-robot/ament_ws/install/stretch_demos/share/stretch_demos/launch
[16.547s] copying launch/clean_surface.launch.py -> /home/hello-robot/ament_ws/install/stretch_demos/share/stretch_demos/launch
[16.548s] copying launch/handover_object.launch.py -> /home/hello-robot/ament_ws/install/stretch_demos/share/stretch_demos/launch
[16.548s] copying launch/open_drawer.launch.py -> /home/hello-robot/ament_ws/install/stretch_demos/share/stretch_demos/launch
[16.548s] copying launch/grasp_object.launch.py -> /home/hello-robot/ament_ws/install/stretch_demos/share/stretch_demos/launch
[16.548s] copying launch/hello_world.launch.py -> /home/hello-robot/ament_ws/install/stretch_demos/share/stretch_demos/launch
[16.548s] creating /home/hello-robot/ament_ws/install/stretch_demos/share/stretch_demos/rviz
[16.548s] running install_egg_info
[16.549s] Copying ../../../build/stretch_demos/stretch_demos.egg-info to /home/hello-robot/ament_ws/install/stretch_demos/lib/python3.10/site-packages/stretch_demos-0.0.0-py3.10.egg-info
[16.551s] running install_scripts
[16.570s] Installing clean_surface script to /home/hello-robot/ament_ws/install/stretch_demos/lib/stretch_demos
[16.570s] Installing grasp_object script to /home/hello-robot/ament_ws/install/stretch_demos/lib/stretch_demos
[16.570s] Installing handover_object script to /home/hello-robot/ament_ws/install/stretch_demos/lib/stretch_demos
[16.570s] Installing hello_world script to /home/hello-robot/ament_ws/install/stretch_demos/lib/stretch_demos
[16.570s] Installing open_drawer script to /home/hello-robot/ament_ws/install/stretch_demos/lib/stretch_demos
[16.571s] writing list of installed files to '/home/hello-robot/ament_ws/build/stretch_demos/install.log'
[17.457s] Invoked command in '/home/hello-robot/ament_ws/src/stretch_ros2/stretch_demos' returned '0': PYTHONPATH=/home/hello-robot/ament_ws/build/stretch_demos/prefix_override:/home/hello-robot/ament_ws/install/stretch_demos/lib/python3.10/site-packages:${PYTHONPATH} /usr/bin/python3 setup.py egg_info --egg-base ../../../build/stretch_demos build --build-base /home/hello-robot/ament_ws/build/stretch_demos/build install --record /home/hello-robot/ament_ws/build/stretch_demos/install.log --single-version-externally-managed
