-- Found ament_cmake: 1.3.8 (/opt/ros/humble/share/ament_cmake/cmake)
-- Configuring done
-- Generating done
-- Build files have been written to: /home/hello-robot/ament_ws/build/audio_common
-- Install configuration: "Release"
-- Up-to-date: /home/hello-robot/ament_ws/install/audio_common/share/ament_index/resource_index/package_run_dependencies/audio_common
-- Up-to-date: /home/hello-robot/ament_ws/install/audio_common/share/ament_index/resource_index/parent_prefix_path/audio_common
-- Up-to-date: /home/hello-robot/ament_ws/install/audio_common/share/audio_common/environment/ament_prefix_path.sh
-- Installing: /home/hello-robot/ament_ws/install/audio_common/share/audio_common/environment/ament_prefix_path.dsv
-- Up-to-date: /home/hello-robot/ament_ws/install/audio_common/share/audio_common/environment/path.sh
-- Installing: /home/hello-robot/ament_ws/install/audio_common/share/audio_common/environment/path.dsv
-- Up-to-date: /home/hello-robot/ament_ws/install/audio_common/share/audio_common/local_setup.bash
-- Up-to-date: /home/hello-robot/ament_ws/install/audio_common/share/audio_common/local_setup.sh
-- Up-to-date: /home/hello-robot/ament_ws/install/audio_common/share/audio_common/local_setup.zsh
-- Installing: /home/hello-robot/ament_ws/install/audio_common/share/audio_common/local_setup.dsv
-- Installing: /home/hello-robot/ament_ws/install/audio_common/share/audio_common/package.dsv
-- Up-to-date: /home/hello-robot/ament_ws/install/audio_common/share/ament_index/resource_index/packages/audio_common
-- Up-to-date: /home/hello-robot/ament_ws/install/audio_common/share/audio_common/cmake/audio_commonConfig.cmake
-- Up-to-date: /home/hello-robot/ament_ws/install/audio_common/share/audio_common/cmake/audio_commonConfig-version.cmake
-- Up-to-date: /home/hello-robot/ament_ws/install/audio_common/share/audio_common/package.xml
